IQ-TREE multicore version 2.3.6.5.ml for Linux x86 64-bit built Sep 11 2024
Developed by Bui Quang Minh, Nguyen Lam Tung, Olga Chernomor, Heiko Schmidt,
Dominik Schrempf, Michael Woodhams, Ly Trong Nhan, Thomas Wong

Host:    rona.rsb.anu.edu.au (AVX2, FMA3, 1007 GB RAM)
Command: ./iqtree2 -s tradigrada/matrix_40sp.fasta -m LG+C60+G4 -bb 1000 -pre tradigrada/1_infer/LG-C60 -T 40
Seed:    261953 (Using SPRNG - Scalable Parallel Random Number Generator)
Time:    Fri Mar 21 10:22:02 2025
Kernel:  AVX+FMA - 40 threads (256 CPU cores detected)

Reading alignment file tradigrada/matrix_40sp.fasta ... Fasta format detected
Reading fasta file: done in 0.0622399 secs using 92.93% CPU
Alignment most likely contains protein sequences
Constructing alignment: done in 0.106058 secs using 604.9% CPU
Alignment has 40 sequences with 70888 columns, 63149 distinct patterns
48785 parsimony-informative, 7670 singleton sites, 14433 constant sites
                             Gap/Ambiguity  Composition  p-value
Analyzing sequences: done in 0.00954729 secs using 4939% CPU
   1  Capitella_telata               5.00%    failed      0.00%
   2  Daphnia_magna                  9.79%    failed      0.06%
   3  Echiniscoides_sigismundi      49.39%    failed      0.00%
   4  Echiniscus_bisetosus          82.96%    failed      0.00%
   5  Echiniscus_testudo            50.24%    failed      0.00%
   6  Echinoderes_kohni             88.58%    failed      0.00%
   7  Enoplus_brevis                22.43%    failed      0.00%
   8  Epiperipatus                  56.34%    failed      0.00%
   9  Frakliniella_occidentalis      7.36%    failed      0.08%
  10  Gordius                       70.84%    failed      0.00%
  11  Halicryptus_spinolosus        13.41%    failed      0.00%
  12  Hypsibius_dujardini            3.51%    failed      0.00%
  13  Limulus_polyphemus            16.13%    failed      0.00%
  14  Manduca_sexta                  9.59%    failed      0.00%
  15  Meiopriapulus                 26.75%    failed      0.00%
  16  Mesobiotus_philippinicus      19.72%    failed      0.00%
  17  Milnesium_tardigradum         59.56%    failed      0.00%
  18  Neodiprion_lecontei            4.62%    failed      0.01%
  19  Ooperipatellus                72.91%    failed      0.00%
  20  Opisthopatus_kwazululandi     26.52%    failed      0.00%
  21  Paeneus_vanammei              12.28%    failed      0.00%
  22  Pamacea_canaliculata           5.42%    failed      0.02%
  23  Paragordius_varius            71.38%    failed      0.00%
  24  Parasteatoda_tepidariorum      3.65%    failed      0.00%
  25  Peripatoides                  73.44%    failed      0.00%
  26  Peripatoides_novaezelandiae   16.34%    failed      0.00%
  27  Peripatopsis_capensis         37.07%    failed      0.00%
  28  Pleomothra                    21.78%    failed      0.00%
  29  Pontonema_vulgare             24.88%    failed      0.00%
  30  Priapulus_caudatus            13.43%    failed      0.00%
  31  Prionchulus_punctatus         13.90%    failed      0.00%
  32  Pycnophyes                    76.53%    failed      0.00%
  33  Ramazzottius_varieornatus      3.20%    failed      0.00%
  34  Richtersius_coronifer          6.00%    failed      0.00%
  35  Romanomermis_culicivorax      36.04%    failed      0.00%
  36  Stegodyphus_mimosarum         15.16%    failed      0.00%
  37  Strigamia_maritima            13.05%    failed      0.00%
  38  Tachypleu                      8.55%    failed      0.00%
  39  Tobrilus                      23.43%    failed      0.00%
  40  Xiphinema_index               27.20%    failed      0.00%
WARNING: 10 sequences contain more than 50% gaps/ambiguity
****  TOTAL                         29.96%  40 sequences failed composition chi2 test (p-value<5%; df=19)
Checking for duplicate sequences: done in 0.0128052 secs using 3764% CPU

Create initial parsimony tree by phylogenetic likelihood library (PLL)... 0.943 seconds
Generating 1000 samples for ultrafast bootstrap (seed: 261953)...
Model LG+C60+G4 is alias for LG+POISSON+G+FMIX{C60pi1:1:0.0169698865,C60pi2:1:0.0211683374,C60pi3:1:0.0276589079,C60pi4:1:0.0065675964,C60pi5:1:0.0141221416,C60pi6:1:0.0068774834,C60pi7:1:0.0146909701,C60pi8:1:0.0067225777,C60pi9:1:0.0018396660,C60pi10:1:0.0102547197,C60pi11:1:0.0230896163,C60pi12:1:0.0057941033,C60pi13:1:0.0125394534,C60pi14:1:0.0204526478,C60pi15:1:0.0070629602,C60pi16:1:0.0117982741,C60pi17:1:0.0068334668,C60pi18:1:0.0433775839,C60pi19:1:0.0318278731,C60pi20:1:0.0222546108,C60pi21:1:0.0102264969,C60pi22:1:0.0150545891,C60pi23:1:0.0134159878,C60pi24:1:0.0148552065,C60pi25:1:0.0239111516,C60pi26:1:0.0128776278,C60pi27:1:0.0222318842,C60pi28:1:0.0247444742,C60pi29:1:0.0214274810,C60pi30:1:0.0115001882,C60pi31:1:0.0076017389,C60pi32:1:0.0130258568,C60pi33:1:0.0093701965,C60pi34:1:0.0467194264,C60pi35:1:0.0441940314,C60pi36:1:0.0322263154,C60pi37:1:0.0402999891,C60pi38:1:0.0150234227,C60pi39:1:0.0104589903,C60pi40:1:0.0214742395,C60pi41:1:0.0154957836,C60pi42:1:0.0101789953,C60pi43:1:0.0227980379,C60pi44:1:0.0123204539,C60pi45:1:0.0066777583,C60pi46:1:0.0004150083,C60pi47:1:0.0344385130,C60pi48:1:0.0113663379,C60pi49:1:0.0127143049,C60pi50:1:0.0124323741,C60pi51:1:0.0262124415,C60pi52:1:0.0064994957,C60pi53:1:0.0103203293,C60pi54:1:0.0142463512,C60pi55:1:0.0215600067,C60pi56:1:0.0199150700,C60pi57:1:0.0038964200,C60pi58:1:0.0113448855,C60pi59:1:0.0128595846,C60pi60:1:0.0117656776}+G4
WARNING: Your input class weight 0.000415008 is very small and may cause numerical issues

NOTE: 93935 MB RAM (91 GB) is required!
Estimate model parameters (epsilon = 0.100)
1. Initial log-likelihood: -2305407.848
2. Current log-likelihood: -2221075.186
3. Current log-likelihood: -2218948.786
4. Current log-likelihood: -2218819.763
5. Current log-likelihood: -2218803.551
6. Current log-likelihood: -2218801.069
7. Current log-likelihood: -2218800.678
Optimal log-likelihood: -2218800.618
Mixture weights: 0.017 0.021 0.028 0.007 0.014 0.007 0.015 0.007 0.002 0.010 0.023 0.006 0.013 0.020 0.007 0.012 0.007 0.043 0.032 0.022 0.010 0.015 0.013 0.015 0.024 0.013 0.022 0.025 0.021 0.012 0.008 0.013 0.009 0.047 0.044 0.032 0.040 0.015 0.010 0.021 0.015 0.010 0.023 0.012 0.007 0.000 0.034 0.011 0.013 0.012 0.026 0.006 0.010 0.014 0.022 0.020 0.004 0.011 0.013 0.012
Gamma shape alpha: 0.470
Parameters optimization took 7 rounds (519.453 sec)
Wrote distance file to... 
Computing ML distances based on estimated model parameters...
Calculating distance matrix: done in 0.0158516 secs using 3847% CPU
Computing ML distances took 0.025246 sec (of wall-clock time) 0.783131 sec (of CPU time)
Setting up auxiliary I and S matrices: done in 0.0343777 secs using 2520% CPU
Constructing RapidNJ tree: done in 1.17846 secs using 1996% CPU
Computing RapidNJ tree took 1.213179 sec (of wall-clock time) 24.450185 sec (of CPU time)
Log-likelihood of RapidNJ tree: -2222914.698
--------------------------------------------------------------------
|             INITIALIZING CANDIDATE TREE SET                      |
--------------------------------------------------------------------
Generating 98 parsimony trees... 77.683 second
Computing log-likelihood of 98 initial trees ... 2448.621 seconds
Current best score: -2218800.618

Do NNI search on 20 best initial trees
Optimizing NNI: done in 307.639 secs using 3374% CPU
Estimate model parameters (epsilon = 0.100)
BETTER TREE FOUND at iteration 1: -2218531.306
Optimizing NNI: done in 614.121 secs using 3292% CPU
Optimizing NNI: done in 848.128 secs using 3264% CPU
Optimizing NNI: done in 1043.93 secs using 3290% CPU
Optimizing NNI: done in 697.87 secs using 3326% CPU
Optimizing NNI: done in 991.531 secs using 3509% CPU
Optimizing NNI: done in 760.546 secs using 3638% CPU
Optimizing NNI: done in 839.738 secs using 3607% CPU
Optimizing NNI: done in 785.642 secs using 3627% CPU
Optimizing NNI: done in 792.159 secs using 3691% CPU
Iteration 10 / LogL: -2218566.984 / Time: 3h:6m:49s
Optimizing NNI: done in 639.414 secs using 3671% CPU
Optimizing NNI: done in 820.157 secs using 3730% CPU
Optimizing NNI: done in 643.78 secs using 3764% CPU
Optimizing NNI: done in 1459.3 secs using 3294% CPU
Optimizing NNI: done in 1279.99 secs using 3313% CPU
Optimizing NNI: done in 1129.1 secs using 3327% CPU
Optimizing NNI: done in 1106.55 secs using 3410% CPU
Optimizing NNI: done in 1056.72 secs using 3557% CPU
Optimizing NNI: done in 648.296 secs using 3727% CPU
Optimizing NNI: done in 844.267 secs using 3705% CPU
Iteration 20 / LogL: -2218554.452 / Time: 5h:47m:58s
Finish initializing candidate tree set (2)
Current best tree score: -2218531.306 / CPU time: 20054.196
Number of iterations: 20
--------------------------------------------------------------------
|               OPTIMIZING CANDIDATE TREE SET                      |
--------------------------------------------------------------------
Optimizing NNI: done in 841.8 secs using 3707% CPU
Optimizing NNI: done in 962.162 secs using 3708% CPU
Optimizing NNI: done in 685.528 secs using 3738% CPU
Optimizing NNI: done in 631.355 secs using 3749% CPU
Optimizing NNI: done in 606.505 secs using 3778% CPU
Optimizing NNI: done in 498.634 secs using 3794% CPU
Optimizing NNI: done in 585.327 secs using 3781% CPU
Optimizing NNI: done in 409.7 secs using 3778% CPU
Optimizing NNI: done in 896.11 secs using 3230% CPU
Optimizing NNI: done in 865.192 secs using 2957% CPU
Iteration 30 / LogL: -2218540.182 / Time: 7h:44m:54s (18h:58m:11s left)
Optimizing NNI: done in 669.338 secs using 2917% CPU
Optimizing NNI: done in 938.391 secs using 2961% CPU
Optimizing NNI: done in 629.587 secs using 3116% CPU
Optimizing NNI: done in 949.886 secs using 2971% CPU
Optimizing NNI: done in 887.83 secs using 3163% CPU
Optimizing NNI: done in 677.295 secs using 3175% CPU
Optimizing NNI: done in 871.604 secs using 3187% CPU
Optimizing NNI: done in 653.371 secs using 3123% CPU
Optimizing NNI: done in 638.221 secs using 3324% CPU
Optimizing NNI: done in 615.439 secs using 3468% CPU
Iteration 40 / LogL: -2218583.245 / Time: 9h:50m:57s (15h:24m:16s left)
Optimizing NNI: done in 388.485 secs using 3486% CPU
Optimizing NNI: done in 682.256 secs using 3613% CPU
Optimizing NNI: done in 498.404 secs using 3861% CPU
Optimizing NNI: done in 645.21 secs using 3875% CPU
Optimizing NNI: done in 501.917 secs using 3530% CPU
Optimizing NNI: done in 659.987 secs using 3528% CPU
Optimizing NNI: done in 672.073 secs using 3440% CPU
Optimizing NNI: done in 674.95 secs using 3356% CPU
Optimizing NNI: done in 409.347 secs using 3455% CPU
Optimizing NNI: done in 548.433 secs using 3489% CPU
Iteration 50 / LogL: -2218602.916 / Time: 11h:26m:8s (11h:54m:7s left)
Log-likelihood cutoff on original alignment: -2218611.259
Optimizing NNI: done in 583.671 secs using 3484% CPU
Optimizing NNI: done in 811.99 secs using 3406% CPU
Optimizing NNI: done in 604.654 secs using 3496% CPU
Optimizing NNI: done in 500.526 secs using 3630% CPU
Optimizing NNI: done in 597.886 secs using 3450% CPU
Optimizing NNI: done in 553.707 secs using 3485% CPU
Optimizing NNI: done in 613.978 secs using 3477% CPU
Optimizing NNI: done in 690.34 secs using 3161% CPU
Optimizing NNI: done in 1014.08 secs using 3293% CPU
Optimizing NNI: done in 573.203 secs using 3373% CPU
Iteration 60 / LogL: -2218567.106 / Time: 13h:15m:43s (9h:12m:57s left)
Optimizing NNI: done in 933.029 secs using 3449% CPU
Optimizing NNI: done in 954.25 secs using 3340% CPU
Optimizing NNI: done in 842.664 secs using 3219% CPU
Optimizing NNI: done in 780.115 secs using 2992% CPU
Optimizing NNI: done in 997.394 secs using 2648% CPU
Optimizing NNI: done in 971.874 secs using 2807% CPU
Optimizing NNI: done in 1051.29 secs using 3049% CPU
Optimizing NNI: done in 968.419 secs using 2961% CPU
Optimizing NNI: done in 950.045 secs using 2976% CPU
Optimizing NNI: done in 944.12 secs using 3076% CPU
Iteration 70 / LogL: -2218539.795 / Time: 15h:52m:58s (7h:8m:8s left)
Optimizing NNI: done in 864.023 secs using 3204% CPU
Optimizing NNI: done in 906.197 secs using 3042% CPU
Optimizing NNI: done in 1221.56 secs using 2948% CPU
Optimizing NNI: done in 637.117 secs using 3379% CPU
Optimizing NNI: done in 674.637 secs using 3459% CPU
Optimizing NNI: done in 524.265 secs using 3530% CPU
Optimizing NNI: done in 611.006 secs using 3441% CPU
Optimizing NNI: done in 539.782 secs using 3532% CPU
Optimizing NNI: done in 969.458 secs using 3574% CPU
Optimizing NNI: done in 702.291 secs using 3512% CPU
Iteration 80 / LogL: -2218563.219 / Time: 18h:1m:6s (4h:47m:22s left)
Optimizing NNI: done in 623.995 secs using 3446% CPU
Optimizing NNI: done in 728.47 secs using 3588% CPU
Optimizing NNI: done in 683.335 secs using 3617% CPU
Optimizing NNI: done in 555.848 secs using 3750% CPU
Optimizing NNI: done in 698.442 secs using 3650% CPU
Optimizing NNI: done in 716.425 secs using 3579% CPU
Optimizing NNI: done in 574.659 secs using 3739% CPU
Optimizing NNI: done in 578.752 secs using 3707% CPU
Optimizing NNI: done in 717.169 secs using 3732% CPU
Optimizing NNI: done in 614.476 secs using 3542% CPU
Iteration 90 / LogL: -2218549.392 / Time: 19h:49m:54s (2h:27m:3s left)
Optimizing NNI: done in 446.248 secs using 3568% CPU
Optimizing NNI: done in 678.289 secs using 3672% CPU
Optimizing NNI: done in 621.734 secs using 3640% CPU
Optimizing NNI: done in 930.321 secs using 3722% CPU
Optimizing NNI: done in 583.122 secs using 3152% CPU
Optimizing NNI: done in 827.236 secs using 2771% CPU
Optimizing NNI: done in 737.742 secs using 2907% CPU
Optimizing NNI: done in 796.795 secs using 3178% CPU
Optimizing NNI: done in 681.888 secs using 3179% CPU
Optimizing NNI: done in 701.23 secs using 3048% CPU
Iteration 100 / LogL: -2218589.188 / Time: 21h:47m:13s (0h:13m:12s left)
Log-likelihood cutoff on original alignment: -2218611.259
NOTE: Bootstrap correlation coefficient of split occurrence frequencies: 1.000
Optimizing NNI: done in 766.172 secs using 3071% CPU
Optimizing NNI: done in 701.188 secs using 3095% CPU
TREE SEARCH COMPLETED AFTER 102 ITERATIONS / Time: 22h:11m:47s

--------------------------------------------------------------------
|                    FINALIZING TREE SEARCH                        |
--------------------------------------------------------------------
Performs final model parameters optimization
Estimate model parameters (epsilon = 0.010)
1. Initial log-likelihood: -2218531.306
Optimal log-likelihood: -2218531.296
Mixture weights: 0.017 0.021 0.028 0.007 0.014 0.007 0.015 0.007 0.002 0.010 0.023 0.006 0.013 0.020 0.007 0.012 0.007 0.043 0.032 0.022 0.010 0.015 0.013 0.015 0.024 0.013 0.022 0.025 0.021 0.012 0.008 0.013 0.009 0.047 0.044 0.032 0.040 0.015 0.010 0.021 0.015 0.010 0.023 0.012 0.007 0.000 0.034 0.011 0.013 0.012 0.026 0.006 0.010 0.014 0.022 0.020 0.004 0.011 0.013 0.012
Gamma shape alpha: 0.470
Parameters optimization took 1 rounds (67.123 sec)
BEST SCORE FOUND : -2218531.296
Creating bootstrap support values...
Split supports printed to NEXUS file tradigrada/1_infer/LG-C60.splits.nex
Total tree length: 23.705

Total number of iterations: 102
CPU time used for tree search: 2670335.253 sec (741h:45m:35s)
Wall-clock time used for tree search: 79082.597 sec (21h:58m:2s)
Total CPU time used: 2701073.572 sec (750h:17m:53s)
Total wall-clock time used: 79974.491 sec (22h:12m:54s)

Computing bootstrap consensus tree...
Reading input file tradigrada/1_infer/LG-C60.splits.nex...
40 taxa and 92 splits.
Consensus tree written to tradigrada/1_infer/LG-C60.contree
Reading input trees file tradigrada/1_infer/LG-C60.contree
Log-likelihood of consensus tree: -2218531.295

Analysis results written to: 
  IQ-TREE report:                tradigrada/1_infer/LG-C60.iqtree
  Maximum-likelihood tree:       tradigrada/1_infer/LG-C60.treefile
  Likelihood distances:          tradigrada/1_infer/LG-C60.mldist

Ultrafast bootstrap approximation results written to:
  Split support values:          tradigrada/1_infer/LG-C60.splits.nex
  Consensus tree:                tradigrada/1_infer/LG-C60.contree
  Screen log file:               tradigrada/1_infer/LG-C60.log

Date and Time: Sat Mar 22 08:43:54 2025
