IQ-TREE multicore version 2.4.0 for Linux x86 64-bit built Feb  7 2025
Developed by Bui Quang Minh, Nguyen Lam Tung, Olga Chernomor, Heiko Schmidt,
Dominik Schrempf, Michael Woodhams, Ly Trong Nhan, Thomas Wong

Host:    rona.rsb.anu.edu.au (AVX2, FMA3, 1007 GB RAM)
Command: ./iqtree2 -s 1kp/1kp.fasta -ft 1kp/1_infer/GTR20-C60fix.treefile -m GTRC60 -mdef 1kp/1_infer/GTRC60.nex -safe -pre 1kp/1_infer/GTR20-C60fix-PMSF -n 0 -wspmr -nt 40
Seed:    40828 (Using SPRNG - Scalable Parallel Random Number Generator)
Time:    Sat May 17 00:12:39 2025
Kernel:  Safe AVX+FMA - 40 threads (256 CPU cores detected)

Reading alignment file 1kp/1kp.fasta ... Fasta format detected
Reading fasta file: done in 0.0794034 secs using 83.2% CPU
Alignment most likely contains protein sequences
Alignment has 40 sequences with 103658 columns, 97826 distinct patterns
74754 parsimony-informative, 13250 singleton sites, 15653 constant sites
            Gap/Ambiguity  Composition  p-value
Analyzing sequences: done in 0.0124816 secs using 3626% CPU
   1  BFIK         27.41%    failed      0.00%
   2  BNCU         13.55%    failed      0.00%
   3  CIEA         19.10%    failed      0.00%
   4  CMEQ         13.47%    failed      0.00%
   5  CSUV         27.21%    failed      0.00%
   6  Chlre_v5.5   16.92%    failed      0.00%
   7  GTHK         18.40%    failed      0.00%
   8  HKZW         24.20%    failed      0.00%
   9  ILBQ         16.53%    failed      0.00%
  10  IYDF         17.50%    failed      0.00%
  11  JEXA         19.01%    failed      0.00%
  12  JOJQ         16.68%    failed      0.00%
  13  JVSZ         25.96%    failed      0.00%
  14  KNMB         16.28%    failed      0.00%
  15  KWGC         29.11%    failed      0.00%
  16  Klefl_v1.0    7.15%    failed      0.00%
  17  MMKU         27.49%    failed      0.00%
  18  Micpu_v3.0   25.86%    failed      0.00%
  19  OAGK          6.76%    failed      0.00%
  20  OLES         13.66%    failed      0.00%
  21  POZS         25.34%    failed      0.00%
  22  PQTO         21.02%    failed      0.00%
  23  PYHZ         19.30%    failed      0.00%
  24  QKMG         23.72%    failed      0.00%
  25  QPDY         15.05%    failed      0.00%
  26  SKYV         29.84%    failed      0.00%
  27  Selmo_v1.0   13.65%    failed      0.00%
  28  Spipo_v2      8.49%    failed      0.00%
  29  VYLQ          4.05%    failed      0.00%
  30  WDCW         24.70%    failed      0.00%
  31  WKCY          7.98%    failed      0.00%
  32  WQRD         23.20%    failed      0.00%
  33  WTDE         26.95%    failed      0.00%
  34  WWQZ         16.02%    failed      0.00%
  35  XSZI         18.21%    failed      0.00%
  36  XZME         11.12%    failed      0.00%
  37  YOXI         25.48%    failed      0.00%
  38  YPIC         24.57%    failed      0.00%
  39  ZFGK         22.51%    failed      0.00%
  40  ZUHO         17.59%    failed      0.00%
****  TOTAL        19.03%  40 sequences failed composition chi2 test (p-value<5%; df=19)

===> COMPUTING SITE FREQUENCY MODEL BASED ON TREE FILE 1kp/1_infer/GTR20-C60fix.treefile
Reading model definition file 1kp/1_infer/GTRC60.nex ... 88 models and 274 frequency vectors loaded
Model GTRC60 is alias for GTRPMIX+G4{0.5687}+FMIX{C60_pi1:1.0:0.0170,C60_pi2:1.0:0.0212,C60_pi3:1.0:0.0277,C60_pi4:1.0:0.0066,C60_pi5:1.0:0.0141,C60_pi6:1.0:0.0069,C60_pi7:1.0:0.0147,C60_pi8:1.0:0.0067,C60_pi9:1.0:0.0018,C60_pi10:1.0:0.0103,C60_pi11:1.0:0.0231,C60_pi12:1.0:0.0058,C60_pi13:1.0:0.0125,C60_pi14:1.0:0.0205,C60_pi15:1.0:0.0071,C60_pi16:1.0:0.0118,C60_pi17:1.0:0.0068,C60_pi18:1.0:0.0434,C60_pi19:1.0:0.0318,C60_pi20:1.0:0.0223,C60_pi21:1.0:0.0102,C60_pi22:1.0:0.0151,C60_pi23:1.0:0.0134,C60_pi24:1.0:0.0149,C60_pi25:1.0:0.0239,C60_pi26:1.0:0.0129,C60_pi27:1.0:0.0222,C60_pi28:1.0:0.0247,C60_pi29:1.0:0.0214,C60_pi30:1.0:0.0115,C60_pi31:1.0:0.0076,C60_pi32:1.0:0.0130,C60_pi33:1.0:0.0094,C60_pi34:1.0:0.0467,C60_pi35:1.0:0.0442,C60_pi36:1.0:0.0322,C60_pi37:1.0:0.0403,C60_pi38:1.0:0.0150,C60_pi39:1.0:0.0105,C60_pi40:1.0:0.0215,C60_pi41:1.0:0.0155,C60_pi42:1.0:0.0102,C60_pi43:1.0:0.0228,C60_pi44:1.0:0.0123,C60_pi45:1.0:0.0067,C60_pi46:1.0:0.0004,C60_pi47:1.0:0.0344,C60_pi48:1.0:0.0114,C60_pi49:1.0:0.0127,C60_pi50:1.0:0.0124,C60_pi51:1.0:0.0262,C60_pi52:1.0:0.0065,C60_pi53:1.0:0.0103,C60_pi54:1.0:0.0142,C60_pi55:1.0:0.0216,C60_pi56:1.0:0.0199,C60_pi57:1.0:0.0039,C60_pi58:1.0:0.0113,C60_pi59:1.0:0.0129,C60_pi60:1.0:0.0118}
WARNING: Your input class weight 0.0004 is very small and may cause numerical issues
NOTE: 145124 MB RAM is required!
1. Initial log-likelihood: -3779634.515
Optimal log-likelihood: -3779634.515
Mixture weights: 0.017 0.021 0.028 0.007 0.014 0.007 0.015 0.007 0.002 0.010 0.023 0.006 0.012 0.020 0.007 0.012 0.007 0.043 0.032 0.022 0.010 0.015 0.013 0.015 0.024 0.013 0.022 0.025 0.021 0.011 0.008 0.013 0.009 0.047 0.044 0.032 0.040 0.015 0.010 0.021 0.015 0.010 0.023 0.012 0.007 0.000 0.034 0.011 0.013 0.012 0.026 0.006 0.010 0.014 0.022 0.020 0.004 0.011 0.013 0.012
Gamma shape alpha: 0.569
Parameters optimization took 1 rounds (113.620 sec)
Computing posterior mean site frequencies....
Site state frequency vectors printed to 1kp/1_infer/GTR20-C60fix-PMSF.sitefreq

===> CONTINUE ANALYSIS USING THE INFERRED SITE FREQUENCY MODEL
NOTE: minimal branch length is reduced to 0.000000964711 for long alignment
Reading model definition file 1kp/1_infer/GTRC60.nex ... 88 models and 274 frequency vectors loaded

Create initial parsimony tree by phylogenetic likelihood library (PLL)... 0.865 seconds
Model GTRC60 is alias for GTRPMIX+G4{0.5687}+FMIX{C60_pi1:1.0:0.0170,C60_pi2:1.0:0.0212,C60_pi3:1.0:0.0277,C60_pi4:1.0:0.0066,C60_pi5:1.0:0.0141,C60_pi6:1.0:0.0069,C60_pi7:1.0:0.0147,C60_pi8:1.0:0.0067,C60_pi9:1.0:0.0018,C60_pi10:1.0:0.0103,C60_pi11:1.0:0.0231,C60_pi12:1.0:0.0058,C60_pi13:1.0:0.0125,C60_pi14:1.0:0.0205,C60_pi15:1.0:0.0071,C60_pi16:1.0:0.0118,C60_pi17:1.0:0.0068,C60_pi18:1.0:0.0434,C60_pi19:1.0:0.0318,C60_pi20:1.0:0.0223,C60_pi21:1.0:0.0102,C60_pi22:1.0:0.0151,C60_pi23:1.0:0.0134,C60_pi24:1.0:0.0149,C60_pi25:1.0:0.0239,C60_pi26:1.0:0.0129,C60_pi27:1.0:0.0222,C60_pi28:1.0:0.0247,C60_pi29:1.0:0.0214,C60_pi30:1.0:0.0115,C60_pi31:1.0:0.0076,C60_pi32:1.0:0.0130,C60_pi33:1.0:0.0094,C60_pi34:1.0:0.0467,C60_pi35:1.0:0.0442,C60_pi36:1.0:0.0322,C60_pi37:1.0:0.0403,C60_pi38:1.0:0.0150,C60_pi39:1.0:0.0105,C60_pi40:1.0:0.0215,C60_pi41:1.0:0.0155,C60_pi42:1.0:0.0102,C60_pi43:1.0:0.0228,C60_pi44:1.0:0.0123,C60_pi45:1.0:0.0067,C60_pi46:1.0:0.0004,C60_pi47:1.0:0.0344,C60_pi48:1.0:0.0114,C60_pi49:1.0:0.0127,C60_pi50:1.0:0.0124,C60_pi51:1.0:0.0262,C60_pi52:1.0:0.0065,C60_pi53:1.0:0.0103,C60_pi54:1.0:0.0142,C60_pi55:1.0:0.0216,C60_pi56:1.0:0.0199,C60_pi57:1.0:0.0039,C60_pi58:1.0:0.0113,C60_pi59:1.0:0.0129,C60_pi60:1.0:0.0118}

NOTE: 3329 MB RAM (3 GB) is required!
Estimate model parameters (epsilon = 0.010)
1. Initial log-likelihood: -3538238.413
2. Current log-likelihood: -3438639.260
3. Current log-likelihood: -3433907.958
4. Current log-likelihood: -3433856.195
5. Current log-likelihood: -3433855.615
Optimal log-likelihood: -3433855.609
Gamma shape alpha: 0.569
Parameters optimization took 5 rounds (38.893 sec)
Wrote distance file to... 
BEST SCORE FOUND : -3433855.609
WARNING: Switch now to '-wspr' as it is the only option for non-mixture model
Site probabilities per category printed to 1kp/1_infer/GTR20-C60fix-PMSF.siteprob
Total tree length: 22.207

Total number of iterations: 0
CPU time used for tree search: 0.000 sec (0h:0m:0s)
Wall-clock time used for tree search: 0.000 sec (0h:0m:0s)
Total CPU time used: 1363.113 sec (0h:22m:43s)
Total wall-clock time used: 61.473 sec (0h:1m:1s)

Analysis results written to: 
  IQ-TREE report:                1kp/1_infer/GTR20-C60fix-PMSF.iqtree
  Maximum-likelihood tree:       1kp/1_infer/GTR20-C60fix-PMSF.treefile
  Site probability per rate/mix: 1kp/1_infer/GTR20-C60fix-PMSF.siteprob
  Screen log file:               1kp/1_infer/GTR20-C60fix-PMSF.log

Date and Time: Sat May 17 00:15:45 2025
