IQ-TREE version 3.0.0 for Linux x86 64-bit built Apr  4 2025
Developed by Bui Quang Minh, Thomas Wong, Nhan Ly-Trong, Huaiyan Ren
Contributed by Lam-Tung Nguyen, Dominik Schrempf, Chris Bielow,
Olga Chernomor, Michael Woodhams, Diep Thi Hoang, Heiko Schmidt

Host:    rona.rsb.anu.edu.au (AVX2, FMA3, 1007 GB RAM)
Command: /data/yutong/iqtree3 -s tardigrada/matrix_40sp.fasta -fs tardigrada/1_infer/Poi-MEOW10opt-PMSF.sitefreq -m POIESmodel -mdef tardigrada/1_infer/meow0703.nex -safe -pre tardigrada/1_infer/Poi_MEOW10opt_PMSF -wsr -bb 1000 -nt 40
Seed:    807337 (Using SPRNG - Scalable Parallel Random Number Generator)
Time:    Fri Apr 25 20:32:48 2025
Kernel:  Safe AVX+FMA - 40 threads (256 CPU cores detected)

Reading alignment file tardigrada/matrix_40sp.fasta ... Fasta format detected
Reading fasta file: done in 0.0354483 secs using 80.25% CPU
Alignment most likely contains protein sequences
Constructing alignment: done in 0.135983 secs using 438.3% CPU
Alignment has 40 sequences with 70888 columns, 63149 distinct patterns
48785 parsimony-informative, 7670 singleton sites, 14433 constant sites
                             Gap/Ambiguity  Composition  p-value
Analyzing sequences: done in 0.010678 secs using 2994% CPU
   1  Capitella_telata               5.00%    failed      0.00%
   2  Daphnia_magna                  9.79%    failed      0.06%
   3  Echiniscoides_sigismundi      49.39%    failed      0.00%
   4  Echiniscus_bisetosus          82.96%    failed      0.00%
   5  Echiniscus_testudo            50.24%    failed      0.00%
   6  Echinoderes_kohni             88.58%    failed      0.00%
   7  Enoplus_brevis                22.43%    failed      0.00%
   8  Epiperipatus                  56.34%    failed      0.00%
   9  Frakliniella_occidentalis      7.36%    failed      0.08%
  10  Gordius                       70.84%    failed      0.00%
  11  Halicryptus_spinolosus        13.41%    failed      0.00%
  12  Hypsibius_dujardini            3.51%    failed      0.00%
  13  Limulus_polyphemus            16.13%    failed      0.00%
  14  Manduca_sexta                  9.59%    failed      0.00%
  15  Meiopriapulus                 26.75%    failed      0.00%
  16  Mesobiotus_philippinicus      19.72%    failed      0.00%
  17  Milnesium_tardigradum         59.56%    failed      0.00%
  18  Neodiprion_lecontei            4.62%    failed      0.01%
  19  Ooperipatellus                72.91%    failed      0.00%
  20  Opisthopatus_kwazululandi     26.52%    failed      0.00%
  21  Paeneus_vanammei              12.28%    failed      0.00%
  22  Pamacea_canaliculata           5.42%    failed      0.02%
  23  Paragordius_varius            71.38%    failed      0.00%
  24  Parasteatoda_tepidariorum      3.65%    failed      0.00%
  25  Peripatoides                  73.44%    failed      0.00%
  26  Peripatoides_novaezelandiae   16.34%    failed      0.00%
  27  Peripatopsis_capensis         37.07%    failed      0.00%
  28  Pleomothra                    21.78%    failed      0.00%
  29  Pontonema_vulgare             24.88%    failed      0.00%
  30  Priapulus_caudatus            13.43%    failed      0.00%
  31  Prionchulus_punctatus         13.90%    failed      0.00%
  32  Pycnophyes                    76.53%    failed      0.00%
  33  Ramazzottius_varieornatus      3.20%    failed      0.00%
  34  Richtersius_coronifer          6.00%    failed      0.00%
  35  Romanomermis_culicivorax      36.04%    failed      0.00%
  36  Stegodyphus_mimosarum         15.16%    failed      0.00%
  37  Strigamia_maritima            13.05%    failed      0.00%
  38  Tachypleu                      8.55%    failed      0.00%
  39  Tobrilus                      23.43%    failed      0.00%
  40  Xiphinema_index               27.20%    failed      0.00%
WARNING: 10 sequences contain more than 50% gaps/ambiguity
****  TOTAL                         29.96%  40 sequences failed composition chi2 test (p-value<5%; df=19)

Reading site-specific state frequency file tardigrada/1_infer/Poi-MEOW10opt-PMSF.sitefreq ...
63149 distinct per-site state frequency vectors detected
Checking for duplicate sequences: done in 0.0274346 secs using 1722% CPU
Reading model definition file tardigrada/1_infer/meow0703.nex ... 87 models and 224 frequency vectors loaded

Create initial parsimony tree by phylogenetic likelihood library (PLL)... 0.691 seconds
Generating 1000 samples for ultrafast bootstrap (seed: 807337)...
Model POIESmodel is alias for Poisson+G4{0.6331207081}+FMIX{EShighclass1:1.0:0.1481969140,EShighclass2:1.0:0.1944601902,EShighclass3:1.0:0.1612025939,EShighclass4:1.0:0.0792689136,EShighclass5:1.0:0.0949493438,EShighclass6:1.0:0.1186358341,EShighclass7:1.0:0.0472741682,ESlowclass1:1.0:0.0952471578,ESlowclass2:1.0:0.0093096792,ESlowclass3:1.0:0.0514552053}

NOTE: 2390 MB RAM (2 GB) is required!
Estimate model parameters (epsilon = 0.100)
1. Initial log-likelihood: -2198337.910
2. Current log-likelihood: -2155681.055
3. Current log-likelihood: -2155080.674
4. Current log-likelihood: -2155071.840
5. Current log-likelihood: -2155071.108
Optimal log-likelihood: -2155071.050
Gamma shape alpha: 0.633
Parameters optimization took 5 rounds (28.274 sec)
Wrote distance file to... 
Computing ML distances based on estimated model parameters...
Calculating distance matrix: done in 23.467 secs using 1728% CPU
Computing ML distances took 23.484385 sec (of wall-clock time) 405.997830 sec (of CPU time)
Setting up auxiliary I and S matrices: done in 0.000169805 secs
Constructing RapidNJ tree: done in 0.000264036 secs
Computing RapidNJ tree took 0.000585 sec (of wall-clock time) 0.000000 sec (of CPU time)
Log-likelihood of RapidNJ tree: -2161770.100
--------------------------------------------------------------------
|             INITIALIZING CANDIDATE TREE SET                      |
--------------------------------------------------------------------
Generating 98 parsimony trees... 95.987 second
Computing log-likelihood of 98 initial trees ... 166.954 seconds
Current best score: -2155071.050

Do NNI search on 20 best initial trees
Optimizing NNI: done in 13.8214 secs using 3847% CPU
Estimate model parameters (epsilon = 0.100)
BETTER TREE FOUND at iteration 1: -2154845.317
Optimizing NNI: done in 23.1796 secs using 3884% CPU
Optimizing NNI: done in 35.8528 secs using 3966% CPU
Optimizing NNI: done in 36.4159 secs using 3901% CPU
Optimizing NNI: done in 27.0372 secs using 3849% CPU
Optimizing NNI: done in 24.292 secs using 3817% CPU
Optimizing NNI: done in 29.0956 secs using 3975% CPU
Optimizing NNI: done in 26.6602 secs using 3972% CPU
Optimizing NNI: done in 29.6162 secs using 3809% CPU
Optimizing NNI: done in 34.9546 secs using 3830% CPU
Iteration 10 / LogL: -2154856.202 / Time: 0h:10m:37s
Optimizing NNI: done in 28.8384 secs using 3942% CPU
Optimizing NNI: done in 27.5618 secs using 3956% CPU
Optimizing NNI: done in 31.1671 secs using 3866% CPU
Optimizing NNI: done in 31.8752 secs using 3908% CPU
Optimizing NNI: done in 19.1959 secs using 3975% CPU
Optimizing NNI: done in 21.9371 secs using 3985% CPU
Optimizing NNI: done in 34.1051 secs using 3925% CPU
Optimizing NNI: done in 27.5699 secs using 3917% CPU
Optimizing NNI: done in 32.6606 secs using 3952% CPU
Optimizing NNI: done in 22.6247 secs using 3961% CPU
Iteration 20 / LogL: -2154958.506 / Time: 0h:15m:18s
Finish initializing candidate tree set (4)
Current best tree score: -2154845.317 / CPU time: 833.303
Number of iterations: 20
--------------------------------------------------------------------
|               OPTIMIZING CANDIDATE TREE SET                      |
--------------------------------------------------------------------
Optimizing NNI: done in 31.3916 secs using 3908% CPU
Optimizing NNI: done in 36.7851 secs using 3916% CPU
Optimizing NNI: done in 29.8761 secs using 3959% CPU
Optimizing NNI: done in 28.4418 secs using 3937% CPU
Optimizing NNI: done in 34.1681 secs using 3895% CPU
Optimizing NNI: done in 35.6942 secs using 3929% CPU
Optimizing NNI: done in 28.5978 secs using 3974% CPU
Optimizing NNI: done in 31.4041 secs using 3947% CPU
Optimizing NNI: done in 25.0589 secs using 3965% CPU
Optimizing NNI: done in 31.6578 secs using 3926% CPU
Iteration 30 / LogL: -2154863.464 / Time: 0h:20m:35s (0h:50m:22s left)
Optimizing NNI: done in 30.7541 secs using 3978% CPU
Optimizing NNI: done in 21.6439 secs using 3972% CPU
Optimizing NNI: done in 27.0283 secs using 3970% CPU
Optimizing NNI: done in 42.9225 secs using 3970% CPU
Optimizing NNI: done in 31.4819 secs using 3980% CPU
Optimizing NNI: done in 22.8357 secs using 3979% CPU
Optimizing NNI: done in 36.5222 secs using 3963% CPU
Optimizing NNI: done in 28.0583 secs using 3917% CPU
Optimizing NNI: done in 26.466 secs using 3873% CPU
Optimizing NNI: done in 39.4725 secs using 3935% CPU
Iteration 40 / LogL: -2154930.245 / Time: 0h:25m:45s (0h:40m:16s left)
Optimizing NNI: done in 29.0332 secs using 3972% CPU
Optimizing NNI: done in 46.9695 secs using 3823% CPU
Optimizing NNI: done in 24.9173 secs using 3896% CPU
Optimizing NNI: done in 36.1088 secs using 3975% CPU
Optimizing NNI: done in 35.0786 secs using 3928% CPU
Optimizing NNI: done in 34.2784 secs using 3873% CPU
Optimizing NNI: done in 29.7714 secs using 3930% CPU
Optimizing NNI: done in 33.643 secs using 3976% CPU
Optimizing NNI: done in 44.8086 secs using 3891% CPU
Optimizing NNI: done in 34.2026 secs using 3899% CPU
Iteration 50 / LogL: -2154934.913 / Time: 0h:31m:38s (0h:32m:54s left)
Log-likelihood cutoff on original alignment: -2154939.020
Optimizing NNI: done in 26.3841 secs using 3966% CPU
Optimizing NNI: done in 31.9965 secs using 3952% CPU
Optimizing NNI: done in 22.5615 secs using 3902% CPU
Optimizing NNI: done in 20.7629 secs using 3909% CPU
Optimizing NNI: done in 32.3877 secs using 3926% CPU
Optimizing NNI: done in 23.8799 secs using 3966% CPU
Optimizing NNI: done in 23.4478 secs using 3965% CPU
Optimizing NNI: done in 23.7982 secs using 3945% CPU
Optimizing NNI: done in 30.4488 secs using 3898% CPU
Optimizing NNI: done in 34.8561 secs using 3963% CPU
Iteration 60 / LogL: -2154856.517 / Time: 0h:36m:12s (0h:25m:9s left)
Optimizing NNI: done in 26.7507 secs using 3959% CPU
Optimizing NNI: done in 33.7837 secs using 3982% CPU
Optimizing NNI: done in 30.7102 secs using 3966% CPU
Optimizing NNI: done in 29.1447 secs using 3983% CPU
Optimizing NNI: done in 36.0334 secs using 3936% CPU
Optimizing NNI: done in 30.585 secs using 3895% CPU
Optimizing NNI: done in 26.7227 secs using 3958% CPU
Optimizing NNI: done in 36.7623 secs using 3942% CPU
Optimizing NNI: done in 28.4316 secs using 3937% CPU
Optimizing NNI: done in 28.0673 secs using 3926% CPU
Iteration 70 / LogL: -2154926.496 / Time: 0h:41m:23s (0h:18m:35s left)
Optimizing NNI: done in 24.2836 secs using 3980% CPU
Optimizing NNI: done in 35.5499 secs using 3976% CPU
Optimizing NNI: done in 29.607 secs using 3925% CPU
Optimizing NNI: done in 29.3549 secs using 3888% CPU
Optimizing NNI: done in 21.2222 secs using 3978% CPU
Optimizing NNI: done in 26.6937 secs using 3979% CPU
Optimizing NNI: done in 28.2965 secs using 3895% CPU
Optimizing NNI: done in 35.7603 secs using 3911% CPU
Optimizing NNI: done in 29.9329 secs using 3929% CPU
Optimizing NNI: done in 41.2741 secs using 3983% CPU
Iteration 80 / LogL: -2154854.264 / Time: 0h:46m:28s (0h:12m:21s left)
Optimizing NNI: done in 30.3133 secs using 3915% CPU
Optimizing NNI: done in 28.3933 secs using 3900% CPU
Optimizing NNI: done in 27.7249 secs using 3969% CPU
Optimizing NNI: done in 26.311 secs using 3963% CPU
Optimizing NNI: done in 34.0363 secs using 3911% CPU
Optimizing NNI: done in 21.7239 secs using 3912% CPU
Optimizing NNI: done in 24.0319 secs using 3921% CPU
Optimizing NNI: done in 36.0819 secs using 3927% CPU
Optimizing NNI: done in 39.8345 secs using 3900% CPU
Optimizing NNI: done in 35.5488 secs using 3942% CPU
Iteration 90 / LogL: -2154928.408 / Time: 0h:51m:36s (0h:6m:22s left)
Optimizing NNI: done in 23.4735 secs using 3958% CPU
Optimizing NNI: done in 19.5591 secs using 3954% CPU
Optimizing NNI: done in 25.0228 secs using 3935% CPU
Optimizing NNI: done in 26.6963 secs using 3915% CPU
Optimizing NNI: done in 35.4061 secs using 3951% CPU
Optimizing NNI: done in 23.5188 secs using 3960% CPU
Optimizing NNI: done in 23.7713 secs using 3909% CPU
Optimizing NNI: done in 23.8943 secs using 3920% CPU
Optimizing NNI: done in 26.3172 secs using 3941% CPU
Optimizing NNI: done in 27.8929 secs using 3955% CPU
Iteration 100 / LogL: -2154853.171 / Time: 0h:55m:55s (0h:0m:33s left)
Log-likelihood cutoff on original alignment: -2154939.922
NOTE: Bootstrap correlation coefficient of split occurrence frequencies: 1.000
Optimizing NNI: done in 24.5855 secs using 3955% CPU
Optimizing NNI: done in 24.7337 secs using 3944% CPU
TREE SEARCH COMPLETED AFTER 102 ITERATIONS / Time: 0h:56m:45s

--------------------------------------------------------------------
|                    FINALIZING TREE SEARCH                        |
--------------------------------------------------------------------
Performs final model parameters optimization
Estimate model parameters (epsilon = 0.010)
1. Initial log-likelihood: -2154845.317
Optimal log-likelihood: -2154845.316
Gamma shape alpha: 0.633
Parameters optimization took 1 rounds (2.791 sec)
BEST SCORE FOUND : -2154845.316
Empirical proportions for each category: 0.292 0.172 0.278 0.257
Site rates printed to tardigrada/1_infer/Poi_MEOW10opt_PMSF.rate
Creating bootstrap support values...
Split supports printed to NEXUS file tardigrada/1_infer/Poi_MEOW10opt_PMSF.splits.nex
Total tree length: 12.362

Total number of iterations: 102
CPU time used for tree search: 126730.959 sec (35h:12m:10s)
Wall-clock time used for tree search: 3320.473 sec (0h:55m:20s)
Total CPU time used: 129068.122 sec (35h:51m:8s)
Total wall-clock time used: 3409.315 sec (0h:56m:49s)

Computing bootstrap consensus tree...
Reading input file tardigrada/1_infer/Poi_MEOW10opt_PMSF.splits.nex...
40 taxa and 90 splits.
Consensus tree written to tardigrada/1_infer/Poi_MEOW10opt_PMSF.contree
Reading input trees file tardigrada/1_infer/Poi_MEOW10opt_PMSF.contree
Log-likelihood of consensus tree: -2154845.316

Analysis results written to: 
  IQ-TREE report:                tardigrada/1_infer/Poi_MEOW10opt_PMSF.iqtree
  Maximum-likelihood tree:       tardigrada/1_infer/Poi_MEOW10opt_PMSF.treefile
  Likelihood distances:          tardigrada/1_infer/Poi_MEOW10opt_PMSF.mldist
  Site-specific rates:           tardigrada/1_infer/Poi_MEOW10opt_PMSF.rate

Ultrafast bootstrap approximation results written to:
  Split support values:          tardigrada/1_infer/Poi_MEOW10opt_PMSF.splits.nex
  Consensus tree:                tardigrada/1_infer/Poi_MEOW10opt_PMSF.contree
  Screen log file:               tardigrada/1_infer/Poi_MEOW10opt_PMSF.log

Date and Time: Fri Apr 25 21:29:58 2025
