IQ-TREE multicore version 2.4.0 for Linux x86 64-bit built Feb  7 2025
Developed by Bui Quang Minh, Nguyen Lam Tung, Olga Chernomor, Heiko Schmidt,
Dominik Schrempf, Michael Woodhams, Ly Trong Nhan, Thomas Wong

Host:    rona.rsb.anu.edu.au (AVX2, FMA3, 1007 GB RAM)
Command: ./iqtree2 -s 1kp/1kp.fasta -fs 1kp/1_infer/GTR20-MEOW60opt-PMSF.sitefreq -m GTRMEOW60OPT -mdef 1kp/1_infer/GTRMEOW60OPT.nex -safe -pre 1kp/1_infer/GTR20-_MEOW60opt-_PMSF -wsr -bb 1000 --wbtl -nt 40
Seed:    754674 (Using SPRNG - Scalable Parallel Random Number Generator)
Time:    Sat May 17 05:34:51 2025
Kernel:  Safe AVX+FMA - 40 threads (256 CPU cores detected)

Reading alignment file 1kp/1kp.fasta ... Fasta format detected
Reading fasta file: done in 0.0439498 secs using 97.4% CPU
Alignment most likely contains protein sequences
Alignment has 40 sequences with 103658 columns, 97826 distinct patterns
74754 parsimony-informative, 13250 singleton sites, 15653 constant sites
            Gap/Ambiguity  Composition  p-value
Analyzing sequences: done in 0.0120982 secs using 3529% CPU
   1  BFIK         27.41%    failed      0.00%
   2  BNCU         13.55%    failed      0.00%
   3  CIEA         19.10%    failed      0.00%
   4  CMEQ         13.47%    failed      0.00%
   5  CSUV         27.21%    failed      0.00%
   6  Chlre_v5.5   16.92%    failed      0.00%
   7  GTHK         18.40%    failed      0.00%
   8  HKZW         24.20%    failed      0.00%
   9  ILBQ         16.53%    failed      0.00%
  10  IYDF         17.50%    failed      0.00%
  11  JEXA         19.01%    failed      0.00%
  12  JOJQ         16.68%    failed      0.00%
  13  JVSZ         25.96%    failed      0.00%
  14  KNMB         16.28%    failed      0.00%
  15  KWGC         29.11%    failed      0.00%
  16  Klefl_v1.0    7.15%    failed      0.00%
  17  MMKU         27.49%    failed      0.00%
  18  Micpu_v3.0   25.86%    failed      0.00%
  19  OAGK          6.76%    failed      0.00%
  20  OLES         13.66%    failed      0.00%
  21  POZS         25.34%    failed      0.00%
  22  PQTO         21.02%    failed      0.00%
  23  PYHZ         19.30%    failed      0.00%
  24  QKMG         23.72%    failed      0.00%
  25  QPDY         15.05%    failed      0.00%
  26  SKYV         29.84%    failed      0.00%
  27  Selmo_v1.0   13.65%    failed      0.00%
  28  Spipo_v2      8.49%    failed      0.00%
  29  VYLQ          4.05%    failed      0.00%
  30  WDCW         24.70%    failed      0.00%
  31  WKCY          7.98%    failed      0.00%
  32  WQRD         23.20%    failed      0.00%
  33  WTDE         26.95%    failed      0.00%
  34  WWQZ         16.02%    failed      0.00%
  35  XSZI         18.21%    failed      0.00%
  36  XZME         11.12%    failed      0.00%
  37  YOXI         25.48%    failed      0.00%
  38  YPIC         24.57%    failed      0.00%
  39  ZFGK         22.51%    failed      0.00%
  40  ZUHO         17.59%    failed      0.00%
****  TOTAL        19.03%  40 sequences failed composition chi2 test (p-value<5%; df=19)

Reading site-specific state frequency file 1kp/1_infer/GTR20-MEOW60opt-PMSF.sitefreq ...
97826 distinct per-site state frequency vectors detected
NOTE: minimal branch length is reduced to 0.000000964711 for long alignment
Reading model definition file 1kp/1_infer/GTRMEOW60OPT.nex ... 89 models and 274 frequency vectors loaded

Create initial parsimony tree by phylogenetic likelihood library (PLL)... 0.862 seconds
Generating 1000 samples for ultrafast bootstrap (seed: 754674)...
Model GTRMEOW60OPT is alias for GTRPMIX+G4{0.6801}+FMIX{EShighclass1:1.0:0.0513064584,EShighclass2:1.0:0.0383260817,EShighclass3:1.0:0.0302021570,EShighclass4:1.0:0.0335478580,EShighclass5:1.0:0.0421558143,EShighclass6:1.0:0.0397954638,EShighclass7:1.0:0.0562559004,EShighclass8:1.0:0.0181561876,EShighclass9:1.0:0.0453139516,EShighclass10:1.0:0.0249805718,EShighclass11:1.0:0.0293032549,EShighclass12:1.0:0.0189705535,EShighclass13:1.0:0.0577024090,EShighclass14:1.0:0.0298383131,EShighclass15:1.0:0.0418954895,ESlowclass1:1.0:0.0293179436,ESlowclass2:1.0:0.0026250135,ESlowclass3:1.0:0.0272495066,ESlowclass4:1.0:0.0035004831,ESlowclass5:1.0:0.0102657386,ESlowclass6:1.0:0.0034017095,ESlowclass7:1.0:0.0113281397,ESlowclass8:1.0:0.0137248841,ESlowclass9:1.0:0.0096928985,ESlowclass10:1.0:0.0102742518,ESlowclass11:1.0:0.0037869665,ESlowclass12:1.0:0.0210462943,ESlowclass13:1.0:0.0064647216,ESlowclass14:1.0:0.0049548996,ESlowclass15:1.0:0.0074741294,ESlowclass16:1.0:0.0065309068,ESlowclass17:1.0:0.0455152209,ESlowclass18:1.0:0.0021799215,ESlowclass19:1.0:0.0030297323,ESlowclass20:1.0:0.0065913857,ESlowclass21:1.0:0.0028010327,ESlowclass22:1.0:0.0115520393,ESlowclass23:1.0:0.0010711697,ESlowclass24:1.0:0.0029071220,ESlowclass25:1.0:0.0156319328,ESlowclass26:1.0:0.0227775698,ESlowclass27:1.0:0.0065932114,ESlowclass28:1.0:0.0040224094,ESlowclass29:1.0:0.0021484148,ESlowclass30:1.0:0.0015425849,ESlowclass31:1.0:0.0165452289,ESlowclass32:1.0:0.0009614519,ESlowclass33:1.0:0.0099585802,ESlowclass34:1.0:0.0095591210,ESlowclass35:1.0:0.0200904339,ESlowclass36:1.0:0.0187066212,ESlowclass37:1.0:0.0012776901,ESlowclass38:1.0:0.0014880455,ESlowclass39:1.0:0.0179964829,ESlowclass40:1.0:0.0054958154,ESlowclass41:1.0:0.0034471248,ESlowclass42:1.0:0.0271360708,ESlowclass43:1.0:0.0025053265,ESlowclass44:1.0:0.0060256252,ESlowclass45:1.0:0.0010536826}

NOTE: 3702 MB RAM (3 GB) is required!
Estimate model parameters (epsilon = 0.100)
1. Initial log-likelihood: -3524119.594
2. Current log-likelihood: -3403851.710
3. Current log-likelihood: -3398862.210
4. Current log-likelihood: -3398806.375
5. Current log-likelihood: -3398805.629
Optimal log-likelihood: -3398805.619
Gamma shape alpha: 0.680
Parameters optimization took 5 rounds (29.979 sec)
Wrote distance file to... 
Computing ML distances based on estimated model parameters...
Calculating distance matrix: done in 40.1111 secs using 2581% CPU
Computing ML distances took 40.129708 sec (of wall-clock time) 1035.820713 sec (of CPU time)
Setting up auxiliary I and S matrices: done in 0.0522218 secs using 2634% CPU
Computing RapidNJ tree took 2.061875 sec (of wall-clock time) 55.284251 sec (of CPU time)
Log-likelihood of RapidNJ tree: -3402263.627
--------------------------------------------------------------------
|             INITIALIZING CANDIDATE TREE SET                      |
--------------------------------------------------------------------
Generating 98 parsimony trees... 139.471 second
Computing log-likelihood of 98 initial trees ... 356.629 seconds
Current best score: -3398805.619

Do NNI search on 20 best initial trees
Estimate model parameters (epsilon = 0.100)
BETTER TREE FOUND at iteration 1: -3398461.360
Iteration 10 / LogL: -3398464.670 / Time: 0h:22m:2s
Iteration 20 / LogL: -3398502.900 / Time: 0h:34m:49s
Finish initializing candidate tree set (2)
Current best tree score: -3398461.360 / CPU time: 1958.844
Number of iterations: 20
--------------------------------------------------------------------
|               OPTIMIZING CANDIDATE TREE SET                      |
--------------------------------------------------------------------
Iteration 30 / LogL: -3398462.896 / Time: 0h:44m:21s (1h:48m:34s left)
Iteration 40 / LogL: -3398463.779 / Time: 0h:53m:12s (1h:23m:12s left)
Iteration 50 / LogL: -3398462.706 / Time: 1h:2m:16s (1h:4m:48s left)
Log-likelihood cutoff on original alignment: -3398521.967
UFBoot trees printed to 1kp/1_infer/GTR20-_MEOW60opt-_PMSF.ufboot
Iteration 60 / LogL: -3398481.699 / Time: 1h:12m:36s (0h:50m:26s left)
Iteration 70 / LogL: -3398463.575 / Time: 1h:21m:24s (0h:36m:34s left)
Iteration 80 / LogL: -3398463.505 / Time: 1h:30m:34s (0h:24m:4s left)
Estimate model parameters (epsilon = 0.100)
UPDATE BEST LOG-LIKELIHOOD: -3398460.876
Iteration 90 / LogL: -3398484.245 / Time: 1h:39m:34s (0h:12m:18s left)
Iteration 100 / LogL: -3398462.385 / Time: 1h:48m:21s (0h:1m:5s left)
Log-likelihood cutoff on original alignment: -3398511.862
NOTE: Bootstrap correlation coefficient of split occurrence frequencies: 1.000
UFBoot trees printed to 1kp/1_infer/GTR20-_MEOW60opt-_PMSF.ufboot
TREE SEARCH COMPLETED AFTER 102 ITERATIONS / Time: 1h:50m:8s

--------------------------------------------------------------------
|                    FINALIZING TREE SEARCH                        |
--------------------------------------------------------------------
Performs final model parameters optimization
Estimate model parameters (epsilon = 0.010)
1. Initial log-likelihood: -3398460.876
Optimal log-likelihood: -3398460.875
Gamma shape alpha: 0.680
Parameters optimization took 1 rounds (5.370 sec)
BEST SCORE FOUND : -3398460.875
Empirical proportions for each category: 0.293 0.240 0.253 0.214
Site rates printed to 1kp/1_infer/GTR20-_MEOW60opt-_PMSF.rate
Creating bootstrap support values...
Split supports printed to NEXUS file 1kp/1_infer/GTR20-_MEOW60opt-_PMSF.splits.nex
Total tree length: 28.120

Total number of iterations: 102
CPU time used for tree search: 219365.663 sec (60h:56m:5s)
Wall-clock time used for tree search: 6477.859 sec (1h:47m:57s)
Total CPU time used: 222965.764 sec (61h:56m:5s)
Total wall-clock time used: 6614.857 sec (1h:50m:14s)
UFBoot trees printed to 1kp/1_infer/GTR20-_MEOW60opt-_PMSF.ufboot

Computing bootstrap consensus tree...
Reading input file 1kp/1_infer/GTR20-_MEOW60opt-_PMSF.splits.nex...
40 taxa and 84 splits.
Consensus tree written to 1kp/1_infer/GTR20-_MEOW60opt-_PMSF.contree
Reading input trees file 1kp/1_infer/GTR20-_MEOW60opt-_PMSF.contree
Log-likelihood of consensus tree: -3398460.875

Analysis results written to: 
  IQ-TREE report:                1kp/1_infer/GTR20-_MEOW60opt-_PMSF.iqtree
  Maximum-likelihood tree:       1kp/1_infer/GTR20-_MEOW60opt-_PMSF.treefile
  Likelihood distances:          1kp/1_infer/GTR20-_MEOW60opt-_PMSF.mldist
  Site-specific rates:           1kp/1_infer/GTR20-_MEOW60opt-_PMSF.rate

Ultrafast bootstrap approximation results written to:
  Split support values:          1kp/1_infer/GTR20-_MEOW60opt-_PMSF.splits.nex
  Consensus tree:                1kp/1_infer/GTR20-_MEOW60opt-_PMSF.contree
  UFBoot trees:                  1kp/1_infer/GTR20-_MEOW60opt-_PMSF.ufboot
  Screen log file:               1kp/1_infer/GTR20-_MEOW60opt-_PMSF.log

Date and Time: Sat May 17 07:25:45 2025
