IQ-TREE multicore version 2.3.6.5.ml for Linux x86 64-bit built Sep 11 2024
Developed by Bui Quang Minh, Nguyen Lam Tung, Olga Chernomor, Heiko Schmidt,
Dominik Schrempf, Michael Woodhams, Ly Trong Nhan, Thomas Wong

Host:    rona.rsb.anu.edu.au (AVX2, FMA3, 1007 GB RAM)
Command: ./iqtree2 --alisim tradigrada/2_simulation/LG_C60F/poic60f --seqtype AA -m C61 -mdef tradigrada/1_infer/C60+F.nex -t tradigrada/1_infer/Poisson-C60F.treefile --length 70888 --out-format fasta --num-alignments 100 -T 20
Seed:    506963 (Using SPRNG - Scalable Parallel Random Number Generator)
Time:    Thu Mar 20 13:14:17 2025
Kernel:  AVX+FMA - 20 threads (256 CPU cores detected)

[Alignment Simulator] Executing
Reading model definition file tradigrada/1_infer/C60+F.nex ... 87 models and 275 frequency vectors loaded
Model C61 is alias for POISSON+G4{0.6012654871}+FMIX{C60_f:1:0.0182957760,C60_pi1:1:0.0200231302,C60_pi2:1:0.0332571819,C60_pi3:1:0.0231263102,C60_pi4:1:0.0095563170,C60_pi5:1:0.0151340043,C60_pi6:1:0.0089475699,C60_pi7:1:0.0083852702,C60_pi8:1:0.0102221081,C60_pi9:1:0.0025258529,C60_pi10:1:0.0085929971,C60_pi11:1:0.0435125782,C60_pi12:1:0.0081195411,C60_pi13:1:0.0105945746,C60_pi14:1:0.0120072580,C60_pi15:1:0.0000064869,C60_pi16:1:0.0097225732,C60_pi17:1:0.0097695527,C60_pi18:1:0.0373276590,C60_pi19:1:0.0279108923,C60_pi20:1:0.0147841746,C60_pi21:1:0.0067726993,C60_pi22:1:0.0130563391,C60_pi23:1:0.0136410004,C60_pi24:1:0.0190994853,C60_pi25:1:0.0219797410,C60_pi26:1:0.0083555726,C60_pi27:1:0.0315108028,C60_pi28:1:0.0213468140,C60_pi29:1:0.0159331646,C60_pi30:1:0.0146800512,C60_pi31:1:0.0159294006,C60_pi32:1:0.0143305099,C60_pi33:1:0.0082861691,C60_pi34:1:0.0505776473,C60_pi35:1:0.0351151326,C60_pi36:1:0.0280523496,C60_pi37:1:0.0205973936,C60_pi38:1:0.0214523690,C60_pi39:1:0.0095617930,C60_pi40:1:0.0300709470,C60_pi41:1:0.0087668105,C60_pi42:1:0.0058392571,C60_pi43:1:0.0466077094,C60_pi44:1:0.0095535569,C60_pi45:1:0.0042118622,C60_pi46:1:0.0002745132,C60_pi47:1:0.0158780726,C60_pi48:1:0.0084515620,C60_pi49:1:0.0166718385,C60_pi50:1:0.0048587073,C60_pi51:1:0.0290347305,C60_pi52:1:0.0089345747,C60_pi53:1:0.0099375433,C60_pi54:1:0.0176472391,C60_pi55:1:0.0224680145,C60_pi56:1:0.0276060190,C60_pi57:1:0.0021678366,C60_pi58:1:0.0146996469,C60_pi59:1:0.0077323882,C60_pi60:1:0.0064869275}
WARNING: Your input class weight 6.4869e-06 is very small and may cause numerical issues
WARNING: Your input class weight 0.000274513 is very small and may cause numerical issues
 - Tree filepath: tradigrada/1_infer/Poisson-C60F.treefile
 - Length of output sequences: 70888
 - Model: C61
 - Number of output datasets: 100
SUBSTITUTION PROCESS
--------------------

Mixture model of substitution: C61+G4

  No  Component      Rate    Weight   Parameters
   1  POISSON+FC60_f  1.000    0.018    POISSON+FC60_f
   2  POISSON+FC60_pi1  1.000    0.020    POISSON+FC60_pi1
   3  POISSON+FC60_pi2  1.000    0.033    POISSON+FC60_pi2
   4  POISSON+FC60_pi3  1.000    0.023    POISSON+FC60_pi3
   5  POISSON+FC60_pi4  1.000    0.010    POISSON+FC60_pi4
   6  POISSON+FC60_pi5  1.000    0.015    POISSON+FC60_pi5
   7  POISSON+FC60_pi6  1.000    0.009    POISSON+FC60_pi6
   8  POISSON+FC60_pi7  1.000    0.008    POISSON+FC60_pi7
   9  POISSON+FC60_pi8  1.000    0.010    POISSON+FC60_pi8
  10  POISSON+FC60_pi9  1.000    0.003    POISSON+FC60_pi9
  11  POISSON+FC60_pi10  1.000    0.009    POISSON+FC60_pi10
  12  POISSON+FC60_pi11  1.000    0.044    POISSON+FC60_pi11
  13  POISSON+FC60_pi12  1.000    0.008    POISSON+FC60_pi12
  14  POISSON+FC60_pi13  1.000    0.011    POISSON+FC60_pi13
  15  POISSON+FC60_pi14  1.000    0.012    POISSON+FC60_pi14
  16  POISSON+FC60_pi15  1.000    0.000    POISSON+FC60_pi15
  17  POISSON+FC60_pi16  1.000    0.010    POISSON+FC60_pi16
  18  POISSON+FC60_pi17  1.000    0.010    POISSON+FC60_pi17
  19  POISSON+FC60_pi18  1.000    0.037    POISSON+FC60_pi18
  20  POISSON+FC60_pi19  1.000    0.028    POISSON+FC60_pi19
  21  POISSON+FC60_pi20  1.000    0.015    POISSON+FC60_pi20
  22  POISSON+FC60_pi21  1.000    0.007    POISSON+FC60_pi21
  23  POISSON+FC60_pi22  1.000    0.013    POISSON+FC60_pi22
  24  POISSON+FC60_pi23  1.000    0.014    POISSON+FC60_pi23
  25  POISSON+FC60_pi24  1.000    0.019    POISSON+FC60_pi24
  26  POISSON+FC60_pi25  1.000    0.022    POISSON+FC60_pi25
  27  POISSON+FC60_pi26  1.000    0.008    POISSON+FC60_pi26
  28  POISSON+FC60_pi27  1.000    0.032    POISSON+FC60_pi27
  29  POISSON+FC60_pi28  1.000    0.021    POISSON+FC60_pi28
  30  POISSON+FC60_pi29  1.000    0.016    POISSON+FC60_pi29
  31  POISSON+FC60_pi30  1.000    0.015    POISSON+FC60_pi30
  32  POISSON+FC60_pi31  1.000    0.016    POISSON+FC60_pi31
  33  POISSON+FC60_pi32  1.000    0.014    POISSON+FC60_pi32
  34  POISSON+FC60_pi33  1.000    0.008    POISSON+FC60_pi33
  35  POISSON+FC60_pi34  1.000    0.051    POISSON+FC60_pi34
  36  POISSON+FC60_pi35  1.000    0.035    POISSON+FC60_pi35
  37  POISSON+FC60_pi36  1.000    0.028    POISSON+FC60_pi36
  38  POISSON+FC60_pi37  1.000    0.021    POISSON+FC60_pi37
  39  POISSON+FC60_pi38  1.000    0.021    POISSON+FC60_pi38
  40  POISSON+FC60_pi39  1.000    0.010    POISSON+FC60_pi39
  41  POISSON+FC60_pi40  1.000    0.030    POISSON+FC60_pi40
  42  POISSON+FC60_pi41  1.000    0.009    POISSON+FC60_pi41
  43  POISSON+FC60_pi42  1.000    0.006    POISSON+FC60_pi42
  44  POISSON+FC60_pi43  1.000    0.047    POISSON+FC60_pi43
  45  POISSON+FC60_pi44  1.000    0.010    POISSON+FC60_pi44
  46  POISSON+FC60_pi45  1.000    0.004    POISSON+FC60_pi45
  47  POISSON+FC60_pi46  1.000    0.000    POISSON+FC60_pi46
  48  POISSON+FC60_pi47  1.000    0.016    POISSON+FC60_pi47
  49  POISSON+FC60_pi48  1.000    0.008    POISSON+FC60_pi48
  50  POISSON+FC60_pi49  1.000    0.017    POISSON+FC60_pi49
  51  POISSON+FC60_pi50  1.000    0.005    POISSON+FC60_pi50
  52  POISSON+FC60_pi51  1.000    0.029    POISSON+FC60_pi51
  53  POISSON+FC60_pi52  1.000    0.009    POISSON+FC60_pi52
  54  POISSON+FC60_pi53  1.000    0.010    POISSON+FC60_pi53
  55  POISSON+FC60_pi54  1.000    0.018    POISSON+FC60_pi54
  56  POISSON+FC60_pi55  1.000    0.022    POISSON+FC60_pi55
  57  POISSON+FC60_pi56  1.000    0.028    POISSON+FC60_pi56
  58  POISSON+FC60_pi57  1.000    0.002    POISSON+FC60_pi57
  59  POISSON+FC60_pi58  1.000    0.015    POISSON+FC60_pi58
  60  POISSON+FC60_pi59  1.000    0.008    POISSON+FC60_pi59
  61  POISSON+FC60_pi60  1.000    0.006    POISSON+FC60_pi60

Model of rate heterogeneity: Gamma with 4 categories
Gamma shape alpha: 0.601

 Category  Relative_rate  Proportion
  1         0.053          0.250
  2         0.313          0.250
  3         0.882          0.250
  4         2.752          0.250
Relative rates are computed as MEAN of the portion of the Gamma distribution falling in the category.

[Alignment Simulator] Done
Simulation time: 11.721s
Date and Time: Thu Mar 20 13:14:29 2025
