IQ-TREE version 3.0.0 for Linux x86 64-bit built Apr  4 2025
Developed by Bui Quang Minh, Thomas Wong, Nhan Ly-Trong, Huaiyan Ren
Contributed by Lam-Tung Nguyen, Dominik Schrempf, Chris Bielow,
Olga Chernomor, Michael Woodhams, Diep Thi Hoang, Heiko Schmidt

Host:    rona.rsb.anu.edu.au (AVX2, FMA3, 1007 GB RAM)
Command: /data/yutong/iqtree3 -s 1kp/1kp.fasta -ft 1kp/1_infer/Poi-UDM8opt.treefile -m POIUDM8OPT -mdef 1kp/1_510/POIUDM8OPT.nex -safe -pre 1kp/1_510/Poi-UDM8opt-PMSF -n 0 -nt 40
Seed:    690154 (Using SPRNG - Scalable Parallel Random Number Generator)
Time:    Sat May 10 21:14:01 2025
Kernel:  Safe AVX+FMA - 40 threads (256 CPU cores detected)

Reading alignment file 1kp/1kp.fasta ... Fasta format detected
Reading fasta file: done in 0.0856307 secs using 95.16% CPU
Alignment most likely contains protein sequences
Constructing alignment: done in 0.202158 secs using 287.3% CPU
Alignment has 40 sequences with 103658 columns, 97826 distinct patterns
74754 parsimony-informative, 13250 singleton sites, 15653 constant sites
            Gap/Ambiguity  Composition  p-value
Analyzing sequences: done in 0.035496 secs using 2467% CPU
   1  BFIK         27.41%    failed      0.00%
   2  BNCU         13.55%    failed      0.00%
   3  CIEA         19.10%    failed      0.00%
   4  CMEQ         13.47%    failed      0.00%
   5  CSUV         27.21%    failed      0.00%
   6  Chlre_v5.5   16.92%    failed      0.00%
   7  GTHK         18.40%    failed      0.00%
   8  HKZW         24.20%    failed      0.00%
   9  ILBQ         16.53%    failed      0.00%
  10  IYDF         17.50%    failed      0.00%
  11  JEXA         19.01%    failed      0.00%
  12  JOJQ         16.68%    failed      0.00%
  13  JVSZ         25.96%    failed      0.00%
  14  KNMB         16.28%    failed      0.00%
  15  KWGC         29.11%    failed      0.00%
  16  Klefl_v1.0    7.15%    failed      0.00%
  17  MMKU         27.49%    failed      0.00%
  18  Micpu_v3.0   25.86%    failed      0.00%
  19  OAGK          6.76%    failed      0.00%
  20  OLES         13.66%    failed      0.00%
  21  POZS         25.34%    failed      0.00%
  22  PQTO         21.02%    failed      0.00%
  23  PYHZ         19.30%    failed      0.00%
  24  QKMG         23.72%    failed      0.00%
  25  QPDY         15.05%    failed      0.00%
  26  SKYV         29.84%    failed      0.00%
  27  Selmo_v1.0   13.65%    failed      0.00%
  28  Spipo_v2      8.49%    failed      0.00%
  29  VYLQ          4.05%    failed      0.00%
  30  WDCW         24.70%    failed      0.00%
  31  WKCY          7.98%    failed      0.00%
  32  WQRD         23.20%    failed      0.00%
  33  WTDE         26.95%    failed      0.00%
  34  WWQZ         16.02%    failed      0.00%
  35  XSZI         18.21%    failed      0.00%
  36  XZME         11.12%    failed      0.00%
  37  YOXI         25.48%    failed      0.00%
  38  YPIC         24.57%    failed      0.00%
  39  ZFGK         22.51%    failed      0.00%
  40  ZUHO         17.59%    failed      0.00%
****  TOTAL        19.03%  40 sequences failed composition chi2 test (p-value<5%; df=19)

===> COMPUTING SITE FREQUENCY MODEL BASED ON TREE FILE 1kp/1_infer/Poi-UDM8opt.treefile
Reading model definition file 1kp/1_510/POIUDM8OPT.nex ... 88 models and 222 frequency vectors loaded
Model POIUDM8OPT is alias for Poisson+G4{0.6649917562}+FMIX{UDM0008CLR_C0000:1.0:0.1609307714,UDM0008CLR_C0001:1.0:0.1917538371,UDM0008CLR_C0002:1.0:0.1670722480,UDM0008CLR_C0003:1.0:0.1899161240,UDM0008CLR_C0004:1.0:0.0819395025,UDM0008CLR_C0005:1.0:0.0856027881,UDM0008CLR_C0006:1.0:0.0734015621,UDM0008CLR_C0007:1.0:0.0493831669}
NOTE: 19349 MB RAM is required!
1. Initial log-likelihood: -3916543.763
Optimal log-likelihood: -3916543.763
Mixture weights: 0.161 0.192 0.167 0.190 0.082 0.086 0.073 0.049
Gamma shape alpha: 0.665
Parameters optimization took 1 rounds (39.260 sec)
Computing posterior mean site frequencies....
Site state frequency vectors printed to 1kp/1_510/Poi-UDM8opt-PMSF.sitefreq

===> CONTINUE ANALYSIS USING THE INFERRED SITE FREQUENCY MODEL
NOTE: minimal branch length is reduced to 0.000000964711 for long alignment
Checking for duplicate sequences: done in 0.0748565 secs using 731.9% CPU
Reading model definition file 1kp/1_510/POIUDM8OPT.nex ... 88 models and 222 frequency vectors loaded

Create initial parsimony tree by phylogenetic likelihood library (PLL)... 1.860 seconds
Model POIUDM8OPT is alias for Poisson+G4{0.6649917562}+FMIX{UDM0008CLR_C0000:1.0:0.1609307714,UDM0008CLR_C0001:1.0:0.1917538371,UDM0008CLR_C0002:1.0:0.1670722480,UDM0008CLR_C0003:1.0:0.1899161240,UDM0008CLR_C0004:1.0:0.0819395025,UDM0008CLR_C0005:1.0:0.0856027881,UDM0008CLR_C0006:1.0:0.0734015621,UDM0008CLR_C0007:1.0:0.0493831669}

NOTE: 3329 MB RAM (3 GB) is required!
Estimate model parameters (epsilon = 0.010)
1. Initial log-likelihood: -3780617.487
2. Current log-likelihood: -3710326.234
3. Current log-likelihood: -3708065.749
4. Current log-likelihood: -3708006.681
5. Current log-likelihood: -3708003.982
6. Current log-likelihood: -3708003.847
Optimal log-likelihood: -3708003.841
Gamma shape alpha: 0.665
Parameters optimization took 6 rounds (50.148 sec)
Wrote distance file to... 
BEST SCORE FOUND : -3708003.841
Total tree length: 15.981

Total number of iterations: 0
CPU time used for tree search: 0.000 sec (0h:0m:0s)
Wall-clock time used for tree search: 0.000 sec (0h:0m:0s)
Total CPU time used: 1842.636 sec (0h:30m:42s)
Total wall-clock time used: 66.611 sec (0h:1m:6s)

Analysis results written to: 
  IQ-TREE report:                1kp/1_510/Poi-UDM8opt-PMSF.iqtree
  Maximum-likelihood tree:       1kp/1_510/Poi-UDM8opt-PMSF.treefile
  Screen log file:               1kp/1_510/Poi-UDM8opt-PMSF.log

Date and Time: Sat May 10 21:15:51 2025
