IQ-TREE version 3.0.0 for Linux x86 64-bit built Apr  4 2025
Developed by Bui Quang Minh, Thomas Wong, Nhan Ly-Trong, Huaiyan Ren
Contributed by Lam-Tung Nguyen, Dominik Schrempf, Chris Bielow,
Olga Chernomor, Michael Woodhams, Diep Thi Hoang, Heiko Schmidt

Host:    rona.rsb.anu.edu.au (AVX2, FMA3, 1007 GB RAM)
Command: /data/yutong/iqtree3 -s 1kp/1kp.fasta -fs 1kp/1_510/Poi-UDM8opt-PMSF.sitefreq -m POIUDM8OPT -mdef 1kp/1_510/POIUDM8OPT.nex -safe --wbtl -pre 1kp/1_510/Poi_UDM8opt_PMSF -wsr -bb 1000 -nt 40
Seed:    5124 (Using SPRNG - Scalable Parallel Random Number Generator)
Time:    Sat May 10 21:15:52 2025
Kernel:  Safe AVX+FMA - 40 threads (256 CPU cores detected)

Reading alignment file 1kp/1kp.fasta ... Fasta format detected
Reading fasta file: done in 0.0892793 secs using 93.3% CPU
Alignment most likely contains protein sequences
Constructing alignment: done in 0.224545 secs using 269.5% CPU
Alignment has 40 sequences with 103658 columns, 97826 distinct patterns
74754 parsimony-informative, 13250 singleton sites, 15653 constant sites
            Gap/Ambiguity  Composition  p-value
Analyzing sequences: done in 0.0139226 secs using 3395% CPU
   1  BFIK         27.41%    failed      0.00%
   2  BNCU         13.55%    failed      0.00%
   3  CIEA         19.10%    failed      0.00%
   4  CMEQ         13.47%    failed      0.00%
   5  CSUV         27.21%    failed      0.00%
   6  Chlre_v5.5   16.92%    failed      0.00%
   7  GTHK         18.40%    failed      0.00%
   8  HKZW         24.20%    failed      0.00%
   9  ILBQ         16.53%    failed      0.00%
  10  IYDF         17.50%    failed      0.00%
  11  JEXA         19.01%    failed      0.00%
  12  JOJQ         16.68%    failed      0.00%
  13  JVSZ         25.96%    failed      0.00%
  14  KNMB         16.28%    failed      0.00%
  15  KWGC         29.11%    failed      0.00%
  16  Klefl_v1.0    7.15%    failed      0.00%
  17  MMKU         27.49%    failed      0.00%
  18  Micpu_v3.0   25.86%    failed      0.00%
  19  OAGK          6.76%    failed      0.00%
  20  OLES         13.66%    failed      0.00%
  21  POZS         25.34%    failed      0.00%
  22  PQTO         21.02%    failed      0.00%
  23  PYHZ         19.30%    failed      0.00%
  24  QKMG         23.72%    failed      0.00%
  25  QPDY         15.05%    failed      0.00%
  26  SKYV         29.84%    failed      0.00%
  27  Selmo_v1.0   13.65%    failed      0.00%
  28  Spipo_v2      8.49%    failed      0.00%
  29  VYLQ          4.05%    failed      0.00%
  30  WDCW         24.70%    failed      0.00%
  31  WKCY          7.98%    failed      0.00%
  32  WQRD         23.20%    failed      0.00%
  33  WTDE         26.95%    failed      0.00%
  34  WWQZ         16.02%    failed      0.00%
  35  XSZI         18.21%    failed      0.00%
  36  XZME         11.12%    failed      0.00%
  37  YOXI         25.48%    failed      0.00%
  38  YPIC         24.57%    failed      0.00%
  39  ZFGK         22.51%    failed      0.00%
  40  ZUHO         17.59%    failed      0.00%
****  TOTAL        19.03%  40 sequences failed composition chi2 test (p-value<5%; df=19)

Reading site-specific state frequency file 1kp/1_510/Poi-UDM8opt-PMSF.sitefreq ...
97826 distinct per-site state frequency vectors detected
NOTE: minimal branch length is reduced to 0.000000964711 for long alignment
Checking for duplicate sequences: done in 0.0672928 secs using 885.3% CPU
Reading model definition file 1kp/1_510/POIUDM8OPT.nex ... 88 models and 222 frequency vectors loaded

Create initial parsimony tree by phylogenetic likelihood library (PLL)... 1.504 seconds
Generating 1000 samples for ultrafast bootstrap (seed: 5124)...
Model POIUDM8OPT is alias for Poisson+G4{0.6649917562}+FMIX{UDM0008CLR_C0000:1.0:0.1609307714,UDM0008CLR_C0001:1.0:0.1917538371,UDM0008CLR_C0002:1.0:0.1670722480,UDM0008CLR_C0003:1.0:0.1899161240,UDM0008CLR_C0004:1.0:0.0819395025,UDM0008CLR_C0005:1.0:0.0856027881,UDM0008CLR_C0006:1.0:0.0734015621,UDM0008CLR_C0007:1.0:0.0493831669}

NOTE: 3702 MB RAM (3 GB) is required!
Estimate model parameters (epsilon = 0.100)
1. Initial log-likelihood: -3782056.970
2. Current log-likelihood: -3710129.493
3. Current log-likelihood: -3707938.532
4. Current log-likelihood: -3707882.337
5. Current log-likelihood: -3707879.813
Optimal log-likelihood: -3707879.701
Gamma shape alpha: 0.665
Parameters optimization took 5 rounds (43.489 sec)
Wrote distance file to... 
Computing ML distances based on estimated model parameters...
Calculating distance matrix: done in 25.6374 secs using 2163% CPU
Computing ML distances took 25.652264 sec (of wall-clock time) 555.014162 sec (of CPU time)
Setting up auxiliary I and S matrices: done in 0.000159937 secs using 7415% CPU
Constructing RapidNJ tree: done in 0.000269867 secs using 8839% CPU
Computing RapidNJ tree took 0.000667 sec (of wall-clock time) 0.045679 sec (of CPU time)
Log-likelihood of RapidNJ tree: -3713702.798
--------------------------------------------------------------------
|             INITIALIZING CANDIDATE TREE SET                      |
--------------------------------------------------------------------
Generating 98 parsimony trees... 260.864 second
Computing log-likelihood of 98 initial trees ... 336.059 seconds
Current best score: -3707879.701

Do NNI search on 20 best initial trees
Optimizing NNI: done in 32.685 secs using 3891% CPU
Estimate model parameters (epsilon = 0.100)
BETTER TREE FOUND at iteration 1: -3707558.037
Optimizing NNI: done in 35.5821 secs using 3905% CPU
Optimizing NNI: done in 45.9508 secs using 3927% CPU
Optimizing NNI: done in 52.4554 secs using 3913% CPU
Optimizing NNI: done in 48.308 secs using 3915% CPU
Optimizing NNI: done in 62.3581 secs using 3923% CPU
Optimizing NNI: done in 54.4737 secs using 3929% CPU
Optimizing NNI: done in 49.7242 secs using 3896% CPU
Optimizing NNI: done in 53.4051 secs using 3909% CPU
Optimizing NNI: done in 55.8805 secs using 3914% CPU
Iteration 10 / LogL: -3707622.734 / Time: 0h:20m:32s
Optimizing NNI: done in 59.0236 secs using 3910% CPU
Optimizing NNI: done in 57.9806 secs using 3900% CPU
Optimizing NNI: done in 57.8193 secs using 3922% CPU
Optimizing NNI: done in 53.5683 secs using 3904% CPU
Optimizing NNI: done in 51.7994 secs using 3905% CPU
Optimizing NNI: done in 46.3492 secs using 3899% CPU
Optimizing NNI: done in 56.6192 secs using 3905% CPU
Optimizing NNI: done in 47.3783 secs using 3933% CPU
Optimizing NNI: done in 48.8442 secs using 3926% CPU
Optimizing NNI: done in 60.8037 secs using 3915% CPU
Iteration 20 / LogL: -3707603.658 / Time: 0h:29m:39s
Finish initializing candidate tree set (4)
Current best tree score: -3707558.037 / CPU time: 1650.474
Number of iterations: 20
--------------------------------------------------------------------
|               OPTIMIZING CANDIDATE TREE SET                      |
--------------------------------------------------------------------
Optimizing NNI: done in 55.4066 secs using 3893% CPU
Optimizing NNI: done in 50.248 secs using 3899% CPU
Optimizing NNI: done in 53.8515 secs using 3906% CPU
Optimizing NNI: done in 44.9876 secs using 3888% CPU
Optimizing NNI: done in 40.9932 secs using 3904% CPU
Optimizing NNI: done in 64.3675 secs using 3892% CPU
Optimizing NNI: done in 44.8586 secs using 3924% CPU
Optimizing NNI: done in 47.4675 secs using 3905% CPU
Optimizing NNI: done in 58.0791 secs using 3892% CPU
Optimizing NNI: done in 38.7494 secs using 3885% CPU
Iteration 30 / LogL: -3707583.148 / Time: 0h:38m:5s (1h:33m:11s left)
Optimizing NNI: done in 65.5089 secs using 3882% CPU
Optimizing NNI: done in 51.2369 secs using 3893% CPU
Optimizing NNI: done in 43.649 secs using 3881% CPU
Optimizing NNI: done in 40.5192 secs using 3907% CPU
Optimizing NNI: done in 49.9777 secs using 3889% CPU
Optimizing NNI: done in 53.3291 secs using 3912% CPU
Optimizing NNI: done in 57.6887 secs using 3896% CPU
Optimizing NNI: done in 51.2446 secs using 3886% CPU
Optimizing NNI: done in 51.6132 secs using 3859% CPU
Optimizing NNI: done in 42.0616 secs using 3902% CPU
Iteration 40 / LogL: -3707583.609 / Time: 0h:46m:39s (1h:12m:56s left)
Optimizing NNI: done in 52.9739 secs using 3883% CPU
Optimizing NNI: done in 39.9858 secs using 3884% CPU
Optimizing NNI: done in 47.2456 secs using 3874% CPU
Optimizing NNI: done in 45.9256 secs using 3859% CPU
Optimizing NNI: done in 53.2913 secs using 3895% CPU
Optimizing NNI: done in 48.6294 secs using 3897% CPU
Optimizing NNI: done in 53.7909 secs using 3859% CPU
Optimizing NNI: done in 73.494 secs using 3819% CPU
Optimizing NNI: done in 56.1304 secs using 3834% CPU
Optimizing NNI: done in 47.5828 secs using 3878% CPU
Iteration 50 / LogL: -3707593.929 / Time: 0h:55m:25s (0h:57m:40s left)
Log-likelihood cutoff on original alignment: -3707658.234
UFBoot trees printed to 1kp/1_510/Poi_UDM8opt_PMSF.ufboot
Optimizing NNI: done in 48.4852 secs using 3857% CPU
Optimizing NNI: done in 55.2934 secs using 3839% CPU
Optimizing NNI: done in 61.4178 secs using 3879% CPU
Optimizing NNI: done in 64.8349 secs using 3889% CPU
Optimizing NNI: done in 55.8111 secs using 3878% CPU
Optimizing NNI: done in 46.9653 secs using 3874% CPU
Optimizing NNI: done in 64.4637 secs using 3851% CPU
Optimizing NNI: done in 43.7074 secs using 3866% CPU
Optimizing NNI: done in 37.565 secs using 3865% CPU
Optimizing NNI: done in 50.2549 secs using 3845% CPU
Iteration 60 / LogL: -3707570.645 / Time: 1h:4m:22s (0h:44m:42s left)
Optimizing NNI: done in 68.0332 secs using 3883% CPU
Optimizing NNI: done in 53.0281 secs using 3872% CPU
Optimizing NNI: done in 45.1112 secs using 3881% CPU
Optimizing NNI: done in 52.1679 secs using 3864% CPU
Optimizing NNI: done in 60.8586 secs using 3867% CPU
Optimizing NNI: done in 62.9968 secs using 3857% CPU
Optimizing NNI: done in 55.9875 secs using 3868% CPU
Optimizing NNI: done in 49.3447 secs using 3883% CPU
Optimizing NNI: done in 42.3856 secs using 3893% CPU
Optimizing NNI: done in 45.5052 secs using 3887% CPU
Iteration 70 / LogL: -3707586.552 / Time: 1h:13m:25s (0h:32m:58s left)
Optimizing NNI: done in 62.5186 secs using 3874% CPU
Optimizing NNI: done in 58.1781 secs using 3861% CPU
Optimizing NNI: done in 49.213 secs using 3892% CPU
Optimizing NNI: done in 69.1598 secs using 3866% CPU
Optimizing NNI: done in 48.3733 secs using 3891% CPU
Optimizing NNI: done in 45.6405 secs using 3904% CPU
Optimizing NNI: done in 49.6781 secs using 3903% CPU
Optimizing NNI: done in 57.0034 secs using 3874% CPU
Optimizing NNI: done in 49.2194 secs using 3916% CPU
Optimizing NNI: done in 51.5709 secs using 3902% CPU
Iteration 80 / LogL: -3707636.410 / Time: 1h:22m:32s (0h:21m:56s left)
Optimizing NNI: done in 50.291 secs using 3899% CPU
Optimizing NNI: done in 36.0544 secs using 3883% CPU
Optimizing NNI: done in 56.1171 secs using 3917% CPU
Optimizing NNI: done in 71.3091 secs using 3893% CPU
Optimizing NNI: done in 43.3456 secs using 3901% CPU
Optimizing NNI: done in 65.0268 secs using 3910% CPU
Optimizing NNI: done in 53.6478 secs using 3921% CPU
Optimizing NNI: done in 44.0856 secs using 3900% CPU
Optimizing NNI: done in 45.4777 secs using 3890% CPU
Optimizing NNI: done in 60.0847 secs using 3906% CPU
Iteration 90 / LogL: -3707581.781 / Time: 1h:31m:24s (0h:11m:17s left)
Optimizing NNI: done in 50.209 secs using 3917% CPU
Optimizing NNI: done in 38.7997 secs using 3895% CPU
Optimizing NNI: done in 56.0185 secs using 3887% CPU
Optimizing NNI: done in 43.9835 secs using 3887% CPU
Optimizing NNI: done in 55.0339 secs using 3915% CPU
Optimizing NNI: done in 59.4766 secs using 3906% CPU
Optimizing NNI: done in 55.499 secs using 3929% CPU
Optimizing NNI: done in 55.7495 secs using 3910% CPU
Optimizing NNI: done in 47.9507 secs using 3912% CPU
Optimizing NNI: done in 50.2169 secs using 3910% CPU
Iteration 100 / LogL: -3707585.523 / Time: 1h:40m:4s (0h:1m:0s left)
Log-likelihood cutoff on original alignment: -3707658.234
NOTE: Bootstrap correlation coefficient of split occurrence frequencies: 1.000
UFBoot trees printed to 1kp/1_510/Poi_UDM8opt_PMSF.ufboot
Optimizing NNI: done in 52.8613 secs using 3872% CPU
Optimizing NNI: done in 55.0542 secs using 3888% CPU
TREE SEARCH COMPLETED AFTER 102 ITERATIONS / Time: 1h:41m:54s

--------------------------------------------------------------------
|                    FINALIZING TREE SEARCH                        |
--------------------------------------------------------------------
Performs final model parameters optimization
Estimate model parameters (epsilon = 0.010)
1. Initial log-likelihood: -3707558.037
Optimal log-likelihood: -3707558.037
Gamma shape alpha: 0.665
Parameters optimization took 1 rounds (4.962 sec)
BEST SCORE FOUND : -3707558.037
Empirical proportions for each category: 0.263 0.212 0.289 0.236
Site rates printed to 1kp/1_510/Poi_UDM8opt_PMSF.rate
Creating bootstrap support values...
Split supports printed to NEXUS file 1kp/1_510/Poi_UDM8opt_PMSF.splits.nex
Total tree length: 15.989

Total number of iterations: 102
CPU time used for tree search: 222973.074 sec (61h:56m:13s)
Wall-clock time used for tree search: 5985.509 sec (1h:39m:45s)
Total CPU time used: 226830.230 sec (63h:0m:30s)
Total wall-clock time used: 6120.669 sec (1h:42m:0s)
UFBoot trees printed to 1kp/1_510/Poi_UDM8opt_PMSF.ufboot

Computing bootstrap consensus tree...
Reading input file 1kp/1_510/Poi_UDM8opt_PMSF.splits.nex...
40 taxa and 88 splits.
Consensus tree written to 1kp/1_510/Poi_UDM8opt_PMSF.contree
Reading input trees file 1kp/1_510/Poi_UDM8opt_PMSF.contree
Log-likelihood of consensus tree: -3707558.038

Analysis results written to: 
  IQ-TREE report:                1kp/1_510/Poi_UDM8opt_PMSF.iqtree
  Maximum-likelihood tree:       1kp/1_510/Poi_UDM8opt_PMSF.treefile
  Likelihood distances:          1kp/1_510/Poi_UDM8opt_PMSF.mldist
  Site-specific rates:           1kp/1_510/Poi_UDM8opt_PMSF.rate

Ultrafast bootstrap approximation results written to:
  Split support values:          1kp/1_510/Poi_UDM8opt_PMSF.splits.nex
  Consensus tree:                1kp/1_510/Poi_UDM8opt_PMSF.contree
  UFBoot trees:                  1kp/1_510/Poi_UDM8opt_PMSF.ufboot
  Screen log file:               1kp/1_510/Poi_UDM8opt_PMSF.log

Date and Time: Sat May 10 22:58:27 2025
