IQ-TREE version 3.0.0 for Linux x86 64-bit built Apr  4 2025
Developed by Bui Quang Minh, Thomas Wong, Nhan Ly-Trong, Huaiyan Ren
Contributed by Lam-Tung Nguyen, Dominik Schrempf, Chris Bielow,
Olga Chernomor, Michael Woodhams, Diep Thi Hoang, Heiko Schmidt

Host:    rona.rsb.anu.edu.au (AVX2, FMA3, 1007 GB RAM)
Command: /data/yutong/iqtree3 -s 1kp/1kp.fasta -fs 1kp/1_infer/POISSON-UDM128HOC-PMSF.sitefreq -m Poisson+UDM0128CLR+G4 -mdef tardigrada/1_infer/udm_hogenom_0128_clr_iqtree.nex -safe --wbtl -wsr -bb 1000 -pre 1kp/1_infer/POISSON_UDM128HOC_PMSF -nt 40
Seed:    350384 (Using SPRNG - Scalable Parallel Random Number Generator)
Time:    Thu May  8 08:17:58 2025
Kernel:  Safe AVX+FMA - 40 threads (256 CPU cores detected)

Reading alignment file 1kp/1kp.fasta ... Fasta format detected
Reading fasta file: done in 0.347114 secs using 34.71% CPU
Alignment most likely contains protein sequences
Constructing alignment: done in 0.269814 secs using 270.6% CPU
Alignment has 40 sequences with 103658 columns, 97826 distinct patterns
74754 parsimony-informative, 13250 singleton sites, 15653 constant sites
            Gap/Ambiguity  Composition  p-value
Analyzing sequences: done in 0.0125362 secs using 3573% CPU
   1  BFIK         27.41%    failed      0.00%
   2  BNCU         13.55%    failed      0.00%
   3  CIEA         19.10%    failed      0.00%
   4  CMEQ         13.47%    failed      0.00%
   5  CSUV         27.21%    failed      0.00%
   6  Chlre_v5.5   16.92%    failed      0.00%
   7  GTHK         18.40%    failed      0.00%
   8  HKZW         24.20%    failed      0.00%
   9  ILBQ         16.53%    failed      0.00%
  10  IYDF         17.50%    failed      0.00%
  11  JEXA         19.01%    failed      0.00%
  12  JOJQ         16.68%    failed      0.00%
  13  JVSZ         25.96%    failed      0.00%
  14  KNMB         16.28%    failed      0.00%
  15  KWGC         29.11%    failed      0.00%
  16  Klefl_v1.0    7.15%    failed      0.00%
  17  MMKU         27.49%    failed      0.00%
  18  Micpu_v3.0   25.86%    failed      0.00%
  19  OAGK          6.76%    failed      0.00%
  20  OLES         13.66%    failed      0.00%
  21  POZS         25.34%    failed      0.00%
  22  PQTO         21.02%    failed      0.00%
  23  PYHZ         19.30%    failed      0.00%
  24  QKMG         23.72%    failed      0.00%
  25  QPDY         15.05%    failed      0.00%
  26  SKYV         29.84%    failed      0.00%
  27  Selmo_v1.0   13.65%    failed      0.00%
  28  Spipo_v2      8.49%    failed      0.00%
  29  VYLQ          4.05%    failed      0.00%
  30  WDCW         24.70%    failed      0.00%
  31  WKCY          7.98%    failed      0.00%
  32  WQRD         23.20%    failed      0.00%
  33  WTDE         26.95%    failed      0.00%
  34  WWQZ         16.02%    failed      0.00%
  35  XSZI         18.21%    failed      0.00%
  36  XZME         11.12%    failed      0.00%
  37  YOXI         25.48%    failed      0.00%
  38  YPIC         24.57%    failed      0.00%
  39  ZFGK         22.51%    failed      0.00%
  40  ZUHO         17.59%    failed      0.00%
****  TOTAL        19.03%  40 sequences failed composition chi2 test (p-value<5%; df=19)

Reading site-specific state frequency file 1kp/1_infer/POISSON-UDM128HOC-PMSF.sitefreq ...
97826 distinct per-site state frequency vectors detected
NOTE: minimal branch length is reduced to 0.000000964711 for long alignment
Checking for duplicate sequences: done in 0.0958746 secs using 513.3% CPU
Reading model definition file tardigrada/1_infer/udm_hogenom_0128_clr_iqtree.nex ... 88 models and 342 frequency vectors loaded

Create initial parsimony tree by phylogenetic likelihood library (PLL)... 1.437 seconds
Generating 1000 samples for ultrafast bootstrap (seed: 350384)...
Model Poisson+UDM0128CLR+G4 is alias for Poisson+FMIX{UDM0128CLR_C0000:1.0:0.018237038726971997,UDM0128CLR_C0001:1.0:0.01452118861575315,UDM0128CLR_C0002:1.0:0.013289226030913134,UDM0128CLR_C0003:1.0:0.012887127131694518,UDM0128CLR_C0004:1.0:0.011911823418696173,UDM0128CLR_C0005:1.0:0.011723606912678949,UDM0128CLR_C0006:1.0:0.011498317458506815,UDM0128CLR_C0007:1.0:0.011387098614042091,UDM0128CLR_C0008:1.0:0.011156105629384589,UDM0128CLR_C0009:1.0:0.010947926766668567,UDM0128CLR_C0010:1.0:0.010808190269776991,UDM0128CLR_C0011:1.0:0.010548679632692636,UDM0128CLR_C0012:1.0:0.010514458449780413,UDM0128CLR_C0013:1.0:0.010343352535219301,UDM0128CLR_C0014:1.0:0.010309131352307078,UDM0128CLR_C0015:1.0:0.010220726629783836,UDM0128CLR_C0016:1.0:0.01013517367250328,UDM0128CLR_C0017:1.0:0.010100952489591057,UDM0128CLR_C0018:1.0:0.009892773626875035,UDM0128CLR_C0019:1.0:0.00981862773056522,UDM0128CLR_C0020:1.0:0.009715964181828551,UDM0128CLR_C0021:1.0:0.00970455712085781,UDM0128CLR_C0022:1.0:0.009619004163577255,UDM0128CLR_C0023:1.0:0.009445046483773456,UDM0128CLR_C0024:1.0:0.009296754691153824,UDM0128CLR_C0025:1.0:0.009288199395425769,UDM0128CLR_C0026:1.0:0.009273940569212342,UDM0128CLR_C0027:1.0:0.009271088803969657,UDM0128CLR_C0028:1.0:0.009199794672902526,UDM0128CLR_C0029:1.0:0.009182684081446416,UDM0128CLR_C0030:1.0:0.009134204072320767,UDM0128CLR_C0031:1.0:0.009088575828437803,UDM0128CLR_C0032:1.0:0.009065761706496322,UDM0128CLR_C0033:1.0:0.009051502880282895,UDM0128CLR_C0034:1.0:0.009000171105914561,UDM0128CLR_C0035:1.0:0.008997319340671876,UDM0128CLR_C0036:1.0:0.008937432270575486,UDM0128CLR_C0037:1.0:0.008900359322420578,UDM0128CLR_C0038:1.0:0.008829065191353448,UDM0128CLR_C0039:1.0:0.008817658130382707,UDM0128CLR_C0040:1.0:0.008789140477955855,UDM0128CLR_C0041:1.0:0.008777733416985114,UDM0128CLR_C0042:1.0:0.008709291051160669,UDM0128CLR_C0043:1.0:0.008692180459704556,UDM0128CLR_C0044:1.0:0.008635145154850853,UDM0128CLR_C0045:1.0:0.00861803456339474,UDM0128CLR_C0046:1.0:0.008506815718930017,UDM0128CLR_C0047:1.0:0.008292933325728625,UDM0128CLR_C0048:1.0:0.008255860377573717,UDM0128CLR_C0049:1.0:0.008253008612331032,UDM0128CLR_C0050:1.0:0.008253008612331032,UDM0128CLR_C0051:1.0:0.008235898020874922,UDM0128CLR_C0052:1.0:0.008113272115439458,UDM0128CLR_C0053:1.0:0.00801631209718816,UDM0128CLR_C0054:1.0:0.007945017966121029,UDM0128CLR_C0055:1.0:0.007919352078936862,UDM0128CLR_C0056:1.0:0.007805281469229453,UDM0128CLR_C0057:1.0:0.0076997661552500995,UDM0128CLR_C0058:1.0:0.007685507329036674,UDM0128CLR_C0059:1.0:0.0076598414418525065,UDM0128CLR_C0060:1.0:0.007631323789425655,UDM0128CLR_C0061:1.0:0.007554326127873153,UDM0128CLR_C0062:1.0:0.007551474362630468,UDM0128CLR_C0063:1.0:0.007540067301659728,UDM0128CLR_C0064:1.0:0.007477328466320652,UDM0128CLR_C0065:1.0:0.007406034335253522,UDM0128CLR_C0066:1.0:0.007366109621855929,UDM0128CLR_C0067:1.0:0.0073518507956425025,UDM0128CLR_C0068:1.0:0.007331888438943706,UDM0128CLR_C0069:1.0:0.007323333143215651,UDM0128CLR_C0070:1.0:0.007240631951177779,UDM0128CLR_C0071:1.0:0.007177893115838704,UDM0128CLR_C0072:1.0:0.007129413106713055,UDM0128CLR_C0073:1.0:0.007083784862830092,UDM0128CLR_C0074:1.0:0.00706097074088861,UDM0128CLR_C0075:1.0:0.007003935436034905,UDM0128CLR_C0076:1.0:0.006926937774482405,UDM0128CLR_C0077:1.0:0.006918382478754349,UDM0128CLR_C0078:1.0:0.006858495408657959,UDM0128CLR_C0079:1.0:0.006838533051959163,UDM0128CLR_C0080:1.0:0.006778645981862773,UDM0128CLR_C0081:1.0:0.006770090686134717,UDM0128CLR_C0082:1.0:0.00674442479895055,UDM0128CLR_C0083:1.0:0.00667313066788342,UDM0128CLR_C0084:1.0:0.006630354189243142,UDM0128CLR_C0085:1.0:0.006610391832544345,UDM0128CLR_C0086:1.0:0.006593281241088234,UDM0128CLR_C0087:1.0:0.006556208292933326,UDM0128CLR_C0088:1.0:0.006524838875263788,UDM0128CLR_C0089:1.0:0.006504876518564992,UDM0128CLR_C0090:1.0:0.006464951805167399,UDM0128CLR_C0091:1.0:0.006450692978953973,UDM0128CLR_C0092:1.0:0.006425027091769805,UDM0128CLR_C0093:1.0:0.006413620030799065,UDM0128CLR_C0094:1.0:0.006387954143614897,UDM0128CLR_C0095:1.0:0.0063166600125477675,UDM0128CLR_C0096:1.0:0.006305252951577026,UDM0128CLR_C0097:1.0:0.006276735299150174,UDM0128CLR_C0098:1.0:0.006265328238179433,UDM0128CLR_C0099:1.0:0.006194034107112303,UDM0128CLR_C0100:1.0:0.006131295271773227,UDM0128CLR_C0101:1.0:0.006077111732162208,UDM0128CLR_C0102:1.0:0.005988707009638967,UDM0128CLR_C0103:1.0:0.0059715964181828556,UDM0128CLR_C0104:1.0:0.005843266982262021,UDM0128CLR_C0105:1.0:0.005806194034107113,UDM0128CLR_C0106:1.0:0.0057947869731363715,UDM0128CLR_C0107:1.0:0.005760565790224149,UDM0128CLR_C0108:1.0:0.005714937546341185,UDM0128CLR_C0109:1.0:0.005643643415274055,UDM0128CLR_C0110:1.0:0.005629384589060629,UDM0128CLR_C0111:1.0:0.005566645753721553,UDM0128CLR_C0112:1.0:0.005518165744595905,UDM0128CLR_C0113:1.0:0.0054867963269263674,UDM0128CLR_C0114:1.0:0.005415502195859237,UDM0128CLR_C0115:1.0:0.005384132778189699,UDM0128CLR_C0116:1.0:0.005292876290423772,UDM0128CLR_C0117:1.0:0.005153139793532197,UDM0128CLR_C0118:1.0:0.005121770375862659,UDM0128CLR_C0119:1.0:0.004987737409456454,UDM0128CLR_C0120:1.0:0.004919295043632008,UDM0128CLR_C0121:1.0:0.004885073860719786,UDM0128CLR_C0122:1.0:0.004862259738778304,UDM0128CLR_C0123:1.0:0.0046198596931500595,UDM0128CLR_C0124:1.0:0.004465864370045058,UDM0128CLR_C0125:1.0:0.004078024297039868,UDM0128CLR_C0126:1.0:0.0038841042605372725,UDM0128CLR_C0127:1.0:0.0024040380995836424}+G4

NOTE: 3702 MB RAM (3 GB) is required!
Estimate model parameters (epsilon = 0.100)
1. Initial log-likelihood: -3560106.160
2. Current log-likelihood: -3466969.088
3. Current log-likelihood: -3464298.207
4. Current log-likelihood: -3464240.849
5. Current log-likelihood: -3464238.566
Optimal log-likelihood: -3464238.484
Gamma shape alpha: 0.607
Parameters optimization took 5 rounds (92.112 sec)
Wrote distance file to... 
Computing ML distances based on estimated model parameters...
Calculating distance matrix: done in 14.2773 secs using 1918% CPU
Computing ML distances took 14.298417 sec (of wall-clock time) 274.575353 sec (of CPU time)
Setting up auxiliary I and S matrices: done in 0.000686707 secs using 1710% CPU
Constructing RapidNJ tree: done in 0.000674073 secs using 660.5% CPU
Computing RapidNJ tree took 0.001724 sec (of wall-clock time) 0.018965 sec (of CPU time)
Log-likelihood of RapidNJ tree: -3468912.240
--------------------------------------------------------------------
|             INITIALIZING CANDIDATE TREE SET                      |
--------------------------------------------------------------------
Generating 98 parsimony trees... 334.821 second
Computing log-likelihood of 98 initial trees ... 333.186 seconds
Current best score: -3464238.484

Do NNI search on 20 best initial trees
Optimizing NNI: done in 48.9994 secs using 3908% CPU
Estimate model parameters (epsilon = 0.100)
BETTER TREE FOUND at iteration 1: -3463401.258
Optimizing NNI: done in 45.2438 secs using 3924% CPU
Optimizing NNI: done in 71.2804 secs using 3927% CPU
Estimate model parameters (epsilon = 0.100)
BETTER TREE FOUND at iteration 3: -3463387.343
Optimizing NNI: done in 63.7043 secs using 3932% CPU
Optimizing NNI: done in 74.4188 secs using 3811% CPU
Optimizing NNI: done in 63.0519 secs using 3936% CPU
Optimizing NNI: done in 56.9544 secs using 3957% CPU
Optimizing NNI: done in 57.2485 secs using 3955% CPU
Optimizing NNI: done in 49.8082 secs using 3960% CPU
Optimizing NNI: done in 53.9939 secs using 3953% CPU
Iteration 10 / LogL: -3463408.990 / Time: 0h:24m:27s
Optimizing NNI: done in 56.1696 secs using 3959% CPU
Optimizing NNI: done in 62.1009 secs using 3957% CPU
Optimizing NNI: done in 54.4143 secs using 3964% CPU
Optimizing NNI: done in 61.2793 secs using 3953% CPU
Optimizing NNI: done in 59.3554 secs using 3951% CPU
Optimizing NNI: done in 52.2663 secs using 3957% CPU
Optimizing NNI: done in 58.4023 secs using 3959% CPU
Optimizing NNI: done in 54.7152 secs using 3951% CPU
Optimizing NNI: done in 58.2805 secs using 3951% CPU
Optimizing NNI: done in 61.6361 secs using 3940% CPU
Iteration 20 / LogL: -3463398.927 / Time: 0h:34m:11s
Finish initializing candidate tree set (6)
Current best tree score: -3463387.343 / CPU time: 1881.769
Number of iterations: 20
--------------------------------------------------------------------
|               OPTIMIZING CANDIDATE TREE SET                      |
--------------------------------------------------------------------
Optimizing NNI: done in 39.4042 secs using 3956% CPU
Optimizing NNI: done in 46.0009 secs using 3935% CPU
Optimizing NNI: done in 55.7235 secs using 3957% CPU
Optimizing NNI: done in 45.0062 secs using 3963% CPU
Optimizing NNI: done in 48.6241 secs using 3967% CPU
Optimizing NNI: done in 45.8856 secs using 3938% CPU
Optimizing NNI: done in 50.6235 secs using 3756% CPU
Optimizing NNI: done in 38.9038 secs using 3904% CPU
Optimizing NNI: done in 52.1115 secs using 3928% CPU
Optimizing NNI: done in 48.0956 secs using 3888% CPU
Iteration 30 / LogL: -3463405.278 / Time: 0h:42m:8s (1h:46m:1s left)
Optimizing NNI: done in 34.0866 secs using 3824% CPU
Optimizing NNI: done in 55.9847 secs using 3882% CPU
Optimizing NNI: done in 62.0989 secs using 3929% CPU
Optimizing NNI: done in 52.8118 secs using 3882% CPU
Optimizing NNI: done in 49.7531 secs using 3924% CPU
Optimizing NNI: done in 45.6938 secs using 3924% CPU
Optimizing NNI: done in 45.2732 secs using 3945% CPU
Optimizing NNI: done in 53.1585 secs using 3936% CPU
Optimizing NNI: done in 58.0801 secs using 3941% CPU
Optimizing NNI: done in 46.973 secs using 3941% CPU
Iteration 40 / LogL: -3463390.204 / Time: 0h:50m:39s (1h:21m:47s left)
Optimizing NNI: done in 43.401 secs using 3942% CPU
Optimizing NNI: done in 40.4719 secs using 3939% CPU
Optimizing NNI: done in 71.3722 secs using 3940% CPU
Optimizing NNI: done in 35.6896 secs using 3934% CPU
Optimizing NNI: done in 37.6226 secs using 3935% CPU
Optimizing NNI: done in 49.0185 secs using 3943% CPU
Optimizing NNI: done in 45.2932 secs using 3937% CPU
Optimizing NNI: done in 49.2078 secs using 3933% CPU
Optimizing NNI: done in 30.6373 secs using 3932% CPU
Optimizing NNI: done in 52.1924 secs using 3940% CPU
Iteration 50 / LogL: -3463406.805 / Time: 0h:58m:20s (1h:3m:4s left)
Log-likelihood cutoff on original alignment: -3463479.613
UFBoot trees printed to 1kp/1_infer/POISSON_UDM128HOC_PMSF.ufboot
Optimizing NNI: done in 39.1033 secs using 3936% CPU
Optimizing NNI: done in 51.4353 secs using 3945% CPU
Optimizing NNI: done in 52.3727 secs using 3950% CPU
Optimizing NNI: done in 53.6049 secs using 3957% CPU
Optimizing NNI: done in 50.9402 secs using 3965% CPU
Optimizing NNI: done in 42.242 secs using 3954% CPU
Optimizing NNI: done in 34.0585 secs using 3954% CPU
Optimizing NNI: done in 43.9656 secs using 3960% CPU
Optimizing NNI: done in 41.5994 secs using 3944% CPU
Optimizing NNI: done in 54.1832 secs using 3955% CPU
Iteration 60 / LogL: -3463390.227 / Time: 1h:6m:10s (0h:48m:12s left)
Optimizing NNI: done in 74.778 secs using 3961% CPU
Optimizing NNI: done in 61.9195 secs using 3956% CPU
Optimizing NNI: done in 53.5393 secs using 3946% CPU
Optimizing NNI: done in 45.7237 secs using 3943% CPU
Optimizing NNI: done in 54.3569 secs using 3947% CPU
Optimizing NNI: done in 51.331 secs using 3947% CPU
Optimizing NNI: done in 71.1224 secs using 3961% CPU
Optimizing NNI: done in 41.884 secs using 3955% CPU
Optimizing NNI: done in 45.2024 secs using 3945% CPU
Optimizing NNI: done in 64.1627 secs using 3944% CPU
Iteration 70 / LogL: -3463401.937 / Time: 1h:15m:41s (0h:36m:11s left)
Optimizing NNI: done in 45.5955 secs using 3960% CPU
Optimizing NNI: done in 59.7059 secs using 3949% CPU
Optimizing NNI: done in 47.0757 secs using 3941% CPU
Optimizing NNI: done in 46.5375 secs using 3948% CPU
Optimizing NNI: done in 46.994 secs using 3948% CPU
Optimizing NNI: done in 39.7027 secs using 3942% CPU
Optimizing NNI: done in 47.8084 secs using 3948% CPU
Optimizing NNI: done in 45.1283 secs using 3939% CPU
Optimizing NNI: done in 44.414 secs using 3924% CPU
Optimizing NNI: done in 51.8732 secs using 3940% CPU
Iteration 80 / LogL: -3463394.722 / Time: 1h:23m:42s (0h:24m:21s left)
Optimizing NNI: done in 59.3625 secs using 3945% CPU
Optimizing NNI: done in 43.2935 secs using 3940% CPU
Optimizing NNI: done in 40.9947 secs using 3942% CPU
Optimizing NNI: done in 56.1489 secs using 3952% CPU
Optimizing NNI: done in 60.5867 secs using 3943% CPU
Optimizing NNI: done in 51.6051 secs using 3946% CPU
Optimizing NNI: done in 54.762 secs using 3918% CPU
Optimizing NNI: done in 53.0808 secs using 3933% CPU
Optimizing NNI: done in 63.9257 secs using 3929% CPU
Optimizing NNI: done in 62.3765 secs using 3938% CPU
Iteration 90 / LogL: -3463405.425 / Time: 1h:32m:55s (0h:13m:34s left)
Optimizing NNI: done in 83.5194 secs using 3921% CPU
Optimizing NNI: done in 43.3992 secs using 3929% CPU
Optimizing NNI: done in 52.6496 secs using 3921% CPU
Optimizing NNI: done in 51.2945 secs using 3933% CPU
Optimizing NNI: done in 45.1071 secs using 3932% CPU
Optimizing NNI: done in 52.5663 secs using 3935% CPU
Optimizing NNI: done in 53.0762 secs using 3924% CPU
Optimizing NNI: done in 59.3097 secs using 3945% CPU
Optimizing NNI: done in 59.2311 secs using 3944% CPU
Optimizing NNI: done in 49.6501 secs using 3926% CPU
Iteration 100 / LogL: -3463407.927 / Time: 1h:42m:12s (0h:3m:5s left)
Log-likelihood cutoff on original alignment: -3463479.613
NOTE: Bootstrap correlation coefficient of split occurrence frequencies: 1.000
UFBoot trees printed to 1kp/1_infer/POISSON_UDM128HOC_PMSF.ufboot
Optimizing NNI: done in 50.0732 secs using 3925% CPU
Optimizing NNI: done in 64.4179 secs using 3941% CPU
Optimizing NNI: done in 59.5673 secs using 3944% CPU
Optimizing NNI: done in 59.4246 secs using 3943% CPU
TREE SEARCH COMPLETED AFTER 104 ITERATIONS / Time: 1h:46m:9s

--------------------------------------------------------------------
|                    FINALIZING TREE SEARCH                        |
--------------------------------------------------------------------
Performs final model parameters optimization
Estimate model parameters (epsilon = 0.010)
1. Initial log-likelihood: -3463387.343
Optimal log-likelihood: -3463387.341
Gamma shape alpha: 0.607
Parameters optimization took 1 rounds (8.801 sec)
BEST SCORE FOUND : -3463387.341
Empirical proportions for each category: 0.260 0.221 0.279 0.241
Site rates printed to 1kp/1_infer/POISSON_UDM128HOC_PMSF.rate
Creating bootstrap support values...
Split supports printed to NEXUS file 1kp/1_infer/POISSON_UDM128HOC_PMSF.splits.nex
Total tree length: 20.066

Total number of iterations: 104
CPU time used for tree search: 231273.323 sec (64h:14m:33s)
Wall-clock time used for tree search: 6198.854 sec (1h:43m:18s)
Total CPU time used: 236441.705 sec (65h:40m:41s)
Total wall-clock time used: 6378.718 sec (1h:46m:18s)
UFBoot trees printed to 1kp/1_infer/POISSON_UDM128HOC_PMSF.ufboot

Computing bootstrap consensus tree...
Reading input file 1kp/1_infer/POISSON_UDM128HOC_PMSF.splits.nex...
40 taxa and 88 splits.
Consensus tree written to 1kp/1_infer/POISSON_UDM128HOC_PMSF.contree
Reading input trees file 1kp/1_infer/POISSON_UDM128HOC_PMSF.contree
Log-likelihood of consensus tree: -3463387.373

Analysis results written to: 
  IQ-TREE report:                1kp/1_infer/POISSON_UDM128HOC_PMSF.iqtree
  Maximum-likelihood tree:       1kp/1_infer/POISSON_UDM128HOC_PMSF.treefile
  Likelihood distances:          1kp/1_infer/POISSON_UDM128HOC_PMSF.mldist
  Site-specific rates:           1kp/1_infer/POISSON_UDM128HOC_PMSF.rate

Ultrafast bootstrap approximation results written to:
  Split support values:          1kp/1_infer/POISSON_UDM128HOC_PMSF.splits.nex
  Consensus tree:                1kp/1_infer/POISSON_UDM128HOC_PMSF.contree
  UFBoot trees:                  1kp/1_infer/POISSON_UDM128HOC_PMSF.ufboot
  Screen log file:               1kp/1_infer/POISSON_UDM128HOC_PMSF.log

Date and Time: Thu May  8 10:04:54 2025
