IQ-TREE version 3.0.0 for Linux x86 64-bit built Apr  4 2025
Developed by Bui Quang Minh, Thomas Wong, Nhan Ly-Trong, Huaiyan Ren
Contributed by Lam-Tung Nguyen, Dominik Schrempf, Chris Bielow,
Olga Chernomor, Michael Woodhams, Diep Thi Hoang, Heiko Schmidt

Host:    rona.rsb.anu.edu.au (AVX2, FMA3, 1007 GB RAM)
Command: ./iqtree3 -s tardigrada/matrix_40sp.fasta -m GTRC10OPT -mdef tardigrada/1_infer/GTRC10OPT.nex -t tardigrada/1_infer/GTR20-C10opt.treefile -pre tardigrada/1_infer_normal/GTR20-C10opt -T 40
Seed:    887569 (Using SPRNG - Scalable Parallel Random Number Generator)
Time:    Mon Apr 28 14:21:23 2025
Kernel:  AVX+FMA - 40 threads (256 CPU cores detected)

Reading alignment file tardigrada/matrix_40sp.fasta ... Fasta format detected
Reading fasta file: done in 0.0666203 secs using 99.89% CPU
Alignment most likely contains protein sequences
Constructing alignment: done in 0.163323 secs using 391.1% CPU
Alignment has 40 sequences with 70888 columns, 63149 distinct patterns
48785 parsimony-informative, 7670 singleton sites, 14433 constant sites
                             Gap/Ambiguity  Composition  p-value
Analyzing sequences: done in 0.0117617 secs using 3927% CPU
   1  Capitella_telata               5.00%    failed      0.00%
   2  Daphnia_magna                  9.79%    failed      0.06%
   3  Echiniscoides_sigismundi      49.39%    failed      0.00%
   4  Echiniscus_bisetosus          82.96%    failed      0.00%
   5  Echiniscus_testudo            50.24%    failed      0.00%
   6  Echinoderes_kohni             88.58%    failed      0.00%
   7  Enoplus_brevis                22.43%    failed      0.00%
   8  Epiperipatus                  56.34%    failed      0.00%
   9  Frakliniella_occidentalis      7.36%    failed      0.08%
  10  Gordius                       70.84%    failed      0.00%
  11  Halicryptus_spinolosus        13.41%    failed      0.00%
  12  Hypsibius_dujardini            3.51%    failed      0.00%
  13  Limulus_polyphemus            16.13%    failed      0.00%
  14  Manduca_sexta                  9.59%    failed      0.00%
  15  Meiopriapulus                 26.75%    failed      0.00%
  16  Mesobiotus_philippinicus      19.72%    failed      0.00%
  17  Milnesium_tardigradum         59.56%    failed      0.00%
  18  Neodiprion_lecontei            4.62%    failed      0.01%
  19  Ooperipatellus                72.91%    failed      0.00%
  20  Opisthopatus_kwazululandi     26.52%    failed      0.00%
  21  Paeneus_vanammei              12.28%    failed      0.00%
  22  Pamacea_canaliculata           5.42%    failed      0.02%
  23  Paragordius_varius            71.38%    failed      0.00%
  24  Parasteatoda_tepidariorum      3.65%    failed      0.00%
  25  Peripatoides                  73.44%    failed      0.00%
  26  Peripatoides_novaezelandiae   16.34%    failed      0.00%
  27  Peripatopsis_capensis         37.07%    failed      0.00%
  28  Pleomothra                    21.78%    failed      0.00%
  29  Pontonema_vulgare             24.88%    failed      0.00%
  30  Priapulus_caudatus            13.43%    failed      0.00%
  31  Prionchulus_punctatus         13.90%    failed      0.00%
  32  Pycnophyes                    76.53%    failed      0.00%
  33  Ramazzottius_varieornatus      3.20%    failed      0.00%
  34  Richtersius_coronifer          6.00%    failed      0.00%
  35  Romanomermis_culicivorax      36.04%    failed      0.00%
  36  Stegodyphus_mimosarum         15.16%    failed      0.00%
  37  Strigamia_maritima            13.05%    failed      0.00%
  38  Tachypleu                      8.55%    failed      0.00%
  39  Tobrilus                      23.43%    failed      0.00%
  40  Xiphinema_index               27.20%    failed      0.00%
WARNING: 10 sequences contain more than 50% gaps/ambiguity
****  TOTAL                         29.96%  40 sequences failed composition chi2 test (p-value<5%; df=19)
Checking for duplicate sequences: done in 0.0245465 secs using 2371% CPU
Reading model definition file tardigrada/1_infer/GTRC10OPT.nex ... 88 models and 224 frequency vectors loaded
Reading input tree file tardigrada/1_infer/GTR20-C10opt.treefile ...
Model GTRC10OPT is alias for GTRPMIX+G{0.5652}+FMIX{C10_pi1:1:0.0619889960,C10_pi2:1:0.1521892361,C10_pi3:1:0.0575304353,C10_pi4:1:0.0623036401,C10_pi5:1:0.0956788592,C10_pi6:1:0.1708617647,C10_pi7:1:0.1095835177,C10_pi8:1:0.0437409825,C10_pi9:1:0.1685669106,C10_pi10:1:0.0775556579}

NOTE: 15615 MB RAM (15 GB) is required!
Estimate model parameters (epsilon = 0.100)
1. Initial log-likelihood: -2213123.007
Optimal log-likelihood: -2213122.949
Mixture weights: 0.062 0.152 0.058 0.062 0.096 0.171 0.110 0.044 0.169 0.078
Gamma shape alpha: 0.565
Parameters optimization took 1 rounds (10.964 sec)
Wrote distance file to... 

Do NNI search on 1 best initial trees
Optimizing NNI: done in 39.7287 secs using 3426% CPU
Estimate model parameters (epsilon = 0.100)
BETTER TREE FOUND at iteration 1: -2213115.697
Finish initializing candidate tree set (2)
Current best tree score: -2213115.697 / CPU time: 58.698
Number of iterations: 1
--------------------------------------------------------------------
|               OPTIMIZING CANDIDATE TREE SET                      |
--------------------------------------------------------------------
Optimizing NNI: done in 190.223 secs using 3561% CPU
Optimizing NNI: done in 157.781 secs using 3657% CPU
Optimizing NNI: done in 142.239 secs using 3628% CPU
Optimizing NNI: done in 211.98 secs using 3627% CPU
Optimizing NNI: done in 155.122 secs using 3737% CPU
Optimizing NNI: done in 148.65 secs using 3728% CPU
Optimizing NNI: done in 123.718 secs using 3790% CPU
Optimizing NNI: done in 83.7236 secs using 3857% CPU
Optimizing NNI: done in 123.898 secs using 3810% CPU
Iteration 10 / LogL: -2213120.658 / Time: 0h:23m:33s
Optimizing NNI: done in 107.909 secs using 3885% CPU
Optimizing NNI: done in 101.626 secs using 3918% CPU
Optimizing NNI: done in 93.8322 secs using 3871% CPU
Optimizing NNI: done in 174.729 secs using 3847% CPU
Optimizing NNI: done in 129.987 secs using 3773% CPU
Optimizing NNI: done in 105.597 secs using 3864% CPU
Optimizing NNI: done in 106.786 secs using 3913% CPU
Optimizing NNI: done in 142.222 secs using 3811% CPU
Optimizing NNI: done in 118.509 secs using 3890% CPU
Optimizing NNI: done in 123.333 secs using 3798% CPU
Iteration 20 / LogL: -2213133.179 / Time: 0h:43m:44s
Optimizing NNI: done in 147.784 secs using 3877% CPU
Optimizing NNI: done in 211.875 secs using 3540% CPU
Optimizing NNI: done in 143.312 secs using 3706% CPU
Optimizing NNI: done in 176.663 secs using 3396% CPU
Optimizing NNI: done in 236.683 secs using 3348% CPU
Optimizing NNI: done in 201.15 secs using 3384% CPU
Optimizing NNI: done in 216.114 secs using 3323% CPU
Optimizing NNI: done in 169.698 secs using 3469% CPU
Optimizing NNI: done in 163.53 secs using 3660% CPU
Optimizing NNI: done in 160.623 secs using 3725% CPU
Iteration 30 / LogL: -2213153.848 / Time: 1h:14m:21s (3h:2m:2s left)
Optimizing NNI: done in 175.667 secs using 3708% CPU
Optimizing NNI: done in 143.769 secs using 3711% CPU
Optimizing NNI: done in 212.197 secs using 3660% CPU
Optimizing NNI: done in 197.541 secs using 3651% CPU
Optimizing NNI: done in 112.617 secs using 3495% CPU
Optimizing NNI: done in 183.246 secs using 3690% CPU
Optimizing NNI: done in 212.525 secs using 3664% CPU
Optimizing NNI: done in 225.531 secs using 3568% CPU
Optimizing NNI: done in 225.193 secs using 3424% CPU
Optimizing NNI: done in 202.478 secs using 3660% CPU
Iteration 40 / LogL: -2213139.717 / Time: 1h:46m:0s (2h:45m:48s left)
Optimizing NNI: done in 211.645 secs using 3665% CPU
Optimizing NNI: done in 226.198 secs using 3474% CPU
Optimizing NNI: done in 180.61 secs using 3612% CPU
Optimizing NNI: done in 146.693 secs using 3651% CPU
Optimizing NNI: done in 170.293 secs using 3683% CPU
Optimizing NNI: done in 195.529 secs using 3452% CPU
Optimizing NNI: done in 179.212 secs using 3618% CPU
Optimizing NNI: done in 196.189 secs using 3702% CPU
Optimizing NNI: done in 188.151 secs using 3712% CPU
Optimizing NNI: done in 187.249 secs using 3541% CPU
Iteration 50 / LogL: -2213118.088 / Time: 2h:17m:31s (2h:23m:8s left)
Optimizing NNI: done in 155.721 secs using 3459% CPU
Optimizing NNI: done in 172.247 secs using 3488% CPU
Optimizing NNI: done in 139.5 secs using 3699% CPU
Optimizing NNI: done in 150.393 secs using 3742% CPU
Optimizing NNI: done in 119.595 secs using 3864% CPU
Optimizing NNI: done in 170.946 secs using 3731% CPU
Optimizing NNI: done in 185.441 secs using 3658% CPU
Optimizing NNI: done in 170.363 secs using 3627% CPU
Optimizing NNI: done in 107.178 secs using 3731% CPU
Optimizing NNI: done in 158.052 secs using 3747% CPU
Iteration 60 / LogL: -2213126.769 / Time: 2h:43m:9s (1h:53m:22s left)
Optimizing NNI: done in 165.837 secs using 3851% CPU
Optimizing NNI: done in 161.129 secs using 3773% CPU
Optimizing NNI: done in 130.873 secs using 3753% CPU
Optimizing NNI: done in 166.306 secs using 3754% CPU
Optimizing NNI: done in 163.559 secs using 3715% CPU
Optimizing NNI: done in 168.341 secs using 3644% CPU
Optimizing NNI: done in 151.252 secs using 3854% CPU
Optimizing NNI: done in 163.323 secs using 3626% CPU
Optimizing NNI: done in 158.35 secs using 3838% CPU
Optimizing NNI: done in 126.188 secs using 3806% CPU
Iteration 70 / LogL: -2213124.624 / Time: 3h:9m:12s (1h:25m:0s left)
Optimizing NNI: done in 189.617 secs using 3559% CPU
Optimizing NNI: done in 107.498 secs using 3830% CPU
Optimizing NNI: done in 142.936 secs using 3761% CPU
Optimizing NNI: done in 151.066 secs using 3829% CPU
Optimizing NNI: done in 146.548 secs using 3809% CPU
Optimizing NNI: done in 242.361 secs using 3367% CPU
Optimizing NNI: done in 152.295 secs using 3818% CPU
Optimizing NNI: done in 151.996 secs using 3721% CPU
Optimizing NNI: done in 177.21 secs using 3762% CPU
Optimizing NNI: done in 208.04 secs using 3615% CPU
Iteration 80 / LogL: -2213132.583 / Time: 3h:37m:11s (0h:57m:43s left)
Optimizing NNI: done in 178.815 secs using 3789% CPU
Optimizing NNI: done in 168.424 secs using 3767% CPU
Optimizing NNI: done in 177.784 secs using 3483% CPU
Optimizing NNI: done in 175.324 secs using 3458% CPU
Optimizing NNI: done in 223.78 secs using 3541% CPU
Optimizing NNI: done in 132.268 secs using 3594% CPU
Optimizing NNI: done in 195.209 secs using 3698% CPU
Optimizing NNI: done in 164.981 secs using 3764% CPU
Optimizing NNI: done in 197.153 secs using 3725% CPU
Optimizing NNI: done in 217.003 secs using 3370% CPU
Iteration 90 / LogL: -2213142.610 / Time: 4h:7m:50s (0h:30m:37s left)
Optimizing NNI: done in 221.682 secs using 3490% CPU
Optimizing NNI: done in 113.008 secs using 3692% CPU
Optimizing NNI: done in 153.747 secs using 3752% CPU
Optimizing NNI: done in 251.497 secs using 3654% CPU
Optimizing NNI: done in 162.508 secs using 3681% CPU
Optimizing NNI: done in 170.075 secs using 3542% CPU
Optimizing NNI: done in 130.467 secs using 3699% CPU
Optimizing NNI: done in 212.871 secs using 3587% CPU
Optimizing NNI: done in 119.585 secs using 3501% CPU
Optimizing NNI: done in 194.328 secs using 3812% CPU
Iteration 100 / LogL: -2213131.748 / Time: 4h:36m:50s (0h:2m:47s left)
Optimizing NNI: done in 182.46 secs using 3710% CPU
Optimizing NNI: done in 159.34 secs using 3625% CPU
TREE SEARCH COMPLETED AFTER 102 ITERATIONS / Time: 4h:42m:33s

--------------------------------------------------------------------
|                    FINALIZING TREE SEARCH                        |
--------------------------------------------------------------------
Performs final model parameters optimization
Estimate model parameters (epsilon = 0.010)
1. Initial log-likelihood: -2213115.697
Optimal log-likelihood: -2213115.696
Mixture weights: 0.062 0.152 0.058 0.062 0.096 0.171 0.110 0.044 0.169 0.078
Gamma shape alpha: 0.565
Parameters optimization took 1 rounds (10.997 sec)
BEST SCORE FOUND : -2213115.696
Total tree length: 15.620

Total number of iterations: 102
CPU time used for tree search: 618828.178 sec (171h:53m:48s)
Wall-clock time used for tree search: 16942.653 sec (4h:42m:22s)
Total CPU time used: 619533.641 sec (172h:5m:33s)
Total wall-clock time used: 16964.746 sec (4h:42m:44s)

Analysis results written to: 
  IQ-TREE report:                tardigrada/1_infer_normal/GTR20-C10opt.iqtree
  Maximum-likelihood tree:       tardigrada/1_infer_normal/GTR20-C10opt.treefile
  Screen log file:               tardigrada/1_infer_normal/GTR20-C10opt.log

Date and Time: Mon Apr 28 19:04:10 2025
