IQ-TREE multicore version 2.4.0 for Linux x86 64-bit built Feb  7 2025
Developed by Bui Quang Minh, Nguyen Lam Tung, Olga Chernomor, Heiko Schmidt,
Dominik Schrempf, Michael Woodhams, Ly Trong Nhan, Thomas Wong

Host:    rona.rsb.anu.edu.au (AVX2, FMA3, 1007 GB RAM)
Command: /data/yutong/iqtree2 -s tardigrada/matrix_40sp.fasta -fs tardigrada/1_infer/Poi-C10opt-PMSF.sitefreq -m PoiC10opt -mdef tardigrada/1_infer/PoiC10opt.nex -safe -pre tardigrada/1_infer/Poi_C10opt_PMSF -wsr -bb 1000 -nt 35
Seed:    880169 (Using SPRNG - Scalable Parallel Random Number Generator)
Time:    Wed Apr 16 14:45:24 2025
Kernel:  Safe AVX+FMA - 35 threads (256 CPU cores detected)

Reading alignment file tardigrada/matrix_40sp.fasta ... Fasta format detected
Reading fasta file: done in 0.0680982 secs using 88.05% CPU
Alignment most likely contains protein sequences
Alignment has 40 sequences with 70888 columns, 63149 distinct patterns
48785 parsimony-informative, 7670 singleton sites, 14433 constant sites
                             Gap/Ambiguity  Composition  p-value
Analyzing sequences: done in 0.0141906 secs using 3819% CPU
   1  Capitella_telata               5.00%    failed      0.00%
   2  Daphnia_magna                  9.79%    failed      0.06%
   3  Echiniscoides_sigismundi      49.39%    failed      0.00%
   4  Echiniscus_bisetosus          82.96%    failed      0.00%
   5  Echiniscus_testudo            50.24%    failed      0.00%
   6  Echinoderes_kohni             88.58%    failed      0.00%
   7  Enoplus_brevis                22.43%    failed      0.00%
   8  Epiperipatus                  56.34%    failed      0.00%
   9  Frakliniella_occidentalis      7.36%    failed      0.08%
  10  Gordius                       70.84%    failed      0.00%
  11  Halicryptus_spinolosus        13.41%    failed      0.00%
  12  Hypsibius_dujardini            3.51%    failed      0.00%
  13  Limulus_polyphemus            16.13%    failed      0.00%
  14  Manduca_sexta                  9.59%    failed      0.00%
  15  Meiopriapulus                 26.75%    failed      0.00%
  16  Mesobiotus_philippinicus      19.72%    failed      0.00%
  17  Milnesium_tardigradum         59.56%    failed      0.00%
  18  Neodiprion_lecontei            4.62%    failed      0.01%
  19  Ooperipatellus                72.91%    failed      0.00%
  20  Opisthopatus_kwazululandi     26.52%    failed      0.00%
  21  Paeneus_vanammei              12.28%    failed      0.00%
  22  Pamacea_canaliculata           5.42%    failed      0.02%
  23  Paragordius_varius            71.38%    failed      0.00%
  24  Parasteatoda_tepidariorum      3.65%    failed      0.00%
  25  Peripatoides                  73.44%    failed      0.00%
  26  Peripatoides_novaezelandiae   16.34%    failed      0.00%
  27  Peripatopsis_capensis         37.07%    failed      0.00%
  28  Pleomothra                    21.78%    failed      0.00%
  29  Pontonema_vulgare             24.88%    failed      0.00%
  30  Priapulus_caudatus            13.43%    failed      0.00%
  31  Prionchulus_punctatus         13.90%    failed      0.00%
  32  Pycnophyes                    76.53%    failed      0.00%
  33  Ramazzottius_varieornatus      3.20%    failed      0.00%
  34  Richtersius_coronifer          6.00%    failed      0.00%
  35  Romanomermis_culicivorax      36.04%    failed      0.00%
  36  Stegodyphus_mimosarum         15.16%    failed      0.00%
  37  Strigamia_maritima            13.05%    failed      0.00%
  38  Tachypleu                      8.55%    failed      0.00%
  39  Tobrilus                      23.43%    failed      0.00%
  40  Xiphinema_index               27.20%    failed      0.00%
WARNING: 10 sequences contain more than 50% gaps/ambiguity
****  TOTAL                         29.96%  40 sequences failed composition chi2 test (p-value<5%; df=19)

Reading site-specific state frequency file tardigrada/1_infer/Poi-C10opt-PMSF.sitefreq ...
63149 distinct per-site state frequency vectors detected
Reading model definition file tardigrada/1_infer/PoiC10opt.nex ... 87 models and 224 frequency vectors loaded

Create initial parsimony tree by phylogenetic likelihood library (PLL)... 0.626 seconds
Generating 1000 samples for ultrafast bootstrap (seed: 880169)...
Model PoiC10opt is alias for Poisson+G{0.6224492452}+FMIX{C10_pi1:1:0.0847133727,C10_pi2:1:0.0983941313,C10_pi3:1:0.0965808576,C10_pi4:1:0.0666000538,C10_pi5:1:0.1108333948,C10_pi6:1:0.1456382168,C10_pi7:1:0.0535849828,C10_pi8:1:0.0642771767,C10_pi9:1:0.1687954229,C10_pi10:1:0.1105823905}

NOTE: 2390 MB RAM (2 GB) is required!
Estimate model parameters (epsilon = 0.100)
1. Initial log-likelihood: -2145963.618
2. Current log-likelihood: -2103638.805
3. Current log-likelihood: -2103055.830
4. Current log-likelihood: -2103047.223
5. Current log-likelihood: -2103046.393
Optimal log-likelihood: -2103046.318
Gamma shape alpha: 0.622
Parameters optimization took 5 rounds (43.253 sec)
Wrote distance file to... 
Computing ML distances based on estimated model parameters...
Calculating distance matrix: done in 12.6185 secs using 2058% CPU
Computing ML distances took 12.632471 sec (of wall-clock time) 260.272819 sec (of CPU time)
Setting up auxiliary I and S matrices: done in 0.0894106 secs using 1606% CPU
Computing RapidNJ tree took 3.476089 sec (of wall-clock time) 50.881712 sec (of CPU time)
Log-likelihood of RapidNJ tree: -2109219.426
--------------------------------------------------------------------
|             INITIALIZING CANDIDATE TREE SET                      |
--------------------------------------------------------------------
Generating 98 parsimony trees... 153.162 second
Computing log-likelihood of 98 initial trees ... 280.835 seconds
Current best score: -2103046.318

Do NNI search on 20 best initial trees
Estimate model parameters (epsilon = 0.100)
BETTER TREE FOUND at iteration 1: -2102773.347
Iteration 10 / LogL: -2102796.378 / Time: 0h:16m:7s
Iteration 20 / LogL: -2102776.990 / Time: 0h:23m:25s
Finish initializing candidate tree set (1)
Current best tree score: -2102773.347 / CPU time: 1287.778
Number of iterations: 20
--------------------------------------------------------------------
|               OPTIMIZING CANDIDATE TREE SET                      |
--------------------------------------------------------------------
Iteration 30 / LogL: -2102816.049 / Time: 0h:30m:32s (1h:14m:45s left)
Iteration 40 / LogL: -2102809.004 / Time: 0h:37m:18s (0h:58m:19s left)
Iteration 50 / LogL: -2102821.775 / Time: 0h:43m:59s (0h:45m:46s left)
Log-likelihood cutoff on original alignment: -2102875.660
Iteration 60 / LogL: -2102773.634 / Time: 0h:50m:49s (0h:35m:18s left)
Iteration 70 / LogL: -2102793.144 / Time: 0h:58m:1s (0h:26m:3s left)
Iteration 80 / LogL: -2102777.286 / Time: 1h:4m:37s (0h:17m:10s left)
Iteration 90 / LogL: -2102799.523 / Time: 1h:10m:51s (0h:8m:45s left)
Iteration 100 / LogL: -2102784.242 / Time: 1h:17m:57s (0h:0m:47s left)
Log-likelihood cutoff on original alignment: -2102875.660
NOTE: Bootstrap correlation coefficient of split occurrence frequencies: 1.000
TREE SEARCH COMPLETED AFTER 102 ITERATIONS / Time: 1h:19m:24s

--------------------------------------------------------------------
|                    FINALIZING TREE SEARCH                        |
--------------------------------------------------------------------
Performs final model parameters optimization
Estimate model parameters (epsilon = 0.010)
1. Initial log-likelihood: -2102773.347
Optimal log-likelihood: -2102773.345
Gamma shape alpha: 0.622
Parameters optimization took 1 rounds (3.742 sec)
BEST SCORE FOUND : -2102773.345
Empirical proportions for each category: 0.291 0.166 0.271 0.272
Site rates printed to tardigrada/1_infer/Poi_C10opt_PMSF.rate
Creating bootstrap support values...
Split supports printed to NEXUS file tardigrada/1_infer/Poi_C10opt_PMSF.splits.nex
Total tree length: 12.378

Total number of iterations: 102
CPU time used for tree search: 151770.889 sec (42h:9m:30s)
Wall-clock time used for tree search: 4647.672 sec (1h:17m:27s)
Total CPU time used: 154662.892 sec (42h:57m:42s)
Total wall-clock time used: 4769.411 sec (1h:19m:29s)

Computing bootstrap consensus tree...
Reading input file tardigrada/1_infer/Poi_C10opt_PMSF.splits.nex...
40 taxa and 95 splits.
Consensus tree written to tardigrada/1_infer/Poi_C10opt_PMSF.contree
Reading input trees file tardigrada/1_infer/Poi_C10opt_PMSF.contree
Log-likelihood of consensus tree: -2102773.345

Analysis results written to: 
  IQ-TREE report:                tardigrada/1_infer/Poi_C10opt_PMSF.iqtree
  Maximum-likelihood tree:       tardigrada/1_infer/Poi_C10opt_PMSF.treefile
  Likelihood distances:          tardigrada/1_infer/Poi_C10opt_PMSF.mldist
  Site-specific rates:           tardigrada/1_infer/Poi_C10opt_PMSF.rate

Ultrafast bootstrap approximation results written to:
  Split support values:          tardigrada/1_infer/Poi_C10opt_PMSF.splits.nex
  Consensus tree:                tardigrada/1_infer/Poi_C10opt_PMSF.contree
  Screen log file:               tardigrada/1_infer/Poi_C10opt_PMSF.log

Date and Time: Wed Apr 16 16:05:25 2025
