IQ-TREE version 3.0.0 for Linux x86 64-bit built Apr  4 2025
Developed by Bui Quang Minh, Thomas Wong, Nhan Ly-Trong, Huaiyan Ren
Contributed by Lam-Tung Nguyen, Dominik Schrempf, Chris Bielow,
Olga Chernomor, Michael Woodhams, Diep Thi Hoang, Heiko Schmidt

Host:    rona.rsb.anu.edu.au (AVX2, FMA3, 1007 GB RAM)
Command: /data/yutong/iqtree3 -s 1kp/1kp.fasta -ft 1kp/1_infer/Poi-UDM64opt.treefile -m POIUDM64OPT -mdef 1kp/1_510/POIUDM64OPT.nex -safe -pre 1kp/1_510/Poi-UDM64opt-PMSF -n 0 -nt 40
Seed:    732177 (Using SPRNG - Scalable Parallel Random Number Generator)
Time:    Sat May 10 22:58:27 2025
Kernel:  Safe AVX+FMA - 40 threads (256 CPU cores detected)

Reading alignment file 1kp/1kp.fasta ... Fasta format detected
Reading fasta file: done in 0.0856808 secs using 81.3% CPU
Alignment most likely contains protein sequences
Constructing alignment: done in 0.211945 secs using 317.9% CPU
Alignment has 40 sequences with 103658 columns, 97826 distinct patterns
74754 parsimony-informative, 13250 singleton sites, 15653 constant sites
            Gap/Ambiguity  Composition  p-value
Analyzing sequences: done in 0.0132168 secs using 3487% CPU
   1  BFIK         27.41%    failed      0.00%
   2  BNCU         13.55%    failed      0.00%
   3  CIEA         19.10%    failed      0.00%
   4  CMEQ         13.47%    failed      0.00%
   5  CSUV         27.21%    failed      0.00%
   6  Chlre_v5.5   16.92%    failed      0.00%
   7  GTHK         18.40%    failed      0.00%
   8  HKZW         24.20%    failed      0.00%
   9  ILBQ         16.53%    failed      0.00%
  10  IYDF         17.50%    failed      0.00%
  11  JEXA         19.01%    failed      0.00%
  12  JOJQ         16.68%    failed      0.00%
  13  JVSZ         25.96%    failed      0.00%
  14  KNMB         16.28%    failed      0.00%
  15  KWGC         29.11%    failed      0.00%
  16  Klefl_v1.0    7.15%    failed      0.00%
  17  MMKU         27.49%    failed      0.00%
  18  Micpu_v3.0   25.86%    failed      0.00%
  19  OAGK          6.76%    failed      0.00%
  20  OLES         13.66%    failed      0.00%
  21  POZS         25.34%    failed      0.00%
  22  PQTO         21.02%    failed      0.00%
  23  PYHZ         19.30%    failed      0.00%
  24  QKMG         23.72%    failed      0.00%
  25  QPDY         15.05%    failed      0.00%
  26  SKYV         29.84%    failed      0.00%
  27  Selmo_v1.0   13.65%    failed      0.00%
  28  Spipo_v2      8.49%    failed      0.00%
  29  VYLQ          4.05%    failed      0.00%
  30  WDCW         24.70%    failed      0.00%
  31  WKCY          7.98%    failed      0.00%
  32  WQRD         23.20%    failed      0.00%
  33  WTDE         26.95%    failed      0.00%
  34  WWQZ         16.02%    failed      0.00%
  35  XSZI         18.21%    failed      0.00%
  36  XZME         11.12%    failed      0.00%
  37  YOXI         25.48%    failed      0.00%
  38  YPIC         24.57%    failed      0.00%
  39  ZFGK         22.51%    failed      0.00%
  40  ZUHO         17.59%    failed      0.00%
****  TOTAL        19.03%  40 sequences failed composition chi2 test (p-value<5%; df=19)

===> COMPUTING SITE FREQUENCY MODEL BASED ON TREE FILE 1kp/1_infer/Poi-UDM64opt.treefile
Reading model definition file 1kp/1_510/POIUDM64OPT.nex ... 88 models and 278 frequency vectors loaded
Model POIUDM64OPT is alias for Poisson+G4{0.6180441020}+FMIX{UDM0064CLR_C0000:1.0:0.0107957152,UDM0064CLR_C0001:1.0:0.0284814294,UDM0064CLR_C0002:1.0:0.0129630631,UDM0064CLR_C0003:1.0:0.0346853572,UDM0064CLR_C0004:1.0:0.0015726065,UDM0064CLR_C0005:1.0:0.0153797447,UDM0064CLR_C0006:1.0:0.0097608939,UDM0064CLR_C0007:1.0:0.0218395021,UDM0064CLR_C0008:1.0:0.0080802399,UDM0064CLR_C0009:1.0:0.0180560329,UDM0064CLR_C0010:1.0:0.0248553885,UDM0064CLR_C0011:1.0:0.0172458911,UDM0064CLR_C0012:1.0:0.0423586606,UDM0064CLR_C0013:1.0:0.0222340037,UDM0064CLR_C0014:1.0:0.0387388922,UDM0064CLR_C0015:1.0:0.0357481906,UDM0064CLR_C0016:1.0:0.0248358437,UDM0064CLR_C0017:1.0:0.0205436188,UDM0064CLR_C0018:1.0:0.0213537542,UDM0064CLR_C0019:1.0:0.0135249063,UDM0064CLR_C0020:1.0:0.0130334879,UDM0064CLR_C0021:1.0:0.0175349415,UDM0064CLR_C0022:1.0:0.0293894434,UDM0064CLR_C0023:1.0:0.0367036880,UDM0064CLR_C0024:1.0:0.0129809636,UDM0064CLR_C0025:1.0:0.0115697702,UDM0064CLR_C0026:1.0:0.0193123854,UDM0064CLR_C0027:1.0:0.0028051946,UDM0064CLR_C0028:1.0:0.0116300514,UDM0064CLR_C0029:1.0:0.0271453661,UDM0064CLR_C0030:1.0:0.0069742905,UDM0064CLR_C0031:1.0:0.0051306057,UDM0064CLR_C0032:1.0:0.0078455941,UDM0064CLR_C0033:1.0:0.0085677143,UDM0064CLR_C0034:1.0:0.0136826680,UDM0064CLR_C0035:1.0:0.0133341990,UDM0064CLR_C0036:1.0:0.0250865111,UDM0064CLR_C0037:1.0:0.0182586866,UDM0064CLR_C0038:1.0:0.0099898242,UDM0064CLR_C0039:1.0:0.0175971021,UDM0064CLR_C0040:1.0:0.0090505633,UDM0064CLR_C0041:1.0:0.0193163982,UDM0064CLR_C0042:1.0:0.0201461083,UDM0064CLR_C0043:1.0:0.0169280844,UDM0064CLR_C0044:1.0:0.0090974194,UDM0064CLR_C0045:1.0:0.0100365320,UDM0064CLR_C0046:1.0:0.0160715992,UDM0064CLR_C0047:1.0:0.0015262688,UDM0064CLR_C0048:1.0:0.0152914258,UDM0064CLR_C0049:1.0:0.0079004659,UDM0064CLR_C0050:1.0:0.0094627360,UDM0064CLR_C0051:1.0:0.0249689037,UDM0064CLR_C0052:1.0:0.0095696189,UDM0064CLR_C0053:1.0:0.0181827664,UDM0064CLR_C0054:1.0:0.0094054540,UDM0064CLR_C0055:1.0:0.0187971017,UDM0064CLR_C0056:1.0:0.0055892299,UDM0064CLR_C0057:1.0:0.0040586857,UDM0064CLR_C0058:1.0:0.0000514173,UDM0064CLR_C0059:1.0:0.0084211958,UDM0064CLR_C0060:1.0:0.0085257386,UDM0064CLR_C0061:1.0:0.0087463324,UDM0064CLR_C0062:1.0:0.0099235262,UDM0064CLR_C0063:1.0:0.0073062057}
WARNING: Your input class weight 5.14173e-05 is very small and may cause numerical issues
NOTE: 154799 MB RAM is required!
1. Initial log-likelihood: -3835118.531
Optimal log-likelihood: -3835118.531
Mixture weights: 0.011 0.028 0.013 0.035 0.002 0.015 0.010 0.022 0.008 0.018 0.025 0.017 0.042 0.022 0.039 0.036 0.025 0.021 0.021 0.014 0.013 0.018 0.029 0.037 0.013 0.012 0.019 0.003 0.012 0.027 0.007 0.005 0.008 0.009 0.014 0.013 0.025 0.018 0.010 0.018 0.009 0.019 0.020 0.017 0.009 0.010 0.016 0.002 0.015 0.008 0.009 0.025 0.010 0.018 0.009 0.019 0.006 0.004 0.000 0.008 0.009 0.009 0.010 0.007
Gamma shape alpha: 0.618
Parameters optimization took 1 rounds (214.307 sec)
Computing posterior mean site frequencies....
Site state frequency vectors printed to 1kp/1_510/Poi-UDM64opt-PMSF.sitefreq

===> CONTINUE ANALYSIS USING THE INFERRED SITE FREQUENCY MODEL
NOTE: minimal branch length is reduced to 0.000000964711 for long alignment
Checking for duplicate sequences: done in 0.088057 secs using 549.5% CPU
Reading model definition file 1kp/1_510/POIUDM64OPT.nex ... 88 models and 278 frequency vectors loaded

Create initial parsimony tree by phylogenetic likelihood library (PLL)... 2.137 seconds
Model POIUDM64OPT is alias for Poisson+G4{0.6180441020}+FMIX{UDM0064CLR_C0000:1.0:0.0107957152,UDM0064CLR_C0001:1.0:0.0284814294,UDM0064CLR_C0002:1.0:0.0129630631,UDM0064CLR_C0003:1.0:0.0346853572,UDM0064CLR_C0004:1.0:0.0015726065,UDM0064CLR_C0005:1.0:0.0153797447,UDM0064CLR_C0006:1.0:0.0097608939,UDM0064CLR_C0007:1.0:0.0218395021,UDM0064CLR_C0008:1.0:0.0080802399,UDM0064CLR_C0009:1.0:0.0180560329,UDM0064CLR_C0010:1.0:0.0248553885,UDM0064CLR_C0011:1.0:0.0172458911,UDM0064CLR_C0012:1.0:0.0423586606,UDM0064CLR_C0013:1.0:0.0222340037,UDM0064CLR_C0014:1.0:0.0387388922,UDM0064CLR_C0015:1.0:0.0357481906,UDM0064CLR_C0016:1.0:0.0248358437,UDM0064CLR_C0017:1.0:0.0205436188,UDM0064CLR_C0018:1.0:0.0213537542,UDM0064CLR_C0019:1.0:0.0135249063,UDM0064CLR_C0020:1.0:0.0130334879,UDM0064CLR_C0021:1.0:0.0175349415,UDM0064CLR_C0022:1.0:0.0293894434,UDM0064CLR_C0023:1.0:0.0367036880,UDM0064CLR_C0024:1.0:0.0129809636,UDM0064CLR_C0025:1.0:0.0115697702,UDM0064CLR_C0026:1.0:0.0193123854,UDM0064CLR_C0027:1.0:0.0028051946,UDM0064CLR_C0028:1.0:0.0116300514,UDM0064CLR_C0029:1.0:0.0271453661,UDM0064CLR_C0030:1.0:0.0069742905,UDM0064CLR_C0031:1.0:0.0051306057,UDM0064CLR_C0032:1.0:0.0078455941,UDM0064CLR_C0033:1.0:0.0085677143,UDM0064CLR_C0034:1.0:0.0136826680,UDM0064CLR_C0035:1.0:0.0133341990,UDM0064CLR_C0036:1.0:0.0250865111,UDM0064CLR_C0037:1.0:0.0182586866,UDM0064CLR_C0038:1.0:0.0099898242,UDM0064CLR_C0039:1.0:0.0175971021,UDM0064CLR_C0040:1.0:0.0090505633,UDM0064CLR_C0041:1.0:0.0193163982,UDM0064CLR_C0042:1.0:0.0201461083,UDM0064CLR_C0043:1.0:0.0169280844,UDM0064CLR_C0044:1.0:0.0090974194,UDM0064CLR_C0045:1.0:0.0100365320,UDM0064CLR_C0046:1.0:0.0160715992,UDM0064CLR_C0047:1.0:0.0015262688,UDM0064CLR_C0048:1.0:0.0152914258,UDM0064CLR_C0049:1.0:0.0079004659,UDM0064CLR_C0050:1.0:0.0094627360,UDM0064CLR_C0051:1.0:0.0249689037,UDM0064CLR_C0052:1.0:0.0095696189,UDM0064CLR_C0053:1.0:0.0181827664,UDM0064CLR_C0054:1.0:0.0094054540,UDM0064CLR_C0055:1.0:0.0187971017,UDM0064CLR_C0056:1.0:0.0055892299,UDM0064CLR_C0057:1.0:0.0040586857,UDM0064CLR_C0058:1.0:0.0000514173,UDM0064CLR_C0059:1.0:0.0084211958,UDM0064CLR_C0060:1.0:0.0085257386,UDM0064CLR_C0061:1.0:0.0087463324,UDM0064CLR_C0062:1.0:0.0099235262,UDM0064CLR_C0063:1.0:0.0073062057}

NOTE: 3329 MB RAM (3 GB) is required!
Estimate model parameters (epsilon = 0.010)
1. Initial log-likelihood: -3565003.130
2. Current log-likelihood: -3489402.529
3. Current log-likelihood: -3486105.159
4. Current log-likelihood: -3486049.842
5. Current log-likelihood: -3486048.300
6. Current log-likelihood: -3486048.251
Optimal log-likelihood: -3486048.250
Gamma shape alpha: 0.618
Parameters optimization took 6 rounds (55.738 sec)
Wrote distance file to... 
BEST SCORE FOUND : -3486048.250
Total tree length: 19.534

Total number of iterations: 0
CPU time used for tree search: 0.000 sec (0h:0m:0s)
Wall-clock time used for tree search: 0.000 sec (0h:0m:0s)
Total CPU time used: 1917.322 sec (0h:31m:57s)
Total wall-clock time used: 72.312 sec (0h:1m:12s)

Analysis results written to: 
  IQ-TREE report:                1kp/1_510/Poi-UDM64opt-PMSF.iqtree
  Maximum-likelihood tree:       1kp/1_510/Poi-UDM64opt-PMSF.treefile
  Screen log file:               1kp/1_510/Poi-UDM64opt-PMSF.log

Date and Time: Sat May 10 23:03:29 2025
