IQ-TREE version 3.0.0 for Linux x86 64-bit built Apr  4 2025
Developed by Bui Quang Minh, Thomas Wong, Nhan Ly-Trong, Huaiyan Ren
Contributed by Lam-Tung Nguyen, Dominik Schrempf, Chris Bielow,
Olga Chernomor, Michael Woodhams, Diep Thi Hoang, Heiko Schmidt

Host:    rona.rsb.anu.edu.au (AVX2, FMA3, 1007 GB RAM)
Command: /data/yutong/iqtree3 -s 1kp/1kp.fasta -ft 1kp/1_infer/LG-UDM64opt.treefile -m LGUDM64OPT -mdef 1kp/1_510/LGUDM64OPT.nex -safe -pre 1kp/1_510/LG-UDM64opt-PMSF -n 0 -nt 40
Seed:    411620 (Using SPRNG - Scalable Parallel Random Number Generator)
Time:    Sat May 10 15:14:31 2025
Kernel:  Safe AVX+FMA - 40 threads (256 CPU cores detected)

Reading alignment file 1kp/1kp.fasta ... Fasta format detected
Reading fasta file: done in 0.0524804 secs using 99.93% CPU
Alignment most likely contains protein sequences
Constructing alignment: done in 0.240903 secs using 274.6% CPU
Alignment has 40 sequences with 103658 columns, 97826 distinct patterns
74754 parsimony-informative, 13250 singleton sites, 15653 constant sites
            Gap/Ambiguity  Composition  p-value
Analyzing sequences: done in 0.0260062 secs using 3343% CPU
   1  BFIK         27.41%    failed      0.00%
   2  BNCU         13.55%    failed      0.00%
   3  CIEA         19.10%    failed      0.00%
   4  CMEQ         13.47%    failed      0.00%
   5  CSUV         27.21%    failed      0.00%
   6  Chlre_v5.5   16.92%    failed      0.00%
   7  GTHK         18.40%    failed      0.00%
   8  HKZW         24.20%    failed      0.00%
   9  ILBQ         16.53%    failed      0.00%
  10  IYDF         17.50%    failed      0.00%
  11  JEXA         19.01%    failed      0.00%
  12  JOJQ         16.68%    failed      0.00%
  13  JVSZ         25.96%    failed      0.00%
  14  KNMB         16.28%    failed      0.00%
  15  KWGC         29.11%    failed      0.00%
  16  Klefl_v1.0    7.15%    failed      0.00%
  17  MMKU         27.49%    failed      0.00%
  18  Micpu_v3.0   25.86%    failed      0.00%
  19  OAGK          6.76%    failed      0.00%
  20  OLES         13.66%    failed      0.00%
  21  POZS         25.34%    failed      0.00%
  22  PQTO         21.02%    failed      0.00%
  23  PYHZ         19.30%    failed      0.00%
  24  QKMG         23.72%    failed      0.00%
  25  QPDY         15.05%    failed      0.00%
  26  SKYV         29.84%    failed      0.00%
  27  Selmo_v1.0   13.65%    failed      0.00%
  28  Spipo_v2      8.49%    failed      0.00%
  29  VYLQ          4.05%    failed      0.00%
  30  WDCW         24.70%    failed      0.00%
  31  WKCY          7.98%    failed      0.00%
  32  WQRD         23.20%    failed      0.00%
  33  WTDE         26.95%    failed      0.00%
  34  WWQZ         16.02%    failed      0.00%
  35  XSZI         18.21%    failed      0.00%
  36  XZME         11.12%    failed      0.00%
  37  YOXI         25.48%    failed      0.00%
  38  YPIC         24.57%    failed      0.00%
  39  ZFGK         22.51%    failed      0.00%
  40  ZUHO         17.59%    failed      0.00%
****  TOTAL        19.03%  40 sequences failed composition chi2 test (p-value<5%; df=19)

===> COMPUTING SITE FREQUENCY MODEL BASED ON TREE FILE 1kp/1_infer/LG-UDM64opt.treefile
Reading model definition file 1kp/1_510/LGUDM64OPT.nex ... 88 models and 278 frequency vectors loaded
Model LGUDM64OPT is alias for LG+G4{0.5176225306}+FMIX{UDM0064CLR_C0000:1.0:0.0155457108,UDM0064CLR_C0001:1.0:0.0705975950,UDM0064CLR_C0002:1.0:0.0148456464,UDM0064CLR_C0003:1.0:0.0064247972,UDM0064CLR_C0004:1.0:0.0000001612,UDM0064CLR_C0005:1.0:0.0120842580,UDM0064CLR_C0006:1.0:0.0038552476,UDM0064CLR_C0007:1.0:0.0132101090,UDM0064CLR_C0008:1.0:0.0014905523,UDM0064CLR_C0009:1.0:0.0468868666,UDM0064CLR_C0010:1.0:0.0041540335,UDM0064CLR_C0011:1.0:0.0000001612,UDM0064CLR_C0012:1.0:0.0202156064,UDM0064CLR_C0013:1.0:0.0162363920,UDM0064CLR_C0014:1.0:0.0138407088,UDM0064CLR_C0015:1.0:0.0320282906,UDM0064CLR_C0016:1.0:0.0117128238,UDM0064CLR_C0017:1.0:0.0099539411,UDM0064CLR_C0018:1.0:0.0116839027,UDM0064CLR_C0019:1.0:0.0076312390,UDM0064CLR_C0020:1.0:0.0038071022,UDM0064CLR_C0021:1.0:0.0057234608,UDM0064CLR_C0022:1.0:0.0143785540,UDM0064CLR_C0023:1.0:0.0204231193,UDM0064CLR_C0024:1.0:0.0000001612,UDM0064CLR_C0025:1.0:0.0243996809,UDM0064CLR_C0026:1.0:0.0176670191,UDM0064CLR_C0027:1.0:0.0000001612,UDM0064CLR_C0028:1.0:0.0065028773,UDM0064CLR_C0029:1.0:0.0209619393,UDM0064CLR_C0030:1.0:0.0000001612,UDM0064CLR_C0031:1.0:0.0196797351,UDM0064CLR_C0032:1.0:0.0070981653,UDM0064CLR_C0033:1.0:0.0037247502,UDM0064CLR_C0034:1.0:0.0074653460,UDM0064CLR_C0035:1.0:0.0074141505,UDM0064CLR_C0036:1.0:0.0475637779,UDM0064CLR_C0037:1.0:0.0033678165,UDM0064CLR_C0038:1.0:0.0040347136,UDM0064CLR_C0039:1.0:0.0077439742,UDM0064CLR_C0040:1.0:0.0061002280,UDM0064CLR_C0041:1.0:0.0776744288,UDM0064CLR_C0042:1.0:0.0066948940,UDM0064CLR_C0043:1.0:0.0072591669,UDM0064CLR_C0044:1.0:0.0000001612,UDM0064CLR_C0045:1.0:0.0216015579,UDM0064CLR_C0046:1.0:0.0027534862,UDM0064CLR_C0047:1.0:0.0000001612,UDM0064CLR_C0048:1.0:0.0184702983,UDM0064CLR_C0049:1.0:0.0088129071,UDM0064CLR_C0050:1.0:0.0083936237,UDM0064CLR_C0051:1.0:0.0363020659,UDM0064CLR_C0052:1.0:0.0232033116,UDM0064CLR_C0053:1.0:0.0678602247,UDM0064CLR_C0054:1.0:0.0312450860,UDM0064CLR_C0055:1.0:0.0086419523,UDM0064CLR_C0056:1.0:0.0059013069,UDM0064CLR_C0057:1.0:0.0195586843,UDM0064CLR_C0058:1.0:0.0000001612,UDM0064CLR_C0059:1.0:0.0012802593,UDM0064CLR_C0060:1.0:0.0807250617,UDM0064CLR_C0061:1.0:0.0297329576,UDM0064CLR_C0062:1.0:0.0032720577,UDM0064CLR_C0063:1.0:0.0001612480}
WARNING: Your input class weight 1.612e-07 is very small and may cause numerical issues
WARNING: Your input class weight 1.612e-07 is very small and may cause numerical issues
WARNING: Your input class weight 1.612e-07 is very small and may cause numerical issues
WARNING: Your input class weight 1.612e-07 is very small and may cause numerical issues
WARNING: Your input class weight 1.612e-07 is very small and may cause numerical issues
WARNING: Your input class weight 1.612e-07 is very small and may cause numerical issues
WARNING: Your input class weight 1.612e-07 is very small and may cause numerical issues
WARNING: Your input class weight 1.612e-07 is very small and may cause numerical issues
WARNING: Your input class weight 0.000161248 is very small and may cause numerical issues
NOTE: 154799 MB RAM is required!
1. Initial log-likelihood: -3792857.528
Optimal log-likelihood: -3792857.526
Mixture weights: 0.016 0.071 0.015 0.006 0.000 0.012 0.004 0.013 0.001 0.047 0.004 0.000 0.020 0.016 0.014 0.032 0.012 0.010 0.012 0.008 0.004 0.006 0.014 0.020 0.000 0.024 0.018 0.000 0.007 0.021 0.000 0.020 0.007 0.004 0.007 0.007 0.048 0.003 0.004 0.008 0.006 0.078 0.007 0.007 0.000 0.022 0.003 0.000 0.018 0.009 0.008 0.036 0.023 0.068 0.031 0.009 0.006 0.020 0.000 0.001 0.081 0.030 0.003 0.000
Gamma shape alpha: 0.518
Parameters optimization took 1 rounds (286.283 sec)
Computing posterior mean site frequencies....
Site state frequency vectors printed to 1kp/1_510/LG-UDM64opt-PMSF.sitefreq

===> CONTINUE ANALYSIS USING THE INFERRED SITE FREQUENCY MODEL
NOTE: minimal branch length is reduced to 0.000000964711 for long alignment
Checking for duplicate sequences: done in 0.0955008 secs using 115.2% CPU
Reading model definition file 1kp/1_510/LGUDM64OPT.nex ... 88 models and 278 frequency vectors loaded

Create initial parsimony tree by phylogenetic likelihood library (PLL)... 2.105 seconds
Model LGUDM64OPT is alias for LG+G4{0.5176225306}+FMIX{UDM0064CLR_C0000:1.0:0.0155457108,UDM0064CLR_C0001:1.0:0.0705975950,UDM0064CLR_C0002:1.0:0.0148456464,UDM0064CLR_C0003:1.0:0.0064247972,UDM0064CLR_C0004:1.0:0.0000001612,UDM0064CLR_C0005:1.0:0.0120842580,UDM0064CLR_C0006:1.0:0.0038552476,UDM0064CLR_C0007:1.0:0.0132101090,UDM0064CLR_C0008:1.0:0.0014905523,UDM0064CLR_C0009:1.0:0.0468868666,UDM0064CLR_C0010:1.0:0.0041540335,UDM0064CLR_C0011:1.0:0.0000001612,UDM0064CLR_C0012:1.0:0.0202156064,UDM0064CLR_C0013:1.0:0.0162363920,UDM0064CLR_C0014:1.0:0.0138407088,UDM0064CLR_C0015:1.0:0.0320282906,UDM0064CLR_C0016:1.0:0.0117128238,UDM0064CLR_C0017:1.0:0.0099539411,UDM0064CLR_C0018:1.0:0.0116839027,UDM0064CLR_C0019:1.0:0.0076312390,UDM0064CLR_C0020:1.0:0.0038071022,UDM0064CLR_C0021:1.0:0.0057234608,UDM0064CLR_C0022:1.0:0.0143785540,UDM0064CLR_C0023:1.0:0.0204231193,UDM0064CLR_C0024:1.0:0.0000001612,UDM0064CLR_C0025:1.0:0.0243996809,UDM0064CLR_C0026:1.0:0.0176670191,UDM0064CLR_C0027:1.0:0.0000001612,UDM0064CLR_C0028:1.0:0.0065028773,UDM0064CLR_C0029:1.0:0.0209619393,UDM0064CLR_C0030:1.0:0.0000001612,UDM0064CLR_C0031:1.0:0.0196797351,UDM0064CLR_C0032:1.0:0.0070981653,UDM0064CLR_C0033:1.0:0.0037247502,UDM0064CLR_C0034:1.0:0.0074653460,UDM0064CLR_C0035:1.0:0.0074141505,UDM0064CLR_C0036:1.0:0.0475637779,UDM0064CLR_C0037:1.0:0.0033678165,UDM0064CLR_C0038:1.0:0.0040347136,UDM0064CLR_C0039:1.0:0.0077439742,UDM0064CLR_C0040:1.0:0.0061002280,UDM0064CLR_C0041:1.0:0.0776744288,UDM0064CLR_C0042:1.0:0.0066948940,UDM0064CLR_C0043:1.0:0.0072591669,UDM0064CLR_C0044:1.0:0.0000001612,UDM0064CLR_C0045:1.0:0.0216015579,UDM0064CLR_C0046:1.0:0.0027534862,UDM0064CLR_C0047:1.0:0.0000001612,UDM0064CLR_C0048:1.0:0.0184702983,UDM0064CLR_C0049:1.0:0.0088129071,UDM0064CLR_C0050:1.0:0.0083936237,UDM0064CLR_C0051:1.0:0.0363020659,UDM0064CLR_C0052:1.0:0.0232033116,UDM0064CLR_C0053:1.0:0.0678602247,UDM0064CLR_C0054:1.0:0.0312450860,UDM0064CLR_C0055:1.0:0.0086419523,UDM0064CLR_C0056:1.0:0.0059013069,UDM0064CLR_C0057:1.0:0.0195586843,UDM0064CLR_C0058:1.0:0.0000001612,UDM0064CLR_C0059:1.0:0.0012802593,UDM0064CLR_C0060:1.0:0.0807250617,UDM0064CLR_C0061:1.0:0.0297329576,UDM0064CLR_C0062:1.0:0.0032720577,UDM0064CLR_C0063:1.0:0.0001612480}

NOTE: 3329 MB RAM (3 GB) is required!
Estimate model parameters (epsilon = 0.010)
1. Initial log-likelihood: -3640280.037
2. Current log-likelihood: -3524950.648
3. Current log-likelihood: -3516964.939
4. Current log-likelihood: -3516842.366
5. Current log-likelihood: -3516840.801
6. Current log-likelihood: -3516840.781
Optimal log-likelihood: -3516840.780
Gamma shape alpha: 0.518
Parameters optimization took 6 rounds (60.156 sec)
Wrote distance file to... 
BEST SCORE FOUND : -3516840.780
Total tree length: 26.703

Total number of iterations: 0
CPU time used for tree search: 0.000 sec (0h:0m:0s)
Wall-clock time used for tree search: 0.000 sec (0h:0m:0s)
Total CPU time used: 2139.615 sec (0h:35m:39s)
Total wall-clock time used: 91.752 sec (0h:1m:31s)

Analysis results written to: 
  IQ-TREE report:                1kp/1_510/LG-UDM64opt-PMSF.iqtree
  Maximum-likelihood tree:       1kp/1_510/LG-UDM64opt-PMSF.treefile
  Screen log file:               1kp/1_510/LG-UDM64opt-PMSF.log

Date and Time: Sat May 10 15:21:05 2025
