IQ-TREE version 3.0.0 for Linux x86 64-bit built Apr  4 2025
Developed by Bui Quang Minh, Thomas Wong, Nhan Ly-Trong, Huaiyan Ren
Contributed by Lam-Tung Nguyen, Dominik Schrempf, Chris Bielow,
Olga Chernomor, Michael Woodhams, Diep Thi Hoang, Heiko Schmidt

Host:    rona.rsb.anu.edu.au (AVX2, FMA3, 1007 GB RAM)
Command: /data/yutong/iqtree3 -s 1kp/1kp.fasta -fs 1kp/1_510/LG-UDM64opt-PMSF.sitefreq -m LGUDM64OPT -mdef 1kp/1_510/LGUDM64OPT.nex -safe --wbtl -pre 1kp/1_510/LG_UDM64opt_PMSF -wsr -bb 1000 -nt 40
Seed:    880047 (Using SPRNG - Scalable Parallel Random Number Generator)
Time:    Sat May 10 15:21:05 2025
Kernel:  Safe AVX+FMA - 40 threads (256 CPU cores detected)

Reading alignment file 1kp/1kp.fasta ... Fasta format detected
Reading fasta file: done in 0.0534207 secs using 77.3% CPU
Alignment most likely contains protein sequences
Constructing alignment: done in 0.221661 secs using 304.4% CPU
Alignment has 40 sequences with 103658 columns, 97826 distinct patterns
74754 parsimony-informative, 13250 singleton sites, 15653 constant sites
            Gap/Ambiguity  Composition  p-value
Analyzing sequences: done in 0.0275311 secs using 3576% CPU
   1  BFIK         27.41%    failed      0.00%
   2  BNCU         13.55%    failed      0.00%
   3  CIEA         19.10%    failed      0.00%
   4  CMEQ         13.47%    failed      0.00%
   5  CSUV         27.21%    failed      0.00%
   6  Chlre_v5.5   16.92%    failed      0.00%
   7  GTHK         18.40%    failed      0.00%
   8  HKZW         24.20%    failed      0.00%
   9  ILBQ         16.53%    failed      0.00%
  10  IYDF         17.50%    failed      0.00%
  11  JEXA         19.01%    failed      0.00%
  12  JOJQ         16.68%    failed      0.00%
  13  JVSZ         25.96%    failed      0.00%
  14  KNMB         16.28%    failed      0.00%
  15  KWGC         29.11%    failed      0.00%
  16  Klefl_v1.0    7.15%    failed      0.00%
  17  MMKU         27.49%    failed      0.00%
  18  Micpu_v3.0   25.86%    failed      0.00%
  19  OAGK          6.76%    failed      0.00%
  20  OLES         13.66%    failed      0.00%
  21  POZS         25.34%    failed      0.00%
  22  PQTO         21.02%    failed      0.00%
  23  PYHZ         19.30%    failed      0.00%
  24  QKMG         23.72%    failed      0.00%
  25  QPDY         15.05%    failed      0.00%
  26  SKYV         29.84%    failed      0.00%
  27  Selmo_v1.0   13.65%    failed      0.00%
  28  Spipo_v2      8.49%    failed      0.00%
  29  VYLQ          4.05%    failed      0.00%
  30  WDCW         24.70%    failed      0.00%
  31  WKCY          7.98%    failed      0.00%
  32  WQRD         23.20%    failed      0.00%
  33  WTDE         26.95%    failed      0.00%
  34  WWQZ         16.02%    failed      0.00%
  35  XSZI         18.21%    failed      0.00%
  36  XZME         11.12%    failed      0.00%
  37  YOXI         25.48%    failed      0.00%
  38  YPIC         24.57%    failed      0.00%
  39  ZFGK         22.51%    failed      0.00%
  40  ZUHO         17.59%    failed      0.00%
****  TOTAL        19.03%  40 sequences failed composition chi2 test (p-value<5%; df=19)

Reading site-specific state frequency file 1kp/1_510/LG-UDM64opt-PMSF.sitefreq ...
97826 distinct per-site state frequency vectors detected
NOTE: minimal branch length is reduced to 0.000000964711 for long alignment
Checking for duplicate sequences: done in 0.0741118 secs using 773.6% CPU
Reading model definition file 1kp/1_510/LGUDM64OPT.nex ... 88 models and 278 frequency vectors loaded

Create initial parsimony tree by phylogenetic likelihood library (PLL)... 1.172 seconds
Generating 1000 samples for ultrafast bootstrap (seed: 880047)...
Model LGUDM64OPT is alias for LG+G4{0.5176225306}+FMIX{UDM0064CLR_C0000:1.0:0.0155457108,UDM0064CLR_C0001:1.0:0.0705975950,UDM0064CLR_C0002:1.0:0.0148456464,UDM0064CLR_C0003:1.0:0.0064247972,UDM0064CLR_C0004:1.0:0.0000001612,UDM0064CLR_C0005:1.0:0.0120842580,UDM0064CLR_C0006:1.0:0.0038552476,UDM0064CLR_C0007:1.0:0.0132101090,UDM0064CLR_C0008:1.0:0.0014905523,UDM0064CLR_C0009:1.0:0.0468868666,UDM0064CLR_C0010:1.0:0.0041540335,UDM0064CLR_C0011:1.0:0.0000001612,UDM0064CLR_C0012:1.0:0.0202156064,UDM0064CLR_C0013:1.0:0.0162363920,UDM0064CLR_C0014:1.0:0.0138407088,UDM0064CLR_C0015:1.0:0.0320282906,UDM0064CLR_C0016:1.0:0.0117128238,UDM0064CLR_C0017:1.0:0.0099539411,UDM0064CLR_C0018:1.0:0.0116839027,UDM0064CLR_C0019:1.0:0.0076312390,UDM0064CLR_C0020:1.0:0.0038071022,UDM0064CLR_C0021:1.0:0.0057234608,UDM0064CLR_C0022:1.0:0.0143785540,UDM0064CLR_C0023:1.0:0.0204231193,UDM0064CLR_C0024:1.0:0.0000001612,UDM0064CLR_C0025:1.0:0.0243996809,UDM0064CLR_C0026:1.0:0.0176670191,UDM0064CLR_C0027:1.0:0.0000001612,UDM0064CLR_C0028:1.0:0.0065028773,UDM0064CLR_C0029:1.0:0.0209619393,UDM0064CLR_C0030:1.0:0.0000001612,UDM0064CLR_C0031:1.0:0.0196797351,UDM0064CLR_C0032:1.0:0.0070981653,UDM0064CLR_C0033:1.0:0.0037247502,UDM0064CLR_C0034:1.0:0.0074653460,UDM0064CLR_C0035:1.0:0.0074141505,UDM0064CLR_C0036:1.0:0.0475637779,UDM0064CLR_C0037:1.0:0.0033678165,UDM0064CLR_C0038:1.0:0.0040347136,UDM0064CLR_C0039:1.0:0.0077439742,UDM0064CLR_C0040:1.0:0.0061002280,UDM0064CLR_C0041:1.0:0.0776744288,UDM0064CLR_C0042:1.0:0.0066948940,UDM0064CLR_C0043:1.0:0.0072591669,UDM0064CLR_C0044:1.0:0.0000001612,UDM0064CLR_C0045:1.0:0.0216015579,UDM0064CLR_C0046:1.0:0.0027534862,UDM0064CLR_C0047:1.0:0.0000001612,UDM0064CLR_C0048:1.0:0.0184702983,UDM0064CLR_C0049:1.0:0.0088129071,UDM0064CLR_C0050:1.0:0.0083936237,UDM0064CLR_C0051:1.0:0.0363020659,UDM0064CLR_C0052:1.0:0.0232033116,UDM0064CLR_C0053:1.0:0.0678602247,UDM0064CLR_C0054:1.0:0.0312450860,UDM0064CLR_C0055:1.0:0.0086419523,UDM0064CLR_C0056:1.0:0.0059013069,UDM0064CLR_C0057:1.0:0.0195586843,UDM0064CLR_C0058:1.0:0.0000001612,UDM0064CLR_C0059:1.0:0.0012802593,UDM0064CLR_C0060:1.0:0.0807250617,UDM0064CLR_C0061:1.0:0.0297329576,UDM0064CLR_C0062:1.0:0.0032720577,UDM0064CLR_C0063:1.0:0.0001612480}

NOTE: 3702 MB RAM (3 GB) is required!
Estimate model parameters (epsilon = 0.100)
1. Initial log-likelihood: -3641835.779
2. Current log-likelihood: -3524632.428
3. Current log-likelihood: -3516844.629
4. Current log-likelihood: -3516724.313
5. Current log-likelihood: -3516722.801
Optimal log-likelihood: -3516722.782
Gamma shape alpha: 0.518
Parameters optimization took 5 rounds (35.533 sec)
Wrote distance file to... 
Computing ML distances based on estimated model parameters...
Calculating distance matrix: done in 18.3385 secs using 2103% CPU
Computing ML distances took 18.358149 sec (of wall-clock time) 386.149666 sec (of CPU time)
Setting up auxiliary I and S matrices: done in 0.000184795 secs using 1432% CPU
Constructing RapidNJ tree: done in 0.00028649 secs using 632.5% CPU
Computing RapidNJ tree took 0.000782 sec (of wall-clock time) 0.025636 sec (of CPU time)
Log-likelihood of RapidNJ tree: -3520626.895
--------------------------------------------------------------------
|             INITIALIZING CANDIDATE TREE SET                      |
--------------------------------------------------------------------
Generating 98 parsimony trees... 179.292 second
Computing log-likelihood of 98 initial trees ... 380.666 seconds
Current best score: -3516722.782

Do NNI search on 20 best initial trees
Optimizing NNI: done in 37.6517 secs using 3814% CPU
Estimate model parameters (epsilon = 0.100)
BETTER TREE FOUND at iteration 1: -3516135.495
Optimizing NNI: done in 58.1528 secs using 3816% CPU
Optimizing NNI: done in 57.8486 secs using 3804% CPU
Optimizing NNI: done in 64.2 secs using 3805% CPU
Optimizing NNI: done in 60.735 secs using 3864% CPU
Optimizing NNI: done in 70.9732 secs using 3852% CPU
Optimizing NNI: done in 59.3281 secs using 3815% CPU
Optimizing NNI: done in 58.969 secs using 3834% CPU
Optimizing NNI: done in 64.0689 secs using 3817% CPU
Optimizing NNI: done in 67.1465 secs using 3853% CPU
Iteration 10 / LogL: -3516154.849 / Time: 0h:21m:39s
Optimizing NNI: done in 79.3804 secs using 3855% CPU
Optimizing NNI: done in 55.3647 secs using 3812% CPU
Optimizing NNI: done in 61.8167 secs using 3809% CPU
Optimizing NNI: done in 70.5732 secs using 3838% CPU
Optimizing NNI: done in 62.2562 secs using 3833% CPU
Optimizing NNI: done in 63.6413 secs using 3834% CPU
Optimizing NNI: done in 62.9138 secs using 3873% CPU
Optimizing NNI: done in 66.5052 secs using 3842% CPU
Optimizing NNI: done in 62.9535 secs using 3846% CPU
Optimizing NNI: done in 52.4111 secs using 3834% CPU
Iteration 20 / LogL: -3516568.824 / Time: 0h:32m:24s
Finish initializing candidate tree set (1)
Current best tree score: -3516135.495 / CPU time: 1821.915
Number of iterations: 20
--------------------------------------------------------------------
|               OPTIMIZING CANDIDATE TREE SET                      |
--------------------------------------------------------------------
Optimizing NNI: done in 68.9087 secs using 3838% CPU
Optimizing NNI: done in 40.9635 secs using 3855% CPU
Optimizing NNI: done in 62.2641 secs using 3845% CPU
Optimizing NNI: done in 48.8196 secs using 3836% CPU
Optimizing NNI: done in 59.6176 secs using 3809% CPU
Optimizing NNI: done in 53.0536 secs using 3804% CPU
Optimizing NNI: done in 42.4758 secs using 3823% CPU
Optimizing NNI: done in 44.2151 secs using 3802% CPU
Optimizing NNI: done in 61.7232 secs using 3832% CPU
Optimizing NNI: done in 58.6177 secs using 3802% CPU
Iteration 30 / LogL: -3516137.394 / Time: 0h:41m:32s (1h:41m:39s left)
Optimizing NNI: done in 64.4333 secs using 3799% CPU
Optimizing NNI: done in 46.401 secs using 3798% CPU
Optimizing NNI: done in 57.5055 secs using 3811% CPU
Optimizing NNI: done in 48.9365 secs using 3800% CPU
Optimizing NNI: done in 40.4567 secs using 3782% CPU
Optimizing NNI: done in 62.7016 secs using 3862% CPU
Optimizing NNI: done in 32.6773 secs using 3857% CPU
Optimizing NNI: done in 46.7945 secs using 3859% CPU
Optimizing NNI: done in 48.8471 secs using 3852% CPU
Optimizing NNI: done in 41.8958 secs using 3858% CPU
Iteration 40 / LogL: -3516137.769 / Time: 0h:49m:50s (1h:17m:55s left)
Optimizing NNI: done in 46.0205 secs using 3831% CPU
Optimizing NNI: done in 51.5292 secs using 3832% CPU
Optimizing NNI: done in 31.3823 secs using 3815% CPU
Optimizing NNI: done in 48.1166 secs using 3852% CPU
Optimizing NNI: done in 47.3455 secs using 3836% CPU
Optimizing NNI: done in 56.1375 secs using 3831% CPU
Optimizing NNI: done in 60.6425 secs using 3807% CPU
Optimizing NNI: done in 46.9005 secs using 3845% CPU
Optimizing NNI: done in 63.8759 secs using 3819% CPU
Optimizing NNI: done in 46.965 secs using 3917% CPU
Iteration 50 / LogL: -3516143.256 / Time: 0h:58m:16s (1h:0m:37s left)
Log-likelihood cutoff on original alignment: -3516190.763
UFBoot trees printed to 1kp/1_510/LG_UDM64opt_PMSF.ufboot
Optimizing NNI: done in 54.8313 secs using 3916% CPU
Optimizing NNI: done in 59.0987 secs using 3876% CPU
Optimizing NNI: done in 50.8421 secs using 3887% CPU
Optimizing NNI: done in 51.7819 secs using 3887% CPU
Optimizing NNI: done in 55.149 secs using 3877% CPU
Optimizing NNI: done in 61.6961 secs using 3866% CPU
Optimizing NNI: done in 50.6418 secs using 3887% CPU
Optimizing NNI: done in 43.6188 secs using 3883% CPU
Optimizing NNI: done in 62.3995 secs using 3893% CPU
Optimizing NNI: done in 30.0905 secs using 3860% CPU
Iteration 60 / LogL: -3516137.979 / Time: 1h:7m:3s (0h:46m:35s left)
Optimizing NNI: done in 54.1249 secs using 3865% CPU
Optimizing NNI: done in 38.4538 secs using 3878% CPU
Optimizing NNI: done in 56.9992 secs using 3904% CPU
Optimizing NNI: done in 47.2848 secs using 3909% CPU
Optimizing NNI: done in 41.548 secs using 3887% CPU
Optimizing NNI: done in 45.3741 secs using 3934% CPU
Optimizing NNI: done in 67.8557 secs using 3900% CPU
Optimizing NNI: done in 48.3544 secs using 3912% CPU
Optimizing NNI: done in 57.8949 secs using 3918% CPU
Optimizing NNI: done in 54.718 secs using 3911% CPU
Iteration 70 / LogL: -3516143.506 / Time: 1h:15m:43s (0h:34m:0s left)
Optimizing NNI: done in 62.1079 secs using 3910% CPU
Optimizing NNI: done in 50.0995 secs using 3907% CPU
Optimizing NNI: done in 40.4143 secs using 3916% CPU
Optimizing NNI: done in 62.5588 secs using 3913% CPU
Optimizing NNI: done in 49.1582 secs using 3900% CPU
Optimizing NNI: done in 46.6935 secs using 3907% CPU
Optimizing NNI: done in 52.5119 secs using 3913% CPU
Optimizing NNI: done in 46.437 secs using 3895% CPU
Optimizing NNI: done in 50.1579 secs using 3900% CPU
Optimizing NNI: done in 33.5268 secs using 3900% CPU
Iteration 80 / LogL: -3516160.046 / Time: 1h:24m:3s (0h:22m:20s left)
Optimizing NNI: done in 48.5619 secs using 3896% CPU
Optimizing NNI: done in 45.2016 secs using 3841% CPU
Optimizing NNI: done in 38.916 secs using 3833% CPU
Optimizing NNI: done in 45.2443 secs using 3893% CPU
Optimizing NNI: done in 56.1528 secs using 3901% CPU
Optimizing NNI: done in 54.295 secs using 3869% CPU
Optimizing NNI: done in 60.7856 secs using 3893% CPU
Optimizing NNI: done in 50.9471 secs using 3854% CPU
Optimizing NNI: done in 64.9268 secs using 3872% CPU
Optimizing NNI: done in 56.7339 secs using 3881% CPU
Iteration 90 / LogL: -3516144.118 / Time: 1h:32m:51s (0h:11m:28s left)
Optimizing NNI: done in 51.1818 secs using 3886% CPU
Optimizing NNI: done in 52.0213 secs using 3879% CPU
Optimizing NNI: done in 57.2589 secs using 3795% CPU
Optimizing NNI: done in 52.9962 secs using 3865% CPU
Optimizing NNI: done in 58.5911 secs using 3900% CPU
Optimizing NNI: done in 51.5668 secs using 3882% CPU
Optimizing NNI: done in 46.6895 secs using 3917% CPU
Optimizing NNI: done in 34.7264 secs using 3905% CPU
Optimizing NNI: done in 48.7797 secs using 3907% CPU
Optimizing NNI: done in 52.3032 secs using 3846% CPU
Iteration 100 / LogL: -3516168.077 / Time: 1h:41m:24s (0h:1m:1s left)
Log-likelihood cutoff on original alignment: -3516191.600
NOTE: Bootstrap correlation coefficient of split occurrence frequencies: 1.000
UFBoot trees printed to 1kp/1_510/LG_UDM64opt_PMSF.ufboot
Optimizing NNI: done in 57.3068 secs using 3894% CPU
Optimizing NNI: done in 56.6094 secs using 3851% CPU
TREE SEARCH COMPLETED AFTER 102 ITERATIONS / Time: 1h:43m:20s

--------------------------------------------------------------------
|                    FINALIZING TREE SEARCH                        |
--------------------------------------------------------------------
Performs final model parameters optimization
Estimate model parameters (epsilon = 0.010)
1. Initial log-likelihood: -3516135.495
Optimal log-likelihood: -3516135.495
Gamma shape alpha: 0.518
Parameters optimization took 1 rounds (4.517 sec)
BEST SCORE FOUND : -3516135.495
Empirical proportions for each category: 0.276 0.245 0.272 0.208
Site rates printed to 1kp/1_510/LG_UDM64opt_PMSF.rate
Creating bootstrap support values...
Split supports printed to NEXUS file 1kp/1_510/LG_UDM64opt_PMSF.splits.nex
Total tree length: 26.768

Total number of iterations: 102
CPU time used for tree search: 227373.152 sec (63h:9m:33s)
Wall-clock time used for tree search: 6077.576 sec (1h:41m:17s)
Total CPU time used: 230606.121 sec (64h:3m:26s)
Total wall-clock time used: 6205.813 sec (1h:43m:25s)
UFBoot trees printed to 1kp/1_510/LG_UDM64opt_PMSF.ufboot

Computing bootstrap consensus tree...
Reading input file 1kp/1_510/LG_UDM64opt_PMSF.splits.nex...
40 taxa and 82 splits.
Consensus tree written to 1kp/1_510/LG_UDM64opt_PMSF.contree
Reading input trees file 1kp/1_510/LG_UDM64opt_PMSF.contree
Log-likelihood of consensus tree: -3516135.495

Analysis results written to: 
  IQ-TREE report:                1kp/1_510/LG_UDM64opt_PMSF.iqtree
  Maximum-likelihood tree:       1kp/1_510/LG_UDM64opt_PMSF.treefile
  Likelihood distances:          1kp/1_510/LG_UDM64opt_PMSF.mldist
  Site-specific rates:           1kp/1_510/LG_UDM64opt_PMSF.rate

Ultrafast bootstrap approximation results written to:
  Split support values:          1kp/1_510/LG_UDM64opt_PMSF.splits.nex
  Consensus tree:                1kp/1_510/LG_UDM64opt_PMSF.contree
  UFBoot trees:                  1kp/1_510/LG_UDM64opt_PMSF.ufboot
  Screen log file:               1kp/1_510/LG_UDM64opt_PMSF.log

Date and Time: Sat May 10 17:05:05 2025
