IQ-TREE version 3.0.0 for Linux x86 64-bit built Apr  4 2025
Developed by Bui Quang Minh, Thomas Wong, Nhan Ly-Trong, Huaiyan Ren
Contributed by Lam-Tung Nguyen, Dominik Schrempf, Chris Bielow,
Olga Chernomor, Michael Woodhams, Diep Thi Hoang, Heiko Schmidt

Host:    rona.rsb.anu.edu.au (AVX2, FMA3, 1007 GB RAM)
Command: ./iqtree3 -s tardigrada/matrix_40sp.fasta -m GTRPMIX+UDM0064CLR+G4 -mdef tardigrada/1_infer/GTR20-UDM64fix.GTRPMIX.nex -t tardigrada/1_infer/guide-LG.treefile -T 40
Seed:    98716 (Using SPRNG - Scalable Parallel Random Number Generator)
Time:    Sun Apr 27 14:36:15 2025
Kernel:  AVX+FMA - 40 threads (256 CPU cores detected)

Reading alignment file tardigrada/matrix_40sp.fasta ... Fasta format detected
Reading fasta file: done in 0.0657108 secs using 97.06% CPU
Alignment most likely contains protein sequences
Constructing alignment: done in 0.174147 secs using 339.8% CPU
Alignment has 40 sequences with 70888 columns, 63149 distinct patterns
48785 parsimony-informative, 7670 singleton sites, 14433 constant sites
                             Gap/Ambiguity  Composition  p-value
Analyzing sequences: done in 0.0162024 secs using 3693% CPU
   1  Capitella_telata               5.00%    failed      0.00%
   2  Daphnia_magna                  9.79%    failed      0.06%
   3  Echiniscoides_sigismundi      49.39%    failed      0.00%
   4  Echiniscus_bisetosus          82.96%    failed      0.00%
   5  Echiniscus_testudo            50.24%    failed      0.00%
   6  Echinoderes_kohni             88.58%    failed      0.00%
   7  Enoplus_brevis                22.43%    failed      0.00%
   8  Epiperipatus                  56.34%    failed      0.00%
   9  Frakliniella_occidentalis      7.36%    failed      0.08%
  10  Gordius                       70.84%    failed      0.00%
  11  Halicryptus_spinolosus        13.41%    failed      0.00%
  12  Hypsibius_dujardini            3.51%    failed      0.00%
  13  Limulus_polyphemus            16.13%    failed      0.00%
  14  Manduca_sexta                  9.59%    failed      0.00%
  15  Meiopriapulus                 26.75%    failed      0.00%
  16  Mesobiotus_philippinicus      19.72%    failed      0.00%
  17  Milnesium_tardigradum         59.56%    failed      0.00%
  18  Neodiprion_lecontei            4.62%    failed      0.01%
  19  Ooperipatellus                72.91%    failed      0.00%
  20  Opisthopatus_kwazululandi     26.52%    failed      0.00%
  21  Paeneus_vanammei              12.28%    failed      0.00%
  22  Pamacea_canaliculata           5.42%    failed      0.02%
  23  Paragordius_varius            71.38%    failed      0.00%
  24  Parasteatoda_tepidariorum      3.65%    failed      0.00%
  25  Peripatoides                  73.44%    failed      0.00%
  26  Peripatoides_novaezelandiae   16.34%    failed      0.00%
  27  Peripatopsis_capensis         37.07%    failed      0.00%
  28  Pleomothra                    21.78%    failed      0.00%
  29  Pontonema_vulgare             24.88%    failed      0.00%
  30  Priapulus_caudatus            13.43%    failed      0.00%
  31  Prionchulus_punctatus         13.90%    failed      0.00%
  32  Pycnophyes                    76.53%    failed      0.00%
  33  Ramazzottius_varieornatus      3.20%    failed      0.00%
  34  Richtersius_coronifer          6.00%    failed      0.00%
  35  Romanomermis_culicivorax      36.04%    failed      0.00%
  36  Stegodyphus_mimosarum         15.16%    failed      0.00%
  37  Strigamia_maritima            13.05%    failed      0.00%
  38  Tachypleu                      8.55%    failed      0.00%
  39  Tobrilus                      23.43%    failed      0.00%
  40  Xiphinema_index               27.20%    failed      0.00%
WARNING: 10 sequences contain more than 50% gaps/ambiguity
****  TOTAL                         29.96%  40 sequences failed composition chi2 test (p-value<5%; df=19)
Checking for duplicate sequences: done in 0.0181298 secs using 3243% CPU
Reading model definition file tardigrada/1_infer/GTR20-UDM64fix.GTRPMIX.nex ... 87 models and 214 frequency vectors loaded
Reading input tree file tardigrada/1_infer/guide-LG.treefile ...

NOTE: 1561 MB RAM (1 GB) is required!
Estimate model parameters (epsilon = 0.100)
1. Initial log-likelihood: -2346674.675
2. Current log-likelihood: -2341341.085
3. Current log-likelihood: -2341289.595
4. Current log-likelihood: -2341289.058
Optimal log-likelihood: -2341289.045
Gamma shape alpha: 0.640
Parameters optimization took 4 rounds (15.948 sec)
Wrote distance file to... 

Do NNI search on 1 best initial trees

******************************************************
CHECKPOINT: Resuming analysis from tardigrada/matrix_40sp.fasta.ckp.gz

IQ-TREE version 3.0.0 for Linux x86 64-bit built Apr  4 2025
Developed by Bui Quang Minh, Thomas Wong, Nhan Ly-Trong, Huaiyan Ren
Contributed by Lam-Tung Nguyen, Dominik Schrempf, Chris Bielow,
Olga Chernomor, Michael Woodhams, Diep Thi Hoang, Heiko Schmidt

Host:    rona.rsb.anu.edu.au (AVX2, FMA3, 1007 GB RAM)
Command: ./iqtree3 -s tardigrada/matrix_40sp.fasta -m GTRUDM64 -mdef tardigrada/1_infer/GTRUDM64.nex -t tardigrada/1_infer/guide-LG.treefile -T 40
Seed:    916727 (Using SPRNG - Scalable Parallel Random Number Generator)
Time:    Sun Apr 27 14:37:40 2025
Kernel:  AVX+FMA - 40 threads (256 CPU cores detected)

WARNING: Command-line argument `GTRUDM64` differs from checkpoint `GTRPMIX+UDM0064CLR+G4`
WARNING: Command-line argument `tardigrada/1_infer/GTRUDM64.nex` differs from checkpoint `tardigrada/1_infer/GTR20-UDM64fix.GTRPMIX.nex`
WARNING: Command-line differs from checkpoint!
Reading alignment file tardigrada/matrix_40sp.fasta ... Fasta format detected
Reading fasta file: done in 0.0581772 secs using 86.29% CPU
Alignment most likely contains protein sequences
Constructing alignment: done in 0.166084 secs using 416.7% CPU
Alignment has 40 sequences with 70888 columns, 63149 distinct patterns
48785 parsimony-informative, 7670 singleton sites, 14433 constant sites
                             Gap/Ambiguity  Composition  p-value
Analyzing sequences: done in 0.0217254 secs using 3758% CPU
   1  Capitella_telata               5.00%    failed      0.00%
   2  Daphnia_magna                  9.79%    failed      0.06%
   3  Echiniscoides_sigismundi      49.39%    failed      0.00%
   4  Echiniscus_bisetosus          82.96%    failed      0.00%
   5  Echiniscus_testudo            50.24%    failed      0.00%
   6  Echinoderes_kohni             88.58%    failed      0.00%
   7  Enoplus_brevis                22.43%    failed      0.00%
   8  Epiperipatus                  56.34%    failed      0.00%
   9  Frakliniella_occidentalis      7.36%    failed      0.08%
  10  Gordius                       70.84%    failed      0.00%
  11  Halicryptus_spinolosus        13.41%    failed      0.00%
  12  Hypsibius_dujardini            3.51%    failed      0.00%
  13  Limulus_polyphemus            16.13%    failed      0.00%
  14  Manduca_sexta                  9.59%    failed      0.00%
  15  Meiopriapulus                 26.75%    failed      0.00%
  16  Mesobiotus_philippinicus      19.72%    failed      0.00%
  17  Milnesium_tardigradum         59.56%    failed      0.00%
  18  Neodiprion_lecontei            4.62%    failed      0.01%
  19  Ooperipatellus                72.91%    failed      0.00%
  20  Opisthopatus_kwazululandi     26.52%    failed      0.00%
  21  Paeneus_vanammei              12.28%    failed      0.00%
  22  Pamacea_canaliculata           5.42%    failed      0.02%
  23  Paragordius_varius            71.38%    failed      0.00%
  24  Parasteatoda_tepidariorum      3.65%    failed      0.00%
  25  Peripatoides                  73.44%    failed      0.00%
  26  Peripatoides_novaezelandiae   16.34%    failed      0.00%
  27  Peripatopsis_capensis         37.07%    failed      0.00%
  28  Pleomothra                    21.78%    failed      0.00%
  29  Pontonema_vulgare             24.88%    failed      0.00%
  30  Priapulus_caudatus            13.43%    failed      0.00%
  31  Prionchulus_punctatus         13.90%    failed      0.00%
  32  Pycnophyes                    76.53%    failed      0.00%
  33  Ramazzottius_varieornatus      3.20%    failed      0.00%
  34  Richtersius_coronifer          6.00%    failed      0.00%
  35  Romanomermis_culicivorax      36.04%    failed      0.00%
  36  Stegodyphus_mimosarum         15.16%    failed      0.00%
  37  Strigamia_maritima            13.05%    failed      0.00%
  38  Tachypleu                      8.55%    failed      0.00%
  39  Tobrilus                      23.43%    failed      0.00%
  40  Xiphinema_index               27.20%    failed      0.00%
WARNING: 10 sequences contain more than 50% gaps/ambiguity
****  TOTAL                         29.96%  40 sequences failed composition chi2 test (p-value<5%; df=19)
Checking for duplicate sequences: done in 0.0743639 secs using 746.9% CPU
Reading model definition file tardigrada/1_infer/GTRUDM64.nex ... 89 models and 278 frequency vectors loaded
Reading input tree file tardigrada/1_infer/guide-LG.treefile ...
Model GTRUDM64 is alias for GTRPMIX+G4{0.5609}+FMIX{UDM0064CLR_C0000:1.0:0.02727713454628415,UDM0064CLR_C0001:1.0:0.026957736839103404,UDM0064CLR_C0002:1.0:0.023113557291963724,UDM0064CLR_C0003:1.0:0.02249472423430103,UDM0064CLR_C0004:1.0:0.021604973478583242,UDM0064CLR_C0005:1.0:0.02141675697256602,UDM0064CLR_C0006:1.0:0.020934808646552217,UDM0064CLR_C0007:1.0:0.02056407916500314,UDM0064CLR_C0008:1.0:0.020187646152968686,UDM0064CLR_C0009:1.0:0.020002281412194147,UDM0064CLR_C0010:1.0:0.019956653168311186,UDM0064CLR_C0011:1.0:0.01959447898249016,UDM0064CLR_C0012:1.0:0.019454742485598586,UDM0064CLR_C0013:1.0:0.019352078936861916,UDM0064CLR_C0014:1.0:0.018830205897450523,UDM0064CLR_C0015:1.0:0.018738949409684593,UDM0064CLR_C0016:1.0:0.018542177607939313,UDM0064CLR_C0017:1.0:0.018405292876290422,UDM0064CLR_C0018:1.0:0.018148634004448754,UDM0064CLR_C0019:1.0:0.017968972794159585,UDM0064CLR_C0020:1.0:0.01772657274853134,UDM0064CLR_C0021:1.0:0.01708777733416985,UDM0064CLR_C0022:1.0:0.016799749044658644,UDM0064CLR_C0023:1.0:0.01648605486796327,UDM0064CLR_C0024:1.0:0.01589573946272743,UDM0064CLR_C0025:1.0:0.015713226487195572,UDM0064CLR_C0026:1.0:0.015701819426224832,UDM0064CLR_C0027:1.0:0.01565619118234187,UDM0064CLR_C0028:1.0:0.01551930645069298,UDM0064CLR_C0029:1.0:0.015419494667198996,UDM0064CLR_C0030:1.0:0.015399532310500199,UDM0064CLR_C0031:1.0:0.015140021673415844,UDM0064CLR_C0032:1.0:0.015105800490503621,UDM0064CLR_C0033:1.0:0.015057320481377973,UDM0064CLR_C0034:1.0:0.01495750869788399,UDM0064CLR_C0035:1.0:0.014840586322933896,UDM0064CLR_C0036:1.0:0.01477214395710945,UDM0064CLR_C0037:1.0:0.0145696686248788,UDM0064CLR_C0038:1.0:0.01450407802429704,UDM0064CLR_C0039:1.0:0.014392859179832317,UDM0064CLR_C0040:1.0:0.014324416814007871,UDM0064CLR_C0041:1.0:0.014284492100610278,UDM0064CLR_C0042:1.0:0.013962242628186848,UDM0064CLR_C0043:1.0:0.01385387554896481,UDM0064CLR_C0044:1.0:0.01354303313751212,UDM0064CLR_C0045:1.0:0.013255004848000913,UDM0064CLR_C0046:1.0:0.012921348314606741,UDM0064CLR_C0047:1.0:0.012761649461016369,UDM0064CLR_C0048:1.0:0.012507842354417384,UDM0064CLR_C0049:1.0:0.012311070552672105,UDM0064CLR_C0050:1.0:0.012065818741801175,UDM0064CLR_C0051:1.0:0.011700792790737467,UDM0064CLR_C0052:1.0:0.011640905720641076,UDM0064CLR_C0053:1.0:0.011372839787828666,UDM0064CLR_C0054:1.0:0.010742599669195232,UDM0064CLR_C0055:1.0:0.010582900815604859,UDM0064CLR_C0056:1.0:0.01045742314492671,UDM0064CLR_C0057:1.0:0.010349056065704671,UDM0064CLR_C0058:1.0:0.010229281925511893,UDM0064CLR_C0059:1.0:0.0096874465294017,UDM0064CLR_C0060:1.0:0.009328124108823362,UDM0064CLR_C0061:1.0:0.009040095819312154,UDM0064CLR_C0062:1.0:0.0077881708777733415,UDM0064CLR_C0063:1.0:0.006998231905549535}

NOTE: 99940 MB RAM (97 GB) is required!

******************************************************
CHECKPOINT: Resuming analysis from tardigrada/matrix_40sp.fasta.ckp.gz

IQ-TREE version 3.0.0 for Linux x86 64-bit built Apr  4 2025
Developed by Bui Quang Minh, Thomas Wong, Nhan Ly-Trong, Huaiyan Ren
Contributed by Lam-Tung Nguyen, Dominik Schrempf, Chris Bielow,
Olga Chernomor, Michael Woodhams, Diep Thi Hoang, Heiko Schmidt

Host:    rona.rsb.anu.edu.au (AVX2, FMA3, 1007 GB RAM)
Command: ./iqtree3 -s tardigrada/matrix_40sp.fasta -m GTRUDM64 -mdef tardigrada/1_infer/GTRUDM64.nex -t tardigrada/1_infer/guide-LG.treefile -T 40
Seed:    255106 (Using SPRNG - Scalable Parallel Random Number Generator)
Time:    Sun Apr 27 14:39:46 2025
Kernel:  AVX+FMA - 40 threads (256 CPU cores detected)

WARNING: Command-line argument `GTRUDM64` differs from checkpoint `GTRPMIX+UDM0064CLR+G4`
WARNING: Command-line argument `tardigrada/1_infer/GTRUDM64.nex` differs from checkpoint `tardigrada/1_infer/GTR20-UDM64fix.GTRPMIX.nex`
WARNING: Command-line differs from checkpoint!
Reading alignment file tardigrada/matrix_40sp.fasta ... Fasta format detected
Reading fasta file: done in 0.0631299 secs using 80.73% CPU
Alignment most likely contains protein sequences
Constructing alignment: done in 0.129606 secs using 449% CPU
Alignment has 40 sequences with 70888 columns, 63149 distinct patterns
48785 parsimony-informative, 7670 singleton sites, 14433 constant sites
                             Gap/Ambiguity  Composition  p-value
Analyzing sequences: done in 0.0120008 secs using 3901% CPU
   1  Capitella_telata               5.00%    failed      0.00%
   2  Daphnia_magna                  9.79%    failed      0.06%
   3  Echiniscoides_sigismundi      49.39%    failed      0.00%
   4  Echiniscus_bisetosus          82.96%    failed      0.00%
   5  Echiniscus_testudo            50.24%    failed      0.00%
   6  Echinoderes_kohni             88.58%    failed      0.00%
   7  Enoplus_brevis                22.43%    failed      0.00%
   8  Epiperipatus                  56.34%    failed      0.00%
   9  Frakliniella_occidentalis      7.36%    failed      0.08%
  10  Gordius                       70.84%    failed      0.00%
  11  Halicryptus_spinolosus        13.41%    failed      0.00%
  12  Hypsibius_dujardini            3.51%    failed      0.00%
  13  Limulus_polyphemus            16.13%    failed      0.00%
  14  Manduca_sexta                  9.59%    failed      0.00%
  15  Meiopriapulus                 26.75%    failed      0.00%
  16  Mesobiotus_philippinicus      19.72%    failed      0.00%
  17  Milnesium_tardigradum         59.56%    failed      0.00%
  18  Neodiprion_lecontei            4.62%    failed      0.01%
  19  Ooperipatellus                72.91%    failed      0.00%
  20  Opisthopatus_kwazululandi     26.52%    failed      0.00%
  21  Paeneus_vanammei              12.28%    failed      0.00%
  22  Pamacea_canaliculata           5.42%    failed      0.02%
  23  Paragordius_varius            71.38%    failed      0.00%
  24  Parasteatoda_tepidariorum      3.65%    failed      0.00%
  25  Peripatoides                  73.44%    failed      0.00%
  26  Peripatoides_novaezelandiae   16.34%    failed      0.00%
  27  Peripatopsis_capensis         37.07%    failed      0.00%
  28  Pleomothra                    21.78%    failed      0.00%
  29  Pontonema_vulgare             24.88%    failed      0.00%
  30  Priapulus_caudatus            13.43%    failed      0.00%
  31  Prionchulus_punctatus         13.90%    failed      0.00%
  32  Pycnophyes                    76.53%    failed      0.00%
  33  Ramazzottius_varieornatus      3.20%    failed      0.00%
  34  Richtersius_coronifer          6.00%    failed      0.00%
  35  Romanomermis_culicivorax      36.04%    failed      0.00%
  36  Stegodyphus_mimosarum         15.16%    failed      0.00%
  37  Strigamia_maritima            13.05%    failed      0.00%
  38  Tachypleu                      8.55%    failed      0.00%
  39  Tobrilus                      23.43%    failed      0.00%
  40  Xiphinema_index               27.20%    failed      0.00%
WARNING: 10 sequences contain more than 50% gaps/ambiguity
****  TOTAL                         29.96%  40 sequences failed composition chi2 test (p-value<5%; df=19)
Checking for duplicate sequences: done in 0.043663 secs using 1466% CPU
Reading model definition file tardigrada/1_infer/GTRUDM64.nex ... 89 models and 278 frequency vectors loaded
Reading input tree file tardigrada/1_infer/guide-LG.treefile ...
Model GTRUDM64 is alias for GTRPMIX+G4+FMIX{UDM0064CLR_C0000:1.0:0.02727713454628415,UDM0064CLR_C0001:1.0:0.026957736839103404,UDM0064CLR_C0002:1.0:0.023113557291963724,UDM0064CLR_C0003:1.0:0.02249472423430103,UDM0064CLR_C0004:1.0:0.021604973478583242,UDM0064CLR_C0005:1.0:0.02141675697256602,UDM0064CLR_C0006:1.0:0.020934808646552217,UDM0064CLR_C0007:1.0:0.02056407916500314,UDM0064CLR_C0008:1.0:0.020187646152968686,UDM0064CLR_C0009:1.0:0.020002281412194147,UDM0064CLR_C0010:1.0:0.019956653168311186,UDM0064CLR_C0011:1.0:0.01959447898249016,UDM0064CLR_C0012:1.0:0.019454742485598586,UDM0064CLR_C0013:1.0:0.019352078936861916,UDM0064CLR_C0014:1.0:0.018830205897450523,UDM0064CLR_C0015:1.0:0.018738949409684593,UDM0064CLR_C0016:1.0:0.018542177607939313,UDM0064CLR_C0017:1.0:0.018405292876290422,UDM0064CLR_C0018:1.0:0.018148634004448754,UDM0064CLR_C0019:1.0:0.017968972794159585,UDM0064CLR_C0020:1.0:0.01772657274853134,UDM0064CLR_C0021:1.0:0.01708777733416985,UDM0064CLR_C0022:1.0:0.016799749044658644,UDM0064CLR_C0023:1.0:0.01648605486796327,UDM0064CLR_C0024:1.0:0.01589573946272743,UDM0064CLR_C0025:1.0:0.015713226487195572,UDM0064CLR_C0026:1.0:0.015701819426224832,UDM0064CLR_C0027:1.0:0.01565619118234187,UDM0064CLR_C0028:1.0:0.01551930645069298,UDM0064CLR_C0029:1.0:0.015419494667198996,UDM0064CLR_C0030:1.0:0.015399532310500199,UDM0064CLR_C0031:1.0:0.015140021673415844,UDM0064CLR_C0032:1.0:0.015105800490503621,UDM0064CLR_C0033:1.0:0.015057320481377973,UDM0064CLR_C0034:1.0:0.01495750869788399,UDM0064CLR_C0035:1.0:0.014840586322933896,UDM0064CLR_C0036:1.0:0.01477214395710945,UDM0064CLR_C0037:1.0:0.0145696686248788,UDM0064CLR_C0038:1.0:0.01450407802429704,UDM0064CLR_C0039:1.0:0.014392859179832317,UDM0064CLR_C0040:1.0:0.014324416814007871,UDM0064CLR_C0041:1.0:0.014284492100610278,UDM0064CLR_C0042:1.0:0.013962242628186848,UDM0064CLR_C0043:1.0:0.01385387554896481,UDM0064CLR_C0044:1.0:0.01354303313751212,UDM0064CLR_C0045:1.0:0.013255004848000913,UDM0064CLR_C0046:1.0:0.012921348314606741,UDM0064CLR_C0047:1.0:0.012761649461016369,UDM0064CLR_C0048:1.0:0.012507842354417384,UDM0064CLR_C0049:1.0:0.012311070552672105,UDM0064CLR_C0050:1.0:0.012065818741801175,UDM0064CLR_C0051:1.0:0.011700792790737467,UDM0064CLR_C0052:1.0:0.011640905720641076,UDM0064CLR_C0053:1.0:0.011372839787828666,UDM0064CLR_C0054:1.0:0.010742599669195232,UDM0064CLR_C0055:1.0:0.010582900815604859,UDM0064CLR_C0056:1.0:0.01045742314492671,UDM0064CLR_C0057:1.0:0.010349056065704671,UDM0064CLR_C0058:1.0:0.010229281925511893,UDM0064CLR_C0059:1.0:0.0096874465294017,UDM0064CLR_C0060:1.0:0.009328124108823362,UDM0064CLR_C0061:1.0:0.009040095819312154,UDM0064CLR_C0062:1.0:0.0077881708777733415,UDM0064CLR_C0063:1.0:0.006998231905549535}

NOTE: 99940 MB RAM (97 GB) is required!
CHECKPOINT: Model parameters restored, LogL: -2200554.796
Wrote distance file to... 

Do NNI search on 1 best initial trees
Optimizing NNI: done in 623.667 secs using 3302% CPU
Estimate model parameters (epsilon = 0.100)
BETTER TREE FOUND at iteration 1: -2198749.964
Finish initializing candidate tree set (2)
Current best tree score: -2198749.964 / CPU time: 1137.868
Number of iterations: 1
--------------------------------------------------------------------
|               OPTIMIZING CANDIDATE TREE SET                      |
--------------------------------------------------------------------
Optimizing NNI: done in 966.779 secs using 3556% CPU
Optimizing NNI: done in 672.536 secs using 3629% CPU
Optimizing NNI: done in 1230.88 secs using 3409% CPU
Optimizing NNI: done in 1007.25 secs using 3449% CPU
Optimizing NNI: done in 1047.69 secs using 3446% CPU
Optimizing NNI: done in 1156.57 secs using 3411% CPU
Optimizing NNI: done in 1057.15 secs using 3341% CPU
Optimizing NNI: done in 1145.06 secs using 3356% CPU
Optimizing NNI: done in 871.342 secs using 3372% CPU
Iteration 10 / LogL: -2198771.775 / Time: 2h:52m:25s
Optimizing NNI: done in 979.835 secs using 3423% CPU
Optimizing NNI: done in 1236.14 secs using 3459% CPU
Optimizing NNI: done in 1278.39 secs using 3473% CPU
Optimizing NNI: done in 933.047 secs using 3551% CPU
Optimizing NNI: done in 957.155 secs using 3425% CPU
Optimizing NNI: done in 998.546 secs using 3434% CPU
Optimizing NNI: done in 1126.58 secs using 3484% CPU
Optimizing NNI: done in 926.256 secs using 3546% CPU
Optimizing NNI: done in 1010.26 secs using 3424% CPU
Optimizing NNI: done in 1236.23 secs using 3438% CPU
Iteration 20 / LogL: -2198767.160 / Time: 5h:51m:20s
Optimizing NNI: done in 760.487 secs using 3318% CPU
Optimizing NNI: done in 711.902 secs using 3496% CPU
Optimizing NNI: done in 963.687 secs using 3436% CPU
Optimizing NNI: done in 937.702 secs using 3366% CPU
Optimizing NNI: done in 752.12 secs using 3455% CPU
Optimizing NNI: done in 1372.86 secs using 3518% CPU
Optimizing NNI: done in 718.595 secs using 3632% CPU
Optimizing NNI: done in 989.184 secs using 3663% CPU
Optimizing NNI: done in 742.946 secs using 3678% CPU
Optimizing NNI: done in 901.445 secs using 3588% CPU
Iteration 30 / LogL: -2198762.336 / Time: 8h:19m:39s (20h:23m:18s left)
Optimizing NNI: done in 761.106 secs using 3756% CPU
Optimizing NNI: done in 614.343 secs using 3816% CPU
Optimizing NNI: done in 691.273 secs using 3804% CPU
Optimizing NNI: done in 792.914 secs using 3802% CPU
Optimizing NNI: done in 609.301 secs using 3822% CPU
Optimizing NNI: done in 562.156 secs using 3790% CPU
Optimizing NNI: done in 663.92 secs using 3657% CPU
Optimizing NNI: done in 608.926 secs using 3809% CPU
Optimizing NNI: done in 726.738 secs using 3828% CPU
Optimizing NNI: done in 591.884 secs using 3851% CPU
Iteration 40 / LogL: -2198768.615 / Time: 10h:10m:41s (15h:55m:10s left)
Optimizing NNI: done in 724.55 secs using 3823% CPU
Optimizing NNI: done in 707.35 secs using 3839% CPU
Optimizing NNI: done in 687.719 secs using 3851% CPU
Optimizing NNI: done in 881.162 secs using 3848% CPU
Optimizing NNI: done in 563.052 secs using 3826% CPU
Optimizing NNI: done in 924.046 secs using 3837% CPU
Optimizing NNI: done in 764.553 secs using 3551% CPU
Optimizing NNI: done in 704.443 secs using 3722% CPU
Optimizing NNI: done in 711.656 secs using 3843% CPU
Optimizing NNI: done in 585.34 secs using 3824% CPU
Iteration 50 / LogL: -2198770.760 / Time: 12h:12m:10s (12h:42m:3s left)
Optimizing NNI: done in 574.489 secs using 3779% CPU
Optimizing NNI: done in 775.881 secs using 3815% CPU
Optimizing NNI: done in 536.712 secs using 3813% CPU
Optimizing NNI: done in 687.265 secs using 3766% CPU
Optimizing NNI: done in 510.35 secs using 3813% CPU
Optimizing NNI: done in 761.225 secs using 3650% CPU
Optimizing NNI: done in 760.488 secs using 3759% CPU
Optimizing NNI: done in 834.717 secs using 3802% CPU
Optimizing NNI: done in 609.055 secs using 3821% CPU
Optimizing NNI: done in 723.568 secs using 3826% CPU
Iteration 60 / LogL: -2198761.797 / Time: 14h:5m:40s (9h:47m:40s left)
Optimizing NNI: done in 572.739 secs using 3837% CPU
Optimizing NNI: done in 699.224 secs using 3586% CPU
Optimizing NNI: done in 730.437 secs using 3634% CPU
Optimizing NNI: done in 508.651 secs using 3789% CPU
Optimizing NNI: done in 878.928 secs using 3835% CPU
Optimizing NNI: done in 891.678 secs using 3539% CPU
Optimizing NNI: done in 917.484 secs using 3683% CPU
Optimizing NNI: done in 530.711 secs using 3811% CPU
Optimizing NNI: done in 480.324 secs using 3834% CPU
Optimizing NNI: done in 662.68 secs using 3765% CPU
Iteration 70 / LogL: -2198806.963 / Time: 16h:0m:50s (7h:11m:41s left)
Optimizing NNI: done in 745.45 secs using 3752% CPU
Optimizing NNI: done in 619.278 secs using 3773% CPU
Optimizing NNI: done in 745.666 secs using 3648% CPU
Optimizing NNI: done in 517.245 secs using 3803% CPU
Optimizing NNI: done in 696.957 secs using 3755% CPU
Optimizing NNI: done in 755.014 secs using 3838% CPU
Optimizing NNI: done in 495.939 secs using 3796% CPU
Optimizing NNI: done in 504.486 secs using 3803% CPU
Optimizing NNI: done in 827.496 secs using 3773% CPU
Optimizing NNI: done in 866.275 secs using 3639% CPU
Iteration 80 / LogL: -2198761.148 / Time: 17h:54m:21s (4h:45m:35s left)
Optimizing NNI: done in 780.275 secs using 3800% CPU
Optimizing NNI: done in 637.318 secs using 3786% CPU
Optimizing NNI: done in 683.93 secs using 3738% CPU
Optimizing NNI: done in 702.299 secs using 3787% CPU
Optimizing NNI: done in 725.691 secs using 3741% CPU
Optimizing NNI: done in 696.356 secs using 3776% CPU
Optimizing NNI: done in 859.128 secs using 3626% CPU
Optimizing NNI: done in 716.521 secs using 3717% CPU
Optimizing NNI: done in 670.994 secs using 3738% CPU
Optimizing NNI: done in 640.631 secs using 3755% CPU
Iteration 90 / LogL: -2198768.943 / Time: 19h:53m:33s (2h:27m:31s left)
Optimizing NNI: done in 711.97 secs using 3790% CPU
Optimizing NNI: done in 848.652 secs using 3729% CPU
Optimizing NNI: done in 700.409 secs using 3752% CPU
Optimizing NNI: done in 783.748 secs using 3746% CPU
Optimizing NNI: done in 902.813 secs using 3203% CPU
Optimizing NNI: done in 823.246 secs using 3353% CPU
Optimizing NNI: done in 1079.87 secs using 3266% CPU
Optimizing NNI: done in 876.439 secs using 3310% CPU
Optimizing NNI: done in 588.591 secs using 3201% CPU
Optimizing NNI: done in 675.312 secs using 3725% CPU
Iteration 100 / LogL: -2198769.451 / Time: 22h:7m:24s (0h:13m:24s left)
Optimizing NNI: done in 858.6 secs using 3743% CPU
Optimizing NNI: done in 957.21 secs using 3789% CPU
TREE SEARCH COMPLETED AFTER 102 ITERATIONS / Time: 22h:37m:48s

--------------------------------------------------------------------
|                    FINALIZING TREE SEARCH                        |
--------------------------------------------------------------------
Performs final model parameters optimization
Estimate model parameters (epsilon = 0.010)
1. Initial log-likelihood: -2198749.964
Optimal log-likelihood: -2198749.959
Mixture weights: 0.027 0.027 0.023 0.022 0.022 0.021 0.021 0.021 0.020 0.020 0.020 0.020 0.019 0.019 0.019 0.019 0.019 0.018 0.018 0.018 0.018 0.017 0.017 0.016 0.016 0.016 0.016 0.016 0.016 0.015 0.015 0.015 0.015 0.015 0.015 0.015 0.015 0.015 0.015 0.014 0.014 0.014 0.014 0.014 0.014 0.013 0.013 0.013 0.013 0.012 0.012 0.012 0.012 0.011 0.011 0.011 0.010 0.010 0.010 0.010 0.009 0.009 0.008 0.007
Gamma shape alpha: 0.561
Parameters optimization took 1 rounds (68.492 sec)
BEST SCORE FOUND : -2198749.959
Total tree length: 16.181

Total number of iterations: 102
CPU time used for tree search: 2953775.412 sec (820h:29m:35s)
Wall-clock time used for tree search: 81457.810 sec (22h:37m:37s)
Total CPU time used: 2956493.700 sec (821h:14m:53s)
Total wall-clock time used: 81536.615 sec (22h:38m:56s)

Analysis results written to: 
  IQ-TREE report:                tardigrada/matrix_40sp.fasta.iqtree
  Maximum-likelihood tree:       tardigrada/matrix_40sp.fasta.treefile
  Screen log file:               tardigrada/matrix_40sp.fasta.log

Date and Time: Mon Apr 28 13:18:49 2025
