IQ-TREE multicore version 2.4.0 for Linux x86 64-bit built Feb  7 2025
Developed by Bui Quang Minh, Nguyen Lam Tung, Olga Chernomor, Heiko Schmidt,
Dominik Schrempf, Michael Woodhams, Ly Trong Nhan, Thomas Wong

Host:    rona.rsb.anu.edu.au (AVX2, FMA3, 1007 GB RAM)
Command: /data/yutong/iqtree2 -s tardigrada/matrix_40sp.fasta -fs tardigrada/1_infer/GTR20-UDM64opt-PMSF.sitefreq -m GTRUDM64OPT -mdef tardigrada/1_infer/GTRUDM64OPT.nex -safe -pre tardigrada/1_infer/GTR20_UDM64opt_PMSF -wsr -bb 1000 -nt 40
Seed:    351108 (Using SPRNG - Scalable Parallel Random Number Generator)
Time:    Sat Apr 19 15:46:06 2025
Kernel:  Safe AVX+FMA - 40 threads (256 CPU cores detected)

Reading alignment file tardigrada/matrix_40sp.fasta ... Fasta format detected
Reading fasta file: done in 0.057282 secs using 89.89% CPU
Alignment most likely contains protein sequences
Alignment has 40 sequences with 70888 columns, 63149 distinct patterns
48785 parsimony-informative, 7670 singleton sites, 14433 constant sites
                             Gap/Ambiguity  Composition  p-value
Analyzing sequences: done in 0.00900661 secs using 3570% CPU
   1  Capitella_telata               5.00%    failed      0.00%
   2  Daphnia_magna                  9.79%    failed      0.06%
   3  Echiniscoides_sigismundi      49.39%    failed      0.00%
   4  Echiniscus_bisetosus          82.96%    failed      0.00%
   5  Echiniscus_testudo            50.24%    failed      0.00%
   6  Echinoderes_kohni             88.58%    failed      0.00%
   7  Enoplus_brevis                22.43%    failed      0.00%
   8  Epiperipatus                  56.34%    failed      0.00%
   9  Frakliniella_occidentalis      7.36%    failed      0.08%
  10  Gordius                       70.84%    failed      0.00%
  11  Halicryptus_spinolosus        13.41%    failed      0.00%
  12  Hypsibius_dujardini            3.51%    failed      0.00%
  13  Limulus_polyphemus            16.13%    failed      0.00%
  14  Manduca_sexta                  9.59%    failed      0.00%
  15  Meiopriapulus                 26.75%    failed      0.00%
  16  Mesobiotus_philippinicus      19.72%    failed      0.00%
  17  Milnesium_tardigradum         59.56%    failed      0.00%
  18  Neodiprion_lecontei            4.62%    failed      0.01%
  19  Ooperipatellus                72.91%    failed      0.00%
  20  Opisthopatus_kwazululandi     26.52%    failed      0.00%
  21  Paeneus_vanammei              12.28%    failed      0.00%
  22  Pamacea_canaliculata           5.42%    failed      0.02%
  23  Paragordius_varius            71.38%    failed      0.00%
  24  Parasteatoda_tepidariorum      3.65%    failed      0.00%
  25  Peripatoides                  73.44%    failed      0.00%
  26  Peripatoides_novaezelandiae   16.34%    failed      0.00%
  27  Peripatopsis_capensis         37.07%    failed      0.00%
  28  Pleomothra                    21.78%    failed      0.00%
  29  Pontonema_vulgare             24.88%    failed      0.00%
  30  Priapulus_caudatus            13.43%    failed      0.00%
  31  Prionchulus_punctatus         13.90%    failed      0.00%
  32  Pycnophyes                    76.53%    failed      0.00%
  33  Ramazzottius_varieornatus      3.20%    failed      0.00%
  34  Richtersius_coronifer          6.00%    failed      0.00%
  35  Romanomermis_culicivorax      36.04%    failed      0.00%
  36  Stegodyphus_mimosarum         15.16%    failed      0.00%
  37  Strigamia_maritima            13.05%    failed      0.00%
  38  Tachypleu                      8.55%    failed      0.00%
  39  Tobrilus                      23.43%    failed      0.00%
  40  Xiphinema_index               27.20%    failed      0.00%
WARNING: 10 sequences contain more than 50% gaps/ambiguity
****  TOTAL                         29.96%  40 sequences failed composition chi2 test (p-value<5%; df=19)

Reading site-specific state frequency file tardigrada/1_infer/GTR20-UDM64opt-PMSF.sitefreq ...
63149 distinct per-site state frequency vectors detected
Reading model definition file tardigrada/1_infer/GTRUDM64OPT.nex ... 88 models and 278 frequency vectors loaded

Create initial parsimony tree by phylogenetic likelihood library (PLL)... 1.221 seconds
Generating 1000 samples for ultrafast bootstrap (seed: 351108)...
Model GTRUDM64OPT is alias for GTRPMIX+G4{0.5650}+FMIX{UDM0064CLR_C0000:1:0.0075277817,UDM0064CLR_C0001:1:0.0645250882,UDM0064CLR_C0002:1:0.0179860406,UDM0064CLR_C0003:1:0.0293409809,UDM0064CLR_C0004:1:0.0003056141,UDM0064CLR_C0005:1:0.0054073684,UDM0064CLR_C0006:1:0.0148673162,UDM0064CLR_C0007:1:0.0157580181,UDM0064CLR_C0008:1:0.0023500652,UDM0064CLR_C0009:1:0.0073446595,UDM0064CLR_C0010:1:0.0119445233,UDM0064CLR_C0011:1:0.0002457909,UDM0064CLR_C0012:1:0.0167639102,UDM0064CLR_C0013:1:0.0125874458,UDM0064CLR_C0014:1:0.0165536163,UDM0064CLR_C0015:1:0.0383747418,UDM0064CLR_C0016:1:0.0024331576,UDM0064CLR_C0017:1:0.0151511280,UDM0064CLR_C0018:1:0.0155058065,UDM0064CLR_C0019:1:0.0096607538,UDM0064CLR_C0020:1:0.0053592870,UDM0064CLR_C0021:1:0.0200201766,UDM0064CLR_C0022:1:0.0076278777,UDM0064CLR_C0023:1:0.0138141885,UDM0064CLR_C0024:1:0.0204705077,UDM0064CLR_C0025:1:0.0205114159,UDM0064CLR_C0026:1:0.0188957450,UDM0064CLR_C0027:1:0.0053362410,UDM0064CLR_C0028:1:0.0088055719,UDM0064CLR_C0029:1:0.0560742810,UDM0064CLR_C0030:1:0.0000005844,UDM0064CLR_C0031:1:0.0152201567,UDM0064CLR_C0032:1:0.0127840315,UDM0064CLR_C0033:1:0.0072111737,UDM0064CLR_C0034:1:0.0090691226,UDM0064CLR_C0035:1:0.0120222828,UDM0064CLR_C0036:1:0.0381560489,UDM0064CLR_C0037:1:0.0197963653,UDM0064CLR_C0038:1:0.0025369942,UDM0064CLR_C0039:1:0.0113607893,UDM0064CLR_C0040:1:0.0031819997,UDM0064CLR_C0041:1:0.0425827141,UDM0064CLR_C0042:1:0.0088589223,UDM0064CLR_C0043:1:0.0231073923,UDM0064CLR_C0044:1:0.0000369589,UDM0064CLR_C0045:1:0.0251158728,UDM0064CLR_C0046:1:0.0165017957,UDM0064CLR_C0047:1:0.0000022509,UDM0064CLR_C0048:1:0.0175431866,UDM0064CLR_C0049:1:0.0056108478,UDM0064CLR_C0050:1:0.0141097957,UDM0064CLR_C0051:1:0.0370061072,UDM0064CLR_C0052:1:0.0128759714,UDM0064CLR_C0053:1:0.0198121191,UDM0064CLR_C0054:1:0.0138387272,UDM0064CLR_C0055:1:0.0122015301,UDM0064CLR_C0056:1:0.0153757439,UDM0064CLR_C0057:1:0.0298440268,UDM0064CLR_C0058:1:0.0000092166,UDM0064CLR_C0059:1:0.0062223816,UDM0064CLR_C0060:1:0.0558512735,UDM0064CLR_C0061:1:0.0134532711,UDM0064CLR_C0062:1:0.0065331867,UDM0064CLR_C0063:1:0.0106180590}

NOTE: 2390 MB RAM (2 GB) is required!
Estimate model parameters (epsilon = 0.100)
1. Initial log-likelihood: -2051323.691
2. Current log-likelihood: -2000717.329
3. Current log-likelihood: -1999666.925
4. Current log-likelihood: -1999654.036
5. Current log-likelihood: -1999652.683
Optimal log-likelihood: -1999652.538
Gamma shape alpha: 0.565
Parameters optimization took 5 rounds (38.047 sec)
Wrote distance file to... 
Computing ML distances based on estimated model parameters...
Calculating distance matrix: done in 20.4872 secs using 2359% CPU
Computing ML distances took 20.498823 sec (of wall-clock time) 483.630207 sec (of CPU time)
Setting up auxiliary I and S matrices: done in 0.0554715 secs using 1963% CPU
Computing RapidNJ tree took 1.825602 sec (of wall-clock time) 25.780977 sec (of CPU time)
Log-likelihood of RapidNJ tree: -2000710.473
--------------------------------------------------------------------
|             INITIALIZING CANDIDATE TREE SET                      |
--------------------------------------------------------------------
Generating 98 parsimony trees... 86.930 second
Computing log-likelihood of 98 initial trees ... 281.293 seconds
Current best score: -1999652.538

Do NNI search on 20 best initial trees
Estimate model parameters (epsilon = 0.100)
BETTER TREE FOUND at iteration 1: -1999312.638
Iteration 10 / LogL: -1999354.787 / Time: 0h:15m:1s
Iteration 20 / LogL: -1999320.916 / Time: 0h:21m:43s
Finish initializing candidate tree set (2)
Current best tree score: -1999312.638 / CPU time: 1191.572
Number of iterations: 20
--------------------------------------------------------------------
|               OPTIMIZING CANDIDATE TREE SET                      |
--------------------------------------------------------------------
Iteration 30 / LogL: -1999346.819 / Time: 0h:29m:16s (1h:11m:37s left)
Iteration 40 / LogL: -1999315.958 / Time: 0h:36m:11s (0h:56m:35s left)
Iteration 50 / LogL: -1999322.460 / Time: 0h:43m:17s (0h:45m:2s left)
Log-likelihood cutoff on original alignment: -1999357.338
Iteration 60 / LogL: -1999328.654 / Time: 0h:51m:14s (0h:35m:35s left)
Iteration 70 / LogL: -1999393.171 / Time: 0h:58m:24s (0h:26m:13s left)
Iteration 80 / LogL: -1999347.133 / Time: 1h:4m:43s (0h:17m:11s left)
Iteration 90 / LogL: -1999325.159 / Time: 1h:10m:44s (0h:8m:44s left)
Iteration 100 / LogL: -1999321.381 / Time: 1h:16m:59s (0h:0m:46s left)
Log-likelihood cutoff on original alignment: -1999357.338
NOTE: Bootstrap correlation coefficient of split occurrence frequencies: 1.000
TREE SEARCH COMPLETED AFTER 102 ITERATIONS / Time: 1h:18m:17s

--------------------------------------------------------------------
|                    FINALIZING TREE SEARCH                        |
--------------------------------------------------------------------
Performs final model parameters optimization
Estimate model parameters (epsilon = 0.010)
1. Initial log-likelihood: -1999312.638
2. Current log-likelihood: -1999312.623
Optimal log-likelihood: -1999312.621
Gamma shape alpha: 0.565
Parameters optimization took 2 rounds (5.739 sec)
BEST SCORE FOUND : -1999312.621
Empirical proportions for each category: 0.286 0.199 0.264 0.251
Site rates printed to tardigrada/1_infer/GTR20_UDM64opt_PMSF.rate
Creating bootstrap support values...
Split supports printed to NEXUS file tardigrada/1_infer/GTR20_UDM64opt_PMSF.splits.nex
Total tree length: 15.189

Total number of iterations: 102
CPU time used for tree search: 167468.882 sec (46h:31m:8s)
Wall-clock time used for tree search: 4585.811 sec (1h:16m:25s)
Total CPU time used: 170565.929 sec (47h:22m:45s)
Total wall-clock time used: 4704.236 sec (1h:18m:24s)

Computing bootstrap consensus tree...
Reading input file tardigrada/1_infer/GTR20_UDM64opt_PMSF.splits.nex...
40 taxa and 84 splits.
Consensus tree written to tardigrada/1_infer/GTR20_UDM64opt_PMSF.contree
Reading input trees file tardigrada/1_infer/GTR20_UDM64opt_PMSF.contree
Log-likelihood of consensus tree: -1999312.621

Analysis results written to: 
  IQ-TREE report:                tardigrada/1_infer/GTR20_UDM64opt_PMSF.iqtree
  Maximum-likelihood tree:       tardigrada/1_infer/GTR20_UDM64opt_PMSF.treefile
  Likelihood distances:          tardigrada/1_infer/GTR20_UDM64opt_PMSF.mldist
  Site-specific rates:           tardigrada/1_infer/GTR20_UDM64opt_PMSF.rate

Ultrafast bootstrap approximation results written to:
  Split support values:          tardigrada/1_infer/GTR20_UDM64opt_PMSF.splits.nex
  Consensus tree:                tardigrada/1_infer/GTR20_UDM64opt_PMSF.contree
  Screen log file:               tardigrada/1_infer/GTR20_UDM64opt_PMSF.log

Date and Time: Sat Apr 19 17:04:58 2025
