IQ-TREE multicore version 2.4.0 for Linux x86 64-bit built Feb  7 2025
Developed by Bui Quang Minh, Nguyen Lam Tung, Olga Chernomor, Heiko Schmidt,
Dominik Schrempf, Michael Woodhams, Ly Trong Nhan, Thomas Wong

Host:    rona.rsb.anu.edu.au (AVX2, FMA3, 1007 GB RAM)
Command: ./iqtree2 -s tardigrada/matrix_40sp.fasta -ft tardigrada/1_infer/guide-LG.treefile -m LG+UDM0064CLR+G4 -mdef tardigrada/1_infer/udm_hssp_0064_clr_iqtree.nex -safe -pre tardigrada/1_infer/LG-UDM64HC-PMSF -n 0 -T 30
Seed:    333012 (Using SPRNG - Scalable Parallel Random Number Generator)
Time:    Wed Apr  2 13:40:49 2025
Kernel:  Safe AVX+FMA - 30 threads (256 CPU cores detected)

Reading alignment file tardigrada/matrix_40sp.fasta ... Fasta format detected
Reading fasta file: done in 0.0346848 secs using 85.01% CPU
Alignment most likely contains protein sequences
Alignment has 40 sequences with 70888 columns, 63149 distinct patterns
48785 parsimony-informative, 7670 singleton sites, 14433 constant sites
                             Gap/Ambiguity  Composition  p-value
Analyzing sequences: done in 0.00879164 secs using 2664% CPU
   1  Capitella_telata               5.00%    failed      0.00%
   2  Daphnia_magna                  9.79%    failed      0.06%
   3  Echiniscoides_sigismundi      49.39%    failed      0.00%
   4  Echiniscus_bisetosus          82.96%    failed      0.00%
   5  Echiniscus_testudo            50.24%    failed      0.00%
   6  Echinoderes_kohni             88.58%    failed      0.00%
   7  Enoplus_brevis                22.43%    failed      0.00%
   8  Epiperipatus                  56.34%    failed      0.00%
   9  Frakliniella_occidentalis      7.36%    failed      0.08%
  10  Gordius                       70.84%    failed      0.00%
  11  Halicryptus_spinolosus        13.41%    failed      0.00%
  12  Hypsibius_dujardini            3.51%    failed      0.00%
  13  Limulus_polyphemus            16.13%    failed      0.00%
  14  Manduca_sexta                  9.59%    failed      0.00%
  15  Meiopriapulus                 26.75%    failed      0.00%
  16  Mesobiotus_philippinicus      19.72%    failed      0.00%
  17  Milnesium_tardigradum         59.56%    failed      0.00%
  18  Neodiprion_lecontei            4.62%    failed      0.01%
  19  Ooperipatellus                72.91%    failed      0.00%
  20  Opisthopatus_kwazululandi     26.52%    failed      0.00%
  21  Paeneus_vanammei              12.28%    failed      0.00%
  22  Pamacea_canaliculata           5.42%    failed      0.02%
  23  Paragordius_varius            71.38%    failed      0.00%
  24  Parasteatoda_tepidariorum      3.65%    failed      0.00%
  25  Peripatoides                  73.44%    failed      0.00%
  26  Peripatoides_novaezelandiae   16.34%    failed      0.00%
  27  Peripatopsis_capensis         37.07%    failed      0.00%
  28  Pleomothra                    21.78%    failed      0.00%
  29  Pontonema_vulgare             24.88%    failed      0.00%
  30  Priapulus_caudatus            13.43%    failed      0.00%
  31  Prionchulus_punctatus         13.90%    failed      0.00%
  32  Pycnophyes                    76.53%    failed      0.00%
  33  Ramazzottius_varieornatus      3.20%    failed      0.00%
  34  Richtersius_coronifer          6.00%    failed      0.00%
  35  Romanomermis_culicivorax      36.04%    failed      0.00%
  36  Stegodyphus_mimosarum         15.16%    failed      0.00%
  37  Strigamia_maritima            13.05%    failed      0.00%
  38  Tachypleu                      8.55%    failed      0.00%
  39  Tobrilus                      23.43%    failed      0.00%
  40  Xiphinema_index               27.20%    failed      0.00%
WARNING: 10 sequences contain more than 50% gaps/ambiguity
****  TOTAL                         29.96%  40 sequences failed composition chi2 test (p-value<5%; df=19)

===> COMPUTING SITE FREQUENCY MODEL BASED ON TREE FILE tardigrada/1_infer/guide-LG.treefile
Reading model definition file tardigrada/1_infer/udm_hssp_0064_clr_iqtree.nex ... 88 models and 278 frequency vectors loaded
Model LG+UDM0064CLR+G4 is alias for LG+FMIX{UDM0064CLR_C0000:1.0:0.05171526268931628,UDM0064CLR_C0001:1.0:0.044875160145257977,UDM0064CLR_C0002:1.0:0.03261151410874933,UDM0064CLR_C0003:1.0:0.028702884083573153,UDM0064CLR_C0004:1.0:0.026023045589187655,UDM0064CLR_C0005:1.0:0.025489121618428298,UDM0064CLR_C0006:1.0:0.02491049109509339,UDM0064CLR_C0007:1.0:0.024274380718447074,UDM0064CLR_C0008:1.0:0.023852861794163367,UDM0064CLR_C0009:1.0:0.02350031869385336,UDM0064CLR_C0010:1.0:0.022786291182718237,UDM0064CLR_C0011:1.0:0.02187300018010354,UDM0064CLR_C0012:1.0:0.021226671162868527,UDM0064CLR_C0013:1.0:0.020939271896311454,UDM0064CLR_C0014:1.0:0.019997879632077845,UDM0064CLR_C0015:1.0:0.01901816746563663,UDM0064CLR_C0016:1.0:0.01900411683482717,UDM0064CLR_C0017:1.0:0.01835906514766574,UDM0064CLR_C0018:1.0:0.017924772922646166,UDM0064CLR_C0019:1.0:0.017022977890693756,UDM0064CLR_C0020:1.0:0.017019145900472994,UDM0064CLR_C0021:1.0:0.01661934158744027,UDM0064CLR_C0022:1.0:0.016031769753590254,UDM0064CLR_C0023:1.0:0.01563196544055753,UDM0064CLR_C0024:1.0:0.014772322301033487,UDM0064CLR_C0025:1.0:0.014656085264337072,UDM0064CLR_C0026:1.0:0.01461010138168794,UDM0064CLR_C0027:1.0:0.014583277450142615,UDM0064CLR_C0028:1.0:0.0143980645894725,UDM0064CLR_C0029:1.0:0.01391906581187738,UDM0064CLR_C0030:1.0:0.013842426007462163,UDM0064CLR_C0031:1.0:0.013632943875393896,UDM0064CLR_C0032:1.0:0.013585682662671178,UDM0064CLR_C0033:1.0:0.013285510095378237,UDM0064CLR_C0034:1.0:0.012620021127039418,UDM0064CLR_C0035:1.0:0.012103979777310274,UDM0064CLR_C0036:1.0:0.011769319298030484,UDM0064CLR_C0037:1.0:0.01153429056449048,UDM0064CLR_C0038:1.0:0.011513853283313088,UDM0064CLR_C0039:1.0:0.011206016735578625,UDM0064CLR_C0040:1.0:0.010835591014238399,UDM0064CLR_C0041:1.0:0.01064399150320035,UDM0064CLR_C0042:1.0:0.010489434564296326,UDM0064CLR_C0043:1.0:0.010351482916348931,UDM0064CLR_C0044:1.0:0.010339986945686648,UDM0064CLR_C0045:1.0:0.010236523209726102,UDM0064CLR_C0046:1.0:0.010020654427289902,UDM0064CLR_C0047:1.0:0.010011713116774793,UDM0064CLR_C0048:1.0:0.009965729234125661,UDM0064CLR_C0049:1.0:0.009615740793962827,UDM0064CLR_C0050:1.0:0.009394762691232279,UDM0064CLR_C0051:1.0:0.009146960656956403,UDM0064CLR_C0052:1.0:0.00908948080364499,UDM0064CLR_C0053:1.0:0.009029446290186401,UDM0064CLR_C0054:1.0:0.00896685711658064,UDM0064CLR_C0055:1.0:0.008959193136139116,UDM0064CLR_C0056:1.0:0.008914486583563572,UDM0064CLR_C0057:1.0:0.008765038964953896,UDM0064CLR_C0058:1.0:0.008583658094504542,UDM0064CLR_C0059:1.0:0.007854302622486374,UDM0064CLR_C0060:1.0:0.007519642143206584,UDM0064CLR_C0061:1.0:0.007289722729960926,UDM0064CLR_C0062:1.0:0.006589745849635258,UDM0064CLR_C0063:1.0:0.005943416832400243}+G4
NOTE: 99940 MB RAM is required!
1. Initial log-likelihood: -2215940.453
2. Current log-likelihood: -2207805.219
3. Current log-likelihood: -2207510.601
4. Current log-likelihood: -2207493.798
5. Current log-likelihood: -2207492.543
Optimal log-likelihood: -2207492.446
Mixture weights: 0.052 0.045 0.033 0.029 0.026 0.025 0.025 0.024 0.024 0.024 0.023 0.022 0.021 0.021 0.020 0.019 0.019 0.018 0.018 0.017 0.017 0.017 0.016 0.016 0.015 0.015 0.015 0.015 0.014 0.014 0.014 0.014 0.014 0.013 0.013 0.012 0.012 0.012 0.012 0.011 0.011 0.011 0.010 0.010 0.010 0.010 0.010 0.010 0.010 0.010 0.009 0.009 0.009 0.009 0.009 0.009 0.009 0.009 0.009 0.008 0.008 0.007 0.007 0.006
Gamma shape alpha: 0.554
Parameters optimization took 5 rounds (2389.057 sec)
Computing posterior mean site frequencies....
Site state frequency vectors printed to tardigrada/1_infer/LG-UDM64HC-PMSF.sitefreq

===> CONTINUE ANALYSIS USING THE INFERRED SITE FREQUENCY MODEL
Reading model definition file tardigrada/1_infer/udm_hssp_0064_clr_iqtree.nex ... 88 models and 278 frequency vectors loaded

Create initial parsimony tree by phylogenetic likelihood library (PLL)... 0.600 seconds
Model LG+UDM0064CLR+G4 is alias for LG+FMIX{UDM0064CLR_C0000:1.0:0.05171526268931628,UDM0064CLR_C0001:1.0:0.044875160145257977,UDM0064CLR_C0002:1.0:0.03261151410874933,UDM0064CLR_C0003:1.0:0.028702884083573153,UDM0064CLR_C0004:1.0:0.026023045589187655,UDM0064CLR_C0005:1.0:0.025489121618428298,UDM0064CLR_C0006:1.0:0.02491049109509339,UDM0064CLR_C0007:1.0:0.024274380718447074,UDM0064CLR_C0008:1.0:0.023852861794163367,UDM0064CLR_C0009:1.0:0.02350031869385336,UDM0064CLR_C0010:1.0:0.022786291182718237,UDM0064CLR_C0011:1.0:0.02187300018010354,UDM0064CLR_C0012:1.0:0.021226671162868527,UDM0064CLR_C0013:1.0:0.020939271896311454,UDM0064CLR_C0014:1.0:0.019997879632077845,UDM0064CLR_C0015:1.0:0.01901816746563663,UDM0064CLR_C0016:1.0:0.01900411683482717,UDM0064CLR_C0017:1.0:0.01835906514766574,UDM0064CLR_C0018:1.0:0.017924772922646166,UDM0064CLR_C0019:1.0:0.017022977890693756,UDM0064CLR_C0020:1.0:0.017019145900472994,UDM0064CLR_C0021:1.0:0.01661934158744027,UDM0064CLR_C0022:1.0:0.016031769753590254,UDM0064CLR_C0023:1.0:0.01563196544055753,UDM0064CLR_C0024:1.0:0.014772322301033487,UDM0064CLR_C0025:1.0:0.014656085264337072,UDM0064CLR_C0026:1.0:0.01461010138168794,UDM0064CLR_C0027:1.0:0.014583277450142615,UDM0064CLR_C0028:1.0:0.0143980645894725,UDM0064CLR_C0029:1.0:0.01391906581187738,UDM0064CLR_C0030:1.0:0.013842426007462163,UDM0064CLR_C0031:1.0:0.013632943875393896,UDM0064CLR_C0032:1.0:0.013585682662671178,UDM0064CLR_C0033:1.0:0.013285510095378237,UDM0064CLR_C0034:1.0:0.012620021127039418,UDM0064CLR_C0035:1.0:0.012103979777310274,UDM0064CLR_C0036:1.0:0.011769319298030484,UDM0064CLR_C0037:1.0:0.01153429056449048,UDM0064CLR_C0038:1.0:0.011513853283313088,UDM0064CLR_C0039:1.0:0.011206016735578625,UDM0064CLR_C0040:1.0:0.010835591014238399,UDM0064CLR_C0041:1.0:0.01064399150320035,UDM0064CLR_C0042:1.0:0.010489434564296326,UDM0064CLR_C0043:1.0:0.010351482916348931,UDM0064CLR_C0044:1.0:0.010339986945686648,UDM0064CLR_C0045:1.0:0.010236523209726102,UDM0064CLR_C0046:1.0:0.010020654427289902,UDM0064CLR_C0047:1.0:0.010011713116774793,UDM0064CLR_C0048:1.0:0.009965729234125661,UDM0064CLR_C0049:1.0:0.009615740793962827,UDM0064CLR_C0050:1.0:0.009394762691232279,UDM0064CLR_C0051:1.0:0.009146960656956403,UDM0064CLR_C0052:1.0:0.00908948080364499,UDM0064CLR_C0053:1.0:0.009029446290186401,UDM0064CLR_C0054:1.0:0.00896685711658064,UDM0064CLR_C0055:1.0:0.008959193136139116,UDM0064CLR_C0056:1.0:0.008914486583563572,UDM0064CLR_C0057:1.0:0.008765038964953896,UDM0064CLR_C0058:1.0:0.008583658094504542,UDM0064CLR_C0059:1.0:0.007854302622486374,UDM0064CLR_C0060:1.0:0.007519642143206584,UDM0064CLR_C0061:1.0:0.007289722729960926,UDM0064CLR_C0062:1.0:0.006589745849635258,UDM0064CLR_C0063:1.0:0.005943416832400243}+G4

NOTE: 2149 MB RAM (2 GB) is required!
Estimate model parameters (epsilon = 0.010)
1. Initial log-likelihood: -2147836.252
2. Current log-likelihood: -2077301.789
3. Current log-likelihood: -2076507.445
4. Current log-likelihood: -2076496.975
5. Current log-likelihood: -2076495.886
6. Current log-likelihood: -2076495.760
Optimal log-likelihood: -2076495.747
Gamma shape alpha: 0.538
Parameters optimization took 6 rounds (67.704 sec)
Wrote distance file to... 
BEST SCORE FOUND : -2076495.747
Total tree length: 15.094

Total number of iterations: 0
CPU time used for tree search: 0.000 sec (0h:0m:0s)
Wall-clock time used for tree search: 0.000 sec (0h:0m:0s)
Total CPU time used: 1586.978 sec (0h:26m:26s)
Total wall-clock time used: 83.151 sec (0h:1m:23s)

Analysis results written to: 
  IQ-TREE report:                tardigrada/1_infer/LG-UDM64HC-PMSF.iqtree
  Maximum-likelihood tree:       tardigrada/1_infer/LG-UDM64HC-PMSF.treefile
  Screen log file:               tardigrada/1_infer/LG-UDM64HC-PMSF.log

Date and Time: Wed Apr  2 14:22:11 2025
