IQ-TREE multicore version 2.4.0 for Linux x86 64-bit built Feb  7 2025
Developed by Bui Quang Minh, Nguyen Lam Tung, Olga Chernomor, Heiko Schmidt,
Dominik Schrempf, Michael Woodhams, Ly Trong Nhan, Thomas Wong

Host:    rona.rsb.anu.edu.au (AVX2, FMA3, 1007 GB RAM)
Command: ./iqtree2 -s tardigrada/matrix_40sp.fasta -m LG+UDM0064CLR+G4 -fs tardigrada/1_infer/LG-UDM64HC-PMSF.sitefreq -mdef tardigrada/1_infer/udm_hssp_0064_clr_iqtree.nex -wsr -bb 1000 -pre tardigrada/1_infer/LG_UDM64HC_PMSF -T 30
Seed:    776222 (Using SPRNG - Scalable Parallel Random Number Generator)
Time:    Wed Apr  2 14:46:36 2025
Kernel:  AVX+FMA - 30 threads (256 CPU cores detected)

Reading alignment file tardigrada/matrix_40sp.fasta ... Fasta format detected
Reading fasta file: done in 0.0706723 secs using 88.16% CPU
Alignment most likely contains protein sequences
Alignment has 40 sequences with 70888 columns, 63149 distinct patterns
48785 parsimony-informative, 7670 singleton sites, 14433 constant sites
                             Gap/Ambiguity  Composition  p-value
Analyzing sequences: done in 0.0082936 secs using 2842% CPU
   1  Capitella_telata               5.00%    failed      0.00%
   2  Daphnia_magna                  9.79%    failed      0.06%
   3  Echiniscoides_sigismundi      49.39%    failed      0.00%
   4  Echiniscus_bisetosus          82.96%    failed      0.00%
   5  Echiniscus_testudo            50.24%    failed      0.00%
   6  Echinoderes_kohni             88.58%    failed      0.00%
   7  Enoplus_brevis                22.43%    failed      0.00%
   8  Epiperipatus                  56.34%    failed      0.00%
   9  Frakliniella_occidentalis      7.36%    failed      0.08%
  10  Gordius                       70.84%    failed      0.00%
  11  Halicryptus_spinolosus        13.41%    failed      0.00%
  12  Hypsibius_dujardini            3.51%    failed      0.00%
  13  Limulus_polyphemus            16.13%    failed      0.00%
  14  Manduca_sexta                  9.59%    failed      0.00%
  15  Meiopriapulus                 26.75%    failed      0.00%
  16  Mesobiotus_philippinicus      19.72%    failed      0.00%
  17  Milnesium_tardigradum         59.56%    failed      0.00%
  18  Neodiprion_lecontei            4.62%    failed      0.01%
  19  Ooperipatellus                72.91%    failed      0.00%
  20  Opisthopatus_kwazululandi     26.52%    failed      0.00%
  21  Paeneus_vanammei              12.28%    failed      0.00%
  22  Pamacea_canaliculata           5.42%    failed      0.02%
  23  Paragordius_varius            71.38%    failed      0.00%
  24  Parasteatoda_tepidariorum      3.65%    failed      0.00%
  25  Peripatoides                  73.44%    failed      0.00%
  26  Peripatoides_novaezelandiae   16.34%    failed      0.00%
  27  Peripatopsis_capensis         37.07%    failed      0.00%
  28  Pleomothra                    21.78%    failed      0.00%
  29  Pontonema_vulgare             24.88%    failed      0.00%
  30  Priapulus_caudatus            13.43%    failed      0.00%
  31  Prionchulus_punctatus         13.90%    failed      0.00%
  32  Pycnophyes                    76.53%    failed      0.00%
  33  Ramazzottius_varieornatus      3.20%    failed      0.00%
  34  Richtersius_coronifer          6.00%    failed      0.00%
  35  Romanomermis_culicivorax      36.04%    failed      0.00%
  36  Stegodyphus_mimosarum         15.16%    failed      0.00%
  37  Strigamia_maritima            13.05%    failed      0.00%
  38  Tachypleu                      8.55%    failed      0.00%
  39  Tobrilus                      23.43%    failed      0.00%
  40  Xiphinema_index               27.20%    failed      0.00%
WARNING: 10 sequences contain more than 50% gaps/ambiguity
****  TOTAL                         29.96%  40 sequences failed composition chi2 test (p-value<5%; df=19)

Reading site-specific state frequency file tardigrada/1_infer/LG-UDM64HC-PMSF.sitefreq ...
63149 distinct per-site state frequency vectors detected
Reading model definition file tardigrada/1_infer/udm_hssp_0064_clr_iqtree.nex ... 88 models and 278 frequency vectors loaded

Create initial parsimony tree by phylogenetic likelihood library (PLL)... 1.663 seconds
Generating 1000 samples for ultrafast bootstrap (seed: 776222)...
Model LG+UDM0064CLR+G4 is alias for LG+FMIX{UDM0064CLR_C0000:1.0:0.05171526268931628,UDM0064CLR_C0001:1.0:0.044875160145257977,UDM0064CLR_C0002:1.0:0.03261151410874933,UDM0064CLR_C0003:1.0:0.028702884083573153,UDM0064CLR_C0004:1.0:0.026023045589187655,UDM0064CLR_C0005:1.0:0.025489121618428298,UDM0064CLR_C0006:1.0:0.02491049109509339,UDM0064CLR_C0007:1.0:0.024274380718447074,UDM0064CLR_C0008:1.0:0.023852861794163367,UDM0064CLR_C0009:1.0:0.02350031869385336,UDM0064CLR_C0010:1.0:0.022786291182718237,UDM0064CLR_C0011:1.0:0.02187300018010354,UDM0064CLR_C0012:1.0:0.021226671162868527,UDM0064CLR_C0013:1.0:0.020939271896311454,UDM0064CLR_C0014:1.0:0.019997879632077845,UDM0064CLR_C0015:1.0:0.01901816746563663,UDM0064CLR_C0016:1.0:0.01900411683482717,UDM0064CLR_C0017:1.0:0.01835906514766574,UDM0064CLR_C0018:1.0:0.017924772922646166,UDM0064CLR_C0019:1.0:0.017022977890693756,UDM0064CLR_C0020:1.0:0.017019145900472994,UDM0064CLR_C0021:1.0:0.01661934158744027,UDM0064CLR_C0022:1.0:0.016031769753590254,UDM0064CLR_C0023:1.0:0.01563196544055753,UDM0064CLR_C0024:1.0:0.014772322301033487,UDM0064CLR_C0025:1.0:0.014656085264337072,UDM0064CLR_C0026:1.0:0.01461010138168794,UDM0064CLR_C0027:1.0:0.014583277450142615,UDM0064CLR_C0028:1.0:0.0143980645894725,UDM0064CLR_C0029:1.0:0.01391906581187738,UDM0064CLR_C0030:1.0:0.013842426007462163,UDM0064CLR_C0031:1.0:0.013632943875393896,UDM0064CLR_C0032:1.0:0.013585682662671178,UDM0064CLR_C0033:1.0:0.013285510095378237,UDM0064CLR_C0034:1.0:0.012620021127039418,UDM0064CLR_C0035:1.0:0.012103979777310274,UDM0064CLR_C0036:1.0:0.011769319298030484,UDM0064CLR_C0037:1.0:0.01153429056449048,UDM0064CLR_C0038:1.0:0.011513853283313088,UDM0064CLR_C0039:1.0:0.011206016735578625,UDM0064CLR_C0040:1.0:0.010835591014238399,UDM0064CLR_C0041:1.0:0.01064399150320035,UDM0064CLR_C0042:1.0:0.010489434564296326,UDM0064CLR_C0043:1.0:0.010351482916348931,UDM0064CLR_C0044:1.0:0.010339986945686648,UDM0064CLR_C0045:1.0:0.010236523209726102,UDM0064CLR_C0046:1.0:0.010020654427289902,UDM0064CLR_C0047:1.0:0.010011713116774793,UDM0064CLR_C0048:1.0:0.009965729234125661,UDM0064CLR_C0049:1.0:0.009615740793962827,UDM0064CLR_C0050:1.0:0.009394762691232279,UDM0064CLR_C0051:1.0:0.009146960656956403,UDM0064CLR_C0052:1.0:0.00908948080364499,UDM0064CLR_C0053:1.0:0.009029446290186401,UDM0064CLR_C0054:1.0:0.00896685711658064,UDM0064CLR_C0055:1.0:0.008959193136139116,UDM0064CLR_C0056:1.0:0.008914486583563572,UDM0064CLR_C0057:1.0:0.008765038964953896,UDM0064CLR_C0058:1.0:0.008583658094504542,UDM0064CLR_C0059:1.0:0.007854302622486374,UDM0064CLR_C0060:1.0:0.007519642143206584,UDM0064CLR_C0061:1.0:0.007289722729960926,UDM0064CLR_C0062:1.0:0.006589745849635258,UDM0064CLR_C0063:1.0:0.005943416832400243}+G4

NOTE: 2390 MB RAM (2 GB) is required!
Estimate model parameters (epsilon = 0.100)
1. Initial log-likelihood: -2147836.251
2. Current log-likelihood: -2077301.788
3. Current log-likelihood: -2076507.445
4. Current log-likelihood: -2076496.974
5. Current log-likelihood: -2076495.885
Optimal log-likelihood: -2076495.776
Gamma shape alpha: 0.538
Parameters optimization took 5 rounds (58.794 sec)
Wrote distance file to... 
Computing ML distances based on estimated model parameters...
Calculating distance matrix: done in 15.9112 secs using 1734% CPU
Computing ML distances took 15.928657 sec (of wall-clock time) 276.375848 sec (of CPU time)
Setting up auxiliary I and S matrices: done in 0.0729111 secs using 1107% CPU
Computing RapidNJ tree took 1.565527 sec (of wall-clock time) 20.707752 sec (of CPU time)
Log-likelihood of RapidNJ tree: -2078008.394
--------------------------------------------------------------------
|             INITIALIZING CANDIDATE TREE SET                      |
--------------------------------------------------------------------
Generating 98 parsimony trees... 91.681 second
Computing log-likelihood of 98 initial trees ... 246.596 seconds
Current best score: -2076495.776

Do NNI search on 20 best initial trees
Estimate model parameters (epsilon = 0.100)
BETTER TREE FOUND at iteration 1: -2076117.624
Iteration 10 / LogL: -2076119.955 / Time: 0h:13m:56s
Iteration 20 / LogL: -2076132.951 / Time: 0h:21m:21s
Finish initializing candidate tree set (2)
Current best tree score: -2076117.624 / CPU time: 1147.207
Number of iterations: 20
--------------------------------------------------------------------
|               OPTIMIZING CANDIDATE TREE SET                      |
--------------------------------------------------------------------
Iteration 30 / LogL: -2076145.741 / Time: 0h:28m:24s (1h:9m:28s left)
Estimate model parameters (epsilon = 0.100)
UPDATE BEST LOG-LIKELIHOOD: -2076115.683
Iteration 40 / LogL: -2076148.818 / Time: 0h:34m:52s (0h:54m:29s left)
Iteration 50 / LogL: -2076128.608 / Time: 0h:41m:19s (0h:42m:59s left)
Log-likelihood cutoff on original alignment: -2076176.934
Iteration 60 / LogL: -2076143.141 / Time: 0h:47m:19s (0h:32m:51s left)
Iteration 70 / LogL: -2076129.366 / Time: 0h:53m:5s (0h:23m:50s left)
Iteration 80 / LogL: -2076144.017 / Time: 0h:58m:50s (0h:15m:37s left)
Iteration 90 / LogL: -2076120.513 / Time: 1h:5m:38s (0h:8m:6s left)
Iteration 100 / LogL: -2076128.093 / Time: 1h:11m:6s (0h:0m:43s left)
Log-likelihood cutoff on original alignment: -2076176.934
NOTE: Bootstrap correlation coefficient of split occurrence frequencies: 1.000
TREE SEARCH COMPLETED AFTER 102 ITERATIONS / Time: 1h:12m:28s

--------------------------------------------------------------------
|                    FINALIZING TREE SEARCH                        |
--------------------------------------------------------------------
Performs final model parameters optimization
Estimate model parameters (epsilon = 0.010)
1. Initial log-likelihood: -2076115.683
Optimal log-likelihood: -2076115.678
Gamma shape alpha: 0.537
Parameters optimization took 1 rounds (7.271 sec)
BEST SCORE FOUND : -2076115.678
Empirical proportions for each category: 0.284 0.211 0.267 0.238
Site rates printed to tardigrada/1_infer/LG_UDM64HC_PMSF.rate
Creating bootstrap support values...
Split supports printed to NEXUS file tardigrada/1_infer/LG_UDM64HC_PMSF.splits.nex
Total tree length: 15.114

Total number of iterations: 102
CPU time used for tree search: 119274.864 sec (33h:7m:54s)
Wall-clock time used for tree search: 4213.639 sec (1h:10m:13s)
Total CPU time used: 122206.854 sec (33h:56m:46s)
Total wall-clock time used: 4356.148 sec (1h:12m:36s)

Computing bootstrap consensus tree...
Reading input file tardigrada/1_infer/LG_UDM64HC_PMSF.splits.nex...
40 taxa and 83 splits.
Consensus tree written to tardigrada/1_infer/LG_UDM64HC_PMSF.contree
Reading input trees file tardigrada/1_infer/LG_UDM64HC_PMSF.contree
Log-likelihood of consensus tree: -2076115.678

Analysis results written to: 
  IQ-TREE report:                tardigrada/1_infer/LG_UDM64HC_PMSF.iqtree
  Maximum-likelihood tree:       tardigrada/1_infer/LG_UDM64HC_PMSF.treefile
  Likelihood distances:          tardigrada/1_infer/LG_UDM64HC_PMSF.mldist
  Site-specific rates:           tardigrada/1_infer/LG_UDM64HC_PMSF.rate

Ultrafast bootstrap approximation results written to:
  Split support values:          tardigrada/1_infer/LG_UDM64HC_PMSF.splits.nex
  Consensus tree:                tardigrada/1_infer/LG_UDM64HC_PMSF.contree
  Screen log file:               tardigrada/1_infer/LG_UDM64HC_PMSF.log

Date and Time: Wed Apr  2 15:59:47 2025
