IQ-TREE multicore version 2.4.0 for Linux x86 64-bit built Feb  7 2025
Developed by Bui Quang Minh, Nguyen Lam Tung, Olga Chernomor, Heiko Schmidt,
Dominik Schrempf, Michael Woodhams, Ly Trong Nhan, Thomas Wong

Host:    rona.rsb.anu.edu.au (AVX2, FMA3, 1007 GB RAM)
Command: ./iqtree2 -s tardigrada/matrix_40sp.fasta -fs tardigrada/1_infer/GTR20-MEOW60opt-PMSF.sitefreq -m GTRMEOW60 -mdef tardigrada/1_infer/GTRMEOW60.nex -T 40 -safe -pre tardigrada/1_infer/GTR20_MEOW60opt_PMSF -wsr -bb 1000
Seed:    2553 (Using SPRNG - Scalable Parallel Random Number Generator)
Time:    Thu Apr  3 11:19:20 2025
Kernel:  Safe AVX+FMA - 40 threads (256 CPU cores detected)

Reading alignment file tardigrada/matrix_40sp.fasta ... Fasta format detected
Reading fasta file: done in 0.0631558 secs using 93.02% CPU
Alignment most likely contains protein sequences
Alignment has 40 sequences with 70888 columns, 63149 distinct patterns
48785 parsimony-informative, 7670 singleton sites, 14433 constant sites
                             Gap/Ambiguity  Composition  p-value
Analyzing sequences: done in 0.0189577 secs using 4201% CPU
   1  Capitella_telata               5.00%    failed      0.00%
   2  Daphnia_magna                  9.79%    failed      0.06%
   3  Echiniscoides_sigismundi      49.39%    failed      0.00%
   4  Echiniscus_bisetosus          82.96%    failed      0.00%
   5  Echiniscus_testudo            50.24%    failed      0.00%
   6  Echinoderes_kohni             88.58%    failed      0.00%
   7  Enoplus_brevis                22.43%    failed      0.00%
   8  Epiperipatus                  56.34%    failed      0.00%
   9  Frakliniella_occidentalis      7.36%    failed      0.08%
  10  Gordius                       70.84%    failed      0.00%
  11  Halicryptus_spinolosus        13.41%    failed      0.00%
  12  Hypsibius_dujardini            3.51%    failed      0.00%
  13  Limulus_polyphemus            16.13%    failed      0.00%
  14  Manduca_sexta                  9.59%    failed      0.00%
  15  Meiopriapulus                 26.75%    failed      0.00%
  16  Mesobiotus_philippinicus      19.72%    failed      0.00%
  17  Milnesium_tardigradum         59.56%    failed      0.00%
  18  Neodiprion_lecontei            4.62%    failed      0.01%
  19  Ooperipatellus                72.91%    failed      0.00%
  20  Opisthopatus_kwazululandi     26.52%    failed      0.00%
  21  Paeneus_vanammei              12.28%    failed      0.00%
  22  Pamacea_canaliculata           5.42%    failed      0.02%
  23  Paragordius_varius            71.38%    failed      0.00%
  24  Parasteatoda_tepidariorum      3.65%    failed      0.00%
  25  Peripatoides                  73.44%    failed      0.00%
  26  Peripatoides_novaezelandiae   16.34%    failed      0.00%
  27  Peripatopsis_capensis         37.07%    failed      0.00%
  28  Pleomothra                    21.78%    failed      0.00%
  29  Pontonema_vulgare             24.88%    failed      0.00%
  30  Priapulus_caudatus            13.43%    failed      0.00%
  31  Prionchulus_punctatus         13.90%    failed      0.00%
  32  Pycnophyes                    76.53%    failed      0.00%
  33  Ramazzottius_varieornatus      3.20%    failed      0.00%
  34  Richtersius_coronifer          6.00%    failed      0.00%
  35  Romanomermis_culicivorax      36.04%    failed      0.00%
  36  Stegodyphus_mimosarum         15.16%    failed      0.00%
  37  Strigamia_maritima            13.05%    failed      0.00%
  38  Tachypleu                      8.55%    failed      0.00%
  39  Tobrilus                      23.43%    failed      0.00%
  40  Xiphinema_index               27.20%    failed      0.00%
WARNING: 10 sequences contain more than 50% gaps/ambiguity
****  TOTAL                         29.96%  40 sequences failed composition chi2 test (p-value<5%; df=19)

Reading site-specific state frequency file tardigrada/1_infer/GTR20-MEOW60opt-PMSF.sitefreq ...
63149 distinct per-site state frequency vectors detected
Reading model definition file tardigrada/1_infer/GTRMEOW60.nex ... 88 models and 274 frequency vectors loaded

Create initial parsimony tree by phylogenetic likelihood library (PLL)... 0.738 seconds
Generating 1000 samples for ultrafast bootstrap (seed: 2553)...
Model GTRMEOW60 is alias for GTRPMIX+G4{0.9866}+FMIX{ESclass1:1:0.0160,ESclass2:1:0.0079,ESclass3:1:0.0161,ESclass4:1:0.0082,ESclass5:1:0.0061,ESclass6:1:0.0235,ESclass7:1:0.0132,ESclass8:1:0.0127,ESclass9:1:0.0170,ESclass10:1:0.0050,ESclass11:1:0.0060,ESclass12:1:0.0173,ESclass13:1:0.0191,ESclass14:1:0.0300,ESclass15:1:0.0082,ESclass16:1:0.0157,ESclass17:1:0.0129,ESclass18:1:0.0087,ESclass19:1:0.0161,ESclass20:1:0.0064,ESclass21:1:0.0164,ESclass22:1:0.0088,ESclass23:1:0.0054,ESclass24:1:0.0160,ESclass25:1:0.0126,ESclass26:1:0.0072,ESclass27:1:0.0088,ESclass28:1:0.0102,ESclass29:1:0.0365,ESclass30:1:0.0195,ESclass31:1:0.0047,ESclass32:1:0.0062,ESclass33:1:0.0187,ESclass34:1:0.0098,ESclass35:1:0.0027,ESclass36:1:0.0387,ESclass37:1:0.0060,ESclass38:1:0.0044,ESclass39:1:0.0188,ESclass40:1:0.0391,ESclass41:1:0.0202,ESclass42:1:0.0068,ESclass43:1:0.0100,ESclass44:1:0.0021,ESclass45:1:0.0148,ESclass46:1:0.0162,ESclass47:1:0.0656,ESclass48:1:0.0064,ESclass49:1:0.0161,ESclass50:1:0.0148,ESclass51:1:0.0046,ESclass52:1:0.0091,ESclass53:1:0.0168,ESclass54:1:0.1095,ESclass55:1:0.0075,ESclass56:1:0.0109,ESclass57:1:0.0087,ESclass58:1:0.0044,ESclass59:1:0.0819,ESclass60:1:0.0168}

NOTE: 2390 MB RAM (2 GB) is required!
Estimate model parameters (epsilon = 0.100)
1. Initial log-likelihood: -2118672.478
2. Current log-likelihood: -2057601.110
3. Current log-likelihood: -2056881.059
4. Current log-likelihood: -2056872.674
5. Current log-likelihood: -2056871.957
Optimal log-likelihood: -2056871.892
Gamma shape alpha: 0.987
Parameters optimization took 5 rounds (26.503 sec)
Wrote distance file to... 
Computing ML distances based on estimated model parameters...
Calculating distance matrix: done in 19.9924 secs using 2522% CPU
Computing ML distances took 20.006997 sec (of wall-clock time) 504.676623 sec (of CPU time)
Setting up auxiliary I and S matrices: done in 0.0441248 secs using 2503% CPU
Computing RapidNJ tree took 2.108363 sec (of wall-clock time) 51.351525 sec (of CPU time)
Log-likelihood of RapidNJ tree: -2061967.943
--------------------------------------------------------------------
|             INITIALIZING CANDIDATE TREE SET                      |
--------------------------------------------------------------------
Generating 98 parsimony trees... 70.441 second
Computing log-likelihood of 98 initial trees ... 118.730 seconds
Current best score: -2056871.892

Do NNI search on 20 best initial trees
Estimate model parameters (epsilon = 0.100)
BETTER TREE FOUND at iteration 1: -2056570.068
Iteration 10 / LogL: -2056579.066 / Time: 0h:9m:21s
Iteration 20 / LogL: -2056581.047 / Time: 0h:13m:58s
Finish initializing candidate tree set (2)
Current best tree score: -2056570.068 / CPU time: 754.228
Number of iterations: 20
--------------------------------------------------------------------
|               OPTIMIZING CANDIDATE TREE SET                      |
--------------------------------------------------------------------
Iteration 30 / LogL: -2056577.503 / Time: 0h:18m:37s (0h:45m:33s left)
Iteration 40 / LogL: -2056575.160 / Time: 0h:23m:40s (0h:36m:59s left)
Iteration 50 / LogL: -2056599.072 / Time: 0h:29m:14s (0h:30m:24s left)
Log-likelihood cutoff on original alignment: -2056623.895
Iteration 60 / LogL: -2056576.907 / Time: 0h:36m:5s (0h:25m:4s left)
Iteration 70 / LogL: -2056580.996 / Time: 0h:42m:34s (0h:19m:7s left)
Iteration 80 / LogL: -2056628.124 / Time: 0h:47m:35s (0h:12m:38s left)
Iteration 90 / LogL: -2056585.907 / Time: 0h:52m:28s (0h:6m:28s left)
Iteration 100 / LogL: -2056576.883 / Time: 0h:57m:31s (0h:0m:34s left)
Log-likelihood cutoff on original alignment: -2056623.895
NOTE: Bootstrap correlation coefficient of split occurrence frequencies: 1.000
TREE SEARCH COMPLETED AFTER 102 ITERATIONS / Time: 0h:58m:33s

--------------------------------------------------------------------
|                    FINALIZING TREE SEARCH                        |
--------------------------------------------------------------------
Performs final model parameters optimization
Estimate model parameters (epsilon = 0.010)
1. Initial log-likelihood: -2056570.068
Optimal log-likelihood: -2056570.056
Gamma shape alpha: 0.987
Parameters optimization took 1 rounds (2.192 sec)
BEST SCORE FOUND : -2056570.056
Empirical proportions for each category: 0.380 0.184 0.192 0.244
Site rates printed to tardigrada/1_infer/GTR20_MEOW60opt_PMSF.rate
Creating bootstrap support values...
Split supports printed to NEXUS file tardigrada/1_infer/GTR20_MEOW60opt_PMSF.splits.nex
Total tree length: 15.721

Total number of iterations: 102
CPU time used for tree search: 132209.248 sec (36h:43m:29s)
Wall-clock time used for tree search: 3429.865 sec (0h:57m:9s)
Total CPU time used: 134484.475 sec (37h:21m:24s)
Total wall-clock time used: 3516.684 sec (0h:58m:36s)

Computing bootstrap consensus tree...
Reading input file tardigrada/1_infer/GTR20_MEOW60opt_PMSF.splits.nex...
40 taxa and 87 splits.
Consensus tree written to tardigrada/1_infer/GTR20_MEOW60opt_PMSF.contree
Reading input trees file tardigrada/1_infer/GTR20_MEOW60opt_PMSF.contree
Log-likelihood of consensus tree: -2056570.055

Analysis results written to: 
  IQ-TREE report:                tardigrada/1_infer/GTR20_MEOW60opt_PMSF.iqtree
  Maximum-likelihood tree:       tardigrada/1_infer/GTR20_MEOW60opt_PMSF.treefile
  Likelihood distances:          tardigrada/1_infer/GTR20_MEOW60opt_PMSF.mldist
  Site-specific rates:           tardigrada/1_infer/GTR20_MEOW60opt_PMSF.rate

Ultrafast bootstrap approximation results written to:
  Split support values:          tardigrada/1_infer/GTR20_MEOW60opt_PMSF.splits.nex
  Consensus tree:                tardigrada/1_infer/GTR20_MEOW60opt_PMSF.contree
  Screen log file:               tardigrada/1_infer/GTR20_MEOW60opt_PMSF.log

Date and Time: Thu Apr  3 12:18:16 2025
