IQ-TREE multicore version 2.4.0 for Linux x86 64-bit built Feb  7 2025
Developed by Bui Quang Minh, Nguyen Lam Tung, Olga Chernomor, Heiko Schmidt,
Dominik Schrempf, Michael Woodhams, Ly Trong Nhan, Thomas Wong

Host:    rona.rsb.anu.edu.au (AVX2, FMA3, 1007 GB RAM)
Command: ./iqtree2 -s tardigrada/matrix_40sp.fasta -m GTR20+ESmodel+G4 --link-exchange --init-exchange LG -mdef tardigrada/meow60.nex -te tardigrada/paper.contree -me 0.99 -T 40 -safe -mwopt -pre tardigrada/1_infer/GTR20-MEOW60opt
Seed:    247587 (Using SPRNG - Scalable Parallel Random Number Generator)
Time:    Mon Mar 31 10:53:27 2025
Kernel:  Safe AVX+FMA - 40 threads (256 CPU cores detected)

Reading alignment file tardigrada/matrix_40sp.fasta ... Fasta format detected
Reading fasta file: done in 0.0631683 secs using 93.33% CPU
Alignment most likely contains protein sequences
Alignment has 40 sequences with 70888 columns, 63149 distinct patterns
48785 parsimony-informative, 7670 singleton sites, 14433 constant sites
                             Gap/Ambiguity  Composition  p-value
Analyzing sequences: done in 0.00865314 secs using 5495% CPU
   1  Capitella_telata               5.00%    failed      0.00%
   2  Daphnia_magna                  9.79%    failed      0.06%
   3  Echiniscoides_sigismundi      49.39%    failed      0.00%
   4  Echiniscus_bisetosus          82.96%    failed      0.00%
   5  Echiniscus_testudo            50.24%    failed      0.00%
   6  Echinoderes_kohni             88.58%    failed      0.00%
   7  Enoplus_brevis                22.43%    failed      0.00%
   8  Epiperipatus                  56.34%    failed      0.00%
   9  Frakliniella_occidentalis      7.36%    failed      0.08%
  10  Gordius                       70.84%    failed      0.00%
  11  Halicryptus_spinolosus        13.41%    failed      0.00%
  12  Hypsibius_dujardini            3.51%    failed      0.00%
  13  Limulus_polyphemus            16.13%    failed      0.00%
  14  Manduca_sexta                  9.59%    failed      0.00%
  15  Meiopriapulus                 26.75%    failed      0.00%
  16  Mesobiotus_philippinicus      19.72%    failed      0.00%
  17  Milnesium_tardigradum         59.56%    failed      0.00%
  18  Neodiprion_lecontei            4.62%    failed      0.01%
  19  Ooperipatellus                72.91%    failed      0.00%
  20  Opisthopatus_kwazululandi     26.52%    failed      0.00%
  21  Paeneus_vanammei              12.28%    failed      0.00%
  22  Pamacea_canaliculata           5.42%    failed      0.02%
  23  Paragordius_varius            71.38%    failed      0.00%
  24  Parasteatoda_tepidariorum      3.65%    failed      0.00%
  25  Peripatoides                  73.44%    failed      0.00%
  26  Peripatoides_novaezelandiae   16.34%    failed      0.00%
  27  Peripatopsis_capensis         37.07%    failed      0.00%
  28  Pleomothra                    21.78%    failed      0.00%
  29  Pontonema_vulgare             24.88%    failed      0.00%
  30  Priapulus_caudatus            13.43%    failed      0.00%
  31  Prionchulus_punctatus         13.90%    failed      0.00%
  32  Pycnophyes                    76.53%    failed      0.00%
  33  Ramazzottius_varieornatus      3.20%    failed      0.00%
  34  Richtersius_coronifer          6.00%    failed      0.00%
  35  Romanomermis_culicivorax      36.04%    failed      0.00%
  36  Stegodyphus_mimosarum         15.16%    failed      0.00%
  37  Strigamia_maritima            13.05%    failed      0.00%
  38  Tachypleu                      8.55%    failed      0.00%
  39  Tobrilus                      23.43%    failed      0.00%
  40  Xiphinema_index               27.20%    failed      0.00%
WARNING: 10 sequences contain more than 50% gaps/ambiguity
****  TOTAL                         29.96%  40 sequences failed composition chi2 test (p-value<5%; df=19)
Reading model definition file tardigrada/meow60.nex ... 87 models and 274 frequency vectors loaded
Reading input tree file tardigrada/paper.contree ...
Model GTR20+ESmodel+G4 is alias for GTR20+FMIX{ESclass1,ESclass2,ESclass3,ESclass4,ESclass5,ESclass6,ESclass7,ESclass8,ESclass9,ESclass10,ESclass11,ESclass12,ESclass13,ESclass14,ESclass15,ESclass16,ESclass17,ESclass18,ESclass19,ESclass20,ESclass21,ESclass22,ESclass23,ESclass24,ESclass25,ESclass26,ESclass27,ESclass28,ESclass29,ESclass30,ESclass31,ESclass32,ESclass33,ESclass34,ESclass35,ESclass36,ESclass37,ESclass38,ESclass39,ESclass40,ESclass41,ESclass42,ESclass43,ESclass44,ESclass45,ESclass46,ESclass47,ESclass48,ESclass49,ESclass50,ESclass51,ESclass52,ESclass53,ESclass54,ESclass55,ESclass56,ESclass57,ESclass58,ESclass59,ESclass60}+G4
WARNING: Normalizing State frequencies so that sum of them equals to 1
WARNING: Normalizing State frequencies so that sum of them equals to 1

NOTE: 93694 MB RAM (91 GB) is required!
Estimate model parameters (epsilon = 0.990)
1. Initial log-likelihood: -2184370.733
Restart estimation at the boundary... multiplying all values up
Restart estimation at the boundary... multiplying all values up
Restart estimation at the boundary... multiplying all values up
2. Current log-likelihood: -2153309.388
3. Current log-likelihood: -2151397.219
Restart estimation at the boundary... multiplying all values up
Restart estimation at the boundary... multiplying all values up
Restart estimation at the boundary... multiplying all values up
4. Current log-likelihood: -2151085.891
Restart estimation at the boundary... multiplying all values up
Restart estimation at the boundary... multiplying all values up
Restart estimation at the boundary... multiplying all values up
5. Current log-likelihood: -2151060.780
6. Current log-likelihood: -2151054.671
Restart estimation at the boundary... multiplying all values up
Restart estimation at the boundary... multiplying all values up
Restart estimation at the boundary... multiplying all values up
7. Current log-likelihood: -2150992.890
Restart estimation at the boundary... multiplying all values up
Restart estimation at the boundary... multiplying all values up
Restart estimation at the boundary... multiplying all values up
8. Current log-likelihood: -2150969.533
9. Current log-likelihood: -2150963.497
Restart estimation at the boundary... multiplying all values by random double
Restart estimation at the boundary... multiplying all values by random double
Restart estimation at the boundary... multiplying all values by random double
10. Current log-likelihood: -2150952.393
Restart estimation at the boundary... multiplying all values down
Restart estimation at the boundary... multiplying all values up
Restart estimation at the boundary... multiplying all values down
11. Current log-likelihood: -2150935.804
12. Current log-likelihood: -2150933.963
Optimal log-likelihood: -2150933.414
Mixture weights: 0.016 0.008 0.016 0.008 0.006 0.024 0.013 0.013 0.017 0.005 0.006 0.017 0.019 0.030 0.008 0.016 0.013 0.009 0.016 0.006 0.016 0.009 0.005 0.016 0.013 0.007 0.009 0.010 0.036 0.019 0.005 0.006 0.019 0.010 0.003 0.039 0.006 0.004 0.019 0.039 0.020 0.007 0.010 0.002 0.015 0.016 0.066 0.006 0.016 0.015 0.005 0.009 0.017 0.110 0.008 0.011 0.009 0.004 0.082 0.017
Gamma shape alpha: 0.987
Parameters optimization took 12 rounds (257203.728 sec)
Wrote distance file to... 
BEST SCORE FOUND : -2150933.414
Total tree length: 22.617

Total number of iterations: 0
CPU time used for tree search: 0.000 sec (0h:0m:0s)
Wall-clock time used for tree search: 0.000 sec (0h:0m:0s)
Total CPU time used: 9114960.597 sec (2531h:56m:0s)
Total wall-clock time used: 257203.815 sec (71h:26m:43s)

Analysis results written to: 
  IQ-TREE report:                tardigrada/1_infer/GTR20-MEOW60opt.iqtree
  Maximum-likelihood tree:       tardigrada/1_infer/GTR20-MEOW60opt.treefile
  Screen log file:               tardigrada/1_infer/GTR20-MEOW60opt.log
  GTRPMIX nex file:              tardigrada/1_infer/GTR20-MEOW60opt.GTRPMIX.nex

Date and Time: Thu Apr  3 10:20:16 2025
