IQ-TREE multicore version 2.3.6.5.ml for Linux x86 64-bit built Sep 11 2024
Developed by Bui Quang Minh, Nguyen Lam Tung, Olga Chernomor, Heiko Schmidt,
Dominik Schrempf, Michael Woodhams, Ly Trong Nhan, Thomas Wong

Host:    rona.rsb.anu.edu.au (AVX2, FMA3, 1007 GB RAM)
Command: ./iqtree2 --alisim tradigrada/2_simulation/Poisson_C60opt/poic60opt --seqtype AA -m C60opt -mdef tradigrada/1_infer/C60opt.nex -t tradigrada/1_infer/Poisson-C60opt.treefile --length 70888 --out-format fasta --num-alignments 100 -T 20
Seed:    222344 (Using SPRNG - Scalable Parallel Random Number Generator)
Time:    Thu Mar 20 13:39:28 2025
Kernel:  AVX+FMA - 20 threads (256 CPU cores detected)

[Alignment Simulator] Executing
Reading model definition file tradigrada/1_infer/C60opt.nex ... 87 models and 274 frequency vectors loaded
Model C60opt is alias for POISSON+G4{0.6012430499}+FMIX{C60_pi1:1:0.0201778931,C60_pi2:1:0.0328566366,C60_pi3:1:0.0231314327,C60_pi4:1:0.0095596322,C60_pi5:1:0.0148166894,C60_pi6:1:0.0097622038,C60_pi7:1:0.0084440690,C60_pi8:1:0.0102798648,C60_pi9:1:0.0026087290,C60_pi10:1:0.0160752384,C60_pi11:1:0.0435165706,C60_pi12:1:0.0081389173,C60_pi13:1:0.0103665755,C60_pi14:1:0.0119395355,C60_pi15:1:0.0000063796,C60_pi16:1:0.0096106602,C60_pi17:1:0.0110343738,C60_pi18:1:0.0374101011,C60_pi19:1:0.0274872496,C60_pi20:1:0.0147534735,C60_pi21:1:0.0068010478,C60_pi22:1:0.0133772699,C60_pi23:1:0.0133129846,C60_pi24:1:0.0191938632,C60_pi25:1:0.0219530040,C60_pi26:1:0.0095826796,C60_pi27:1:0.0323065003,C60_pi28:1:0.0233101183,C60_pi29:1:0.0157393590,C60_pi30:1:0.0149812688,C60_pi31:1:0.0158300686,C60_pi32:1:0.0143830871,C60_pi33:1:0.0079384430,C60_pi34:1:0.0506051277,C60_pi35:1:0.0351670596,C60_pi36:1:0.0279150840,C60_pi37:1:0.0207820557,C60_pi38:1:0.0224018086,C60_pi39:1:0.0093744193,C60_pi40:1:0.0300708148,C60_pi41:1:0.0087097631,C60_pi42:1:0.0057819865,C60_pi43:1:0.0466535687,C60_pi44:1:0.0103833320,C60_pi45:1:0.0043300890,C60_pi46:1:0.0002674216,C60_pi47:1:0.0149682182,C60_pi48:1:0.0084921318,C60_pi49:1:0.0160656837,C60_pi50:1:0.0059612300,C60_pi51:1:0.0290989298,C60_pi52:1:0.0095416255,C60_pi53:1:0.0097492808,C60_pi54:1:0.0174285699,C60_pi55:1:0.0265117776,C60_pi56:1:0.0276138708,C60_pi57:1:0.0021600545,C60_pi58:1:0.0152021946,C60_pi59:1:0.0076984209,C60_pi60:1:0.0063795614}
WARNING: Your input class weight 6.3796e-06 is very small and may cause numerical issues
WARNING: Your input class weight 0.000267422 is very small and may cause numerical issues
 - Tree filepath: tradigrada/1_infer/Poisson-C60opt.treefile
 - Length of output sequences: 70888
 - Model: C60opt
 - Number of output datasets: 100
SUBSTITUTION PROCESS
--------------------

Mixture model of substitution: C60opt+G4

  No  Component      Rate    Weight   Parameters
   1  POISSON+FC60_pi1  1.000    0.020    POISSON+FC60_pi1
   2  POISSON+FC60_pi2  1.000    0.033    POISSON+FC60_pi2
   3  POISSON+FC60_pi3  1.000    0.023    POISSON+FC60_pi3
   4  POISSON+FC60_pi4  1.000    0.010    POISSON+FC60_pi4
   5  POISSON+FC60_pi5  1.000    0.015    POISSON+FC60_pi5
   6  POISSON+FC60_pi6  1.000    0.010    POISSON+FC60_pi6
   7  POISSON+FC60_pi7  1.000    0.008    POISSON+FC60_pi7
   8  POISSON+FC60_pi8  1.000    0.010    POISSON+FC60_pi8
   9  POISSON+FC60_pi9  1.000    0.003    POISSON+FC60_pi9
  10  POISSON+FC60_pi10  1.000    0.016    POISSON+FC60_pi10
  11  POISSON+FC60_pi11  1.000    0.044    POISSON+FC60_pi11
  12  POISSON+FC60_pi12  1.000    0.008    POISSON+FC60_pi12
  13  POISSON+FC60_pi13  1.000    0.010    POISSON+FC60_pi13
  14  POISSON+FC60_pi14  1.000    0.012    POISSON+FC60_pi14
  15  POISSON+FC60_pi15  1.000    0.000    POISSON+FC60_pi15
  16  POISSON+FC60_pi16  1.000    0.010    POISSON+FC60_pi16
  17  POISSON+FC60_pi17  1.000    0.011    POISSON+FC60_pi17
  18  POISSON+FC60_pi18  1.000    0.037    POISSON+FC60_pi18
  19  POISSON+FC60_pi19  1.000    0.027    POISSON+FC60_pi19
  20  POISSON+FC60_pi20  1.000    0.015    POISSON+FC60_pi20
  21  POISSON+FC60_pi21  1.000    0.007    POISSON+FC60_pi21
  22  POISSON+FC60_pi22  1.000    0.013    POISSON+FC60_pi22
  23  POISSON+FC60_pi23  1.000    0.013    POISSON+FC60_pi23
  24  POISSON+FC60_pi24  1.000    0.019    POISSON+FC60_pi24
  25  POISSON+FC60_pi25  1.000    0.022    POISSON+FC60_pi25
  26  POISSON+FC60_pi26  1.000    0.010    POISSON+FC60_pi26
  27  POISSON+FC60_pi27  1.000    0.032    POISSON+FC60_pi27
  28  POISSON+FC60_pi28  1.000    0.023    POISSON+FC60_pi28
  29  POISSON+FC60_pi29  1.000    0.016    POISSON+FC60_pi29
  30  POISSON+FC60_pi30  1.000    0.015    POISSON+FC60_pi30
  31  POISSON+FC60_pi31  1.000    0.016    POISSON+FC60_pi31
  32  POISSON+FC60_pi32  1.000    0.014    POISSON+FC60_pi32
  33  POISSON+FC60_pi33  1.000    0.008    POISSON+FC60_pi33
  34  POISSON+FC60_pi34  1.000    0.051    POISSON+FC60_pi34
  35  POISSON+FC60_pi35  1.000    0.035    POISSON+FC60_pi35
  36  POISSON+FC60_pi36  1.000    0.028    POISSON+FC60_pi36
  37  POISSON+FC60_pi37  1.000    0.021    POISSON+FC60_pi37
  38  POISSON+FC60_pi38  1.000    0.022    POISSON+FC60_pi38
  39  POISSON+FC60_pi39  1.000    0.009    POISSON+FC60_pi39
  40  POISSON+FC60_pi40  1.000    0.030    POISSON+FC60_pi40
  41  POISSON+FC60_pi41  1.000    0.009    POISSON+FC60_pi41
  42  POISSON+FC60_pi42  1.000    0.006    POISSON+FC60_pi42
  43  POISSON+FC60_pi43  1.000    0.047    POISSON+FC60_pi43
  44  POISSON+FC60_pi44  1.000    0.010    POISSON+FC60_pi44
  45  POISSON+FC60_pi45  1.000    0.004    POISSON+FC60_pi45
  46  POISSON+FC60_pi46  1.000    0.000    POISSON+FC60_pi46
  47  POISSON+FC60_pi47  1.000    0.015    POISSON+FC60_pi47
  48  POISSON+FC60_pi48  1.000    0.008    POISSON+FC60_pi48
  49  POISSON+FC60_pi49  1.000    0.016    POISSON+FC60_pi49
  50  POISSON+FC60_pi50  1.000    0.006    POISSON+FC60_pi50
  51  POISSON+FC60_pi51  1.000    0.029    POISSON+FC60_pi51
  52  POISSON+FC60_pi52  1.000    0.010    POISSON+FC60_pi52
  53  POISSON+FC60_pi53  1.000    0.010    POISSON+FC60_pi53
  54  POISSON+FC60_pi54  1.000    0.017    POISSON+FC60_pi54
  55  POISSON+FC60_pi55  1.000    0.027    POISSON+FC60_pi55
  56  POISSON+FC60_pi56  1.000    0.028    POISSON+FC60_pi56
  57  POISSON+FC60_pi57  1.000    0.002    POISSON+FC60_pi57
  58  POISSON+FC60_pi58  1.000    0.015    POISSON+FC60_pi58
  59  POISSON+FC60_pi59  1.000    0.008    POISSON+FC60_pi59
  60  POISSON+FC60_pi60  1.000    0.006    POISSON+FC60_pi60

Model of rate heterogeneity: Gamma with 4 categories
Gamma shape alpha: 0.601

 Category  Relative_rate  Proportion
  1         0.053          0.250
  2         0.313          0.250
  3         0.882          0.250
  4         2.752          0.250
Relative rates are computed as MEAN of the portion of the Gamma distribution falling in the category.

[Alignment Simulator] Done
Simulation time: 11.166s
Date and Time: Thu Mar 20 13:39:39 2025
