IQ-TREE multicore version 2.4.0 for Linux x86 64-bit built Feb  7 2025
Developed by Bui Quang Minh, Nguyen Lam Tung, Olga Chernomor, Heiko Schmidt,
Dominik Schrempf, Michael Woodhams, Ly Trong Nhan, Thomas Wong

Host:    rona.rsb.anu.edu.au (AVX2, FMA3, 1007 GB RAM)
Command: /data/yutong/iqtree2 -s tardigrada/matrix_40sp.fasta -m LG+C10+G4 -fs tardigrada/1_infer/LG-C10fix-PMSF.sitefreq -wsr -bb 1000 -pre tardigrada/1_infer/LG_C10fix_PMSF -nt 40
Seed:    457619 (Using SPRNG - Scalable Parallel Random Number Generator)
Time:    Tue Apr  8 18:08:41 2025
Kernel:  AVX+FMA - 40 threads (256 CPU cores detected)

Reading alignment file tardigrada/matrix_40sp.fasta ... Fasta format detected
Reading fasta file: done in 0.031099 secs using 70.44% CPU
Alignment most likely contains protein sequences
Alignment has 40 sequences with 70888 columns, 63149 distinct patterns
48785 parsimony-informative, 7670 singleton sites, 14433 constant sites
                             Gap/Ambiguity  Composition  p-value
Analyzing sequences: done in 0.0189477 secs using 4114% CPU
   1  Capitella_telata               5.00%    failed      0.00%
   2  Daphnia_magna                  9.79%    failed      0.06%
   3  Echiniscoides_sigismundi      49.39%    failed      0.00%
   4  Echiniscus_bisetosus          82.96%    failed      0.00%
   5  Echiniscus_testudo            50.24%    failed      0.00%
   6  Echinoderes_kohni             88.58%    failed      0.00%
   7  Enoplus_brevis                22.43%    failed      0.00%
   8  Epiperipatus                  56.34%    failed      0.00%
   9  Frakliniella_occidentalis      7.36%    failed      0.08%
  10  Gordius                       70.84%    failed      0.00%
  11  Halicryptus_spinolosus        13.41%    failed      0.00%
  12  Hypsibius_dujardini            3.51%    failed      0.00%
  13  Limulus_polyphemus            16.13%    failed      0.00%
  14  Manduca_sexta                  9.59%    failed      0.00%
  15  Meiopriapulus                 26.75%    failed      0.00%
  16  Mesobiotus_philippinicus      19.72%    failed      0.00%
  17  Milnesium_tardigradum         59.56%    failed      0.00%
  18  Neodiprion_lecontei            4.62%    failed      0.01%
  19  Ooperipatellus                72.91%    failed      0.00%
  20  Opisthopatus_kwazululandi     26.52%    failed      0.00%
  21  Paeneus_vanammei              12.28%    failed      0.00%
  22  Pamacea_canaliculata           5.42%    failed      0.02%
  23  Paragordius_varius            71.38%    failed      0.00%
  24  Parasteatoda_tepidariorum      3.65%    failed      0.00%
  25  Peripatoides                  73.44%    failed      0.00%
  26  Peripatoides_novaezelandiae   16.34%    failed      0.00%
  27  Peripatopsis_capensis         37.07%    failed      0.00%
  28  Pleomothra                    21.78%    failed      0.00%
  29  Pontonema_vulgare             24.88%    failed      0.00%
  30  Priapulus_caudatus            13.43%    failed      0.00%
  31  Prionchulus_punctatus         13.90%    failed      0.00%
  32  Pycnophyes                    76.53%    failed      0.00%
  33  Ramazzottius_varieornatus      3.20%    failed      0.00%
  34  Richtersius_coronifer          6.00%    failed      0.00%
  35  Romanomermis_culicivorax      36.04%    failed      0.00%
  36  Stegodyphus_mimosarum         15.16%    failed      0.00%
  37  Strigamia_maritima            13.05%    failed      0.00%
  38  Tachypleu                      8.55%    failed      0.00%
  39  Tobrilus                      23.43%    failed      0.00%
  40  Xiphinema_index               27.20%    failed      0.00%
WARNING: 10 sequences contain more than 50% gaps/ambiguity
****  TOTAL                         29.96%  40 sequences failed composition chi2 test (p-value<5%; df=19)

Reading site-specific state frequency file tardigrada/1_infer/LG-C10fix-PMSF.sitefreq ...
63149 distinct per-site state frequency vectors detected

Create initial parsimony tree by phylogenetic likelihood library (PLL)... 1.885 seconds
Generating 1000 samples for ultrafast bootstrap (seed: 457619)...
Model LG+C10+G4 is alias for LG+POISSON+G+FMIX{C10pi1:1:0.1191344178,C10pi2:1:0.0874372456,C10pi3:1:0.1037105070,C10pi4:1:0.0922584809,C10pi5:1:0.1070492801,C10pi6:1:0.1329945166,C10pi7:1:0.0538028458,C10pi8:1:0.0691986212,C10pi9:1:0.1319937434,C10pi10:1:0.1024203429}+G4

NOTE: 2390 MB RAM (2 GB) is required!
Estimate model parameters (epsilon = 0.100)
1. Initial log-likelihood: -2188265.390
2. Current log-likelihood: -2092030.906
3. Current log-likelihood: -2089643.362
4. Current log-likelihood: -2089594.714
5. Current log-likelihood: -2089592.417
6. Current log-likelihood: -2089592.213
Optimal log-likelihood: -2089592.166
Gamma shape alpha: 0.456
Parameters optimization took 6 rounds (87.135 sec)
Wrote distance file to... 
Computing ML distances based on estimated model parameters...
Calculating distance matrix: done in 12.864 secs using 1682% CPU
Computing ML distances took 12.876075 sec (of wall-clock time) 216.677553 sec (of CPU time)
Setting up auxiliary I and S matrices: done in 0.0519262 secs using 2012% CPU
Computing RapidNJ tree took 1.901374 sec (of wall-clock time) 36.947357 sec (of CPU time)
Log-likelihood of RapidNJ tree: -2090896.265
--------------------------------------------------------------------
|             INITIALIZING CANDIDATE TREE SET                      |
--------------------------------------------------------------------
Generating 98 parsimony trees... 165.470 second
Computing log-likelihood of 98 initial trees ... 289.686 seconds
Current best score: -2089592.166

Do NNI search on 20 best initial trees
Estimate model parameters (epsilon = 0.100)
BETTER TREE FOUND at iteration 1: -2089195.403
Iteration 10 / LogL: -2089230.472 / Time: 0h:18m:23s
Iteration 20 / LogL: -2089292.631 / Time: 0h:28m:12s
Finish initializing candidate tree set (3)
Current best tree score: -2089195.403 / CPU time: 1529.182
Number of iterations: 20
--------------------------------------------------------------------
|               OPTIMIZING CANDIDATE TREE SET                      |
--------------------------------------------------------------------
Iteration 30 / LogL: -2089207.154 / Time: 0h:38m:43s (1h:34m:43s left)
Iteration 40 / LogL: -2089207.730 / Time: 0h:50m:24s (1h:18m:47s left)
Iteration 50 / LogL: -2089228.579 / Time: 1h:2m:28s (1h:4m:59s left)
Log-likelihood cutoff on original alignment: -2089304.374
Iteration 60 / LogL: -2089200.307 / Time: 1h:12m:9s (0h:50m:7s left)
Iteration 70 / LogL: -2089209.818 / Time: 1h:22m:30s (0h:37m:3s left)
Iteration 80 / LogL: -2089211.305 / Time: 1h:33m:42s (0h:24m:54s left)
Iteration 90 / LogL: -2089223.520 / Time: 1h:45m:3s (0h:12m:58s left)
Iteration 100 / LogL: -2089202.324 / Time: 1h:56m:22s (0h:1m:10s left)
Log-likelihood cutoff on original alignment: -2089304.374
NOTE: Bootstrap correlation coefficient of split occurrence frequencies: 1.000
TREE SEARCH COMPLETED AFTER 102 ITERATIONS / Time: 1h:58m:26s

--------------------------------------------------------------------
|                    FINALIZING TREE SEARCH                        |
--------------------------------------------------------------------
Performs final model parameters optimization
Estimate model parameters (epsilon = 0.010)
1. Initial log-likelihood: -2089195.403
Optimal log-likelihood: -2089195.400
Gamma shape alpha: 0.456
Parameters optimization took 1 rounds (8.250 sec)
BEST SCORE FOUND : -2089195.400
Empirical proportions for each category: 0.284 0.235 0.269 0.212
Site rates printed to tardigrada/1_infer/LG_C10fix_PMSF.rate
Creating bootstrap support values...
Split supports printed to NEXUS file tardigrada/1_infer/LG_C10fix_PMSF.splits.nex
Total tree length: 22.067

Total number of iterations: 102
CPU time used for tree search: 259064.974 sec (71h:57m:44s)
Wall-clock time used for tree search: 6943.054 sec (1h:55m:43s)
Total CPU time used: 263792.256 sec (73h:16m:32s)
Total wall-clock time used: 7115.624 sec (1h:58m:35s)

Computing bootstrap consensus tree...
Reading input file tardigrada/1_infer/LG_C10fix_PMSF.splits.nex...
40 taxa and 87 splits.
Consensus tree written to tardigrada/1_infer/LG_C10fix_PMSF.contree
Reading input trees file tardigrada/1_infer/LG_C10fix_PMSF.contree
Log-likelihood of consensus tree: -2089195.400

Analysis results written to: 
  IQ-TREE report:                tardigrada/1_infer/LG_C10fix_PMSF.iqtree
  Maximum-likelihood tree:       tardigrada/1_infer/LG_C10fix_PMSF.treefile
  Likelihood distances:          tardigrada/1_infer/LG_C10fix_PMSF.mldist
  Site-specific rates:           tardigrada/1_infer/LG_C10fix_PMSF.rate

Ultrafast bootstrap approximation results written to:
  Split support values:          tardigrada/1_infer/LG_C10fix_PMSF.splits.nex
  Consensus tree:                tardigrada/1_infer/LG_C10fix_PMSF.contree
  Screen log file:               tardigrada/1_infer/LG_C10fix_PMSF.log

Date and Time: Tue Apr  8 20:08:01 2025
