IQ-TREE multicore version 2.3.6.5.ml for Linux x86 64-bit built Sep 11 2024
Developed by Bui Quang Minh, Nguyen Lam Tung, Olga Chernomor, Heiko Schmidt,
Dominik Schrempf, Michael Woodhams, Ly Trong Nhan, Thomas Wong

Host:    rona.rsb.anu.edu.au (AVX2, FMA3, 1007 GB RAM)
Command: ./iqtree2 -s tradigrada/matrix_40sp.fasta -m Poisson+C60+G4 -fs tradigrada/1_infer/Poisson-C60fix-PMSF.sitefreq -wsr -bb 1000 -pre Poisson_C60fix_PMSF -T 30
Seed:    251317 (Using SPRNG - Scalable Parallel Random Number Generator)
Time:    Sat Mar  8 09:46:36 2025
Kernel:  AVX+FMA - 30 threads (256 CPU cores detected)

Reading alignment file tradigrada/matrix_40sp.fasta ... Fasta format detected
Reading fasta file: done in 0.0523937 secs using 84.61% CPU
Alignment most likely contains protein sequences
Constructing alignment: done in 0.26791 secs using 151.1% CPU
Alignment has 40 sequences with 70888 columns, 63149 distinct patterns
48785 parsimony-informative, 7670 singleton sites, 14433 constant sites
                             Gap/Ambiguity  Composition  p-value
Analyzing sequences: done in 0.0313058 secs using 2182% CPU
   1  Capitella_telata               5.00%    failed      0.00%
   2  Daphnia_magna                  9.79%    failed      0.06%
   3  Echiniscoides_sigismundi      49.39%    failed      0.00%
   4  Echiniscus_bisetosus          82.96%    failed      0.00%
   5  Echiniscus_testudo            50.24%    failed      0.00%
   6  Echinoderes_kohni             88.58%    failed      0.00%
   7  Enoplus_brevis                22.43%    failed      0.00%
   8  Epiperipatus                  56.34%    failed      0.00%
   9  Frakliniella_occidentalis      7.36%    failed      0.08%
  10  Gordius                       70.84%    failed      0.00%
  11  Halicryptus_spinolosus        13.41%    failed      0.00%
  12  Hypsibius_dujardini            3.51%    failed      0.00%
  13  Limulus_polyphemus            16.13%    failed      0.00%
  14  Manduca_sexta                  9.59%    failed      0.00%
  15  Meiopriapulus                 26.75%    failed      0.00%
  16  Mesobiotus_philippinicus      19.72%    failed      0.00%
  17  Milnesium_tardigradum         59.56%    failed      0.00%
  18  Neodiprion_lecontei            4.62%    failed      0.01%
  19  Ooperipatellus                72.91%    failed      0.00%
  20  Opisthopatus_kwazululandi     26.52%    failed      0.00%
  21  Paeneus_vanammei              12.28%    failed      0.00%
  22  Pamacea_canaliculata           5.42%    failed      0.02%
  23  Paragordius_varius            71.38%    failed      0.00%
  24  Parasteatoda_tepidariorum      3.65%    failed      0.00%
  25  Peripatoides                  73.44%    failed      0.00%
  26  Peripatoides_novaezelandiae   16.34%    failed      0.00%
  27  Peripatopsis_capensis         37.07%    failed      0.00%
  28  Pleomothra                    21.78%    failed      0.00%
  29  Pontonema_vulgare             24.88%    failed      0.00%
  30  Priapulus_caudatus            13.43%    failed      0.00%
  31  Prionchulus_punctatus         13.90%    failed      0.00%
  32  Pycnophyes                    76.53%    failed      0.00%
  33  Ramazzottius_varieornatus      3.20%    failed      0.00%
  34  Richtersius_coronifer          6.00%    failed      0.00%
  35  Romanomermis_culicivorax      36.04%    failed      0.00%
  36  Stegodyphus_mimosarum         15.16%    failed      0.00%
  37  Strigamia_maritima            13.05%    failed      0.00%
  38  Tachypleu                      8.55%    failed      0.00%
  39  Tobrilus                      23.43%    failed      0.00%
  40  Xiphinema_index               27.20%    failed      0.00%
WARNING: 10 sequences contain more than 50% gaps/ambiguity
****  TOTAL                         29.96%  40 sequences failed composition chi2 test (p-value<5%; df=19)

Reading site-specific state frequency file tradigrada/1_infer/Poisson-C60fix-PMSF.sitefreq ...
63149 distinct per-site state frequency vectors detected
Checking for duplicate sequences: done in 0.206006 secs using 191.3% CPU

Create initial parsimony tree by phylogenetic likelihood library (PLL)... 3.263 seconds
Generating 1000 samples for ultrafast bootstrap (seed: 251317)...
Model Poisson+C60+G4 is alias for Poisson+POISSON+G+FMIX{C60pi1:1:0.0169698865,C60pi2:1:0.0211683374,C60pi3:1:0.0276589079,C60pi4:1:0.0065675964,C60pi5:1:0.0141221416,C60pi6:1:0.0068774834,C60pi7:1:0.0146909701,C60pi8:1:0.0067225777,C60pi9:1:0.0018396660,C60pi10:1:0.0102547197,C60pi11:1:0.0230896163,C60pi12:1:0.0057941033,C60pi13:1:0.0125394534,C60pi14:1:0.0204526478,C60pi15:1:0.0070629602,C60pi16:1:0.0117982741,C60pi17:1:0.0068334668,C60pi18:1:0.0433775839,C60pi19:1:0.0318278731,C60pi20:1:0.0222546108,C60pi21:1:0.0102264969,C60pi22:1:0.0150545891,C60pi23:1:0.0134159878,C60pi24:1:0.0148552065,C60pi25:1:0.0239111516,C60pi26:1:0.0128776278,C60pi27:1:0.0222318842,C60pi28:1:0.0247444742,C60pi29:1:0.0214274810,C60pi30:1:0.0115001882,C60pi31:1:0.0076017389,C60pi32:1:0.0130258568,C60pi33:1:0.0093701965,C60pi34:1:0.0467194264,C60pi35:1:0.0441940314,C60pi36:1:0.0322263154,C60pi37:1:0.0402999891,C60pi38:1:0.0150234227,C60pi39:1:0.0104589903,C60pi40:1:0.0214742395,C60pi41:1:0.0154957836,C60pi42:1:0.0101789953,C60pi43:1:0.0227980379,C60pi44:1:0.0123204539,C60pi45:1:0.0066777583,C60pi46:1:0.0004150083,C60pi47:1:0.0344385130,C60pi48:1:0.0113663379,C60pi49:1:0.0127143049,C60pi50:1:0.0124323741,C60pi51:1:0.0262124415,C60pi52:1:0.0064994957,C60pi53:1:0.0103203293,C60pi54:1:0.0142463512,C60pi55:1:0.0215600067,C60pi56:1:0.0199150700,C60pi57:1:0.0038964200,C60pi58:1:0.0113448855,C60pi59:1:0.0128595846,C60pi60:1:0.0117656776}+G4

NOTE: 2390 MB RAM (2 GB) is required!
Estimate model parameters (epsilon = 0.100)
1. Initial log-likelihood: -2045323.796
2. Current log-likelihood: -1990753.895
3. Current log-likelihood: -1990059.415
4. Current log-likelihood: -1990049.510
5. Current log-likelihood: -1990048.506
Optimal log-likelihood: -1990048.402
Gamma shape alpha: 0.605
Parameters optimization took 5 rounds (100.199 sec)
Wrote distance file to... 
Computing ML distances based on estimated model parameters...
Calculating distance matrix: done in 17.581 secs using 1340% CPU
Computing ML distances took 17.611760 sec (of wall-clock time) 236.322495 sec (of CPU time)
Setting up auxiliary I and S matrices: done in 0.0836127 secs using 1225% CPU
Constructing RapidNJ tree: done in 2.73116 secs using 1189% CPU
Computing RapidNJ tree took 2.815291 sec (of wall-clock time) 33.489925 sec (of CPU time)
Log-likelihood of RapidNJ tree: -1993965.668
--------------------------------------------------------------------
|             INITIALIZING CANDIDATE TREE SET                      |
--------------------------------------------------------------------
Generating 98 parsimony trees... 194.230 second
Computing log-likelihood of 98 initial trees ... 532.366 seconds
Current best score: -1990048.402

Do NNI search on 20 best initial trees
Optimizing NNI: done in 34.1355 secs using 2677% CPU
Estimate model parameters (epsilon = 0.100)
BETTER TREE FOUND at iteration 1: -1989841.321
Optimizing NNI: done in 95.5669 secs using 2495% CPU
Optimizing NNI: done in 135.118 secs using 2409% CPU
Optimizing NNI: done in 101.97 secs using 2540% CPU
Optimizing NNI: done in 121.389 secs using 2470% CPU
Optimizing NNI: done in 89.9916 secs using 2514% CPU
Optimizing NNI: done in 88.0409 secs using 2409% CPU
Optimizing NNI: done in 74.6941 secs using 2612% CPU
Optimizing NNI: done in 84.362 secs using 2492% CPU
Optimizing NNI: done in 78.5431 secs using 2625% CPU
Iteration 10 / LogL: -1989873.709 / Time: 0h:31m:23s
Optimizing NNI: done in 87.2749 secs using 2666% CPU
Optimizing NNI: done in 81.395 secs using 2666% CPU
Optimizing NNI: done in 84.5681 secs using 2688% CPU
Optimizing NNI: done in 92.3135 secs using 2683% CPU
Optimizing NNI: done in 90.4081 secs using 2658% CPU
Optimizing NNI: done in 97.3313 secs using 2553% CPU
Optimizing NNI: done in 112.583 secs using 2394% CPU
Optimizing NNI: done in 133.271 secs using 2176% CPU
Optimizing NNI: done in 89.0097 secs using 2146% CPU
Optimizing NNI: done in 174.498 secs using 1924% CPU
Iteration 20 / LogL: -1989853.150 / Time: 0h:48m:57s
Finish initializing candidate tree set (1)
Current best tree score: -1989841.321 / CPU time: 2735.143
Number of iterations: 20
--------------------------------------------------------------------
|               OPTIMIZING CANDIDATE TREE SET                      |
--------------------------------------------------------------------
Optimizing NNI: done in 113.774 secs using 2125% CPU
Optimizing NNI: done in 104.737 secs using 2270% CPU
Optimizing NNI: done in 131.018 secs using 2226% CPU
Optimizing NNI: done in 103.801 secs using 2372% CPU
Optimizing NNI: done in 118.019 secs using 2352% CPU
Optimizing NNI: done in 98.0101 secs using 2198% CPU
Optimizing NNI: done in 129.825 secs using 2241% CPU
Optimizing NNI: done in 120.528 secs using 2341% CPU
Optimizing NNI: done in 100.763 secs using 2368% CPU
Optimizing NNI: done in 88.5653 secs using 2392% CPU
Iteration 30 / LogL: -1989843.892 / Time: 1h:7m:38s (2h:45m:26s left)
Optimizing NNI: done in 155.187 secs using 2374% CPU
Optimizing NNI: done in 82.3914 secs using 2478% CPU
Optimizing NNI: done in 105.477 secs using 2385% CPU
Optimizing NNI: done in 106.383 secs using 2364% CPU
Optimizing NNI: done in 79.6695 secs using 2354% CPU
Optimizing NNI: done in 115.244 secs using 2316% CPU
Optimizing NNI: done in 107.355 secs using 2241% CPU
Optimizing NNI: done in 116.083 secs using 2202% CPU
Optimizing NNI: done in 131.614 secs using 2177% CPU
Optimizing NNI: done in 93.2559 secs using 2152% CPU
Iteration 40 / LogL: -1989865.369 / Time: 1h:26m:2s (2h:14m:29s left)
Optimizing NNI: done in 147.915 secs using 2198% CPU
Optimizing NNI: done in 164.502 secs using 2047% CPU
Optimizing NNI: done in 112.886 secs using 2198% CPU
Optimizing NNI: done in 109.997 secs using 2282% CPU
Optimizing NNI: done in 95.1352 secs using 2374% CPU
Optimizing NNI: done in 114.218 secs using 2476% CPU
Optimizing NNI: done in 90.9706 secs using 2502% CPU
Optimizing NNI: done in 118.203 secs using 2452% CPU
Optimizing NNI: done in 89.3249 secs using 2534% CPU
Optimizing NNI: done in 141.865 secs using 2015% CPU
Iteration 50 / LogL: -1989846.322 / Time: 1h:45m:58s (1h:50m:14s left)
Log-likelihood cutoff on original alignment: -1989897.103
Optimizing NNI: done in 84.7886 secs using 2518% CPU
Optimizing NNI: done in 81.1147 secs using 2533% CPU
Optimizing NNI: done in 70.8047 secs using 2690% CPU
Optimizing NNI: done in 56.553 secs using 2632% CPU
Optimizing NNI: done in 64.825 secs using 2736% CPU
Optimizing NNI: done in 98.5427 secs using 2757% CPU
Optimizing NNI: done in 70.4421 secs using 2754% CPU
Optimizing NNI: done in 71.9588 secs using 2687% CPU
Optimizing NNI: done in 47.9821 secs using 2712% CPU
Optimizing NNI: done in 67.9832 secs using 2688% CPU
Iteration 60 / LogL: -1989852.551 / Time: 1h:58m:2s (1h:21m:59s left)
Optimizing NNI: done in 123.5 secs using 2643% CPU
Optimizing NNI: done in 90.1394 secs using 2608% CPU
Optimizing NNI: done in 79.8914 secs using 2666% CPU
Optimizing NNI: done in 51.347 secs using 2674% CPU
Optimizing NNI: done in 60.2013 secs using 2658% CPU
Optimizing NNI: done in 93.9625 secs using 2586% CPU
Optimizing NNI: done in 99.4663 secs using 2564% CPU
Optimizing NNI: done in 81.438 secs using 2466% CPU
Optimizing NNI: done in 86.3132 secs using 2439% CPU
Optimizing NNI: done in 92.8797 secs using 2347% CPU
Iteration 70 / LogL: -1989860.556 / Time: 2h:12m:30s (0h:59m:30s left)
Optimizing NNI: done in 77.9261 secs using 2541% CPU
Optimizing NNI: done in 87.29 secs using 2608% CPU
Optimizing NNI: done in 77.2935 secs using 2483% CPU
Optimizing NNI: done in 102.069 secs using 2373% CPU
Optimizing NNI: done in 100.741 secs using 2428% CPU
Optimizing NNI: done in 105.715 secs using 2585% CPU
Optimizing NNI: done in 83.7954 secs using 2607% CPU
Optimizing NNI: done in 63.7438 secs using 2628% CPU
Optimizing NNI: done in 67.7198 secs using 2674% CPU
Optimizing NNI: done in 65.8354 secs using 2728% CPU
Iteration 80 / LogL: -1989842.323 / Time: 2h:26m:31s (0h:38m:56s left)
Optimizing NNI: done in 55.2755 secs using 2720% CPU
Optimizing NNI: done in 70.3817 secs using 2769% CPU
Optimizing NNI: done in 79.6126 secs using 2681% CPU
Optimizing NNI: done in 56.5635 secs using 2647% CPU
Optimizing NNI: done in 102.932 secs using 2510% CPU
Optimizing NNI: done in 65.349 secs using 2629% CPU
Optimizing NNI: done in 69.8761 secs using 2709% CPU
Optimizing NNI: done in 68.2039 secs using 2717% CPU
Optimizing NNI: done in 65.0755 secs using 2824% CPU
Optimizing NNI: done in 69.5674 secs using 2823% CPU
Iteration 90 / LogL: -1989854.740 / Time: 2h:38m:22s (0h:19m:33s left)
Optimizing NNI: done in 75.6068 secs using 2662% CPU
Optimizing NNI: done in 59.361 secs using 2697% CPU
Optimizing NNI: done in 92.8057 secs using 2571% CPU
Optimizing NNI: done in 72.3459 secs using 2625% CPU
Optimizing NNI: done in 78.3393 secs using 2619% CPU
Optimizing NNI: done in 57.6656 secs using 2654% CPU
Optimizing NNI: done in 82.5879 secs using 2574% CPU
Optimizing NNI: done in 59.6982 secs using 2681% CPU
Optimizing NNI: done in 71.4058 secs using 2615% CPU
Optimizing NNI: done in 65.8737 secs using 2619% CPU
Iteration 100 / LogL: -1989855.180 / Time: 2h:50m:25s (0h:1m:43s left)
Log-likelihood cutoff on original alignment: -1989892.039
NOTE: Bootstrap correlation coefficient of split occurrence frequencies: 1.000
Optimizing NNI: done in 70.9243 secs using 2655% CPU
Optimizing NNI: done in 79.2824 secs using 2542% CPU
TREE SEARCH COMPLETED AFTER 102 ITERATIONS / Time: 2h:52m:58s

--------------------------------------------------------------------
|                    FINALIZING TREE SEARCH                        |
--------------------------------------------------------------------
Performs final model parameters optimization
Estimate model parameters (epsilon = 0.010)
1. Initial log-likelihood: -1989841.321
Optimal log-likelihood: -1989841.318
Gamma shape alpha: 0.605
Parameters optimization took 1 rounds (10.536 sec)
BEST SCORE FOUND : -1989841.318
Empirical proportions for each category: 0.288 0.178 0.266 0.267
Site rates printed to Poisson_C60fix_PMSF.rate
Creating bootstrap support values...
Split supports printed to NEXUS file Poisson_C60fix_PMSF.splits.nex
Total tree length: 14.263

Total number of iterations: 102
CPU time used for tree search: 246287.803 sec (68h:24m:47s)
Wall-clock time used for tree search: 10175.953 sec (2h:49m:35s)
Total CPU time used: 250648.445 sec (69h:37m:28s)
Total wall-clock time used: 10389.844 sec (2h:53m:9s)

Computing bootstrap consensus tree...
Reading input file Poisson_C60fix_PMSF.splits.nex...
40 taxa and 87 splits.
Consensus tree written to Poisson_C60fix_PMSF.contree
Reading input trees file Poisson_C60fix_PMSF.contree
Log-likelihood of consensus tree: -1989841.318

Analysis results written to: 
  IQ-TREE report:                Poisson_C60fix_PMSF.iqtree
  Maximum-likelihood tree:       Poisson_C60fix_PMSF.treefile
  Likelihood distances:          Poisson_C60fix_PMSF.mldist
  Site-specific rates:           Poisson_C60fix_PMSF.rate

Ultrafast bootstrap approximation results written to:
  Split support values:          Poisson_C60fix_PMSF.splits.nex
  Consensus tree:                Poisson_C60fix_PMSF.contree
  Screen log file:               Poisson_C60fix_PMSF.log

Date and Time: Sat Mar  8 12:40:42 2025
