IQ-TREE version 3.0.0 for Linux x86 64-bit built Apr  4 2025
Developed by Bui Quang Minh, Thomas Wong, Nhan Ly-Trong, Huaiyan Ren
Contributed by Lam-Tung Nguyen, Dominik Schrempf, Chris Bielow,
Olga Chernomor, Michael Woodhams, Diep Thi Hoang, Heiko Schmidt

Host:    rona.rsb.anu.edu.au (AVX2, FMA3, 1007 GB RAM)
Command: ./iqtree3 -s tardigrada/matrix_40sp.fasta -m GTRPMIX+C10+G4 -mdef tardigrada/1_infer/GTR20-C10fix.GTRPMIX.nex -t tardigrada/1_infer/GTR20-C10fix.treefile -pre tardigrada/1_infer_normal/GTR20-C10fix -T 40
Seed:    992981 (Using SPRNG - Scalable Parallel Random Number Generator)
Time:    Sun Apr 27 15:26:45 2025
Kernel:  AVX+FMA - 40 threads (256 CPU cores detected)

Reading alignment file tardigrada/matrix_40sp.fasta ... Fasta format detected
Reading fasta file: done in 0.0513011 secs using 92.17% CPU
Alignment most likely contains protein sequences
Constructing alignment: done in 0.201544 secs using 234.6% CPU
Alignment has 40 sequences with 70888 columns, 63149 distinct patterns
48785 parsimony-informative, 7670 singleton sites, 14433 constant sites
                             Gap/Ambiguity  Composition  p-value
Analyzing sequences: done in 0.0235912 secs using 3549% CPU
   1  Capitella_telata               5.00%    failed      0.00%
   2  Daphnia_magna                  9.79%    failed      0.06%
   3  Echiniscoides_sigismundi      49.39%    failed      0.00%
   4  Echiniscus_bisetosus          82.96%    failed      0.00%
   5  Echiniscus_testudo            50.24%    failed      0.00%
   6  Echinoderes_kohni             88.58%    failed      0.00%
   7  Enoplus_brevis                22.43%    failed      0.00%
   8  Epiperipatus                  56.34%    failed      0.00%
   9  Frakliniella_occidentalis      7.36%    failed      0.08%
  10  Gordius                       70.84%    failed      0.00%
  11  Halicryptus_spinolosus        13.41%    failed      0.00%
  12  Hypsibius_dujardini            3.51%    failed      0.00%
  13  Limulus_polyphemus            16.13%    failed      0.00%
  14  Manduca_sexta                  9.59%    failed      0.00%
  15  Meiopriapulus                 26.75%    failed      0.00%
  16  Mesobiotus_philippinicus      19.72%    failed      0.00%
  17  Milnesium_tardigradum         59.56%    failed      0.00%
  18  Neodiprion_lecontei            4.62%    failed      0.01%
  19  Ooperipatellus                72.91%    failed      0.00%
  20  Opisthopatus_kwazululandi     26.52%    failed      0.00%
  21  Paeneus_vanammei              12.28%    failed      0.00%
  22  Pamacea_canaliculata           5.42%    failed      0.02%
  23  Paragordius_varius            71.38%    failed      0.00%
  24  Parasteatoda_tepidariorum      3.65%    failed      0.00%
  25  Peripatoides                  73.44%    failed      0.00%
  26  Peripatoides_novaezelandiae   16.34%    failed      0.00%
  27  Peripatopsis_capensis         37.07%    failed      0.00%
  28  Pleomothra                    21.78%    failed      0.00%
  29  Pontonema_vulgare             24.88%    failed      0.00%
  30  Priapulus_caudatus            13.43%    failed      0.00%
  31  Prionchulus_punctatus         13.90%    failed      0.00%
  32  Pycnophyes                    76.53%    failed      0.00%
  33  Ramazzottius_varieornatus      3.20%    failed      0.00%
  34  Richtersius_coronifer          6.00%    failed      0.00%
  35  Romanomermis_culicivorax      36.04%    failed      0.00%
  36  Stegodyphus_mimosarum         15.16%    failed      0.00%
  37  Strigamia_maritima            13.05%    failed      0.00%
  38  Tachypleu                      8.55%    failed      0.00%
  39  Tobrilus                      23.43%    failed      0.00%
  40  Xiphinema_index               27.20%    failed      0.00%
WARNING: 10 sequences contain more than 50% gaps/ambiguity
****  TOTAL                         29.96%  40 sequences failed composition chi2 test (p-value<5%; df=19)
Checking for duplicate sequences: done in 0.0218102 secs using 1637% CPU
Reading model definition file tardigrada/1_infer/GTR20-C10fix.GTRPMIX.nex ... 87 models and 214 frequency vectors loaded
Reading input tree file tardigrada/1_infer/GTR20-C10fix.treefile ...
Model GTRPMIX+C10+G4 is alias for GTRPMIX+POISSON+G+FMIX{C10pi1:1:0.1191344178,C10pi2:1:0.0874372456,C10pi3:1:0.1037105070,C10pi4:1:0.0922584809,C10pi5:1:0.1070492801,C10pi6:1:0.1329945166,C10pi7:1:0.0538028458,C10pi8:1:0.0691986212,C10pi9:1:0.1319937434,C10pi10:1:0.1024203429}+G4

NOTE: 15615 MB RAM (15 GB) is required!
Estimate model parameters (epsilon = 0.100)
1. Initial log-likelihood: -2223285.620
2. Current log-likelihood: -2216078.824
3. Current log-likelihood: -2215956.903
4. Current log-likelihood: -2215953.840
Optimal log-likelihood: -2215953.715
Mixture weights: 0.119 0.087 0.104 0.092 0.107 0.133 0.054 0.069 0.132 0.102
Gamma shape alpha: 0.568
Parameters optimization took 4 rounds (127.754 sec)
Wrote distance file to... 

Do NNI search on 1 best initial trees
Optimizing NNI: done in 47.3774 secs using 3354% CPU
Finish initializing candidate tree set (1)
Current best tree score: -2215953.715 / CPU time: 49.574
Number of iterations: 1
--------------------------------------------------------------------
|               OPTIMIZING CANDIDATE TREE SET                      |
--------------------------------------------------------------------
Optimizing NNI: done in 201.958 secs using 3420% CPU
Optimizing NNI: done in 253.16 secs using 3455% CPU
Optimizing NNI: done in 246.914 secs using 3523% CPU
Optimizing NNI: done in 145.564 secs using 3527% CPU
Optimizing NNI: done in 161.033 secs using 3544% CPU
Optimizing NNI: done in 175.036 secs using 3608% CPU
Optimizing NNI: done in 294.814 secs using 3583% CPU
Optimizing NNI: done in 200.695 secs using 3613% CPU
Optimizing NNI: done in 275.082 secs using 3581% CPU
Iteration 10 / LogL: -2215963.996 / Time: 0h:35m:42s
Optimizing NNI: done in 263.508 secs using 3638% CPU
Optimizing NNI: done in 279.976 secs using 3650% CPU
Optimizing NNI: done in 272.86 secs using 3654% CPU
Optimizing NNI: done in 284.572 secs using 3588% CPU
Optimizing NNI: done in 286.281 secs using 3623% CPU
Optimizing NNI: done in 271.518 secs using 3659% CPU
Optimizing NNI: done in 236.927 secs using 3653% CPU
Optimizing NNI: done in 291.29 secs using 3666% CPU
Optimizing NNI: done in 259.777 secs using 3498% CPU
Optimizing NNI: done in 274.066 secs using 3075% CPU
Iteration 20 / LogL: -2215997.428 / Time: 1h:21m:15s
Optimizing NNI: done in 250.34 secs using 3386% CPU
Optimizing NNI: done in 319.206 secs using 3015% CPU
Optimizing NNI: done in 304.961 secs using 3160% CPU
Optimizing NNI: done in 294.152 secs using 3154% CPU
Optimizing NNI: done in 256.134 secs using 3248% CPU
Optimizing NNI: done in 240.57 secs using 3519% CPU
Optimizing NNI: done in 231.069 secs using 3133% CPU
Optimizing NNI: done in 298.594 secs using 3129% CPU
Optimizing NNI: done in 374.047 secs using 3166% CPU
Optimizing NNI: done in 316.427 secs using 3279% CPU
Iteration 30 / LogL: -2215982.405 / Time: 2h:9m:31s (5h:12m:38s left)
Optimizing NNI: done in 316.131 secs using 3232% CPU
Optimizing NNI: done in 218.054 secs using 3371% CPU
Optimizing NNI: done in 179.272 secs using 3236% CPU
Optimizing NNI: done in 255.679 secs using 3337% CPU
Optimizing NNI: done in 310.74 secs using 3218% CPU
Optimizing NNI: done in 223.82 secs using 3258% CPU
Optimizing NNI: done in 190.957 secs using 3189% CPU
Optimizing NNI: done in 231.233 secs using 3339% CPU
Optimizing NNI: done in 204.711 secs using 3409% CPU
Optimizing NNI: done in 206.13 secs using 3448% CPU
Iteration 40 / LogL: -2215988.091 / Time: 2h:48m:39s (4h:19m:28s left)
Optimizing NNI: done in 210.392 secs using 3629% CPU
Optimizing NNI: done in 169.771 secs using 3702% CPU
Optimizing NNI: done in 209.394 secs using 3615% CPU
Optimizing NNI: done in 131.881 secs using 3642% CPU
Optimizing NNI: done in 252.048 secs using 3658% CPU
Optimizing NNI: done in 167.938 secs using 3762% CPU
Optimizing NNI: done in 199.586 secs using 3650% CPU
Optimizing NNI: done in 257.269 secs using 3670% CPU
Optimizing NNI: done in 209.908 secs using 3637% CPU
Optimizing NNI: done in 236.074 secs using 3621% CPU
Iteration 50 / LogL: -2215953.932 / Time: 3h:22m:53s (3h:27m:1s left)
Optimizing NNI: done in 152.734 secs using 3574% CPU
Optimizing NNI: done in 217.726 secs using 3569% CPU
Optimizing NNI: done in 237.824 secs using 3619% CPU
Optimizing NNI: done in 219.865 secs using 3577% CPU
Optimizing NNI: done in 156.84 secs using 3555% CPU
Optimizing NNI: done in 232.426 secs using 3558% CPU
Optimizing NNI: done in 151.221 secs using 3576% CPU
Optimizing NNI: done in 186.323 secs using 3574% CPU
Optimizing NNI: done in 194.918 secs using 3547% CPU
Optimizing NNI: done in 233.927 secs using 3535% CPU
Iteration 60 / LogL: -2215997.386 / Time: 3h:56m:7s (2h:40m:4s left)
Optimizing NNI: done in 193.507 secs using 3545% CPU
Optimizing NNI: done in 163.576 secs using 3573% CPU
Optimizing NNI: done in 134.229 secs using 3592% CPU
Optimizing NNI: done in 187.828 secs using 3582% CPU
Optimizing NNI: done in 216.861 secs using 3565% CPU
Optimizing NNI: done in 220.186 secs using 3551% CPU
Optimizing NNI: done in 243.215 secs using 3584% CPU
Optimizing NNI: done in 167.35 secs using 3538% CPU
Optimizing NNI: done in 255.125 secs using 3516% CPU
Optimizing NNI: done in 186.066 secs using 3574% CPU
Iteration 70 / LogL: -2215981.270 / Time: 4h:29m:5s (1h:56m:59s left)
Optimizing NNI: done in 248.766 secs using 3580% CPU
Optimizing NNI: done in 368.926 secs using 3509% CPU
Optimizing NNI: done in 221.821 secs using 3520% CPU
Optimizing NNI: done in 172.271 secs using 3665% CPU
Optimizing NNI: done in 193.466 secs using 3623% CPU
Optimizing NNI: done in 179.613 secs using 3638% CPU
Optimizing NNI: done in 202.959 secs using 3642% CPU
Optimizing NNI: done in 323.286 secs using 2974% CPU
Optimizing NNI: done in 247.295 secs using 2910% CPU
Optimizing NNI: done in 301.057 secs using 3096% CPU
Iteration 80 / LogL: -2215988.591 / Time: 5h:10m:14s (1h:18m:32s left)
Optimizing NNI: done in 253.898 secs using 3393% CPU
Optimizing NNI: done in 388.898 secs using 2909% CPU
Optimizing NNI: done in 396.807 secs using 2898% CPU
Optimizing NNI: done in 263.943 secs using 3058% CPU
Optimizing NNI: done in 264.767 secs using 3517% CPU
Optimizing NNI: done in 304.619 secs using 3337% CPU
Optimizing NNI: done in 303.608 secs using 3190% CPU
Optimizing NNI: done in 233.461 secs using 3177% CPU
Optimizing NNI: done in 230.579 secs using 3237% CPU
Optimizing NNI: done in 230.501 secs using 3567% CPU
Iteration 90 / LogL: -2215957.975 / Time: 5h:58m:19s (0h:40m:15s left)
Optimizing NNI: done in 273.834 secs using 3196% CPU
Optimizing NNI: done in 293.267 secs using 3185% CPU
Optimizing NNI: done in 244.492 secs using 3173% CPU
Optimizing NNI: done in 221.109 secs using 3302% CPU
Optimizing NNI: done in 259.784 secs using 3214% CPU
Optimizing NNI: done in 213.204 secs using 3177% CPU
Optimizing NNI: done in 245.886 secs using 3290% CPU
Optimizing NNI: done in 275.887 secs using 3444% CPU
Optimizing NNI: done in 247.796 secs using 3310% CPU
Optimizing NNI: done in 171.986 secs using 3326% CPU
Iteration 100 / LogL: -2215961.375 / Time: 6h:39m:18s (0h:0m:0s left)
Optimizing NNI: done in 201.884 secs using 3302% CPU
TREE SEARCH COMPLETED AFTER 101 ITERATIONS / Time: 6h:42m:41s

--------------------------------------------------------------------
|                    FINALIZING TREE SEARCH                        |
--------------------------------------------------------------------
Performs final model parameters optimization
Estimate model parameters (epsilon = 0.010)
1. Initial log-likelihood: -2215953.715
2. Current log-likelihood: -2215953.698
Optimal log-likelihood: -2215953.695
Mixture weights: 0.119 0.087 0.104 0.092 0.107 0.133 0.054 0.069 0.132 0.102
Gamma shape alpha: 0.568
Parameters optimization took 2 rounds (44.184 sec)
BEST SCORE FOUND : -2215953.695
Total tree length: 15.626

Total number of iterations: 101
CPU time used for tree search: 817987.575 sec (227h:13m:7s)
Wall-clock time used for tree search: 24033.654 sec (6h:40m:33s)
Total CPU time used: 823525.641 sec (228h:45m:25s)
Total wall-clock time used: 24205.774 sec (6h:43m:25s)

Analysis results written to: 
  IQ-TREE report:                tardigrada/1_infer_normal/GTR20-C10fix.iqtree
  Maximum-likelihood tree:       tardigrada/1_infer_normal/GTR20-C10fix.treefile
  Screen log file:               tardigrada/1_infer_normal/GTR20-C10fix.log

Date and Time: Sun Apr 27 22:10:14 2025
