IQ-TREE multicore version 2.4.0 for Linux x86 64-bit built Feb  7 2025
Developed by Bui Quang Minh, Nguyen Lam Tung, Olga Chernomor, Heiko Schmidt,
Dominik Schrempf, Michael Woodhams, Ly Trong Nhan, Thomas Wong

Host:    rona.rsb.anu.edu.au (AVX2, FMA3, 1007 GB RAM)
Command: /data/yutong/iqtree2 -s tardigrada/matrix_40sp.fasta -fs tardigrada/1_infer/LG-C10opt-PMSF.sitefreq -m LGC10OPT -mdef tardigrada/1_infer/LGC10OPT.nex -safe -pre tardigrada/1_infer/LG_C10opt_PMSF -wsr -bb 1000 -nt 40
Seed:    870935 (Using SPRNG - Scalable Parallel Random Number Generator)
Time:    Sun Apr 20 14:19:48 2025
Kernel:  Safe AVX+FMA - 40 threads (256 CPU cores detected)

Reading alignment file tardigrada/matrix_40sp.fasta ... Fasta format detected
Reading fasta file: done in 0.0660907 secs using 97.37% CPU
Alignment most likely contains protein sequences
Alignment has 40 sequences with 70888 columns, 63149 distinct patterns
48785 parsimony-informative, 7670 singleton sites, 14433 constant sites
                             Gap/Ambiguity  Composition  p-value
Analyzing sequences: done in 0.00780264 secs using 3974% CPU
   1  Capitella_telata               5.00%    failed      0.00%
   2  Daphnia_magna                  9.79%    failed      0.06%
   3  Echiniscoides_sigismundi      49.39%    failed      0.00%
   4  Echiniscus_bisetosus          82.96%    failed      0.00%
   5  Echiniscus_testudo            50.24%    failed      0.00%
   6  Echinoderes_kohni             88.58%    failed      0.00%
   7  Enoplus_brevis                22.43%    failed      0.00%
   8  Epiperipatus                  56.34%    failed      0.00%
   9  Frakliniella_occidentalis      7.36%    failed      0.08%
  10  Gordius                       70.84%    failed      0.00%
  11  Halicryptus_spinolosus        13.41%    failed      0.00%
  12  Hypsibius_dujardini            3.51%    failed      0.00%
  13  Limulus_polyphemus            16.13%    failed      0.00%
  14  Manduca_sexta                  9.59%    failed      0.00%
  15  Meiopriapulus                 26.75%    failed      0.00%
  16  Mesobiotus_philippinicus      19.72%    failed      0.00%
  17  Milnesium_tardigradum         59.56%    failed      0.00%
  18  Neodiprion_lecontei            4.62%    failed      0.01%
  19  Ooperipatellus                72.91%    failed      0.00%
  20  Opisthopatus_kwazululandi     26.52%    failed      0.00%
  21  Paeneus_vanammei              12.28%    failed      0.00%
  22  Pamacea_canaliculata           5.42%    failed      0.02%
  23  Paragordius_varius            71.38%    failed      0.00%
  24  Parasteatoda_tepidariorum      3.65%    failed      0.00%
  25  Peripatoides                  73.44%    failed      0.00%
  26  Peripatoides_novaezelandiae   16.34%    failed      0.00%
  27  Peripatopsis_capensis         37.07%    failed      0.00%
  28  Pleomothra                    21.78%    failed      0.00%
  29  Pontonema_vulgare             24.88%    failed      0.00%
  30  Priapulus_caudatus            13.43%    failed      0.00%
  31  Prionchulus_punctatus         13.90%    failed      0.00%
  32  Pycnophyes                    76.53%    failed      0.00%
  33  Ramazzottius_varieornatus      3.20%    failed      0.00%
  34  Richtersius_coronifer          6.00%    failed      0.00%
  35  Romanomermis_culicivorax      36.04%    failed      0.00%
  36  Stegodyphus_mimosarum         15.16%    failed      0.00%
  37  Strigamia_maritima            13.05%    failed      0.00%
  38  Tachypleu                      8.55%    failed      0.00%
  39  Tobrilus                      23.43%    failed      0.00%
  40  Xiphinema_index               27.20%    failed      0.00%
WARNING: 10 sequences contain more than 50% gaps/ambiguity
****  TOTAL                         29.96%  40 sequences failed composition chi2 test (p-value<5%; df=19)

Reading site-specific state frequency file tardigrada/1_infer/LG-C10opt-PMSF.sitefreq ...
63149 distinct per-site state frequency vectors detected
Reading model definition file tardigrada/1_infer/LGC10OPT.nex ... 87 models and 224 frequency vectors loaded

Create initial parsimony tree by phylogenetic likelihood library (PLL)... 0.862 seconds
Generating 1000 samples for ultrafast bootstrap (seed: 870935)...
Model LGC10OPT is alias for LG+G{0.4990515982}+FMIX{C10_pi1:1:0.0556615049,C10_pi2:1:0.2991476767,C10_pi3:1:0.0402761973,C10_pi4:1:0.0541064887,C10_pi5:1:0.0800601490,C10_pi6:1:0.1270280516,C10_pi7:1:0.1038808192,C10_pi8:1:0.0414844473,C10_pi9:1:0.1126775034,C10_pi10:1:0.0856771618}

NOTE: 2390 MB RAM (2 GB) is required!
Estimate model parameters (epsilon = 0.100)
1. Initial log-likelihood: -2173624.736
2. Current log-likelihood: -2104056.702
3. Current log-likelihood: -2101799.026
4. Current log-likelihood: -2101773.104
5. Current log-likelihood: -2101771.450
6. Current log-likelihood: -2101771.295
Optimal log-likelihood: -2101771.260
Gamma shape alpha: 0.499
Parameters optimization took 6 rounds (26.181 sec)
Wrote distance file to... 
Computing ML distances based on estimated model parameters...
Calculating distance matrix: done in 6.26133 secs using 2223% CPU
Computing ML distances took 6.269408 sec (of wall-clock time) 139.505513 sec (of CPU time)
Setting up auxiliary I and S matrices: done in 0.0490816 secs using 2297% CPU
Computing RapidNJ tree took 2.490019 sec (of wall-clock time) 52.156087 sec (of CPU time)
Log-likelihood of RapidNJ tree: -2107815.294
--------------------------------------------------------------------
|             INITIALIZING CANDIDATE TREE SET                      |
--------------------------------------------------------------------
Generating 98 parsimony trees... 93.223 second
Computing log-likelihood of 98 initial trees ... 228.673 seconds
Current best score: -2101771.260

Do NNI search on 20 best initial trees
Estimate model parameters (epsilon = 0.100)
BETTER TREE FOUND at iteration 1: -2101335.983
Iteration 10 / LogL: -2101354.896 / Time: 0h:13m:33s
Iteration 20 / LogL: -2101376.641 / Time: 0h:20m:51s
Finish initializing candidate tree set (1)
Current best tree score: -2101335.983 / CPU time: 1165.196
Number of iterations: 20
--------------------------------------------------------------------
|               OPTIMIZING CANDIDATE TREE SET                      |
--------------------------------------------------------------------
Iteration 30 / LogL: -2101347.145 / Time: 0h:29m:33s (1h:12m:19s left)
Iteration 40 / LogL: -2101351.319 / Time: 0h:37m:8s (0h:58m:3s left)
Iteration 50 / LogL: -2101358.712 / Time: 0h:43m:59s (0h:45m:45s left)
Log-likelihood cutoff on original alignment: -2101442.241
Iteration 60 / LogL: -2101349.897 / Time: 0h:50m:38s (0h:35m:11s left)
Iteration 70 / LogL: -2101348.999 / Time: 0h:57m:44s (0h:25m:55s left)
Iteration 80 / LogL: -2101339.117 / Time: 1h:5m:0s (0h:17m:16s left)
Iteration 90 / LogL: -2101351.988 / Time: 1h:11m:3s (0h:8m:46s left)
Iteration 100 / LogL: -2101346.987 / Time: 1h:16m:44s (0h:0m:46s left)
Log-likelihood cutoff on original alignment: -2101442.241
NOTE: Bootstrap correlation coefficient of split occurrence frequencies: 1.000
TREE SEARCH COMPLETED AFTER 102 ITERATIONS / Time: 1h:18m:2s

--------------------------------------------------------------------
|                    FINALIZING TREE SEARCH                        |
--------------------------------------------------------------------
Performs final model parameters optimization
Estimate model parameters (epsilon = 0.010)
1. Initial log-likelihood: -2101335.983
Optimal log-likelihood: -2101335.973
Gamma shape alpha: 0.499
Parameters optimization took 1 rounds (3.506 sec)
BEST SCORE FOUND : -2101335.973
Empirical proportions for each category: 0.297 0.231 0.261 0.211
Site rates printed to tardigrada/1_infer/LG_C10opt_PMSF.rate
Creating bootstrap support values...
Split supports printed to NEXUS file tardigrada/1_infer/LG_C10opt_PMSF.splits.nex
Total tree length: 20.588

Total number of iterations: 102
CPU time used for tree search: 164188.936 sec (45h:36m:28s)
Wall-clock time used for tree search: 4596.328 sec (1h:16m:36s)
Total CPU time used: 166622.819 sec (46h:17m:2s)
Total wall-clock time used: 4686.655 sec (1h:18m:6s)

Computing bootstrap consensus tree...
Reading input file tardigrada/1_infer/LG_C10opt_PMSF.splits.nex...
40 taxa and 85 splits.
Consensus tree written to tardigrada/1_infer/LG_C10opt_PMSF.contree
Reading input trees file tardigrada/1_infer/LG_C10opt_PMSF.contree
Log-likelihood of consensus tree: -2101335.973

Analysis results written to: 
  IQ-TREE report:                tardigrada/1_infer/LG_C10opt_PMSF.iqtree
  Maximum-likelihood tree:       tardigrada/1_infer/LG_C10opt_PMSF.treefile
  Likelihood distances:          tardigrada/1_infer/LG_C10opt_PMSF.mldist
  Site-specific rates:           tardigrada/1_infer/LG_C10opt_PMSF.rate

Ultrafast bootstrap approximation results written to:
  Split support values:          tardigrada/1_infer/LG_C10opt_PMSF.splits.nex
  Consensus tree:                tardigrada/1_infer/LG_C10opt_PMSF.contree
  Screen log file:               tardigrada/1_infer/LG_C10opt_PMSF.log

Date and Time: Sun Apr 20 15:38:26 2025
