IQ-TREE version 3.0.0 for Linux x86 64-bit built Apr  4 2025
Developed by Bui Quang Minh, Thomas Wong, Nhan Ly-Trong, Huaiyan Ren
Contributed by Lam-Tung Nguyen, Dominik Schrempf, Chris Bielow,
Olga Chernomor, Michael Woodhams, Diep Thi Hoang, Heiko Schmidt

Host:    rona.rsb.anu.edu.au (AVX2, FMA3, 1007 GB RAM)
Command: /data/yutong/iqtree3 -s tardigrada/matrix_40sp.fasta -m LG+ESmodel+G4 -mdef tardigrada/1_meow/meow4515.nex -te tardigrada/1_infer/guide-LG.treefile -me 0.99 -safe -mwopt -prec 10 -pre tardigrada/1_infer/LG-MEOW60opt -nt 40
Seed:    64878 (Using SPRNG - Scalable Parallel Random Number Generator)
Time:    Fri Apr 25 13:03:53 2025
Kernel:  Safe AVX+FMA - 40 threads (256 CPU cores detected)

Reading alignment file tardigrada/matrix_40sp.fasta ... Fasta format detected
Reading fasta file: done in 0.0432625 secs using 98.82% CPU
Alignment most likely contains protein sequences
Constructing alignment: done in 0.142604 secs using 297.6% CPU
Alignment has 40 sequences with 70888 columns, 63149 distinct patterns
48785 parsimony-informative, 7670 singleton sites, 14433 constant sites
                             Gap/Ambiguity  Composition  p-value
Analyzing sequences: done in 0.0147647 secs using 4263% CPU
   1  Capitella_telata               5.00%    failed      0.00%
   2  Daphnia_magna                  9.79%    failed      0.06%
   3  Echiniscoides_sigismundi      49.39%    failed      0.00%
   4  Echiniscus_bisetosus          82.96%    failed      0.00%
   5  Echiniscus_testudo            50.24%    failed      0.00%
   6  Echinoderes_kohni             88.58%    failed      0.00%
   7  Enoplus_brevis                22.43%    failed      0.00%
   8  Epiperipatus                  56.34%    failed      0.00%
   9  Frakliniella_occidentalis      7.36%    failed      0.08%
  10  Gordius                       70.84%    failed      0.00%
  11  Halicryptus_spinolosus        13.41%    failed      0.00%
  12  Hypsibius_dujardini            3.51%    failed      0.00%
  13  Limulus_polyphemus            16.13%    failed      0.00%
  14  Manduca_sexta                  9.59%    failed      0.00%
  15  Meiopriapulus                 26.75%    failed      0.00%
  16  Mesobiotus_philippinicus      19.72%    failed      0.00%
  17  Milnesium_tardigradum         59.56%    failed      0.00%
  18  Neodiprion_lecontei            4.62%    failed      0.01%
  19  Ooperipatellus                72.91%    failed      0.00%
  20  Opisthopatus_kwazululandi     26.52%    failed      0.00%
  21  Paeneus_vanammei              12.28%    failed      0.00%
  22  Pamacea_canaliculata           5.42%    failed      0.02%
  23  Paragordius_varius            71.38%    failed      0.00%
  24  Parasteatoda_tepidariorum      3.65%    failed      0.00%
  25  Peripatoides                  73.44%    failed      0.00%
  26  Peripatoides_novaezelandiae   16.34%    failed      0.00%
  27  Peripatopsis_capensis         37.07%    failed      0.00%
  28  Pleomothra                    21.78%    failed      0.00%
  29  Pontonema_vulgare             24.88%    failed      0.00%
  30  Priapulus_caudatus            13.43%    failed      0.00%
  31  Prionchulus_punctatus         13.90%    failed      0.00%
  32  Pycnophyes                    76.53%    failed      0.00%
  33  Ramazzottius_varieornatus      3.20%    failed      0.00%
  34  Richtersius_coronifer          6.00%    failed      0.00%
  35  Romanomermis_culicivorax      36.04%    failed      0.00%
  36  Stegodyphus_mimosarum         15.16%    failed      0.00%
  37  Strigamia_maritima            13.05%    failed      0.00%
  38  Tachypleu                      8.55%    failed      0.00%
  39  Tobrilus                      23.43%    failed      0.00%
  40  Xiphinema_index               27.20%    failed      0.00%
WARNING: 10 sequences contain more than 50% gaps/ambiguity
****  TOTAL                         29.96%  40 sequences failed composition chi2 test (p-value<5%; df=19)
Checking for duplicate sequences: done in 0.0231389 secs using 2294% CPU
Reading model definition file tardigrada/1_meow/meow4515.nex ... 87 models and 274 frequency vectors loaded
Reading input tree file tardigrada/1_infer/guide-LG.treefile ...
Model LG+ESmodel+G4 is alias for LG+FMIX{EShighclass1,EShighclass2,EShighclass3,EShighclass4,EShighclass5,EShighclass6,EShighclass7,EShighclass8,EShighclass9,EShighclass10,EShighclass11,EShighclass12,EShighclass13,EShighclass14,EShighclass15,EShighclass16,EShighclass17,EShighclass18,EShighclass19,EShighclass20,EShighclass21,EShighclass22,EShighclass23,EShighclass24,EShighclass25,EShighclass26,EShighclass27,EShighclass28,EShighclass29,EShighclass30,EShighclass31,EShighclass32,EShighclass33,EShighclass34,EShighclass35,EShighclass36,EShighclass37,EShighclass38,EShighclass39,EShighclass40,EShighclass41,EShighclass42,EShighclass43,EShighclass44,EShighclass45,ESlowclass1,ESlowclass2,ESlowclass3,ESlowclass4,ESlowclass5,ESlowclass6,ESlowclass7,ESlowclass8,ESlowclass9,ESlowclass10,ESlowclass11,ESlowclass12,ESlowclass13,ESlowclass14,ESlowclass15}+G4
WARNING: Normalizing State frequencies so that sum of them equals to 1

NOTE: 93694 MB RAM (91 GB) is required!
Estimate model parameters (epsilon = 0.990)
1. Initial log-likelihood: -2206327.051
2. Current log-likelihood: -2172182.188
3. Current log-likelihood: -2171436.849
4. Current log-likelihood: -2171407.451
5. Current log-likelihood: -2171404.990
Optimal log-likelihood: -2171404.172
Mixture weights: 0.007 0.019 0.009 0.017 0.007 0.005 0.022 0.028 0.007 0.003 0.014 0.033 0.031 0.008 0.008 0.023 0.008 0.054 0.007 0.023 0.005 0.008 0.011 0.025 0.021 0.023 0.005 0.004 0.012 0.011 0.003 0.023 0.003 0.025 0.006 0.010 0.006 0.021 0.010 0.016 0.110 0.151 0.010 0.018 0.016 0.017 0.009 0.007 0.012 0.012 0.019 0.001 0.003 0.001 0.006 0.017 0.006 0.002 0.000 0.000
Gamma shape alpha: 0.748
Parameters optimization took 5 rounds (779.628 sec)
Wrote distance file to... 
BEST SCORE FOUND : -2171404.172
Total tree length: 23.982

Total number of iterations: 0
CPU time used for tree search: 0.000 sec (0h:0m:0s)
Wall-clock time used for tree search: 0.000 sec (0h:0m:0s)
Total CPU time used: 27689.116 sec (7h:41m:29s)
Total wall-clock time used: 779.798 sec (0h:12m:59s)

Analysis results written to: 
  IQ-TREE report:                tardigrada/1_infer/LG-MEOW60opt.iqtree
  Maximum-likelihood tree:       tardigrada/1_infer/LG-MEOW60opt.treefile
  Screen log file:               tardigrada/1_infer/LG-MEOW60opt.log

Date and Time: Fri Apr 25 13:16:57 2025
