IQ-TREE version 3.0.0 for Linux x86 64-bit built Apr  4 2025
Developed by Bui Quang Minh, Thomas Wong, Nhan Ly-Trong, Huaiyan Ren
Contributed by Lam-Tung Nguyen, Dominik Schrempf, Chris Bielow,
Olga Chernomor, Michael Woodhams, Diep Thi Hoang, Heiko Schmidt

Host:    rona.rsb.anu.edu.au (AVX2, FMA3, 1007 GB RAM)
Command: /data/yutong/iqtree3 -s tardigrada/matrix_40sp.fasta -ft tardigrada/1_infer/LG-MEOW60opt.treefile -m LGESmodel -mdef tardigrada/1_infer/meow4515.nex -safe -pre tardigrada/1_infer/LG-MEOW60opt-PMSF -n 0 -nt 40
Seed:    775082 (Using SPRNG - Scalable Parallel Random Number Generator)
Time:    Fri Apr 25 17:03:02 2025
Kernel:  Safe AVX+FMA - 40 threads (256 CPU cores detected)

Reading alignment file tardigrada/matrix_40sp.fasta ... Fasta format detected
Reading fasta file: done in 0.0656872 secs using 81.04% CPU
Alignment most likely contains protein sequences
Constructing alignment: done in 0.215993 secs using 314.4% CPU
Alignment has 40 sequences with 70888 columns, 63149 distinct patterns
48785 parsimony-informative, 7670 singleton sites, 14433 constant sites
                             Gap/Ambiguity  Composition  p-value
Analyzing sequences: done in 0.0260227 secs using 3584% CPU
   1  Capitella_telata               5.00%    failed      0.00%
   2  Daphnia_magna                  9.79%    failed      0.06%
   3  Echiniscoides_sigismundi      49.39%    failed      0.00%
   4  Echiniscus_bisetosus          82.96%    failed      0.00%
   5  Echiniscus_testudo            50.24%    failed      0.00%
   6  Echinoderes_kohni             88.58%    failed      0.00%
   7  Enoplus_brevis                22.43%    failed      0.00%
   8  Epiperipatus                  56.34%    failed      0.00%
   9  Frakliniella_occidentalis      7.36%    failed      0.08%
  10  Gordius                       70.84%    failed      0.00%
  11  Halicryptus_spinolosus        13.41%    failed      0.00%
  12  Hypsibius_dujardini            3.51%    failed      0.00%
  13  Limulus_polyphemus            16.13%    failed      0.00%
  14  Manduca_sexta                  9.59%    failed      0.00%
  15  Meiopriapulus                 26.75%    failed      0.00%
  16  Mesobiotus_philippinicus      19.72%    failed      0.00%
  17  Milnesium_tardigradum         59.56%    failed      0.00%
  18  Neodiprion_lecontei            4.62%    failed      0.01%
  19  Ooperipatellus                72.91%    failed      0.00%
  20  Opisthopatus_kwazululandi     26.52%    failed      0.00%
  21  Paeneus_vanammei              12.28%    failed      0.00%
  22  Pamacea_canaliculata           5.42%    failed      0.02%
  23  Paragordius_varius            71.38%    failed      0.00%
  24  Parasteatoda_tepidariorum      3.65%    failed      0.00%
  25  Peripatoides                  73.44%    failed      0.00%
  26  Peripatoides_novaezelandiae   16.34%    failed      0.00%
  27  Peripatopsis_capensis         37.07%    failed      0.00%
  28  Pleomothra                    21.78%    failed      0.00%
  29  Pontonema_vulgare             24.88%    failed      0.00%
  30  Priapulus_caudatus            13.43%    failed      0.00%
  31  Prionchulus_punctatus         13.90%    failed      0.00%
  32  Pycnophyes                    76.53%    failed      0.00%
  33  Ramazzottius_varieornatus      3.20%    failed      0.00%
  34  Richtersius_coronifer          6.00%    failed      0.00%
  35  Romanomermis_culicivorax      36.04%    failed      0.00%
  36  Stegodyphus_mimosarum         15.16%    failed      0.00%
  37  Strigamia_maritima            13.05%    failed      0.00%
  38  Tachypleu                      8.55%    failed      0.00%
  39  Tobrilus                      23.43%    failed      0.00%
  40  Xiphinema_index               27.20%    failed      0.00%
WARNING: 10 sequences contain more than 50% gaps/ambiguity
****  TOTAL                         29.96%  40 sequences failed composition chi2 test (p-value<5%; df=19)

===> COMPUTING SITE FREQUENCY MODEL BASED ON TREE FILE tardigrada/1_infer/LG-MEOW60opt.treefile
Reading model definition file tardigrada/1_infer/meow4515.nex ... 87 models and 274 frequency vectors loaded
Model LGESmodel is alias for LG+G4{0.7478025235}+FMIX{EShighclass1:1.0:0.0074813495,EShighclass2:1.0:0.0190315477,EShighclass3:1.0:0.0087070654,EShighclass4:1.0:0.0170338374,EShighclass5:1.0:0.0067427785,EShighclass6:1.0:0.0052053933,EShighclass7:1.0:0.0218572461,EShighclass8:1.0:0.0281109935,EShighclass9:1.0:0.0071866076,EShighclass10:1.0:0.0032125607,EShighclass11:1.0:0.0142628760,EShighclass12:1.0:0.0329540174,EShighclass13:1.0:0.0312997797,EShighclass14:1.0:0.0082210593,EShighclass15:1.0:0.0082362272,EShighclass16:1.0:0.0226740682,EShighclass17:1.0:0.0078456203,EShighclass18:1.0:0.0542990034,EShighclass19:1.0:0.0070814331,EShighclass20:1.0:0.0232955206,EShighclass21:1.0:0.0050445891,EShighclass22:1.0:0.0077590234,EShighclass23:1.0:0.0113015000,EShighclass24:1.0:0.0247409325,EShighclass25:1.0:0.0208979828,EShighclass26:1.0:0.0226250147,EShighclass27:1.0:0.0045554605,EShighclass28:1.0:0.0044030255,EShighclass29:1.0:0.0117017773,EShighclass30:1.0:0.0110792235,EShighclass31:1.0:0.0031405012,EShighclass32:1.0:0.0229293855,EShighclass33:1.0:0.0034363837,EShighclass34:1.0:0.0254294115,EShighclass35:1.0:0.0056906204,EShighclass36:1.0:0.0102013170,EShighclass37:1.0:0.0059924356,EShighclass38:1.0:0.0214669981,EShighclass39:1.0:0.0101023199,EShighclass40:1.0:0.0160920186,EShighclass41:1.0:0.1100748449,EShighclass42:1.0:0.1508763400,EShighclass43:1.0:0.0095557518,EShighclass44:1.0:0.0183146301,EShighclass45:1.0:0.0160192580,ESlowclass1:1.0:0.0166177058,ESlowclass2:1.0:0.0086851556,ESlowclass3:1.0:0.0069954725,ESlowclass4:1.0:0.0124825545,ESlowclass5:1.0:0.0118846602,ESlowclass6:1.0:0.0188527723,ESlowclass7:1.0:0.0008656906,ESlowclass8:1.0:0.0030393683,ESlowclass9:1.0:0.0009243451,ESlowclass10:1.0:0.0061371809,ESlowclass11:1.0:0.0171033368,ESlowclass12:1.0:0.0059950709,ESlowclass13:1.0:0.0019241548,ESlowclass14:1.0:0.0001719252,ESlowclass15:1.0:0.0001508763}
WARNING: Your input class weight 0.000865691 is very small and may cause numerical issues
WARNING: Your input class weight 0.000924345 is very small and may cause numerical issues
WARNING: Your input class weight 0.000171925 is very small and may cause numerical issues
WARNING: Your input class weight 0.000150876 is very small and may cause numerical issues
WARNING: Normalizing State frequencies so that sum of them equals to 1
NOTE: 93694 MB RAM is required!
1. Initial log-likelihood: -2171404.172
Optimal log-likelihood: -2171404.065
Mixture weights: 0.007 0.019 0.009 0.017 0.007 0.005 0.022 0.028 0.007 0.003 0.014 0.033 0.031 0.008 0.008 0.023 0.008 0.054 0.007 0.023 0.005 0.008 0.011 0.025 0.021 0.023 0.005 0.004 0.012 0.011 0.003 0.023 0.003 0.025 0.006 0.010 0.006 0.021 0.010 0.016 0.110 0.151 0.010 0.018 0.016 0.017 0.009 0.007 0.012 0.012 0.019 0.001 0.003 0.001 0.006 0.017 0.006 0.002 0.000 0.000
Gamma shape alpha: 0.748
Parameters optimization took 1 rounds (145.393 sec)
Computing posterior mean site frequencies....
Site state frequency vectors printed to tardigrada/1_infer/LG-MEOW60opt-PMSF.sitefreq

===> CONTINUE ANALYSIS USING THE INFERRED SITE FREQUENCY MODEL
Checking for duplicate sequences: done in 0.0174174 secs using 1428% CPU
Reading model definition file tardigrada/1_infer/meow4515.nex ... 87 models and 274 frequency vectors loaded

Create initial parsimony tree by phylogenetic likelihood library (PLL)... 0.778 seconds
Model LGESmodel is alias for LG+G4{0.7478025235}+FMIX{EShighclass1:1.0:0.0074813495,EShighclass2:1.0:0.0190315477,EShighclass3:1.0:0.0087070654,EShighclass4:1.0:0.0170338374,EShighclass5:1.0:0.0067427785,EShighclass6:1.0:0.0052053933,EShighclass7:1.0:0.0218572461,EShighclass8:1.0:0.0281109935,EShighclass9:1.0:0.0071866076,EShighclass10:1.0:0.0032125607,EShighclass11:1.0:0.0142628760,EShighclass12:1.0:0.0329540174,EShighclass13:1.0:0.0312997797,EShighclass14:1.0:0.0082210593,EShighclass15:1.0:0.0082362272,EShighclass16:1.0:0.0226740682,EShighclass17:1.0:0.0078456203,EShighclass18:1.0:0.0542990034,EShighclass19:1.0:0.0070814331,EShighclass20:1.0:0.0232955206,EShighclass21:1.0:0.0050445891,EShighclass22:1.0:0.0077590234,EShighclass23:1.0:0.0113015000,EShighclass24:1.0:0.0247409325,EShighclass25:1.0:0.0208979828,EShighclass26:1.0:0.0226250147,EShighclass27:1.0:0.0045554605,EShighclass28:1.0:0.0044030255,EShighclass29:1.0:0.0117017773,EShighclass30:1.0:0.0110792235,EShighclass31:1.0:0.0031405012,EShighclass32:1.0:0.0229293855,EShighclass33:1.0:0.0034363837,EShighclass34:1.0:0.0254294115,EShighclass35:1.0:0.0056906204,EShighclass36:1.0:0.0102013170,EShighclass37:1.0:0.0059924356,EShighclass38:1.0:0.0214669981,EShighclass39:1.0:0.0101023199,EShighclass40:1.0:0.0160920186,EShighclass41:1.0:0.1100748449,EShighclass42:1.0:0.1508763400,EShighclass43:1.0:0.0095557518,EShighclass44:1.0:0.0183146301,EShighclass45:1.0:0.0160192580,ESlowclass1:1.0:0.0166177058,ESlowclass2:1.0:0.0086851556,ESlowclass3:1.0:0.0069954725,ESlowclass4:1.0:0.0124825545,ESlowclass5:1.0:0.0118846602,ESlowclass6:1.0:0.0188527723,ESlowclass7:1.0:0.0008656906,ESlowclass8:1.0:0.0030393683,ESlowclass9:1.0:0.0009243451,ESlowclass10:1.0:0.0061371809,ESlowclass11:1.0:0.0171033368,ESlowclass12:1.0:0.0059950709,ESlowclass13:1.0:0.0019241548,ESlowclass14:1.0:0.0001719252,ESlowclass15:1.0:0.0001508763}

NOTE: 2149 MB RAM (2 GB) is required!
Estimate model parameters (epsilon = 0.010)
1. Initial log-likelihood: -2101927.841
2. Current log-likelihood: -2034439.198
3. Current log-likelihood: -2033187.786
4. Current log-likelihood: -2033175.905
5. Current log-likelihood: -2033174.724
6. Current log-likelihood: -2033174.580
7. Current log-likelihood: -2033174.564
Optimal log-likelihood: -2033174.560
Gamma shape alpha: 0.748
Parameters optimization took 7 rounds (36.866 sec)
Wrote distance file to... 
BEST SCORE FOUND : -2033174.560
Total tree length: 18.700

Total number of iterations: 0
CPU time used for tree search: 0.000 sec (0h:0m:0s)
Wall-clock time used for tree search: 0.000 sec (0h:0m:0s)
Total CPU time used: 1413.943 sec (0h:23m:33s)
Total wall-clock time used: 53.672 sec (0h:0m:53s)

Analysis results written to: 
  IQ-TREE report:                tardigrada/1_infer/LG-MEOW60opt-PMSF.iqtree
  Maximum-likelihood tree:       tardigrada/1_infer/LG-MEOW60opt-PMSF.treefile
  Screen log file:               tardigrada/1_infer/LG-MEOW60opt-PMSF.log

Date and Time: Fri Apr 25 17:06:30 2025
