IQ-TREE version 3.0.0 for Linux x86 64-bit built Apr  4 2025
Developed by Bui Quang Minh, Thomas Wong, Nhan Ly-Trong, Huaiyan Ren
Contributed by Lam-Tung Nguyen, Dominik Schrempf, Chris Bielow,
Olga Chernomor, Michael Woodhams, Diep Thi Hoang, Heiko Schmidt

Host:    rona.rsb.anu.edu.au (AVX2, FMA3, 1007 GB RAM)
Command: /data/yutong/iqtree3 -s tardigrada/matrix_40sp.fasta -ft tardigrada/1_infer/LG-UDM128opt.treefile -m LGUDM128OPT -mdef tardigrada/1_infer/LGUDM128OPT.nex -safe -pre tardigrada/1_infer/LG-UDM128opt-PMSF -n 0 -nt 40
Seed:    249501 (Using SPRNG - Scalable Parallel Random Number Generator)
Time:    Thu Apr 24 16:45:36 2025
Kernel:  Safe AVX+FMA - 40 threads (256 CPU cores detected)

Reading alignment file tardigrada/matrix_40sp.fasta ... Fasta format detected
Reading fasta file: done in 0.038971 secs using 99.94% CPU
Alignment most likely contains protein sequences
Constructing alignment: done in 0.182579 secs using 197.8% CPU
Alignment has 40 sequences with 70888 columns, 63149 distinct patterns
48785 parsimony-informative, 7670 singleton sites, 14433 constant sites
                             Gap/Ambiguity  Composition  p-value
Analyzing sequences: done in 0.00956943 secs using 3263% CPU
   1  Capitella_telata               5.00%    failed      0.00%
   2  Daphnia_magna                  9.79%    failed      0.06%
   3  Echiniscoides_sigismundi      49.39%    failed      0.00%
   4  Echiniscus_bisetosus          82.96%    failed      0.00%
   5  Echiniscus_testudo            50.24%    failed      0.00%
   6  Echinoderes_kohni             88.58%    failed      0.00%
   7  Enoplus_brevis                22.43%    failed      0.00%
   8  Epiperipatus                  56.34%    failed      0.00%
   9  Frakliniella_occidentalis      7.36%    failed      0.08%
  10  Gordius                       70.84%    failed      0.00%
  11  Halicryptus_spinolosus        13.41%    failed      0.00%
  12  Hypsibius_dujardini            3.51%    failed      0.00%
  13  Limulus_polyphemus            16.13%    failed      0.00%
  14  Manduca_sexta                  9.59%    failed      0.00%
  15  Meiopriapulus                 26.75%    failed      0.00%
  16  Mesobiotus_philippinicus      19.72%    failed      0.00%
  17  Milnesium_tardigradum         59.56%    failed      0.00%
  18  Neodiprion_lecontei            4.62%    failed      0.01%
  19  Ooperipatellus                72.91%    failed      0.00%
  20  Opisthopatus_kwazululandi     26.52%    failed      0.00%
  21  Paeneus_vanammei              12.28%    failed      0.00%
  22  Pamacea_canaliculata           5.42%    failed      0.02%
  23  Paragordius_varius            71.38%    failed      0.00%
  24  Parasteatoda_tepidariorum      3.65%    failed      0.00%
  25  Peripatoides                  73.44%    failed      0.00%
  26  Peripatoides_novaezelandiae   16.34%    failed      0.00%
  27  Peripatopsis_capensis         37.07%    failed      0.00%
  28  Pleomothra                    21.78%    failed      0.00%
  29  Pontonema_vulgare             24.88%    failed      0.00%
  30  Priapulus_caudatus            13.43%    failed      0.00%
  31  Prionchulus_punctatus         13.90%    failed      0.00%
  32  Pycnophyes                    76.53%    failed      0.00%
  33  Ramazzottius_varieornatus      3.20%    failed      0.00%
  34  Richtersius_coronifer          6.00%    failed      0.00%
  35  Romanomermis_culicivorax      36.04%    failed      0.00%
  36  Stegodyphus_mimosarum         15.16%    failed      0.00%
  37  Strigamia_maritima            13.05%    failed      0.00%
  38  Tachypleu                      8.55%    failed      0.00%
  39  Tobrilus                      23.43%    failed      0.00%
  40  Xiphinema_index               27.20%    failed      0.00%
WARNING: 10 sequences contain more than 50% gaps/ambiguity
****  TOTAL                         29.96%  40 sequences failed composition chi2 test (p-value<5%; df=19)

===> COMPUTING SITE FREQUENCY MODEL BASED ON TREE FILE tardigrada/1_infer/LG-UDM128opt.treefile
Reading model definition file tardigrada/1_infer/LGUDM128OPT.nex ... 87 models and 342 frequency vectors loaded
Model LGUDM128OPT is alias for LG+G4{0.5074114201}+FMIX{UDM0128CLR_C0000:1:0.0000000790,UDM0128CLR_C0001:1:0.0182038638,UDM0128CLR_C0002:1:0.0071016453,UDM0128CLR_C0003:1:0.0079078324,UDM0128CLR_C0004:1:0.0000000790,UDM0128CLR_C0005:1:0.0342696748,UDM0128CLR_C0006:1:0.0022467576,UDM0128CLR_C0007:1:0.0213868609,UDM0128CLR_C0008:1:0.0042230442,UDM0128CLR_C0009:1:0.0000000790,UDM0128CLR_C0010:1:0.0000000790,UDM0128CLR_C0011:1:0.0157843422,UDM0128CLR_C0012:1:0.0057299356,UDM0128CLR_C0013:1:0.0003044116,UDM0128CLR_C0014:1:0.0000000790,UDM0128CLR_C0015:1:0.0000041274,UDM0128CLR_C0016:1:0.0000000790,UDM0128CLR_C0017:1:0.0059573240,UDM0128CLR_C0018:1:0.0142824137,UDM0128CLR_C0019:1:0.0000000790,UDM0128CLR_C0020:1:0.0148052195,UDM0128CLR_C0021:1:0.0054674456,UDM0128CLR_C0022:1:0.0067043931,UDM0128CLR_C0023:1:0.0159570083,UDM0128CLR_C0024:1:0.0000054786,UDM0128CLR_C0025:1:0.0043072411,UDM0128CLR_C0026:1:0.0073551376,UDM0128CLR_C0027:1:0.0088575944,UDM0128CLR_C0028:1:0.0011015277,UDM0128CLR_C0029:1:0.0001433742,UDM0128CLR_C0030:1:0.0000359971,UDM0128CLR_C0031:1:0.0000000790,UDM0128CLR_C0032:1:0.0069153554,UDM0128CLR_C0033:1:0.0001499652,UDM0128CLR_C0034:1:0.0000359262,UDM0128CLR_C0035:1:0.0099296332,UDM0128CLR_C0036:1:0.0000000790,UDM0128CLR_C0037:1:0.0000000790,UDM0128CLR_C0038:1:0.0000000790,UDM0128CLR_C0039:1:0.0000000790,UDM0128CLR_C0040:1:0.0488647540,UDM0128CLR_C0041:1:0.0000069648,UDM0128CLR_C0042:1:0.0077934245,UDM0128CLR_C0043:1:0.0105923986,UDM0128CLR_C0044:1:0.0000053679,UDM0128CLR_C0045:1:0.0143646269,UDM0128CLR_C0046:1:0.0032834625,UDM0128CLR_C0047:1:0.0045842594,UDM0128CLR_C0048:1:0.0011792783,UDM0128CLR_C0049:1:0.0000000790,UDM0128CLR_C0050:1:0.0039657244,UDM0128CLR_C0051:1:0.0129263419,UDM0128CLR_C0052:1:0.0013371894,UDM0128CLR_C0053:1:0.0116809793,UDM0128CLR_C0054:1:0.0068012163,UDM0128CLR_C0055:1:0.0000000790,UDM0128CLR_C0056:1:0.0136762399,UDM0128CLR_C0057:1:0.0068163608,UDM0128CLR_C0058:1:0.0069802528,UDM0128CLR_C0059:1:0.0000074397,UDM0128CLR_C0060:1:0.0000022872,UDM0128CLR_C0061:1:0.0269563979,UDM0128CLR_C0062:1:0.0108991618,UDM0128CLR_C0063:1:0.0028728599,UDM0128CLR_C0064:1:0.0015531751,UDM0128CLR_C0065:1:0.0161154568,UDM0128CLR_C0066:1:0.0153808823,UDM0128CLR_C0067:1:0.0035647174,UDM0128CLR_C0068:1:0.0017175814,UDM0128CLR_C0069:1:0.0018037999,UDM0128CLR_C0070:1:0.0203798387,UDM0128CLR_C0071:1:0.0024833761,UDM0128CLR_C0072:1:0.0216645743,UDM0128CLR_C0073:1:0.0087674337,UDM0128CLR_C0074:1:0.0052643946,UDM0128CLR_C0075:1:0.0068673404,UDM0128CLR_C0076:1:0.0353417764,UDM0128CLR_C0077:1:0.0000000790,UDM0128CLR_C0078:1:0.0197253742,UDM0128CLR_C0079:1:0.0009349464,UDM0128CLR_C0080:1:0.0066288000,UDM0128CLR_C0081:1:0.0200514146,UDM0128CLR_C0082:1:0.0000000790,UDM0128CLR_C0083:1:0.0183496575,UDM0128CLR_C0084:1:0.0053672620,UDM0128CLR_C0085:1:0.0073268061,UDM0128CLR_C0086:1:0.0004165634,UDM0128CLR_C0087:1:0.0066930140,UDM0128CLR_C0088:1:0.0000000790,UDM0128CLR_C0089:1:0.0141401894,UDM0128CLR_C0090:1:0.0000000790,UDM0128CLR_C0091:1:0.0104697019,UDM0128CLR_C0092:1:0.0000083166,UDM0128CLR_C0093:1:0.0470419027,UDM0128CLR_C0094:1:0.0790343523,UDM0128CLR_C0095:1:0.0044032792,UDM0128CLR_C0096:1:0.0046695879,UDM0128CLR_C0097:1:0.0052117900,UDM0128CLR_C0098:1:0.0081559035,UDM0128CLR_C0099:1:0.0071376444,UDM0128CLR_C0100:1:0.0039710918,UDM0128CLR_C0101:1:0.0067790738,UDM0128CLR_C0102:1:0.0030997286,UDM0128CLR_C0103:1:0.0105783069,UDM0128CLR_C0104:1:0.0000000790,UDM0128CLR_C0105:1:0.0000000790,UDM0128CLR_C0106:1:0.0017874344,UDM0128CLR_C0107:1:0.0000000790,UDM0128CLR_C0108:1:0.0019860556,UDM0128CLR_C0109:1:0.0094202798,UDM0128CLR_C0110:1:0.0000000790,UDM0128CLR_C0111:1:0.0211129773,UDM0128CLR_C0112:1:0.0242362007,UDM0128CLR_C0113:1:0.0036444327,UDM0128CLR_C0114:1:0.0146381078,UDM0128CLR_C0115:1:0.0127356215,UDM0128CLR_C0116:1:0.0049008140,UDM0128CLR_C0117:1:0.0186853298,UDM0128CLR_C0118:1:0.0024676375,UDM0128CLR_C0119:1:0.0160387894,UDM0128CLR_C0120:1:0.0000000790,UDM0128CLR_C0121:1:0.0018950214,UDM0128CLR_C0122:1:0.0054058851,UDM0128CLR_C0123:1:0.0003628766,UDM0128CLR_C0124:1:0.0029488628,UDM0128CLR_C0125:1:0.0029846649,UDM0128CLR_C0126:1:0.0087985834,UDM0128CLR_C0127:1:0.0000790344}
WARNING: Your input class weight 7.9e-08 is very small and may cause numerical issues
WARNING: Your input class weight 7.9e-08 is very small and may cause numerical issues
WARNING: Your input class weight 7.9e-08 is very small and may cause numerical issues
WARNING: Your input class weight 7.9e-08 is very small and may cause numerical issues
WARNING: Your input class weight 0.000304412 is very small and may cause numerical issues
WARNING: Your input class weight 7.9e-08 is very small and may cause numerical issues
WARNING: Your input class weight 4.1274e-06 is very small and may cause numerical issues
WARNING: Your input class weight 7.9e-08 is very small and may cause numerical issues
WARNING: Your input class weight 7.9e-08 is very small and may cause numerical issues
WARNING: Your input class weight 5.4786e-06 is very small and may cause numerical issues
WARNING: Your input class weight 0.000143374 is very small and may cause numerical issues
WARNING: Your input class weight 3.59971e-05 is very small and may cause numerical issues
WARNING: Your input class weight 7.9e-08 is very small and may cause numerical issues
WARNING: Your input class weight 0.000149965 is very small and may cause numerical issues
WARNING: Your input class weight 3.59262e-05 is very small and may cause numerical issues
WARNING: Your input class weight 7.9e-08 is very small and may cause numerical issues
WARNING: Your input class weight 7.9e-08 is very small and may cause numerical issues
WARNING: Your input class weight 7.9e-08 is very small and may cause numerical issues
WARNING: Your input class weight 7.9e-08 is very small and may cause numerical issues
WARNING: Your input class weight 6.9648e-06 is very small and may cause numerical issues
WARNING: Your input class weight 5.3679e-06 is very small and may cause numerical issues
WARNING: Your input class weight 7.9e-08 is very small and may cause numerical issues
WARNING: Your input class weight 7.9e-08 is very small and may cause numerical issues
WARNING: Your input class weight 7.4397e-06 is very small and may cause numerical issues
WARNING: Your input class weight 2.2872e-06 is very small and may cause numerical issues
WARNING: Your input class weight 7.9e-08 is very small and may cause numerical issues
WARNING: Your input class weight 0.000934946 is very small and may cause numerical issues
WARNING: Your input class weight 7.9e-08 is very small and may cause numerical issues
WARNING: Your input class weight 0.000416563 is very small and may cause numerical issues
WARNING: Your input class weight 7.9e-08 is very small and may cause numerical issues
WARNING: Your input class weight 7.9e-08 is very small and may cause numerical issues
WARNING: Your input class weight 8.3166e-06 is very small and may cause numerical issues
WARNING: Your input class weight 7.9e-08 is very small and may cause numerical issues
WARNING: Your input class weight 7.9e-08 is very small and may cause numerical issues
WARNING: Your input class weight 7.9e-08 is very small and may cause numerical issues
WARNING: Your input class weight 7.9e-08 is very small and may cause numerical issues
WARNING: Your input class weight 7.9e-08 is very small and may cause numerical issues
WARNING: Your input class weight 0.000362877 is very small and may cause numerical issues
WARNING: Your input class weight 7.90344e-05 is very small and may cause numerical issues
NOTE: 199881 MB RAM is required!
1. Initial log-likelihood: -2200770.988
Optimal log-likelihood: -2200770.914
Mixture weights: 0.000 0.018 0.007 0.008 0.000 0.034 0.002 0.021 0.004 0.000 0.000 0.016 0.006 0.000 0.000 0.000 0.000 0.006 0.014 0.000 0.015 0.005 0.007 0.016 0.000 0.004 0.007 0.009 0.001 0.000 0.000 0.000 0.007 0.000 0.000 0.010 0.000 0.000 0.000 0.000 0.049 0.000 0.008 0.011 0.000 0.014 0.003 0.005 0.001 0.000 0.004 0.013 0.001 0.012 0.007 0.000 0.014 0.007 0.007 0.000 0.000 0.027 0.011 0.003 0.002 0.016 0.015 0.004 0.002 0.002 0.020 0.002 0.022 0.009 0.005 0.007 0.035 0.000 0.020 0.001 0.007 0.020 0.000 0.018 0.005 0.007 0.000 0.007 0.000 0.014 0.000 0.010 0.000 0.047 0.079 0.004 0.005 0.005 0.008 0.007 0.004 0.007 0.003 0.011 0.000 0.000 0.002 0.000 0.002 0.009 0.000 0.021 0.024 0.004 0.015 0.013 0.005 0.019 0.002 0.016 0.000 0.002 0.005 0.000 0.003 0.003 0.009 0.000
Gamma shape alpha: 0.507
Parameters optimization took 1 rounds (337.978 sec)
Computing posterior mean site frequencies....
Site state frequency vectors printed to tardigrada/1_infer/LG-UDM128opt-PMSF.sitefreq

===> CONTINUE ANALYSIS USING THE INFERRED SITE FREQUENCY MODEL
Checking for duplicate sequences: done in 0.0150814 secs using 991.1% CPU
Reading model definition file tardigrada/1_infer/LGUDM128OPT.nex ... 87 models and 342 frequency vectors loaded

Create initial parsimony tree by phylogenetic likelihood library (PLL)... 0.764 seconds
Model LGUDM128OPT is alias for LG+G4{0.5074114201}+FMIX{UDM0128CLR_C0000:1:0.0000000790,UDM0128CLR_C0001:1:0.0182038638,UDM0128CLR_C0002:1:0.0071016453,UDM0128CLR_C0003:1:0.0079078324,UDM0128CLR_C0004:1:0.0000000790,UDM0128CLR_C0005:1:0.0342696748,UDM0128CLR_C0006:1:0.0022467576,UDM0128CLR_C0007:1:0.0213868609,UDM0128CLR_C0008:1:0.0042230442,UDM0128CLR_C0009:1:0.0000000790,UDM0128CLR_C0010:1:0.0000000790,UDM0128CLR_C0011:1:0.0157843422,UDM0128CLR_C0012:1:0.0057299356,UDM0128CLR_C0013:1:0.0003044116,UDM0128CLR_C0014:1:0.0000000790,UDM0128CLR_C0015:1:0.0000041274,UDM0128CLR_C0016:1:0.0000000790,UDM0128CLR_C0017:1:0.0059573240,UDM0128CLR_C0018:1:0.0142824137,UDM0128CLR_C0019:1:0.0000000790,UDM0128CLR_C0020:1:0.0148052195,UDM0128CLR_C0021:1:0.0054674456,UDM0128CLR_C0022:1:0.0067043931,UDM0128CLR_C0023:1:0.0159570083,UDM0128CLR_C0024:1:0.0000054786,UDM0128CLR_C0025:1:0.0043072411,UDM0128CLR_C0026:1:0.0073551376,UDM0128CLR_C0027:1:0.0088575944,UDM0128CLR_C0028:1:0.0011015277,UDM0128CLR_C0029:1:0.0001433742,UDM0128CLR_C0030:1:0.0000359971,UDM0128CLR_C0031:1:0.0000000790,UDM0128CLR_C0032:1:0.0069153554,UDM0128CLR_C0033:1:0.0001499652,UDM0128CLR_C0034:1:0.0000359262,UDM0128CLR_C0035:1:0.0099296332,UDM0128CLR_C0036:1:0.0000000790,UDM0128CLR_C0037:1:0.0000000790,UDM0128CLR_C0038:1:0.0000000790,UDM0128CLR_C0039:1:0.0000000790,UDM0128CLR_C0040:1:0.0488647540,UDM0128CLR_C0041:1:0.0000069648,UDM0128CLR_C0042:1:0.0077934245,UDM0128CLR_C0043:1:0.0105923986,UDM0128CLR_C0044:1:0.0000053679,UDM0128CLR_C0045:1:0.0143646269,UDM0128CLR_C0046:1:0.0032834625,UDM0128CLR_C0047:1:0.0045842594,UDM0128CLR_C0048:1:0.0011792783,UDM0128CLR_C0049:1:0.0000000790,UDM0128CLR_C0050:1:0.0039657244,UDM0128CLR_C0051:1:0.0129263419,UDM0128CLR_C0052:1:0.0013371894,UDM0128CLR_C0053:1:0.0116809793,UDM0128CLR_C0054:1:0.0068012163,UDM0128CLR_C0055:1:0.0000000790,UDM0128CLR_C0056:1:0.0136762399,UDM0128CLR_C0057:1:0.0068163608,UDM0128CLR_C0058:1:0.0069802528,UDM0128CLR_C0059:1:0.0000074397,UDM0128CLR_C0060:1:0.0000022872,UDM0128CLR_C0061:1:0.0269563979,UDM0128CLR_C0062:1:0.0108991618,UDM0128CLR_C0063:1:0.0028728599,UDM0128CLR_C0064:1:0.0015531751,UDM0128CLR_C0065:1:0.0161154568,UDM0128CLR_C0066:1:0.0153808823,UDM0128CLR_C0067:1:0.0035647174,UDM0128CLR_C0068:1:0.0017175814,UDM0128CLR_C0069:1:0.0018037999,UDM0128CLR_C0070:1:0.0203798387,UDM0128CLR_C0071:1:0.0024833761,UDM0128CLR_C0072:1:0.0216645743,UDM0128CLR_C0073:1:0.0087674337,UDM0128CLR_C0074:1:0.0052643946,UDM0128CLR_C0075:1:0.0068673404,UDM0128CLR_C0076:1:0.0353417764,UDM0128CLR_C0077:1:0.0000000790,UDM0128CLR_C0078:1:0.0197253742,UDM0128CLR_C0079:1:0.0009349464,UDM0128CLR_C0080:1:0.0066288000,UDM0128CLR_C0081:1:0.0200514146,UDM0128CLR_C0082:1:0.0000000790,UDM0128CLR_C0083:1:0.0183496575,UDM0128CLR_C0084:1:0.0053672620,UDM0128CLR_C0085:1:0.0073268061,UDM0128CLR_C0086:1:0.0004165634,UDM0128CLR_C0087:1:0.0066930140,UDM0128CLR_C0088:1:0.0000000790,UDM0128CLR_C0089:1:0.0141401894,UDM0128CLR_C0090:1:0.0000000790,UDM0128CLR_C0091:1:0.0104697019,UDM0128CLR_C0092:1:0.0000083166,UDM0128CLR_C0093:1:0.0470419027,UDM0128CLR_C0094:1:0.0790343523,UDM0128CLR_C0095:1:0.0044032792,UDM0128CLR_C0096:1:0.0046695879,UDM0128CLR_C0097:1:0.0052117900,UDM0128CLR_C0098:1:0.0081559035,UDM0128CLR_C0099:1:0.0071376444,UDM0128CLR_C0100:1:0.0039710918,UDM0128CLR_C0101:1:0.0067790738,UDM0128CLR_C0102:1:0.0030997286,UDM0128CLR_C0103:1:0.0105783069,UDM0128CLR_C0104:1:0.0000000790,UDM0128CLR_C0105:1:0.0000000790,UDM0128CLR_C0106:1:0.0017874344,UDM0128CLR_C0107:1:0.0000000790,UDM0128CLR_C0108:1:0.0019860556,UDM0128CLR_C0109:1:0.0094202798,UDM0128CLR_C0110:1:0.0000000790,UDM0128CLR_C0111:1:0.0211129773,UDM0128CLR_C0112:1:0.0242362007,UDM0128CLR_C0113:1:0.0036444327,UDM0128CLR_C0114:1:0.0146381078,UDM0128CLR_C0115:1:0.0127356215,UDM0128CLR_C0116:1:0.0049008140,UDM0128CLR_C0117:1:0.0186853298,UDM0128CLR_C0118:1:0.0024676375,UDM0128CLR_C0119:1:0.0160387894,UDM0128CLR_C0120:1:0.0000000790,UDM0128CLR_C0121:1:0.0018950214,UDM0128CLR_C0122:1:0.0054058851,UDM0128CLR_C0123:1:0.0003628766,UDM0128CLR_C0124:1:0.0029488628,UDM0128CLR_C0125:1:0.0029846649,UDM0128CLR_C0126:1:0.0087985834,UDM0128CLR_C0127:1:0.0000790344}

NOTE: 2149 MB RAM (2 GB) is required!
Estimate model parameters (epsilon = 0.010)
1. Initial log-likelihood: -2075004.166
2. Current log-likelihood: -2013309.885
3. Current log-likelihood: -2011560.023
4. Current log-likelihood: -2011543.433
5. Current log-likelihood: -2011541.941
6. Current log-likelihood: -2011541.757
7. Current log-likelihood: -2011541.737
Optimal log-likelihood: -2011541.732
Gamma shape alpha: 0.507
Parameters optimization took 7 rounds (35.662 sec)
Wrote distance file to... 
BEST SCORE FOUND : -2011541.732
Total tree length: 18.712

Total number of iterations: 0
CPU time used for tree search: 0.000 sec (0h:0m:0s)
Wall-clock time used for tree search: 0.000 sec (0h:0m:0s)
Total CPU time used: 1381.929 sec (0h:23m:1s)
Total wall-clock time used: 51.926 sec (0h:0m:51s)

Analysis results written to: 
  IQ-TREE report:                tardigrada/1_infer/LG-UDM128opt-PMSF.iqtree
  Maximum-likelihood tree:       tardigrada/1_infer/LG-UDM128opt-PMSF.treefile
  Screen log file:               tardigrada/1_infer/LG-UDM128opt-PMSF.log

Date and Time: Thu Apr 24 16:52:19 2025
