IQ-TREE multicore version 2.4.0 for Linux x86 64-bit built Feb  7 2025
Developed by Bui Quang Minh, Nguyen Lam Tung, Olga Chernomor, Heiko Schmidt,
Dominik Schrempf, Michael Woodhams, Ly Trong Nhan, Thomas Wong

Host:    rona.rsb.anu.edu.au (AVX2, FMA3, 1007 GB RAM)
Command: ./iqtree2 -s tardigrada/matrix_40sp.fasta -m Poisson+C10+G4 -fs tardigrada/1_infer/Poisson-C10fix-PMSF.sitefreq -wsr -bb 1000 -pre tardigrada/1_infer/Poisson_C10fix_PMSF -T 35
Seed:    379485 (Using SPRNG - Scalable Parallel Random Number Generator)
Time:    Tue Apr  8 13:34:36 2025
Kernel:  AVX+FMA - 35 threads (256 CPU cores detected)

Reading alignment file tardigrada/matrix_40sp.fasta ... Fasta format detected
Reading fasta file: done in 0.0658682 secs using 81.54% CPU
Alignment most likely contains protein sequences
Alignment has 40 sequences with 70888 columns, 63149 distinct patterns
48785 parsimony-informative, 7670 singleton sites, 14433 constant sites
                             Gap/Ambiguity  Composition  p-value
Analyzing sequences: done in 0.00924218 secs using 3004% CPU
   1  Capitella_telata               5.00%    failed      0.00%
   2  Daphnia_magna                  9.79%    failed      0.06%
   3  Echiniscoides_sigismundi      49.39%    failed      0.00%
   4  Echiniscus_bisetosus          82.96%    failed      0.00%
   5  Echiniscus_testudo            50.24%    failed      0.00%
   6  Echinoderes_kohni             88.58%    failed      0.00%
   7  Enoplus_brevis                22.43%    failed      0.00%
   8  Epiperipatus                  56.34%    failed      0.00%
   9  Frakliniella_occidentalis      7.36%    failed      0.08%
  10  Gordius                       70.84%    failed      0.00%
  11  Halicryptus_spinolosus        13.41%    failed      0.00%
  12  Hypsibius_dujardini            3.51%    failed      0.00%
  13  Limulus_polyphemus            16.13%    failed      0.00%
  14  Manduca_sexta                  9.59%    failed      0.00%
  15  Meiopriapulus                 26.75%    failed      0.00%
  16  Mesobiotus_philippinicus      19.72%    failed      0.00%
  17  Milnesium_tardigradum         59.56%    failed      0.00%
  18  Neodiprion_lecontei            4.62%    failed      0.01%
  19  Ooperipatellus                72.91%    failed      0.00%
  20  Opisthopatus_kwazululandi     26.52%    failed      0.00%
  21  Paeneus_vanammei              12.28%    failed      0.00%
  22  Pamacea_canaliculata           5.42%    failed      0.02%
  23  Paragordius_varius            71.38%    failed      0.00%
  24  Parasteatoda_tepidariorum      3.65%    failed      0.00%
  25  Peripatoides                  73.44%    failed      0.00%
  26  Peripatoides_novaezelandiae   16.34%    failed      0.00%
  27  Peripatopsis_capensis         37.07%    failed      0.00%
  28  Pleomothra                    21.78%    failed      0.00%
  29  Pontonema_vulgare             24.88%    failed      0.00%
  30  Priapulus_caudatus            13.43%    failed      0.00%
  31  Prionchulus_punctatus         13.90%    failed      0.00%
  32  Pycnophyes                    76.53%    failed      0.00%
  33  Ramazzottius_varieornatus      3.20%    failed      0.00%
  34  Richtersius_coronifer          6.00%    failed      0.00%
  35  Romanomermis_culicivorax      36.04%    failed      0.00%
  36  Stegodyphus_mimosarum         15.16%    failed      0.00%
  37  Strigamia_maritima            13.05%    failed      0.00%
  38  Tachypleu                      8.55%    failed      0.00%
  39  Tobrilus                      23.43%    failed      0.00%
  40  Xiphinema_index               27.20%    failed      0.00%
WARNING: 10 sequences contain more than 50% gaps/ambiguity
****  TOTAL                         29.96%  40 sequences failed composition chi2 test (p-value<5%; df=19)

Reading site-specific state frequency file tardigrada/1_infer/Poisson-C10fix-PMSF.sitefreq ...
63149 distinct per-site state frequency vectors detected

Create initial parsimony tree by phylogenetic likelihood library (PLL)... 1.104 seconds
Generating 1000 samples for ultrafast bootstrap (seed: 379485)...
Model Poisson+C10+G4 is alias for Poisson+POISSON+G+FMIX{C10pi1:1:0.1191344178,C10pi2:1:0.0874372456,C10pi3:1:0.1037105070,C10pi4:1:0.0922584809,C10pi5:1:0.1070492801,C10pi6:1:0.1329945166,C10pi7:1:0.0538028458,C10pi8:1:0.0691986212,C10pi9:1:0.1319937434,C10pi10:1:0.1024203429}+G4

NOTE: 2390 MB RAM (2 GB) is required!
Estimate model parameters (epsilon = 0.100)
1. Initial log-likelihood: -2153987.312
2. Current log-likelihood: -2102316.885
3. Current log-likelihood: -2101767.715
4. Current log-likelihood: -2101759.128
5. Current log-likelihood: -2101758.467
Optimal log-likelihood: -2101758.414
Gamma shape alpha: 0.631
Parameters optimization took 5 rounds (52.546 sec)
Wrote distance file to... 
Computing ML distances based on estimated model parameters...
Calculating distance matrix: done in 13.5758 secs using 1937% CPU
Computing ML distances took 13.601768 sec (of wall-clock time) 263.534460 sec (of CPU time)
Setting up auxiliary I and S matrices: done in 0.0291584 secs using 2102% CPU
Computing RapidNJ tree took 0.698982 sec (of wall-clock time) 9.176522 sec (of CPU time)
Log-likelihood of RapidNJ tree: -2107952.718
--------------------------------------------------------------------
|             INITIALIZING CANDIDATE TREE SET                      |
--------------------------------------------------------------------
Generating 98 parsimony trees... 80.417 second
Computing log-likelihood of 98 initial trees ... 339.626 seconds
Current best score: -2101758.414

Do NNI search on 20 best initial trees
Estimate model parameters (epsilon = 0.100)
BETTER TREE FOUND at iteration 1: -2101485.136
Iteration 10 / LogL: -2101502.251 / Time: 0h:20m:28s
Iteration 20 / LogL: -2101492.320 / Time: 0h:30m:54s
Finish initializing candidate tree set (2)
Current best tree score: -2101485.136 / CPU time: 1741.515
Number of iterations: 20
--------------------------------------------------------------------
|               OPTIMIZING CANDIDATE TREE SET                      |
--------------------------------------------------------------------
Iteration 30 / LogL: -2101491.763 / Time: 0h:42m:39s (1h:44m:23s left)
Iteration 40 / LogL: -2101538.767 / Time: 0h:54m:9s (1h:24m:40s left)
Iteration 50 / LogL: -2101499.273 / Time: 1h:5m:0s (1h:7m:38s left)
Log-likelihood cutoff on original alignment: -2101575.310
Iteration 60 / LogL: -2101492.755 / Time: 1h:14m:35s (0h:51m:49s left)
Iteration 70 / LogL: -2101520.771 / Time: 1h:24m:35s (0h:37m:59s left)
Iteration 80 / LogL: -2101491.789 / Time: 1h:35m:16s (0h:25m:19s left)
Iteration 90 / LogL: -2101493.544 / Time: 1h:44m:39s (0h:12m:55s left)
Iteration 100 / LogL: -2101526.312 / Time: 1h:55m:36s (0h:1m:10s left)
Log-likelihood cutoff on original alignment: -2101575.310
NOTE: Bootstrap correlation coefficient of split occurrence frequencies: 1.000
TREE SEARCH COMPLETED AFTER 102 ITERATIONS / Time: 1h:58m:22s

--------------------------------------------------------------------
|                    FINALIZING TREE SEARCH                        |
--------------------------------------------------------------------
Performs final model parameters optimization
Estimate model parameters (epsilon = 0.010)
1. Initial log-likelihood: -2101485.136
Optimal log-likelihood: -2101485.133
Gamma shape alpha: 0.631
Parameters optimization took 1 rounds (7.873 sec)
BEST SCORE FOUND : -2101485.133
Empirical proportions for each category: 0.292 0.167 0.270 0.271
Site rates printed to tardigrada/1_infer/Poisson_C10fix_PMSF.rate
Creating bootstrap support values...
Split supports printed to NEXUS file tardigrada/1_infer/Poisson_C10fix_PMSF.splits.nex
Total tree length: 12.411

Total number of iterations: 102
CPU time used for tree search: 210439.322 sec (58h:27m:19s)
Wall-clock time used for tree search: 6989.597 sec (1h:56m:29s)
Total CPU time used: 213256.619 sec (59h:14m:16s)
Total wall-clock time used: 7110.935 sec (1h:58m:30s)

Computing bootstrap consensus tree...
Reading input file tardigrada/1_infer/Poisson_C10fix_PMSF.splits.nex...
40 taxa and 88 splits.
Consensus tree written to tardigrada/1_infer/Poisson_C10fix_PMSF.contree
Reading input trees file tardigrada/1_infer/Poisson_C10fix_PMSF.contree
Log-likelihood of consensus tree: -2101485.133

Analysis results written to: 
  IQ-TREE report:                tardigrada/1_infer/Poisson_C10fix_PMSF.iqtree
  Maximum-likelihood tree:       tardigrada/1_infer/Poisson_C10fix_PMSF.treefile
  Likelihood distances:          tardigrada/1_infer/Poisson_C10fix_PMSF.mldist
  Site-specific rates:           tardigrada/1_infer/Poisson_C10fix_PMSF.rate

Ultrafast bootstrap approximation results written to:
  Split support values:          tardigrada/1_infer/Poisson_C10fix_PMSF.splits.nex
  Consensus tree:                tardigrada/1_infer/Poisson_C10fix_PMSF.contree
  Screen log file:               tardigrada/1_infer/Poisson_C10fix_PMSF.log

Date and Time: Tue Apr  8 15:33:43 2025
