IQ-TREE multicore version 2.4.0 for Linux x86 64-bit built Feb  7 2025
Developed by Bui Quang Minh, Nguyen Lam Tung, Olga Chernomor, Heiko Schmidt,
Dominik Schrempf, Michael Woodhams, Ly Trong Nhan, Thomas Wong

Host:    rona.rsb.anu.edu.au (AVX2, FMA3, 1007 GB RAM)
Command: /data/yutong/iqtree2 -s tardigrada/matrix_40sp.fasta -ft tardigrada/1_infer/LG-UDM8opt.treefile -m LGUDM8OPT -mdef tardigrada/1_infer/LGUDM8OPT.nex -safe -pre tardigrada/1_infer/LG-UDM8opt-PMSF -n 0 -nt 40
Seed:    177155 (Using SPRNG - Scalable Parallel Random Number Generator)
Time:    Sun Apr 20 10:40:26 2025
Kernel:  Safe AVX+FMA - 40 threads (256 CPU cores detected)

Reading alignment file tardigrada/matrix_40sp.fasta ... Fasta format detected
Reading fasta file: done in 0.0666242 secs using 99.83% CPU
Alignment most likely contains protein sequences
Alignment has 40 sequences with 70888 columns, 63149 distinct patterns
48785 parsimony-informative, 7670 singleton sites, 14433 constant sites
                             Gap/Ambiguity  Composition  p-value
Analyzing sequences: done in 0.0349373 secs using 2995% CPU
   1  Capitella_telata               5.00%    failed      0.00%
   2  Daphnia_magna                  9.79%    failed      0.06%
   3  Echiniscoides_sigismundi      49.39%    failed      0.00%
   4  Echiniscus_bisetosus          82.96%    failed      0.00%
   5  Echiniscus_testudo            50.24%    failed      0.00%
   6  Echinoderes_kohni             88.58%    failed      0.00%
   7  Enoplus_brevis                22.43%    failed      0.00%
   8  Epiperipatus                  56.34%    failed      0.00%
   9  Frakliniella_occidentalis      7.36%    failed      0.08%
  10  Gordius                       70.84%    failed      0.00%
  11  Halicryptus_spinolosus        13.41%    failed      0.00%
  12  Hypsibius_dujardini            3.51%    failed      0.00%
  13  Limulus_polyphemus            16.13%    failed      0.00%
  14  Manduca_sexta                  9.59%    failed      0.00%
  15  Meiopriapulus                 26.75%    failed      0.00%
  16  Mesobiotus_philippinicus      19.72%    failed      0.00%
  17  Milnesium_tardigradum         59.56%    failed      0.00%
  18  Neodiprion_lecontei            4.62%    failed      0.01%
  19  Ooperipatellus                72.91%    failed      0.00%
  20  Opisthopatus_kwazululandi     26.52%    failed      0.00%
  21  Paeneus_vanammei              12.28%    failed      0.00%
  22  Pamacea_canaliculata           5.42%    failed      0.02%
  23  Paragordius_varius            71.38%    failed      0.00%
  24  Parasteatoda_tepidariorum      3.65%    failed      0.00%
  25  Peripatoides                  73.44%    failed      0.00%
  26  Peripatoides_novaezelandiae   16.34%    failed      0.00%
  27  Peripatopsis_capensis         37.07%    failed      0.00%
  28  Pleomothra                    21.78%    failed      0.00%
  29  Pontonema_vulgare             24.88%    failed      0.00%
  30  Priapulus_caudatus            13.43%    failed      0.00%
  31  Prionchulus_punctatus         13.90%    failed      0.00%
  32  Pycnophyes                    76.53%    failed      0.00%
  33  Ramazzottius_varieornatus      3.20%    failed      0.00%
  34  Richtersius_coronifer          6.00%    failed      0.00%
  35  Romanomermis_culicivorax      36.04%    failed      0.00%
  36  Stegodyphus_mimosarum         15.16%    failed      0.00%
  37  Strigamia_maritima            13.05%    failed      0.00%
  38  Tachypleu                      8.55%    failed      0.00%
  39  Tobrilus                      23.43%    failed      0.00%
  40  Xiphinema_index               27.20%    failed      0.00%
WARNING: 10 sequences contain more than 50% gaps/ambiguity
****  TOTAL                         29.96%  40 sequences failed composition chi2 test (p-value<5%; df=19)

===> COMPUTING SITE FREQUENCY MODEL BASED ON TREE FILE tardigrada/1_infer/LG-UDM8opt.treefile
Reading model definition file tardigrada/1_infer/LGUDM8OPT.nex ... 87 models and 222 frequency vectors loaded
Model LGUDM8OPT is alias for LG+G4{0.4789606613}+FMIX{UDM0008CLR_C0000:1:0.0440083126,UDM0008CLR_C0001:1:0.1782841212,UDM0008CLR_C0002:1:0.1672257695,UDM0008CLR_C0003:1:0.1955863787,UDM0008CLR_C0004:1:0.0260996093,UDM0008CLR_C0005:1:0.2692257646,UDM0008CLR_C0006:1:0.0830234692,UDM0008CLR_C0007:1:0.0365465749}
NOTE: 12492 MB RAM is required!
1. Initial log-likelihood: -2236431.183
Optimal log-likelihood: -2236431.097
Mixture weights: 0.044 0.178 0.167 0.196 0.026 0.269 0.083 0.037
Gamma shape alpha: 0.479
Parameters optimization took 1 rounds (52.244 sec)
Computing posterior mean site frequencies....
Site state frequency vectors printed to tardigrada/1_infer/LG-UDM8opt-PMSF.sitefreq

===> CONTINUE ANALYSIS USING THE INFERRED SITE FREQUENCY MODEL
Reading model definition file tardigrada/1_infer/LGUDM8OPT.nex ... 87 models and 222 frequency vectors loaded

Create initial parsimony tree by phylogenetic likelihood library (PLL)... 1.169 seconds
Model LGUDM8OPT is alias for LG+G4{0.4789606613}+FMIX{UDM0008CLR_C0000:1:0.0440083126,UDM0008CLR_C0001:1:0.1782841212,UDM0008CLR_C0002:1:0.1672257695,UDM0008CLR_C0003:1:0.1955863787,UDM0008CLR_C0004:1:0.0260996093,UDM0008CLR_C0005:1:0.2692257646,UDM0008CLR_C0006:1:0.0830234692,UDM0008CLR_C0007:1:0.0365465749}

NOTE: 2149 MB RAM (2 GB) is required!
Estimate model parameters (epsilon = 0.010)
1. Initial log-likelihood: -2194942.402
2. Current log-likelihood: -2121434.021
3. Current log-likelihood: -2118390.102
4. Current log-likelihood: -2118348.103
5. Current log-likelihood: -2118345.862
6. Current log-likelihood: -2118345.619
7. Current log-likelihood: -2118345.595
Optimal log-likelihood: -2118345.589
Gamma shape alpha: 0.479
Parameters optimization took 7 rounds (58.696 sec)
Wrote distance file to... 
BEST SCORE FOUND : -2118345.589
Total tree length: 22.594

Total number of iterations: 0
CPU time used for tree search: 0.003 sec (0h:0m:0s)
Wall-clock time used for tree search: 0.000 sec (0h:0m:0s)
Total CPU time used: 1873.700 sec (0h:31m:13s)
Total wall-clock time used: 75.738 sec (0h:1m:15s)

Analysis results written to: 
  IQ-TREE report:                tardigrada/1_infer/LG-UDM8opt-PMSF.iqtree
  Maximum-likelihood tree:       tardigrada/1_infer/LG-UDM8opt-PMSF.treefile
  Screen log file:               tardigrada/1_infer/LG-UDM8opt-PMSF.log

Date and Time: Sun Apr 20 10:42:37 2025
