IQ-TREE multicore version 2.4.0 for Linux x86 64-bit built Feb  7 2025
Developed by Bui Quang Minh, Nguyen Lam Tung, Olga Chernomor, Heiko Schmidt,
Dominik Schrempf, Michael Woodhams, Ly Trong Nhan, Thomas Wong

Host:    rona.rsb.anu.edu.au (AVX2, FMA3, 1007 GB RAM)
Command: /data/yutong/iqtree2 -s tardigrada/matrix_40sp.fasta -fs tardigrada/1_infer/LG-UDM8opt-PMSF.sitefreq -m LGUDM8OPT -mdef tardigrada/1_infer/LGUDM8OPT.nex -safe -pre tardigrada/1_infer/LG_UDM8opt_PMSF -wsr -bb 1000 -nt 40
Seed:    763998 (Using SPRNG - Scalable Parallel Random Number Generator)
Time:    Sun Apr 20 10:42:37 2025
Kernel:  Safe AVX+FMA - 40 threads (256 CPU cores detected)

Reading alignment file tardigrada/matrix_40sp.fasta ... Fasta format detected
Reading fasta file: done in 0.0650428 secs using 92.33% CPU
Alignment most likely contains protein sequences
Alignment has 40 sequences with 70888 columns, 63149 distinct patterns
48785 parsimony-informative, 7670 singleton sites, 14433 constant sites
                             Gap/Ambiguity  Composition  p-value
Analyzing sequences: done in 0.0144476 secs using 4394% CPU
   1  Capitella_telata               5.00%    failed      0.00%
   2  Daphnia_magna                  9.79%    failed      0.06%
   3  Echiniscoides_sigismundi      49.39%    failed      0.00%
   4  Echiniscus_bisetosus          82.96%    failed      0.00%
   5  Echiniscus_testudo            50.24%    failed      0.00%
   6  Echinoderes_kohni             88.58%    failed      0.00%
   7  Enoplus_brevis                22.43%    failed      0.00%
   8  Epiperipatus                  56.34%    failed      0.00%
   9  Frakliniella_occidentalis      7.36%    failed      0.08%
  10  Gordius                       70.84%    failed      0.00%
  11  Halicryptus_spinolosus        13.41%    failed      0.00%
  12  Hypsibius_dujardini            3.51%    failed      0.00%
  13  Limulus_polyphemus            16.13%    failed      0.00%
  14  Manduca_sexta                  9.59%    failed      0.00%
  15  Meiopriapulus                 26.75%    failed      0.00%
  16  Mesobiotus_philippinicus      19.72%    failed      0.00%
  17  Milnesium_tardigradum         59.56%    failed      0.00%
  18  Neodiprion_lecontei            4.62%    failed      0.01%
  19  Ooperipatellus                72.91%    failed      0.00%
  20  Opisthopatus_kwazululandi     26.52%    failed      0.00%
  21  Paeneus_vanammei              12.28%    failed      0.00%
  22  Pamacea_canaliculata           5.42%    failed      0.02%
  23  Paragordius_varius            71.38%    failed      0.00%
  24  Parasteatoda_tepidariorum      3.65%    failed      0.00%
  25  Peripatoides                  73.44%    failed      0.00%
  26  Peripatoides_novaezelandiae   16.34%    failed      0.00%
  27  Peripatopsis_capensis         37.07%    failed      0.00%
  28  Pleomothra                    21.78%    failed      0.00%
  29  Pontonema_vulgare             24.88%    failed      0.00%
  30  Priapulus_caudatus            13.43%    failed      0.00%
  31  Prionchulus_punctatus         13.90%    failed      0.00%
  32  Pycnophyes                    76.53%    failed      0.00%
  33  Ramazzottius_varieornatus      3.20%    failed      0.00%
  34  Richtersius_coronifer          6.00%    failed      0.00%
  35  Romanomermis_culicivorax      36.04%    failed      0.00%
  36  Stegodyphus_mimosarum         15.16%    failed      0.00%
  37  Strigamia_maritima            13.05%    failed      0.00%
  38  Tachypleu                      8.55%    failed      0.00%
  39  Tobrilus                      23.43%    failed      0.00%
  40  Xiphinema_index               27.20%    failed      0.00%
WARNING: 10 sequences contain more than 50% gaps/ambiguity
****  TOTAL                         29.96%  40 sequences failed composition chi2 test (p-value<5%; df=19)

Reading site-specific state frequency file tardigrada/1_infer/LG-UDM8opt-PMSF.sitefreq ...
63149 distinct per-site state frequency vectors detected
Reading model definition file tardigrada/1_infer/LGUDM8OPT.nex ... 87 models and 222 frequency vectors loaded

Create initial parsimony tree by phylogenetic likelihood library (PLL)... 1.891 seconds
Generating 1000 samples for ultrafast bootstrap (seed: 763998)...
Model LGUDM8OPT is alias for LG+G4{0.4789606613}+FMIX{UDM0008CLR_C0000:1:0.0440083126,UDM0008CLR_C0001:1:0.1782841212,UDM0008CLR_C0002:1:0.1672257695,UDM0008CLR_C0003:1:0.1955863787,UDM0008CLR_C0004:1:0.0260996093,UDM0008CLR_C0005:1:0.2692257646,UDM0008CLR_C0006:1:0.0830234692,UDM0008CLR_C0007:1:0.0365465749}

NOTE: 2390 MB RAM (2 GB) is required!
Estimate model parameters (epsilon = 0.100)
1. Initial log-likelihood: -2194942.401
2. Current log-likelihood: -2121434.019
3. Current log-likelihood: -2118390.099
4. Current log-likelihood: -2118348.100
5. Current log-likelihood: -2118345.859
6. Current log-likelihood: -2118345.650
Optimal log-likelihood: -2118345.600
Gamma shape alpha: 0.479
Parameters optimization took 6 rounds (46.448 sec)
Wrote distance file to... 
Computing ML distances based on estimated model parameters...
Calculating distance matrix: done in 18.2261 secs using 2285% CPU
Computing ML distances took 18.238468 sec (of wall-clock time) 416.916214 sec (of CPU time)
Setting up auxiliary I and S matrices: done in 0.071581 secs using 1393% CPU
Computing RapidNJ tree took 2.832530 sec (of wall-clock time) 50.096281 sec (of CPU time)
Log-likelihood of RapidNJ tree: -2124408.355
--------------------------------------------------------------------
|             INITIALIZING CANDIDATE TREE SET                      |
--------------------------------------------------------------------
Generating 98 parsimony trees... 130.913 second
Computing log-likelihood of 98 initial trees ... 337.593 seconds
Current best score: -2118345.600

Do NNI search on 20 best initial trees
Estimate model parameters (epsilon = 0.100)
BETTER TREE FOUND at iteration 1: -2117939.504
Iteration 10 / LogL: -2118014.638 / Time: 0h:18m:47s
Iteration 20 / LogL: -2117977.630 / Time: 0h:27m:23s
Finish initializing candidate tree set (2)
Current best tree score: -2117939.504 / CPU time: 1515.097
Number of iterations: 20
--------------------------------------------------------------------
|               OPTIMIZING CANDIDATE TREE SET                      |
--------------------------------------------------------------------
Iteration 30 / LogL: -2117940.890 / Time: 0h:36m:36s (1h:29m:31s left)
Iteration 40 / LogL: -2117956.393 / Time: 0h:46m:44s (1h:13m:2s left)
Iteration 50 / LogL: -2117948.059 / Time: 0h:57m:9s (0h:59m:27s left)
Log-likelihood cutoff on original alignment: -2118049.284
Iteration 60 / LogL: -2117946.083 / Time: 1h:5m:56s (0h:45m:48s left)
Iteration 70 / LogL: -2117949.611 / Time: 1h:15m:28s (0h:33m:53s left)
Iteration 80 / LogL: -2117948.699 / Time: 1h:24m:54s (0h:22m:33s left)
Iteration 90 / LogL: -2117951.515 / Time: 1h:34m:16s (0h:11m:38s left)
Iteration 100 / LogL: -2117945.119 / Time: 1h:44m:5s (0h:1m:3s left)
Log-likelihood cutoff on original alignment: -2118049.284
NOTE: Bootstrap correlation coefficient of split occurrence frequencies: 1.000
TREE SEARCH COMPLETED AFTER 102 ITERATIONS / Time: 1h:45m:53s

--------------------------------------------------------------------
|                    FINALIZING TREE SEARCH                        |
--------------------------------------------------------------------
Performs final model parameters optimization
Estimate model parameters (epsilon = 0.010)
1. Initial log-likelihood: -2117939.504
Optimal log-likelihood: -2117939.498
Gamma shape alpha: 0.479
Parameters optimization took 1 rounds (5.113 sec)
BEST SCORE FOUND : -2117939.498
Empirical proportions for each category: 0.299 0.244 0.260 0.197
Site rates printed to tardigrada/1_infer/LG_UDM8opt_PMSF.rate
Creating bootstrap support values...
Split supports printed to NEXUS file tardigrada/1_infer/LG_UDM8opt_PMSF.splits.nex
Total tree length: 22.616

Total number of iterations: 102
CPU time used for tree search: 226590.983 sec (62h:56m:30s)
Wall-clock time used for tree search: 6224.710 sec (1h:43m:44s)
Total CPU time used: 230174.962 sec (63h:56m:14s)
Total wall-clock time used: 6359.510 sec (1h:45m:59s)

Computing bootstrap consensus tree...
Reading input file tardigrada/1_infer/LG_UDM8opt_PMSF.splits.nex...
40 taxa and 86 splits.
Consensus tree written to tardigrada/1_infer/LG_UDM8opt_PMSF.contree
Reading input trees file tardigrada/1_infer/LG_UDM8opt_PMSF.contree
Log-likelihood of consensus tree: -2117939.498

Analysis results written to: 
  IQ-TREE report:                tardigrada/1_infer/LG_UDM8opt_PMSF.iqtree
  Maximum-likelihood tree:       tardigrada/1_infer/LG_UDM8opt_PMSF.treefile
  Likelihood distances:          tardigrada/1_infer/LG_UDM8opt_PMSF.mldist
  Site-specific rates:           tardigrada/1_infer/LG_UDM8opt_PMSF.rate

Ultrafast bootstrap approximation results written to:
  Split support values:          tardigrada/1_infer/LG_UDM8opt_PMSF.splits.nex
  Consensus tree:                tardigrada/1_infer/LG_UDM8opt_PMSF.contree
  Screen log file:               tardigrada/1_infer/LG_UDM8opt_PMSF.log

Date and Time: Sun Apr 20 12:29:21 2025
