IQ-TREE multicore version 2.3.6.5.ml for Linux x86 64-bit built Sep 11 2024
Developed by Bui Quang Minh, Nguyen Lam Tung, Olga Chernomor, Heiko Schmidt,
Dominik Schrempf, Michael Woodhams, Ly Trong Nhan, Thomas Wong

Host:    rona.rsb.anu.edu.au (AVX2, FMA3, 1007 GB RAM)
Command: ./iqtree2 -s tradigrada/matrix_40sp.fasta -m C60+G4 -mwopt -bb 1000 -pre tradigrada/1_infer/Poisson-C60opt -T 40 -prec 10
Seed:    438139 (Using SPRNG - Scalable Parallel Random Number Generator)
Time:    Wed Mar 12 13:40:17 2025
Kernel:  AVX+FMA - 40 threads (256 CPU cores detected)

Reading alignment file tradigrada/matrix_40sp.fasta ... Fasta format detected
Reading fasta file: done in 0.0644982 secs using 74.98% CPU
Alignment most likely contains protein sequences
Constructing alignment: done in 0.180336 secs using 292.8% CPU
Alignment has 40 sequences with 70888 columns, 63149 distinct patterns
48785 parsimony-informative, 7670 singleton sites, 14433 constant sites
                             Gap/Ambiguity  Composition  p-value
Analyzing sequences: done in 0.0216449 secs using 3084% CPU
   1  Capitella_telata               5.00%    failed      0.00%
   2  Daphnia_magna                  9.79%    failed      0.06%
   3  Echiniscoides_sigismundi      49.39%    failed      0.00%
   4  Echiniscus_bisetosus          82.96%    failed      0.00%
   5  Echiniscus_testudo            50.24%    failed      0.00%
   6  Echinoderes_kohni             88.58%    failed      0.00%
   7  Enoplus_brevis                22.43%    failed      0.00%
   8  Epiperipatus                  56.34%    failed      0.00%
   9  Frakliniella_occidentalis      7.36%    failed      0.08%
  10  Gordius                       70.84%    failed      0.00%
  11  Halicryptus_spinolosus        13.41%    failed      0.00%
  12  Hypsibius_dujardini            3.51%    failed      0.00%
  13  Limulus_polyphemus            16.13%    failed      0.00%
  14  Manduca_sexta                  9.59%    failed      0.00%
  15  Meiopriapulus                 26.75%    failed      0.00%
  16  Mesobiotus_philippinicus      19.72%    failed      0.00%
  17  Milnesium_tardigradum         59.56%    failed      0.00%
  18  Neodiprion_lecontei            4.62%    failed      0.01%
  19  Ooperipatellus                72.91%    failed      0.00%
  20  Opisthopatus_kwazululandi     26.52%    failed      0.00%
  21  Paeneus_vanammei              12.28%    failed      0.00%
  22  Pamacea_canaliculata           5.42%    failed      0.02%
  23  Paragordius_varius            71.38%    failed      0.00%
  24  Parasteatoda_tepidariorum      3.65%    failed      0.00%
  25  Peripatoides                  73.44%    failed      0.00%
  26  Peripatoides_novaezelandiae   16.34%    failed      0.00%
  27  Peripatopsis_capensis         37.07%    failed      0.00%
  28  Pleomothra                    21.78%    failed      0.00%
  29  Pontonema_vulgare             24.88%    failed      0.00%
  30  Priapulus_caudatus            13.43%    failed      0.00%
  31  Prionchulus_punctatus         13.90%    failed      0.00%
  32  Pycnophyes                    76.53%    failed      0.00%
  33  Ramazzottius_varieornatus      3.20%    failed      0.00%
  34  Richtersius_coronifer          6.00%    failed      0.00%
  35  Romanomermis_culicivorax      36.04%    failed      0.00%
  36  Stegodyphus_mimosarum         15.16%    failed      0.00%
  37  Strigamia_maritima            13.05%    failed      0.00%
  38  Tachypleu                      8.55%    failed      0.00%
  39  Tobrilus                      23.43%    failed      0.00%
  40  Xiphinema_index               27.20%    failed      0.00%
WARNING: 10 sequences contain more than 50% gaps/ambiguity
****  TOTAL                         29.96%  40 sequences failed composition chi2 test (p-value<5%; df=19)
Checking for duplicate sequences: done in 0.0736199 secs using 757.6% CPU

Create initial parsimony tree by phylogenetic likelihood library (PLL)... 1.557 seconds
Generating 1000 samples for ultrafast bootstrap (seed: 438139)...
Model C60+G4 is alias for POISSON+G+FMIX{C60pi1:1:0.0169698865,C60pi2:1:0.0211683374,C60pi3:1:0.0276589079,C60pi4:1:0.0065675964,C60pi5:1:0.0141221416,C60pi6:1:0.0068774834,C60pi7:1:0.0146909701,C60pi8:1:0.0067225777,C60pi9:1:0.0018396660,C60pi10:1:0.0102547197,C60pi11:1:0.0230896163,C60pi12:1:0.0057941033,C60pi13:1:0.0125394534,C60pi14:1:0.0204526478,C60pi15:1:0.0070629602,C60pi16:1:0.0117982741,C60pi17:1:0.0068334668,C60pi18:1:0.0433775839,C60pi19:1:0.0318278731,C60pi20:1:0.0222546108,C60pi21:1:0.0102264969,C60pi22:1:0.0150545891,C60pi23:1:0.0134159878,C60pi24:1:0.0148552065,C60pi25:1:0.0239111516,C60pi26:1:0.0128776278,C60pi27:1:0.0222318842,C60pi28:1:0.0247444742,C60pi29:1:0.0214274810,C60pi30:1:0.0115001882,C60pi31:1:0.0076017389,C60pi32:1:0.0130258568,C60pi33:1:0.0093701965,C60pi34:1:0.0467194264,C60pi35:1:0.0441940314,C60pi36:1:0.0322263154,C60pi37:1:0.0402999891,C60pi38:1:0.0150234227,C60pi39:1:0.0104589903,C60pi40:1:0.0214742395,C60pi41:1:0.0154957836,C60pi42:1:0.0101789953,C60pi43:1:0.0227980379,C60pi44:1:0.0123204539,C60pi45:1:0.0066777583,C60pi46:1:0.0004150083,C60pi47:1:0.0344385130,C60pi48:1:0.0113663379,C60pi49:1:0.0127143049,C60pi50:1:0.0124323741,C60pi51:1:0.0262124415,C60pi52:1:0.0064994957,C60pi53:1:0.0103203293,C60pi54:1:0.0142463512,C60pi55:1:0.0215600067,C60pi56:1:0.0199150700,C60pi57:1:0.0038964200,C60pi58:1:0.0113448855,C60pi59:1:0.0128595846,C60pi60:1:0.0117656776}+G4
WARNING: Your input class weight 0.000415008 is very small and may cause numerical issues

NOTE: 93935 MB RAM (91 GB) is required!
Estimate model parameters (epsilon = 0.100)
1. Initial log-likelihood: -2274899.351
2. Current log-likelihood: -2222383.741
3. Current log-likelihood: -2221695.606
4. Current log-likelihood: -2221551.766
5. Current log-likelihood: -2221542.150
6. Current log-likelihood: -2221541.545
7. Current log-likelihood: -2221536.658
8. Current log-likelihood: -2221520.376
9. Current log-likelihood: -2221518.427
10. Current log-likelihood: -2221517.331
11. Current log-likelihood: -2221516.065
12. Current log-likelihood: -2221515.582
13. Current log-likelihood: -2221515.138
14. Current log-likelihood: -2221514.793
15. Current log-likelihood: -2221514.635
Optimal log-likelihood: -2221514.535
Mixture weights: 0.020 0.033 0.023 0.010 0.015 0.010 0.008 0.010 0.003 0.016 0.043 0.008 0.010 0.012 0.000 0.010 0.011 0.037 0.027 0.015 0.007 0.013 0.013 0.020 0.022 0.009 0.032 0.023 0.015 0.015 0.016 0.014 0.008 0.050 0.035 0.028 0.020 0.022 0.009 0.030 0.009 0.006 0.047 0.010 0.005 0.000 0.015 0.009 0.016 0.006 0.029 0.010 0.010 0.017 0.027 0.028 0.002 0.015 0.008 0.006
Gamma shape alpha: 0.601
Parameters optimization took 15 rounds (2665.028 sec)
WARNING: The mixture model might be overfitting because some mixture weights are estimated close to zero
Wrote distance file to... 
Computing ML distances based on estimated model parameters...
Calculating distance matrix: done in 0.0291802 secs using 2825% CPU
Computing ML distances took 0.097514 sec (of wall-clock time) 1.968188 sec (of CPU time)
Setting up auxiliary I and S matrices: done in 0.113886 secs using 1227% CPU
Constructing RapidNJ tree: done in 4.20471 secs using 1406% CPU
Computing RapidNJ tree took 4.319490 sec (of wall-clock time) 60.548691 sec (of CPU time)
Log-likelihood of RapidNJ tree: -2222284.538
--------------------------------------------------------------------
|             INITIALIZING CANDIDATE TREE SET                      |
--------------------------------------------------------------------
Generating 98 parsimony trees... 242.948 second
Computing log-likelihood of 98 initial trees ... 6682.538 seconds
Current best score: -2221514.535

Do NNI search on 20 best initial trees
Optimizing NNI: done in 611.639 secs using 3103% CPU
Estimate model parameters (epsilon = 0.100)
WARNING: The mixture model might be overfitting because some mixture weights are estimated close to zero
BETTER TREE FOUND at iteration 1: -2221351.522
Optimizing NNI: done in 922.229 secs using 3041% CPU
Optimizing NNI: done in 1093.83 secs using 3351% CPU
Optimizing NNI: done in 1311.9 secs using 3504% CPU
Optimizing NNI: done in 1062.34 secs using 3555% CPU
Optimizing NNI: done in 1082.14 secs using 3514% CPU
Optimizing NNI: done in 1179.25 secs using 3599% CPU
Optimizing NNI: done in 1292.66 secs using 3539% CPU
Optimizing NNI: done in 1591.16 secs using 3582% CPU
Optimizing NNI: done in 1715.77 secs using 3712% CPU
Iteration 10 / LogL: -2221363.509 / Time: 6h:20m:47s
Optimizing NNI: done in 1189.11 secs using 3716% CPU
Optimizing NNI: done in 1334.71 secs using 3710% CPU
Optimizing NNI: done in 1361.43 secs using 3692% CPU
Optimizing NNI: done in 1288.46 secs using 3703% CPU
Optimizing NNI: done in 1477.93 secs using 3735% CPU
Optimizing NNI: done in 1489.23 secs using 3719% CPU
Optimizing NNI: done in 1501.39 secs using 3697% CPU
Optimizing NNI: done in 1189.21 secs using 3719% CPU
Optimizing NNI: done in 1492.84 secs using 3700% CPU
Optimizing NNI: done in 1738.91 secs using 3644% CPU
Iteration 20 / LogL: -2221361.134 / Time: 10h:16m:24s
Finish initializing candidate tree set (4)
Current best tree score: -2221351.522 / CPU time: 33455.914
Number of iterations: 20
--------------------------------------------------------------------
|               OPTIMIZING CANDIDATE TREE SET                      |
--------------------------------------------------------------------
Optimizing NNI: done in 1150.69 secs using 3608% CPU
Optimizing NNI: done in 1233.02 secs using 3701% CPU
Optimizing NNI: done in 1396.52 secs using 3755% CPU
Optimizing NNI: done in 1598.93 secs using 3716% CPU
Optimizing NNI: done in 1776.79 secs using 3698% CPU
Optimizing NNI: done in 1714.79 secs using 3462% CPU
Optimizing NNI: done in 1812.23 secs using 3547% CPU
Optimizing NNI: done in 2082.81 secs using 3627% CPU
Optimizing NNI: done in 1228.9 secs using 3709% CPU
Optimizing NNI: done in 1463.38 secs using 3652% CPU
Iteration 30 / LogL: -2221368.134 / Time: 14h:35m:20s (35h:42m:59s left)
Optimizing NNI: done in 1891.09 secs using 3642% CPU
Optimizing NNI: done in 1649.97 secs using 3549% CPU
Optimizing NNI: done in 1449.64 secs using 3595% CPU
Optimizing NNI: done in 1543.98 secs using 3643% CPU
Optimizing NNI: done in 1601.62 secs using 3617% CPU
Optimizing NNI: done in 1308.47 secs using 3590% CPU
Optimizing NNI: done in 1222.79 secs using 3564% CPU
Optimizing NNI: done in 1408.3 secs using 3560% CPU
Optimizing NNI: done in 1734.13 secs using 3605% CPU
Optimizing NNI: done in 1358.98 secs using 3633% CPU
Iteration 40 / LogL: -2221362.544 / Time: 18h:49m:24s (29h:26m:28s left)
Optimizing NNI: done in 1241.88 secs using 3597% CPU
Optimizing NNI: done in 1501.91 secs using 3518% CPU
Optimizing NNI: done in 1725.3 secs using 3629% CPU
Optimizing NNI: done in 1721.67 secs using 3637% CPU
Optimizing NNI: done in 1429.92 secs using 3557% CPU
Optimizing NNI: done in 1428.64 secs using 3586% CPU
Optimizing NNI: done in 1687.16 secs using 3447% CPU
Optimizing NNI: done in 1222.87 secs using 3641% CPU
Optimizing NNI: done in 1690.27 secs using 3489% CPU
Optimizing NNI: done in 1213.61 secs using 3308% CPU
Iteration 50 / LogL: -2221358.526 / Time: 22h:58m:21s (23h:54m:34s left)
Log-likelihood cutoff on original alignment: -2221420.812
Optimizing NNI: done in 2067.22 secs using 3414% CPU
Optimizing NNI: done in 2912.3 secs using 3145% CPU
Optimizing NNI: done in 2070.84 secs using 2995% CPU
Optimizing NNI: done in 1628.99 secs using 3593% CPU
Optimizing NNI: done in 1962.39 secs using 3443% CPU
Optimizing NNI: done in 1631.89 secs using 3569% CPU
Optimizing NNI: done in 1732.63 secs using 3419% CPU
Optimizing NNI: done in 2113.64 secs using 3199% CPU
Optimizing NNI: done in 1331.33 secs using 3175% CPU
Optimizing NNI: done in 969.718 secs using 3216% CPU
Iteration 60 / LogL: -2221374.919 / Time: 28h:6m:47s (19h:32m:9s left)
Optimizing NNI: done in 1378.74 secs using 2967% CPU
Optimizing NNI: done in 1251.13 secs using 3225% CPU
Optimizing NNI: done in 1094.42 secs using 3239% CPU
Optimizing NNI: done in 1763.14 secs using 3152% CPU
Optimizing NNI: done in 1292.61 secs using 3350% CPU
Optimizing NNI: done in 1158.37 secs using 3232% CPU
Optimizing NNI: done in 1262.57 secs using 3166% CPU
Optimizing NNI: done in 1542.05 secs using 3305% CPU
Optimizing NNI: done in 1030.52 secs using 3456% CPU
Optimizing NNI: done in 1611.18 secs using 3214% CPU
Iteration 70 / LogL: -2221360.369 / Time: 31h:50m:56s (14h:18m:31s left)
Optimizing NNI: done in 1400.5 secs using 3057% CPU
Optimizing NNI: done in 1590.21 secs using 3043% CPU
Optimizing NNI: done in 1191.94 secs using 3305% CPU
Optimizing NNI: done in 1222.74 secs using 3338% CPU
Optimizing NNI: done in 1158.59 secs using 3196% CPU
Optimizing NNI: done in 991.409 secs using 3198% CPU
Optimizing NNI: done in 1157.05 secs using 3245% CPU
Optimizing NNI: done in 1024.74 secs using 3243% CPU
Optimizing NNI: done in 1450.05 secs using 3329% CPU
Optimizing NNI: done in 1088.86 secs using 3107% CPU
Iteration 80 / LogL: -2221356.620 / Time: 35h:16m:29s (9h:22m:36s left)
Optimizing NNI: done in 1241.93 secs using 3222% CPU
Optimizing NNI: done in 1201.08 secs using 3016% CPU
Optimizing NNI: done in 1141.38 secs using 3304% CPU
Optimizing NNI: done in 1429.81 secs using 3227% CPU
Optimizing NNI: done in 1628.96 secs using 3076% CPU
Optimizing NNI: done in 1354.22 secs using 3139% CPU
Optimizing NNI: done in 1070.69 secs using 3070% CPU
Optimizing NNI: done in 1128.65 secs using 3238% CPU
Optimizing NNI: done in 1506.71 secs using 3199% CPU
Optimizing NNI: done in 1130.59 secs using 3233% CPU
Iteration 90 / LogL: -2221361.416 / Time: 38h:51m:23s (4h:48m:8s left)
Optimizing NNI: done in 1332.48 secs using 3086% CPU
Optimizing NNI: done in 1768.65 secs using 3125% CPU
Optimizing NNI: done in 949.617 secs using 3199% CPU
Optimizing NNI: done in 1292.69 secs using 3316% CPU
Optimizing NNI: done in 1189.56 secs using 3050% CPU
Optimizing NNI: done in 1203.8 secs using 3083% CPU
Optimizing NNI: done in 1163.09 secs using 3172% CPU
Optimizing NNI: done in 1332.3 secs using 3307% CPU
Optimizing NNI: done in 1141.11 secs using 3100% CPU
Optimizing NNI: done in 1363.02 secs using 3197% CPU
Iteration 100 / LogL: -2221354.892 / Time: 42h:24m:41s (0h:25m:42s left)
Log-likelihood cutoff on original alignment: -2221420.812
NOTE: Bootstrap correlation coefficient of split occurrence frequencies: 1.000
Optimizing NNI: done in 1468.05 secs using 3160% CPU
Optimizing NNI: done in 1473.36 secs using 3231% CPU
TREE SEARCH COMPLETED AFTER 102 ITERATIONS / Time: 43h:13m:55s

--------------------------------------------------------------------
|                    FINALIZING TREE SEARCH                        |
--------------------------------------------------------------------
Performs final model parameters optimization
Estimate model parameters (epsilon = 0.010)
1. Initial log-likelihood: -2221351.522
2. Current log-likelihood: -2221351.323
3. Current log-likelihood: -2221351.275
4. Current log-likelihood: -2221351.229
5. Current log-likelihood: -2221351.195
6. Current log-likelihood: -2221351.150
7. Current log-likelihood: -2221351.116
8. Current log-likelihood: -2221351.077
9. Current log-likelihood: -2221351.047
10. Current log-likelihood: -2221351.010
11. Current log-likelihood: -2221350.980
12. Current log-likelihood: -2221350.946
13. Current log-likelihood: -2221350.918
14. Current log-likelihood: -2221350.886
15. Current log-likelihood: -2221350.858
16. Current log-likelihood: -2221350.828
17. Current log-likelihood: -2221350.801
18. Current log-likelihood: -2221350.773
19. Current log-likelihood: -2221350.745
20. Current log-likelihood: -2221350.719
21. Current log-likelihood: -2221350.692
22. Current log-likelihood: -2221350.666
23. Current log-likelihood: -2221350.639
24. Current log-likelihood: -2221350.615
25. Current log-likelihood: -2221350.588
26. Current log-likelihood: -2221350.564
27. Current log-likelihood: -2221350.537
28. Current log-likelihood: -2221350.514
29. Current log-likelihood: -2221350.487
30. Current log-likelihood: -2221350.465
31. Current log-likelihood: -2221350.438
32. Current log-likelihood: -2221350.416
33. Current log-likelihood: -2221350.390
34. Current log-likelihood: -2221350.369
35. Current log-likelihood: -2221350.342
36. Current log-likelihood: -2221350.321
37. Current log-likelihood: -2221350.294
38. Current log-likelihood: -2221350.274
39. Current log-likelihood: -2221350.247
40. Current log-likelihood: -2221350.227
41. Current log-likelihood: -2221350.201
42. Current log-likelihood: -2221350.181
43. Current log-likelihood: -2221350.154
44. Current log-likelihood: -2221350.134
45. Current log-likelihood: -2221350.108
46. Current log-likelihood: -2221350.088
47. Current log-likelihood: -2221350.062
48. Current log-likelihood: -2221350.043
49. Current log-likelihood: -2221350.016
50. Current log-likelihood: -2221349.997
51. Current log-likelihood: -2221349.971
52. Current log-likelihood: -2221349.952
53. Current log-likelihood: -2221349.926
54. Current log-likelihood: -2221349.907
55. Current log-likelihood: -2221349.880
56. Current log-likelihood: -2221349.862
57. Current log-likelihood: -2221349.836
58. Current log-likelihood: -2221349.817
59. Current log-likelihood: -2221349.791
60. Current log-likelihood: -2221349.772
61. Current log-likelihood: -2221349.746
62. Current log-likelihood: -2221349.728
63. Current log-likelihood: -2221349.701
64. Current log-likelihood: -2221349.684
65. Current log-likelihood: -2221349.657
66. Current log-likelihood: -2221349.639
67. Current log-likelihood: -2221349.613
68. Current log-likelihood: -2221349.595
69. Current log-likelihood: -2221349.569
70. Current log-likelihood: -2221349.551
71. Current log-likelihood: -2221349.524
72. Current log-likelihood: -2221349.507
73. Current log-likelihood: -2221349.480
74. Current log-likelihood: -2221349.463
75. Current log-likelihood: -2221349.436
76. Current log-likelihood: -2221349.419
77. Current log-likelihood: -2221349.393
78. Current log-likelihood: -2221349.376
79. Current log-likelihood: -2221349.349
80. Current log-likelihood: -2221349.332
81. Current log-likelihood: -2221349.305
82. Current log-likelihood: -2221349.288
83. Current log-likelihood: -2221349.261
84. Current log-likelihood: -2221349.245
85. Current log-likelihood: -2221349.218
86. Current log-likelihood: -2221349.201
87. Current log-likelihood: -2221349.174
88. Current log-likelihood: -2221349.158
89. Current log-likelihood: -2221349.131
90. Current log-likelihood: -2221349.114
91. Current log-likelihood: -2221349.087
92. Current log-likelihood: -2221349.071
93. Current log-likelihood: -2221349.044
94. Current log-likelihood: -2221349.028
95. Current log-likelihood: -2221349.000
96. Current log-likelihood: -2221348.984
97. Current log-likelihood: -2221348.957
98. Current log-likelihood: -2221348.941
99. Current log-likelihood: -2221348.913
100. Current log-likelihood: -2221348.898
101. Current log-likelihood: -2221348.870
102. Current log-likelihood: -2221348.855
103. Current log-likelihood: -2221348.827
104. Current log-likelihood: -2221348.811
105. Current log-likelihood: -2221348.784
106. Current log-likelihood: -2221348.768
107. Current log-likelihood: -2221348.740
108. Current log-likelihood: -2221348.725
109. Current log-likelihood: -2221348.697
110. Current log-likelihood: -2221348.682
111. Current log-likelihood: -2221348.654
112. Current log-likelihood: -2221348.639
113. Current log-likelihood: -2221348.611
114. Current log-likelihood: -2221348.596
115. Current log-likelihood: -2221348.568
116. Current log-likelihood: -2221348.553
117. Current log-likelihood: -2221348.525
118. Current log-likelihood: -2221348.510
119. Current log-likelihood: -2221348.481
120. Current log-likelihood: -2221348.466
121. Current log-likelihood: -2221348.439
122. Current log-likelihood: -2221348.424
123. Current log-likelihood: -2221348.395
124. Current log-likelihood: -2221348.380
125. Current log-likelihood: -2221348.352
126. Current log-likelihood: -2221348.338
127. Current log-likelihood: -2221348.309
128. Current log-likelihood: -2221348.294
129. Current log-likelihood: -2221348.266
130. Current log-likelihood: -2221348.252
131. Current log-likelihood: -2221348.223
132. Current log-likelihood: -2221348.208
133. Current log-likelihood: -2221348.180
134. Current log-likelihood: -2221348.166
135. Current log-likelihood: -2221348.137
136. Current log-likelihood: -2221348.122
137. Current log-likelihood: -2221348.094
138. Current log-likelihood: -2221348.080
139. Current log-likelihood: -2221348.051

******************************************************
CHECKPOINT: Resuming analysis from tradigrada/1_infer/Poisson-C60opt.ckp.gz

IQ-TREE multicore version 2.3.6.5.ml for Linux x86 64-bit built Sep 11 2024
Developed by Bui Quang Minh, Nguyen Lam Tung, Olga Chernomor, Heiko Schmidt,
Dominik Schrempf, Michael Woodhams, Ly Trong Nhan, Thomas Wong

Host:    rona.rsb.anu.edu.au (AVX2, FMA3, 1007 GB RAM)
Command: ./iqtree2 -s tradigrada/matrix_40sp.fasta -m C60+G4 -mwopt -bb 1000 -pre tradigrada/1_infer/Poisson-C60opt -T 40 -prec 10
Seed:    854108 (Using SPRNG - Scalable Parallel Random Number Generator)
Time:    Tue Mar 18 20:42:14 2025
Kernel:  AVX+FMA - 40 threads (256 CPU cores detected)

Reading alignment file tradigrada/matrix_40sp.fasta ... Fasta format detected
Reading fasta file: done in 0.0412716 secs using 88.7% CPU
Alignment most likely contains protein sequences
Constructing alignment: done in 0.252013 secs using 239.7% CPU
Alignment has 40 sequences with 70888 columns, 63149 distinct patterns
48785 parsimony-informative, 7670 singleton sites, 14433 constant sites
                             Gap/Ambiguity  Composition  p-value
Analyzing sequences: done in 0.0235547 secs using 3510% CPU
   1  Capitella_telata               5.00%    failed      0.00%
   2  Daphnia_magna                  9.79%    failed      0.06%
   3  Echiniscoides_sigismundi      49.39%    failed      0.00%
   4  Echiniscus_bisetosus          82.96%    failed      0.00%
   5  Echiniscus_testudo            50.24%    failed      0.00%
   6  Echinoderes_kohni             88.58%    failed      0.00%
   7  Enoplus_brevis                22.43%    failed      0.00%
   8  Epiperipatus                  56.34%    failed      0.00%
   9  Frakliniella_occidentalis      7.36%    failed      0.08%
  10  Gordius                       70.84%    failed      0.00%
  11  Halicryptus_spinolosus        13.41%    failed      0.00%
  12  Hypsibius_dujardini            3.51%    failed      0.00%
  13  Limulus_polyphemus            16.13%    failed      0.00%
  14  Manduca_sexta                  9.59%    failed      0.00%
  15  Meiopriapulus                 26.75%    failed      0.00%
  16  Mesobiotus_philippinicus      19.72%    failed      0.00%
  17  Milnesium_tardigradum         59.56%    failed      0.00%
  18  Neodiprion_lecontei            4.62%    failed      0.01%
  19  Ooperipatellus                72.91%    failed      0.00%
  20  Opisthopatus_kwazululandi     26.52%    failed      0.00%
  21  Paeneus_vanammei              12.28%    failed      0.00%
  22  Pamacea_canaliculata           5.42%    failed      0.02%
  23  Paragordius_varius            71.38%    failed      0.00%
  24  Parasteatoda_tepidariorum      3.65%    failed      0.00%
  25  Peripatoides                  73.44%    failed      0.00%
  26  Peripatoides_novaezelandiae   16.34%    failed      0.00%
  27  Peripatopsis_capensis         37.07%    failed      0.00%
  28  Pleomothra                    21.78%    failed      0.00%
  29  Pontonema_vulgare             24.88%    failed      0.00%
  30  Priapulus_caudatus            13.43%    failed      0.00%
  31  Prionchulus_punctatus         13.90%    failed      0.00%
  32  Pycnophyes                    76.53%    failed      0.00%
  33  Ramazzottius_varieornatus      3.20%    failed      0.00%
  34  Richtersius_coronifer          6.00%    failed      0.00%
  35  Romanomermis_culicivorax      36.04%    failed      0.00%
  36  Stegodyphus_mimosarum         15.16%    failed      0.00%
  37  Strigamia_maritima            13.05%    failed      0.00%
  38  Tachypleu                      8.55%    failed      0.00%
  39  Tobrilus                      23.43%    failed      0.00%
  40  Xiphinema_index               27.20%    failed      0.00%
WARNING: 10 sequences contain more than 50% gaps/ambiguity
****  TOTAL                         29.96%  40 sequences failed composition chi2 test (p-value<5%; df=19)
Checking for duplicate sequences: done in 0.0240201 secs using 1998% CPU

CHECKPOINT: Initial tree restored
Generating 1000 samples for ultrafast bootstrap (seed: 854108)...
CHECKPOINT: 1000 UFBoot trees and 2 UFBootSplits restored
Model C60+G4 is alias for POISSON+G+FMIX{C60pi1:1:0.0169698865,C60pi2:1:0.0211683374,C60pi3:1:0.0276589079,C60pi4:1:0.0065675964,C60pi5:1:0.0141221416,C60pi6:1:0.0068774834,C60pi7:1:0.0146909701,C60pi8:1:0.0067225777,C60pi9:1:0.0018396660,C60pi10:1:0.0102547197,C60pi11:1:0.0230896163,C60pi12:1:0.0057941033,C60pi13:1:0.0125394534,C60pi14:1:0.0204526478,C60pi15:1:0.0070629602,C60pi16:1:0.0117982741,C60pi17:1:0.0068334668,C60pi18:1:0.0433775839,C60pi19:1:0.0318278731,C60pi20:1:0.0222546108,C60pi21:1:0.0102264969,C60pi22:1:0.0150545891,C60pi23:1:0.0134159878,C60pi24:1:0.0148552065,C60pi25:1:0.0239111516,C60pi26:1:0.0128776278,C60pi27:1:0.0222318842,C60pi28:1:0.0247444742,C60pi29:1:0.0214274810,C60pi30:1:0.0115001882,C60pi31:1:0.0076017389,C60pi32:1:0.0130258568,C60pi33:1:0.0093701965,C60pi34:1:0.0467194264,C60pi35:1:0.0441940314,C60pi36:1:0.0322263154,C60pi37:1:0.0402999891,C60pi38:1:0.0150234227,C60pi39:1:0.0104589903,C60pi40:1:0.0214742395,C60pi41:1:0.0154957836,C60pi42:1:0.0101789953,C60pi43:1:0.0227980379,C60pi44:1:0.0123204539,C60pi45:1:0.0066777583,C60pi46:1:0.0004150083,C60pi47:1:0.0344385130,C60pi48:1:0.0113663379,C60pi49:1:0.0127143049,C60pi50:1:0.0124323741,C60pi51:1:0.0262124415,C60pi52:1:0.0064994957,C60pi53:1:0.0103203293,C60pi54:1:0.0142463512,C60pi55:1:0.0215600067,C60pi56:1:0.0199150700,C60pi57:1:0.0038964200,C60pi58:1:0.0113448855,C60pi59:1:0.0128595846,C60pi60:1:0.0117656776}+G4
WARNING: Your input class weight 0.000415008 is very small and may cause numerical issues

NOTE: 93935 MB RAM (91 GB) is required!
CHECKPOINT: Model parameters restored, LogL: -2221351.522
Wrote distance file to... 
--------------------------------------------------------------------
|             INITIALIZING CANDIDATE TREE SET                      |
--------------------------------------------------------------------
CHECKPOINT: Candidate tree set restored, best LogL: -2221351.522
Finish initializing candidate tree set (8)
Current best tree score: -2221351.522 / CPU time: 0.000
Number of iterations: 102
--------------------------------------------------------------------
|               OPTIMIZING CANDIDATE TREE SET                      |
--------------------------------------------------------------------
Optimizing NNI: done in 1204.45 secs using 3247% CPU
Optimizing NNI: done in 1144.29 secs using 3243% CPU
Optimizing NNI: done in 964.623 secs using 3408% CPU
Optimizing NNI: done in 1013.71 secs using 3535% CPU
Optimizing NNI: done in 871.029 secs using 3591% CPU
Optimizing NNI: done in 855.391 secs using 3619% CPU
Optimizing NNI: done in 704.355 secs using 3701% CPU
Optimizing NNI: done in 836.947 secs using 3665% CPU
Iteration 110 / LogL: -2221355.007 / Time: 2h:7m:22s (1h:45m:10s left)
Optimizing NNI: done in 728.7 secs using 3549% CPU
Optimizing NNI: done in 732.511 secs using 3592% CPU
Optimizing NNI: done in 451.703 secs using 3630% CPU
Optimizing NNI: done in 913.408 secs using 3660% CPU
Optimizing NNI: done in 826.476 secs using 3733% CPU
Optimizing NNI: done in 663.567 secs using 3760% CPU
Optimizing NNI: done in 543.706 secs using 3694% CPU
Optimizing NNI: done in 715.77 secs using 3763% CPU
Optimizing NNI: done in 495.778 secs using 3738% CPU
Optimizing NNI: done in 619.533 secs using 3751% CPU
Iteration 120 / LogL: -2221358.541 / Time: 3h:59m:28s (2h:40m:59s left)
Optimizing NNI: done in 764.957 secs using 3749% CPU
Optimizing NNI: done in 483.17 secs using 3758% CPU
Optimizing NNI: done in 534.253 secs using 3786% CPU
Optimizing NNI: done in 686.775 secs using 3833% CPU
Optimizing NNI: done in 421.089 secs using 3838% CPU
Optimizing NNI: done in 723.136 secs using 3841% CPU
Optimizing NNI: done in 641.7 secs using 3837% CPU
Optimizing NNI: done in 656.669 secs using 3694% CPU
Optimizing NNI: done in 533.849 secs using 3773% CPU
Optimizing NNI: done in 767.072 secs using 3782% CPU
Iteration 130 / LogL: -2221360.350 / Time: 5h:43m:32s (3h:6m:25s left)
Optimizing NNI: done in 847.407 secs using 3775% CPU
Optimizing NNI: done in 559.559 secs using 3833% CPU
Optimizing NNI: done in 525.488 secs using 3820% CPU
Optimizing NNI: done in 611.31 secs using 3800% CPU
Optimizing NNI: done in 597.71 secs using 3835% CPU
Optimizing NNI: done in 750.913 secs using 3846% CPU
Optimizing NNI: done in 543.378 secs using 3839% CPU
Optimizing NNI: done in 726.178 secs using 3842% CPU
Optimizing NNI: done in 845.253 secs using 3820% CPU
Optimizing NNI: done in 534.758 secs using 3833% CPU
Iteration 140 / LogL: -2221396.641 / Time: 7h:33m:6s (3h:15m:34s left)
Optimizing NNI: done in 502.181 secs using 3839% CPU
Optimizing NNI: done in 607.694 secs using 3836% CPU
Optimizing NNI: done in 713.795 secs using 3587% CPU
Optimizing NNI: done in 701.044 secs using 3108% CPU
Optimizing NNI: done in 850.55 secs using 3252% CPU
Optimizing NNI: done in 659.192 secs using 3366% CPU
Optimizing NNI: done in 890.864 secs using 3314% CPU
Optimizing NNI: done in 682.534 secs using 3392% CPU
Optimizing NNI: done in 745.044 secs using 3420% CPU
Optimizing NNI: done in 418.025 secs using 3519% CPU
Iteration 150 / LogL: -2221373.398 / Time: 9h:26m:27s (3h:10m:5s left)
Log-likelihood cutoff on original alignment: -2221420.812
Optimizing NNI: done in 620.657 secs using 3392% CPU
Optimizing NNI: done in 509.461 secs using 3404% CPU
Optimizing NNI: done in 592.083 secs using 3468% CPU
Optimizing NNI: done in 610.528 secs using 3518% CPU
Optimizing NNI: done in 729.44 secs using 3508% CPU
Optimizing NNI: done in 689.452 secs using 3506% CPU
Optimizing NNI: done in 714.107 secs using 3517% CPU
Optimizing NNI: done in 739.484 secs using 3456% CPU
Optimizing NNI: done in 418.435 secs using 3448% CPU
Optimizing NNI: done in 620.088 secs using 3417% CPU
Iteration 160 / LogL: -2221372.279 / Time: 11h:10m:59s (2h:48m:48s left)
Optimizing NNI: done in 470.377 secs using 3413% CPU
Optimizing NNI: done in 511.394 secs using 3399% CPU
Optimizing NNI: done in 512.848 secs using 3454% CPU
Optimizing NNI: done in 477.324 secs using 3465% CPU
Optimizing NNI: done in 661.442 secs using 3477% CPU
Optimizing NNI: done in 725.24 secs using 3466% CPU
Optimizing NNI: done in 604.643 secs using 3587% CPU
Optimizing NNI: done in 576.724 secs using 3477% CPU
Optimizing NNI: done in 646.467 secs using 3522% CPU
Optimizing NNI: done in 627.137 secs using 3404% CPU
Iteration 170 / LogL: -2221423.327 / Time: 12h:48m:21s (2h:16m:23s left)
Optimizing NNI: done in 601.179 secs using 3473% CPU
Optimizing NNI: done in 661.755 secs using 3509% CPU
Optimizing NNI: done in 792.807 secs using 3480% CPU
Optimizing NNI: done in 528.836 secs using 3589% CPU
Optimizing NNI: done in 549.914 secs using 3602% CPU
Optimizing NNI: done in 613.998 secs using 3599% CPU
Optimizing NNI: done in 791.594 secs using 3653% CPU
Optimizing NNI: done in 702.349 secs using 3697% CPU
Optimizing NNI: done in 772.911 secs using 3755% CPU
Optimizing NNI: done in 626.615 secs using 3781% CPU
Iteration 180 / LogL: -2221368.901 / Time: 14h:39m:33s (1h:38m:16s left)
Optimizing NNI: done in 687.249 secs using 3765% CPU
Optimizing NNI: done in 458.265 secs using 3807% CPU
Optimizing NNI: done in 697.068 secs using 3816% CPU
Optimizing NNI: done in 719.357 secs using 3832% CPU
Optimizing NNI: done in 504.782 secs using 3832% CPU
Optimizing NNI: done in 540.065 secs using 3832% CPU
Optimizing NNI: done in 714.617 secs using 3849% CPU
Optimizing NNI: done in 461.626 secs using 3849% CPU
Optimizing NNI: done in 620.058 secs using 3833% CPU
Optimizing NNI: done in 478.872 secs using 3841% CPU
Iteration 190 / LogL: -2221409.566 / Time: 16h:18m:5s (0h:51m:45s left)
Optimizing NNI: done in 744.434 secs using 3828% CPU
Optimizing NNI: done in 577.379 secs using 3839% CPU
Optimizing NNI: done in 401.234 secs using 3858% CPU
Optimizing NNI: done in 644.209 secs using 3863% CPU
Optimizing NNI: done in 528.828 secs using 3846% CPU
Optimizing NNI: done in 603.955 secs using 3844% CPU
Optimizing NNI: done in 590.64 secs using 3843% CPU
Optimizing NNI: done in 578.925 secs using 3843% CPU
Optimizing NNI: done in 549.551 secs using 3839% CPU
Optimizing NNI: done in 536.793 secs using 3860% CPU
Iteration 200 / LogL: -2221354.094 / Time: 17h:54m:31s (0h:0m:0s left)
Log-likelihood cutoff on original alignment: -2221420.812
NOTE: Bootstrap correlation coefficient of split occurrence frequencies: 1.000
TREE SEARCH COMPLETED AFTER 200 ITERATIONS / Time: 17h:54m:31s

--------------------------------------------------------------------
|                    FINALIZING TREE SEARCH                        |
--------------------------------------------------------------------
Performs final model parameters optimization
Estimate model parameters (epsilon = 0.010)
1. Initial log-likelihood: -2221351.522
2. Current log-likelihood: -2221351.323
3. Current log-likelihood: -2221351.275
4. Current log-likelihood: -2221351.229
5. Current log-likelihood: -2221351.195
6. Current log-likelihood: -2221351.150
7. Current log-likelihood: -2221351.116
8. Current log-likelihood: -2221351.077
9. Current log-likelihood: -2221351.047
10. Current log-likelihood: -2221351.010
11. Current log-likelihood: -2221350.980
12. Current log-likelihood: -2221350.946
13. Current log-likelihood: -2221350.918
14. Current log-likelihood: -2221350.886
15. Current log-likelihood: -2221350.858
16. Current log-likelihood: -2221350.828
17. Current log-likelihood: -2221350.801
18. Current log-likelihood: -2221350.773
19. Current log-likelihood: -2221350.745
20. Current log-likelihood: -2221350.719
21. Current log-likelihood: -2221350.692
22. Current log-likelihood: -2221350.666
23. Current log-likelihood: -2221350.639
24. Current log-likelihood: -2221350.615
25. Current log-likelihood: -2221350.588
26. Current log-likelihood: -2221350.564
27. Current log-likelihood: -2221350.537
28. Current log-likelihood: -2221350.514
29. Current log-likelihood: -2221350.487
30. Current log-likelihood: -2221350.465
31. Current log-likelihood: -2221350.438
32. Current log-likelihood: -2221350.416
33. Current log-likelihood: -2221350.390
34. Current log-likelihood: -2221350.369
35. Current log-likelihood: -2221350.342
36. Current log-likelihood: -2221350.321
37. Current log-likelihood: -2221350.294
38. Current log-likelihood: -2221350.274
39. Current log-likelihood: -2221350.247
40. Current log-likelihood: -2221350.227
41. Current log-likelihood: -2221350.201
42. Current log-likelihood: -2221350.181
43. Current log-likelihood: -2221350.154
44. Current log-likelihood: -2221350.134
45. Current log-likelihood: -2221350.108
46. Current log-likelihood: -2221350.088
47. Current log-likelihood: -2221350.062
48. Current log-likelihood: -2221350.043
49. Current log-likelihood: -2221350.016
50. Current log-likelihood: -2221349.997
51. Current log-likelihood: -2221349.971
52. Current log-likelihood: -2221349.952
53. Current log-likelihood: -2221349.926
54. Current log-likelihood: -2221349.907
55. Current log-likelihood: -2221349.880
56. Current log-likelihood: -2221349.862
57. Current log-likelihood: -2221349.836
58. Current log-likelihood: -2221349.817
59. Current log-likelihood: -2221349.791
60. Current log-likelihood: -2221349.773
61. Current log-likelihood: -2221349.746
62. Current log-likelihood: -2221349.728
63. Current log-likelihood: -2221349.701
64. Current log-likelihood: -2221349.684
65. Current log-likelihood: -2221349.657
66. Current log-likelihood: -2221349.639
67. Current log-likelihood: -2221349.613
68. Current log-likelihood: -2221349.595
69. Current log-likelihood: -2221349.569
70. Current log-likelihood: -2221349.551
71. Current log-likelihood: -2221349.524
72. Current log-likelihood: -2221349.507
73. Current log-likelihood: -2221349.480
74. Current log-likelihood: -2221349.463
75. Current log-likelihood: -2221349.436
76. Current log-likelihood: -2221349.419
77. Current log-likelihood: -2221349.393
78. Current log-likelihood: -2221349.376
79. Current log-likelihood: -2221349.349
80. Current log-likelihood: -2221349.332
81. Current log-likelihood: -2221349.305
82. Current log-likelihood: -2221349.288
83. Current log-likelihood: -2221349.261
84. Current log-likelihood: -2221349.245
85. Current log-likelihood: -2221349.218
86. Current log-likelihood: -2221349.201
87. Current log-likelihood: -2221349.174
88. Current log-likelihood: -2221349.158
89. Current log-likelihood: -2221349.131
90. Current log-likelihood: -2221349.114
91. Current log-likelihood: -2221349.087
92. Current log-likelihood: -2221349.071
93. Current log-likelihood: -2221349.044
94. Current log-likelihood: -2221349.028
95. Current log-likelihood: -2221349.000
96. Current log-likelihood: -2221348.984
97. Current log-likelihood: -2221348.957
98. Current log-likelihood: -2221348.941
99. Current log-likelihood: -2221348.913
100. Current log-likelihood: -2221348.898
101. Current log-likelihood: -2221348.870
102. Current log-likelihood: -2221348.855
103. Current log-likelihood: -2221348.827
104. Current log-likelihood: -2221348.811
105. Current log-likelihood: -2221348.784
106. Current log-likelihood: -2221348.768
107. Current log-likelihood: -2221348.740
108. Current log-likelihood: -2221348.725
109. Current log-likelihood: -2221348.697
110. Current log-likelihood: -2221348.682
111. Current log-likelihood: -2221348.654
112. Current log-likelihood: -2221348.639
113. Current log-likelihood: -2221348.611
114. Current log-likelihood: -2221348.596
115. Current log-likelihood: -2221348.568
116. Current log-likelihood: -2221348.553
117. Current log-likelihood: -2221348.525
118. Current log-likelihood: -2221348.510
119. Current log-likelihood: -2221348.482
120. Current log-likelihood: -2221348.467
121. Current log-likelihood: -2221348.438
122. Current log-likelihood: -2221348.424
123. Current log-likelihood: -2221348.395
124. Current log-likelihood: -2221348.381
125. Current log-likelihood: -2221348.352
126. Current log-likelihood: -2221348.338
127. Current log-likelihood: -2221348.309
128. Current log-likelihood: -2221348.295
129. Current log-likelihood: -2221348.266
130. Current log-likelihood: -2221348.252
131. Current log-likelihood: -2221348.223
132. Current log-likelihood: -2221348.209
133. Current log-likelihood: -2221348.180
134. Current log-likelihood: -2221348.166
135. Current log-likelihood: -2221348.137
136. Current log-likelihood: -2221348.123
137. Current log-likelihood: -2221348.094
138. Current log-likelihood: -2221348.080
139. Current log-likelihood: -2221348.051
140. Current log-likelihood: -2221348.037
141. Current log-likelihood: -2221348.008
142. Current log-likelihood: -2221347.994
143. Current log-likelihood: -2221347.965
144. Current log-likelihood: -2221347.951
145. Current log-likelihood: -2221347.922
146. Current log-likelihood: -2221347.908
147. Current log-likelihood: -2221347.879
148. Current log-likelihood: -2221347.865
149. Current log-likelihood: -2221347.836
150. Current log-likelihood: -2221347.822
151. Current log-likelihood: -2221347.793
152. Current log-likelihood: -2221347.779
153. Current log-likelihood: -2221347.750
154. Current log-likelihood: -2221347.736
155. Current log-likelihood: -2221347.707
156. Current log-likelihood: -2221347.693
157. Current log-likelihood: -2221347.664
158. Current log-likelihood: -2221347.650
159. Current log-likelihood: -2221347.621
160. Current log-likelihood: -2221347.607
161. Current log-likelihood: -2221347.578
162. Current log-likelihood: -2221347.565
163. Current log-likelihood: -2221347.535
164. Current log-likelihood: -2221347.521
165. Current log-likelihood: -2221347.492
166. Current log-likelihood: -2221347.479
167. Current log-likelihood: -2221347.449
168. Current log-likelihood: -2221347.436
169. Current log-likelihood: -2221347.406
170. Current log-likelihood: -2221347.393
171. Current log-likelihood: -2221347.363
172. Current log-likelihood: -2221347.350
173. Current log-likelihood: -2221347.320
174. Current log-likelihood: -2221347.307
175. Current log-likelihood: -2221347.276
176. Current log-likelihood: -2221347.264
177. Current log-likelihood: -2221347.234
178. Current log-likelihood: -2221347.221
179. Current log-likelihood: -2221347.190
180. Current log-likelihood: -2221347.178
181. Current log-likelihood: -2221347.148
182. Current log-likelihood: -2221347.135
183. Current log-likelihood: -2221347.104
184. Current log-likelihood: -2221347.091
185. Current log-likelihood: -2221347.061
186. Current log-likelihood: -2221347.049
187. Current log-likelihood: -2221347.018
188. Current log-likelihood: -2221347.005
189. Current log-likelihood: -2221346.975
190. Current log-likelihood: -2221346.963
191. Current log-likelihood: -2221346.931
192. Current log-likelihood: -2221346.919
193. Current log-likelihood: -2221346.889
194. Current log-likelihood: -2221346.877
195. Current log-likelihood: -2221346.845
196. Current log-likelihood: -2221346.833
197. Current log-likelihood: -2221346.803
198. Current log-likelihood: -2221346.792
199. Current log-likelihood: -2221346.758
200. Current log-likelihood: -2221346.746
201. Current log-likelihood: -2221346.717
202. Current log-likelihood: -2221346.706
203. Current log-likelihood: -2221346.672
204. Current log-likelihood: -2221346.659
205. Current log-likelihood: -2221346.632
206. Current log-likelihood: -2221346.621
207. Current log-likelihood: -2221346.585
208. Current log-likelihood: -2221346.572
209. Current log-likelihood: -2221346.546
210. Current log-likelihood: -2221346.536
211. Current log-likelihood: -2221346.497
212. Current log-likelihood: -2221346.484
213. Current log-likelihood: -2221346.461
Optimal log-likelihood: -2221346.451
Mixture weights: 0.020 0.033 0.023 0.010 0.015 0.010 0.008 0.010 0.003 0.016 0.044 0.008 0.010 0.012 0.000 0.010 0.011 0.037 0.027 0.015 0.007 0.013 0.013 0.019 0.022 0.010 0.032 0.023 0.016 0.015 0.016 0.014 0.008 0.051 0.035 0.028 0.021 0.022 0.009 0.030 0.009 0.006 0.047 0.010 0.004 0.000 0.015 0.008 0.016 0.006 0.029 0.010 0.010 0.017 0.027 0.028 0.002 0.015 0.008 0.006
Gamma shape alpha: 0.601
Parameters optimization took 213 rounds (8710.137 sec)
WARNING: The mixture model might be overfitting because some mixture weights are estimated close to zero
BEST SCORE FOUND : -2221346.451
Creating bootstrap support values...
Split supports printed to NEXUS file tradigrada/1_infer/Poisson-C60opt.splits.nex
Total tree length: 13.102

Total number of iterations: 200
CPU time used for tree search: 2344883.758 sec (651h:21m:23s)
Wall-clock time used for tree search: 64459.442 sec (17h:54m:19s)
Total CPU time used: 2685434.810 sec (745h:57m:14s)
Total wall-clock time used: 73181.851 sec (20h:19m:41s)

Computing bootstrap consensus tree...
Reading input file tradigrada/1_infer/Poisson-C60opt.splits.nex...
40 taxa and 90 splits.
Consensus tree written to tradigrada/1_infer/Poisson-C60opt.contree
Reading input trees file tradigrada/1_infer/Poisson-C60opt.contree
Log-likelihood of consensus tree: -2221346.452

Analysis results written to: 
  IQ-TREE report:                tradigrada/1_infer/Poisson-C60opt.iqtree
  Maximum-likelihood tree:       tradigrada/1_infer/Poisson-C60opt.treefile
  Likelihood distances:          tradigrada/1_infer/Poisson-C60opt.mldist

Ultrafast bootstrap approximation results written to:
  Split support values:          tradigrada/1_infer/Poisson-C60opt.splits.nex
  Consensus tree:                tradigrada/1_infer/Poisson-C60opt.contree
  Screen log file:               tradigrada/1_infer/Poisson-C60opt.log

Date and Time: Wed Mar 19 17:07:08 2025
