IQ-TREE multicore version 2.4.0 for Linux x86 64-bit built Feb  7 2025
Developed by Bui Quang Minh, Nguyen Lam Tung, Olga Chernomor, Heiko Schmidt,
Dominik Schrempf, Michael Woodhams, Ly Trong Nhan, Thomas Wong

Host:    rona.rsb.anu.edu.au (AVX2, FMA3, 1007 GB RAM)
Command: ./iqtree2 -s tardigrada/matrix_40sp.fasta -ft tardigrada/1_infer/LG-C60.treefile -m LG+ESmodel+G4 -mdef tardigrada/1_infer/meow60fix.nex -safe -pre tardigrada/1_infer/LG-MEOW60fix-PMSF -n 0 -T 35
Seed:    823542 (Using SPRNG - Scalable Parallel Random Number Generator)
Time:    Thu Apr  3 15:44:48 2025
Kernel:  Safe AVX+FMA - 35 threads (256 CPU cores detected)

Reading alignment file tardigrada/matrix_40sp.fasta ... Fasta format detected
Reading fasta file: done in 0.064584 secs using 93.53% CPU
Alignment most likely contains protein sequences
Alignment has 40 sequences with 70888 columns, 63149 distinct patterns
48785 parsimony-informative, 7670 singleton sites, 14433 constant sites
                             Gap/Ambiguity  Composition  p-value
Analyzing sequences: done in 0.0184 secs using 3130% CPU
   1  Capitella_telata               5.00%    failed      0.00%
   2  Daphnia_magna                  9.79%    failed      0.06%
   3  Echiniscoides_sigismundi      49.39%    failed      0.00%
   4  Echiniscus_bisetosus          82.96%    failed      0.00%
   5  Echiniscus_testudo            50.24%    failed      0.00%
   6  Echinoderes_kohni             88.58%    failed      0.00%
   7  Enoplus_brevis                22.43%    failed      0.00%
   8  Epiperipatus                  56.34%    failed      0.00%
   9  Frakliniella_occidentalis      7.36%    failed      0.08%
  10  Gordius                       70.84%    failed      0.00%
  11  Halicryptus_spinolosus        13.41%    failed      0.00%
  12  Hypsibius_dujardini            3.51%    failed      0.00%
  13  Limulus_polyphemus            16.13%    failed      0.00%
  14  Manduca_sexta                  9.59%    failed      0.00%
  15  Meiopriapulus                 26.75%    failed      0.00%
  16  Mesobiotus_philippinicus      19.72%    failed      0.00%
  17  Milnesium_tardigradum         59.56%    failed      0.00%
  18  Neodiprion_lecontei            4.62%    failed      0.01%
  19  Ooperipatellus                72.91%    failed      0.00%
  20  Opisthopatus_kwazululandi     26.52%    failed      0.00%
  21  Paeneus_vanammei              12.28%    failed      0.00%
  22  Pamacea_canaliculata           5.42%    failed      0.02%
  23  Paragordius_varius            71.38%    failed      0.00%
  24  Parasteatoda_tepidariorum      3.65%    failed      0.00%
  25  Peripatoides                  73.44%    failed      0.00%
  26  Peripatoides_novaezelandiae   16.34%    failed      0.00%
  27  Peripatopsis_capensis         37.07%    failed      0.00%
  28  Pleomothra                    21.78%    failed      0.00%
  29  Pontonema_vulgare             24.88%    failed      0.00%
  30  Priapulus_caudatus            13.43%    failed      0.00%
  31  Prionchulus_punctatus         13.90%    failed      0.00%
  32  Pycnophyes                    76.53%    failed      0.00%
  33  Ramazzottius_varieornatus      3.20%    failed      0.00%
  34  Richtersius_coronifer          6.00%    failed      0.00%
  35  Romanomermis_culicivorax      36.04%    failed      0.00%
  36  Stegodyphus_mimosarum         15.16%    failed      0.00%
  37  Strigamia_maritima            13.05%    failed      0.00%
  38  Tachypleu                      8.55%    failed      0.00%
  39  Tobrilus                      23.43%    failed      0.00%
  40  Xiphinema_index               27.20%    failed      0.00%
WARNING: 10 sequences contain more than 50% gaps/ambiguity
****  TOTAL                         29.96%  40 sequences failed composition chi2 test (p-value<5%; df=19)

===> COMPUTING SITE FREQUENCY MODEL BASED ON TREE FILE tardigrada/1_infer/LG-C60.treefile
Reading model definition file tardigrada/1_infer/meow60fix.nex ... 87 models and 274 frequency vectors loaded
Model LG+ESmodel+G4 is alias for LG+FMIX{ESclass1:1:0.0300904924,ESclass2:1:0.0375682491,ESclass3:1:0.0230185880,ESclass4:1:0.0137079989,ESclass5:1:0.0272744000,ESclass6:1:0.0419576751,ESclass7:1:0.0262969338,ESclass8:1:0.0165891874,ESclass9:1:0.0323355206,ESclass10:1:0.0073048752,ESclass11:1:0.0213371191,ESclass12:1:0.0142552307,ESclass13:1:0.0255031682,ESclass14:1:0.0260913470,ESclass15:1:0.0169366346,ESclass16:1:0.0151043030,ESclass17:1:0.0169710481,ESclass18:1:0.0176303771,ESclass19:1:0.0189455984,ESclass20:1:0.0210032462,ESclass21:1:0.0203455358,ESclass22:1:0.0123011903,ESclass23:1:0.0134569605,ESclass24:1:0.0117191074,ESclass25:1:0.0103527762,ESclass26:1:0.0188088253,ESclass27:1:0.0159090412,ESclass28:1:0.0178665325,ESclass29:1:0.0227313270,ESclass30:1:0.0272245032,ESclass31:1:0.0107425458,ESclass32:1:0.0163554348,ESclass33:1:0.0275941717,ESclass34:1:0.0165631877,ESclass35:1:0.0125251457,ESclass36:1:0.0190964110,ESclass37:1:0.0152925272,ESclass38:1:0.0109726658,ESclass39:1:0.0135931045,ESclass40:1:0.0226998434,ESclass41:1:0.0135871869,ESclass42:1:0.0065588321,ESclass43:1:0.0202409733,ESclass44:1:0.0051338722,ESclass45:1:0.0103209005,ESclass46:1:0.0187260665,ESclass47:1:0.0002256826,ESclass48:1:0.0135451183,ESclass49:1:0.0194074116,ESclass50:1:0.0104431339,ESclass51:1:0.0069194967,ESclass52:1:0.0061192667,ESclass53:1:0.0290843688,ESclass54:1:0.0000564270,ESclass55:1:0.0091461285,ESclass56:1:0.0129587231,ESclass57:1:0.0125085144,ESclass58:1:0.0091109939,ESclass59:1:0.0001128541,ESclass60:1:0.0097212188}+G4
WARNING: Your input class weight 0.000225683 is very small and may cause numerical issues
WARNING: Your input class weight 5.6427e-05 is very small and may cause numerical issues
WARNING: Your input class weight 0.000112854 is very small and may cause numerical issues
WARNING: Normalizing State frequencies so that sum of them equals to 1
WARNING: Normalizing State frequencies so that sum of them equals to 1
NOTE: 93694 MB RAM is required!
1. Initial log-likelihood: -2216437.006
2. Current log-likelihood: -2204325.274
3. Current log-likelihood: -2203923.327
4. Current log-likelihood: -2203898.525
5. Current log-likelihood: -2203896.405
6. Current log-likelihood: -2203896.232
Optimal log-likelihood: -2203896.196
Mixture weights: 0.030 0.038 0.023 0.014 0.027 0.042 0.026 0.017 0.032 0.007 0.021 0.014 0.026 0.026 0.017 0.015 0.017 0.018 0.019 0.021 0.020 0.012 0.013 0.012 0.010 0.019 0.016 0.018 0.023 0.027 0.011 0.016 0.028 0.017 0.013 0.019 0.015 0.011 0.014 0.023 0.014 0.007 0.020 0.005 0.010 0.019 0.000 0.014 0.019 0.010 0.007 0.006 0.029 0.000 0.009 0.013 0.013 0.009 0.000 0.010
Gamma shape alpha: 0.487
Parameters optimization took 6 rounds (1453.739 sec)
Computing posterior mean site frequencies....
Site state frequency vectors printed to tardigrada/1_infer/LG-MEOW60fix-PMSF.sitefreq

===> CONTINUE ANALYSIS USING THE INFERRED SITE FREQUENCY MODEL
Reading model definition file tardigrada/1_infer/meow60fix.nex ... 87 models and 274 frequency vectors loaded

Create initial parsimony tree by phylogenetic likelihood library (PLL)... 0.692 seconds
Model LG+ESmodel+G4 is alias for LG+FMIX{ESclass1:1:0.0300904924,ESclass2:1:0.0375682491,ESclass3:1:0.0230185880,ESclass4:1:0.0137079989,ESclass5:1:0.0272744000,ESclass6:1:0.0419576751,ESclass7:1:0.0262969338,ESclass8:1:0.0165891874,ESclass9:1:0.0323355206,ESclass10:1:0.0073048752,ESclass11:1:0.0213371191,ESclass12:1:0.0142552307,ESclass13:1:0.0255031682,ESclass14:1:0.0260913470,ESclass15:1:0.0169366346,ESclass16:1:0.0151043030,ESclass17:1:0.0169710481,ESclass18:1:0.0176303771,ESclass19:1:0.0189455984,ESclass20:1:0.0210032462,ESclass21:1:0.0203455358,ESclass22:1:0.0123011903,ESclass23:1:0.0134569605,ESclass24:1:0.0117191074,ESclass25:1:0.0103527762,ESclass26:1:0.0188088253,ESclass27:1:0.0159090412,ESclass28:1:0.0178665325,ESclass29:1:0.0227313270,ESclass30:1:0.0272245032,ESclass31:1:0.0107425458,ESclass32:1:0.0163554348,ESclass33:1:0.0275941717,ESclass34:1:0.0165631877,ESclass35:1:0.0125251457,ESclass36:1:0.0190964110,ESclass37:1:0.0152925272,ESclass38:1:0.0109726658,ESclass39:1:0.0135931045,ESclass40:1:0.0226998434,ESclass41:1:0.0135871869,ESclass42:1:0.0065588321,ESclass43:1:0.0202409733,ESclass44:1:0.0051338722,ESclass45:1:0.0103209005,ESclass46:1:0.0187260665,ESclass47:1:0.0002256826,ESclass48:1:0.0135451183,ESclass49:1:0.0194074116,ESclass50:1:0.0104431339,ESclass51:1:0.0069194967,ESclass52:1:0.0061192667,ESclass53:1:0.0290843688,ESclass54:1:0.0000564270,ESclass55:1:0.0091461285,ESclass56:1:0.0129587231,ESclass57:1:0.0125085144,ESclass58:1:0.0091109939,ESclass59:1:0.0001128541,ESclass60:1:0.0097212188}+G4

NOTE: 2149 MB RAM (2 GB) is required!
Estimate model parameters (epsilon = 0.010)
1. Initial log-likelihood: -2089962.601
2. Current log-likelihood: -2001146.007
3. Current log-likelihood: -1999094.978
4. Current log-likelihood: -1999068.130
5. Current log-likelihood: -1999066.598
6. Current log-likelihood: -1999066.428
7. Current log-likelihood: -1999066.412
Optimal log-likelihood: -1999066.408
Gamma shape alpha: 0.462
Parameters optimization took 7 rounds (84.126 sec)
Wrote distance file to... 
BEST SCORE FOUND : -1999066.408
Total tree length: 20.973

Total number of iterations: 0
CPU time used for tree search: 0.000 sec (0h:0m:0s)
Wall-clock time used for tree search: 0.000 sec (0h:0m:0s)
Total CPU time used: 2282.536 sec (0h:38m:2s)
Total wall-clock time used: 98.912 sec (0h:1m:38s)

Analysis results written to: 
  IQ-TREE report:                tardigrada/1_infer/LG-MEOW60fix-PMSF.iqtree
  Maximum-likelihood tree:       tardigrada/1_infer/LG-MEOW60fix-PMSF.treefile
  Screen log file:               tardigrada/1_infer/LG-MEOW60fix-PMSF.log

Date and Time: Thu Apr  3 16:10:50 2025
