IQ-TREE version 3.0.0 for Linux x86 64-bit built Apr  4 2025
Developed by Bui Quang Minh, Thomas Wong, Nhan Ly-Trong, Huaiyan Ren
Contributed by Lam-Tung Nguyen, Dominik Schrempf, Chris Bielow,
Olga Chernomor, Michael Woodhams, Diep Thi Hoang, Heiko Schmidt

Host:    rona.rsb.anu.edu.au (AVX2, FMA3, 1007 GB RAM)
Command: ./iqtree3 -s tardigrada/matrix_40sp.fasta -fs tardigrada/1_infer/GTR20-MEOW10opt-PMSF.sitefreq -m GTRESmodel -mdef tardigrada/1_infer/GTRmeow10.nex -safe -pre tardigrada/1_infer/GTR20_MEOW10opt_PMSF --wbtl -wsr -bb 1000 -T 40
Seed:    596008 (Using SPRNG - Scalable Parallel Random Number Generator)
Time:    Sun May  4 13:45:51 2025
Kernel:  Safe AVX+FMA - 40 threads (256 CPU cores detected)

Reading alignment file tardigrada/matrix_40sp.fasta ... Fasta format detected
Reading fasta file: done in 0.0657542 secs using 82.6% CPU
Alignment most likely contains protein sequences
Constructing alignment: done in 0.229878 secs using 295.1% CPU
Alignment has 40 sequences with 70888 columns, 63149 distinct patterns
48785 parsimony-informative, 7670 singleton sites, 14433 constant sites
                             Gap/Ambiguity  Composition  p-value
Analyzing sequences: done in 0.0354766 secs using 3237% CPU
   1  Capitella_telata               5.00%    failed      0.00%
   2  Daphnia_magna                  9.79%    failed      0.06%
   3  Echiniscoides_sigismundi      49.39%    failed      0.00%
   4  Echiniscus_bisetosus          82.96%    failed      0.00%
   5  Echiniscus_testudo            50.24%    failed      0.00%
   6  Echinoderes_kohni             88.58%    failed      0.00%
   7  Enoplus_brevis                22.43%    failed      0.00%
   8  Epiperipatus                  56.34%    failed      0.00%
   9  Frakliniella_occidentalis      7.36%    failed      0.08%
  10  Gordius                       70.84%    failed      0.00%
  11  Halicryptus_spinolosus        13.41%    failed      0.00%
  12  Hypsibius_dujardini            3.51%    failed      0.00%
  13  Limulus_polyphemus            16.13%    failed      0.00%
  14  Manduca_sexta                  9.59%    failed      0.00%
  15  Meiopriapulus                 26.75%    failed      0.00%
  16  Mesobiotus_philippinicus      19.72%    failed      0.00%
  17  Milnesium_tardigradum         59.56%    failed      0.00%
  18  Neodiprion_lecontei            4.62%    failed      0.01%
  19  Ooperipatellus                72.91%    failed      0.00%
  20  Opisthopatus_kwazululandi     26.52%    failed      0.00%
  21  Paeneus_vanammei              12.28%    failed      0.00%
  22  Pamacea_canaliculata           5.42%    failed      0.02%
  23  Paragordius_varius            71.38%    failed      0.00%
  24  Parasteatoda_tepidariorum      3.65%    failed      0.00%
  25  Peripatoides                  73.44%    failed      0.00%
  26  Peripatoides_novaezelandiae   16.34%    failed      0.00%
  27  Peripatopsis_capensis         37.07%    failed      0.00%
  28  Pleomothra                    21.78%    failed      0.00%
  29  Pontonema_vulgare             24.88%    failed      0.00%
  30  Priapulus_caudatus            13.43%    failed      0.00%
  31  Prionchulus_punctatus         13.90%    failed      0.00%
  32  Pycnophyes                    76.53%    failed      0.00%
  33  Ramazzottius_varieornatus      3.20%    failed      0.00%
  34  Richtersius_coronifer          6.00%    failed      0.00%
  35  Romanomermis_culicivorax      36.04%    failed      0.00%
  36  Stegodyphus_mimosarum         15.16%    failed      0.00%
  37  Strigamia_maritima            13.05%    failed      0.00%
  38  Tachypleu                      8.55%    failed      0.00%
  39  Tobrilus                      23.43%    failed      0.00%
  40  Xiphinema_index               27.20%    failed      0.00%
WARNING: 10 sequences contain more than 50% gaps/ambiguity
****  TOTAL                         29.96%  40 sequences failed composition chi2 test (p-value<5%; df=19)

Reading site-specific state frequency file tardigrada/1_infer/GTR20-MEOW10opt-PMSF.sitefreq ...
63149 distinct per-site state frequency vectors detected
Checking for duplicate sequences: done in 0.882575 secs using 147.9% CPU
Reading model definition file tardigrada/1_infer/GTRmeow10.nex ... 88 models and 224 frequency vectors loaded

Create initial parsimony tree by phylogenetic likelihood library (PLL)... 1.750 seconds
Generating 1000 samples for ultrafast bootstrap (seed: 596008)...
Model GTRESmodel is alias for GTRPMIX+G4{0.5587}+FMIX{EShighclass1:1.0:0.1259309126,EShighclass2:1.0:0.2620291986,EShighclass3:1.0:0.1248850454,EShighclass4:1.0:0.1303353423,EShighclass5:1.0:0.0906656379,EShighclass6:1.0:0.1288636998,EShighclass7:1.0:0.1118743696,ESlowclass1:1.0:0.0243152572,ESlowclass2:1.0:0.0007625230,ESlowclass3:1.0:0.0003380135}

NOTE: 2390 MB RAM (2 GB) is required!
Estimate model parameters (epsilon = 0.100)
1. Initial log-likelihood: -2152968.820
2. Current log-likelihood: -2097218.541
3. Current log-likelihood: -2095839.261
4. Current log-likelihood: -2095729.373
5. Current log-likelihood: -2095703.762
6. Current log-likelihood: -2095699.832
7. Current log-likelihood: -2095699.513
Optimal log-likelihood: -2095699.459
Gamma shape alpha: 0.559
Parameters optimization took 7 rounds (53.421 sec)
Wrote distance file to... 
Computing ML distances based on estimated model parameters...
Calculating distance matrix: done in 26.1763 secs using 1826% CPU
Computing ML distances took 26.187818 sec (of wall-clock time) 478.466999 sec (of CPU time)
Setting up auxiliary I and S matrices: done in 0.000368527 secs
Constructing RapidNJ tree: done in 0.000784747 secs
Computing RapidNJ tree took 0.001682 sec (of wall-clock time) 0.024317 sec (of CPU time)
Log-likelihood of RapidNJ tree: -2100759.448
--------------------------------------------------------------------
|             INITIALIZING CANDIDATE TREE SET                      |
--------------------------------------------------------------------
Generating 98 parsimony trees... 150.267 second
Computing log-likelihood of 98 initial trees ... 282.527 seconds
Current best score: -2095699.459

Do NNI search on 20 best initial trees
Optimizing NNI: done in 21.8351 secs using 3881% CPU
Estimate model parameters (epsilon = 0.100)
BETTER TREE FOUND at iteration 1: -2095184.733
Optimizing NNI: done in 46.5474 secs using 3784% CPU
Optimizing NNI: done in 41.2652 secs using 3832% CPU
Optimizing NNI: done in 57.556 secs using 3825% CPU
Optimizing NNI: done in 42.9368 secs using 3812% CPU
Optimizing NNI: done in 39.5321 secs using 3810% CPU
Optimizing NNI: done in 57.3786 secs using 3788% CPU
Optimizing NNI: done in 53.8804 secs using 3868% CPU
Optimizing NNI: done in 54.763 secs using 3735% CPU
Optimizing NNI: done in 52.1565 secs using 3750% CPU
Iteration 10 / LogL: -2095195.045 / Time: 0h:17m:47s
Optimizing NNI: done in 51.5838 secs using 3788% CPU
Optimizing NNI: done in 37.9172 secs using 3870% CPU
Optimizing NNI: done in 57.3207 secs using 3736% CPU
Optimizing NNI: done in 54.1468 secs using 3779% CPU
Optimizing NNI: done in 52.9422 secs using 3813% CPU
Optimizing NNI: done in 49.9361 secs using 3742% CPU
Optimizing NNI: done in 55.9208 secs using 3753% CPU
Optimizing NNI: done in 49.9539 secs using 3722% CPU
Optimizing NNI: done in 59.4484 secs using 3757% CPU
Optimizing NNI: done in 72.2105 secs using 3706% CPU
Iteration 20 / LogL: -2095197.356 / Time: 0h:26m:55s
Finish initializing candidate tree set (1)
Current best tree score: -2095184.733 / CPU time: 1471.205
Number of iterations: 20
--------------------------------------------------------------------
|               OPTIMIZING CANDIDATE TREE SET                      |
--------------------------------------------------------------------
Optimizing NNI: done in 46.5574 secs using 3763% CPU
Optimizing NNI: done in 45.4876 secs using 3804% CPU
Optimizing NNI: done in 46.1063 secs using 3935% CPU
Optimizing NNI: done in 47.1532 secs using 3919% CPU
Optimizing NNI: done in 42.6891 secs using 3937% CPU
Optimizing NNI: done in 32.5565 secs using 3858% CPU
Optimizing NNI: done in 40.8178 secs using 3769% CPU
Optimizing NNI: done in 47.0602 secs using 3679% CPU
Optimizing NNI: done in 52.7967 secs using 3637% CPU
Optimizing NNI: done in 48.3351 secs using 3614% CPU
Iteration 30 / LogL: -2095266.910 / Time: 0h:34m:30s (1h:24m:25s left)
Optimizing NNI: done in 55.815 secs using 3585% CPU
Optimizing NNI: done in 71.885 secs using 3568% CPU
Optimizing NNI: done in 37.7171 secs using 3658% CPU
Optimizing NNI: done in 34.4455 secs using 3622% CPU
Optimizing NNI: done in 56.9422 secs using 3881% CPU
Optimizing NNI: done in 51.3493 secs using 3845% CPU
Optimizing NNI: done in 38.6911 secs using 3770% CPU
Optimizing NNI: done in 37.7651 secs using 3737% CPU
Optimizing NNI: done in 30.2768 secs using 3767% CPU
Optimizing NNI: done in 48.0361 secs using 3739% CPU
Iteration 40 / LogL: -2095185.950 / Time: 0h:42m:19s (1h:6m:9s left)
Optimizing NNI: done in 46.4283 secs using 3787% CPU
Optimizing NNI: done in 31.4182 secs using 3813% CPU
Optimizing NNI: done in 43.3463 secs using 3784% CPU
Optimizing NNI: done in 45.5505 secs using 3728% CPU
Optimizing NNI: done in 37.3464 secs using 3884% CPU
Optimizing NNI: done in 44.8188 secs using 3785% CPU
Optimizing NNI: done in 54.6624 secs using 3689% CPU
Optimizing NNI: done in 46.9096 secs using 3836% CPU
Optimizing NNI: done in 35.4415 secs using 3769% CPU
Optimizing NNI: done in 37.3567 secs using 3812% CPU
Iteration 50 / LogL: -2095216.725 / Time: 0h:49m:28s (0h:51m:27s left)
Log-likelihood cutoff on original alignment: -2095299.461
UFBoot trees printed to tardigrada/1_infer/GTR20_MEOW10opt_PMSF.ufboot
Optimizing NNI: done in 43.9985 secs using 3895% CPU
Optimizing NNI: done in 56.2766 secs using 3830% CPU
Optimizing NNI: done in 56.2528 secs using 3707% CPU
Optimizing NNI: done in 56.0697 secs using 3797% CPU
Optimizing NNI: done in 44.8707 secs using 3793% CPU
Optimizing NNI: done in 51.4564 secs using 3729% CPU
Optimizing NNI: done in 62.8537 secs using 3806% CPU
Optimizing NNI: done in 50.7185 secs using 3886% CPU
Optimizing NNI: done in 57.6169 secs using 3777% CPU
Optimizing NNI: done in 41.8613 secs using 3819% CPU
Iteration 60 / LogL: -2095202.098 / Time: 0h:58m:17s (0h:40m:28s left)
Optimizing NNI: done in 43.121 secs using 3871% CPU
Optimizing NNI: done in 35.3139 secs using 3786% CPU
Optimizing NNI: done in 46.7817 secs using 3868% CPU
Optimizing NNI: done in 51.2635 secs using 3789% CPU
Optimizing NNI: done in 53.4227 secs using 3830% CPU
Optimizing NNI: done in 45.9404 secs using 3728% CPU
Optimizing NNI: done in 57.5224 secs using 3825% CPU
Optimizing NNI: done in 47.8224 secs using 3893% CPU
Optimizing NNI: done in 74.6413 secs using 3834% CPU
Optimizing NNI: done in 55.2737 secs using 3860% CPU
Iteration 70 / LogL: -2095209.213 / Time: 1h:6m:55s (0h:30m:3s left)
Optimizing NNI: done in 46.8408 secs using 3848% CPU
Optimizing NNI: done in 42.8855 secs using 3801% CPU
Optimizing NNI: done in 55.3031 secs using 3807% CPU
Optimizing NNI: done in 55.9771 secs using 3810% CPU
Optimizing NNI: done in 36.0726 secs using 3869% CPU
Optimizing NNI: done in 61.8902 secs using 3791% CPU
Optimizing NNI: done in 55.9314 secs using 3751% CPU
Optimizing NNI: done in 64.3472 secs using 3869% CPU
Optimizing NNI: done in 48.858 secs using 3845% CPU
Optimizing NNI: done in 56.528 secs using 3775% CPU
Iteration 80 / LogL: -2095203.909 / Time: 1h:15m:46s (0h:20m:8s left)
Optimizing NNI: done in 54.1406 secs using 3829% CPU
Optimizing NNI: done in 38.4499 secs using 3833% CPU
Optimizing NNI: done in 64.0308 secs using 3820% CPU
Optimizing NNI: done in 39.5816 secs using 3792% CPU
Optimizing NNI: done in 63.3812 secs using 3769% CPU
Optimizing NNI: done in 52.4054 secs using 3777% CPU
Optimizing NNI: done in 44.3502 secs using 3855% CPU
Optimizing NNI: done in 46.4132 secs using 3899% CPU
Optimizing NNI: done in 59.1793 secs using 3881% CPU
Optimizing NNI: done in 46.5601 secs using 3858% CPU
Iteration 90 / LogL: -2095196.768 / Time: 1h:24m:22s (0h:10m:25s left)
Optimizing NNI: done in 69.8481 secs using 3895% CPU
Optimizing NNI: done in 57.4595 secs using 3892% CPU
Optimizing NNI: done in 37.2334 secs using 3805% CPU
Optimizing NNI: done in 43.0491 secs using 3876% CPU
Optimizing NNI: done in 48.8535 secs using 3814% CPU
Optimizing NNI: done in 41.2427 secs using 3843% CPU
Optimizing NNI: done in 60.2761 secs using 3725% CPU
Optimizing NNI: done in 50.8597 secs using 3812% CPU
Optimizing NNI: done in 46.4617 secs using 3743% CPU
Optimizing NNI: done in 49.4208 secs using 3793% CPU
Iteration 100 / LogL: -2095208.642 / Time: 1h:32m:53s (0h:0m:56s left)
Log-likelihood cutoff on original alignment: -2095299.461
NOTE: Bootstrap correlation coefficient of split occurrence frequencies: 1.000
UFBoot trees printed to tardigrada/1_infer/GTR20_MEOW10opt_PMSF.ufboot
Optimizing NNI: done in 68.6025 secs using 3812% CPU
Optimizing NNI: done in 57.2107 secs using 3816% CPU
TREE SEARCH COMPLETED AFTER 102 ITERATIONS / Time: 1h:35m:0s

--------------------------------------------------------------------
|                    FINALIZING TREE SEARCH                        |
--------------------------------------------------------------------
Performs final model parameters optimization
Estimate model parameters (epsilon = 0.010)
1. Initial log-likelihood: -2095184.733
Optimal log-likelihood: -2095184.724
Gamma shape alpha: 0.559
Parameters optimization took 1 rounds (4.799 sec)
BEST SCORE FOUND : -2095184.724
Empirical proportions for each category: 0.293 0.215 0.262 0.230
Site rates printed to tardigrada/1_infer/GTR20_MEOW10opt_PMSF.rate
Creating bootstrap support values...
Split supports printed to NEXUS file tardigrada/1_infer/GTR20_MEOW10opt_PMSF.splits.nex
Total tree length: 15.545

Total number of iterations: 102
CPU time used for tree search: 204991.273 sec (56h:56m:31s)
Wall-clock time used for tree search: 5556.924 sec (1h:32m:36s)
Total CPU time used: 208772.695 sec (57h:59m:32s)
Total wall-clock time used: 5706.458 sec (1h:35m:6s)
UFBoot trees printed to tardigrada/1_infer/GTR20_MEOW10opt_PMSF.ufboot

Computing bootstrap consensus tree...
Reading input file tardigrada/1_infer/GTR20_MEOW10opt_PMSF.splits.nex...
40 taxa and 88 splits.
Consensus tree written to tardigrada/1_infer/GTR20_MEOW10opt_PMSF.contree
Reading input trees file tardigrada/1_infer/GTR20_MEOW10opt_PMSF.contree
Log-likelihood of consensus tree: -2095184.722

Analysis results written to: 
  IQ-TREE report:                tardigrada/1_infer/GTR20_MEOW10opt_PMSF.iqtree
  Maximum-likelihood tree:       tardigrada/1_infer/GTR20_MEOW10opt_PMSF.treefile
  Likelihood distances:          tardigrada/1_infer/GTR20_MEOW10opt_PMSF.mldist
  Site-specific rates:           tardigrada/1_infer/GTR20_MEOW10opt_PMSF.rate

Ultrafast bootstrap approximation results written to:
  Split support values:          tardigrada/1_infer/GTR20_MEOW10opt_PMSF.splits.nex
  Consensus tree:                tardigrada/1_infer/GTR20_MEOW10opt_PMSF.contree
  UFBoot trees:                  tardigrada/1_infer/GTR20_MEOW10opt_PMSF.ufboot
  Screen log file:               tardigrada/1_infer/GTR20_MEOW10opt_PMSF.log

Date and Time: Sun May  4 15:21:40 2025
