IQ-TREE version 3.0.0 for Linux x86 64-bit built Apr  4 2025
Developed by Bui Quang Minh, Thomas Wong, Nhan Ly-Trong, Huaiyan Ren
Contributed by Lam-Tung Nguyen, Dominik Schrempf, Chris Bielow,
Olga Chernomor, Michael Woodhams, Diep Thi Hoang, Heiko Schmidt

Host:    rona.rsb.anu.edu.au (AVX2, FMA3, 1007 GB RAM)
Command: /data/yutong/iqtree3 -s 1kp/1kp.fasta -fs 1kp/1_infer/Poisson-C60fix-PMSF.sitefreq -m Poisson+C60+G4 -safe --wbtl -wsr -bb 1000 -pre 1kp/1_infer/Poisson_C60fix_PMSF -nt 40
Seed:    951676 (Using SPRNG - Scalable Parallel Random Number Generator)
Time:    Thu May  8 12:23:32 2025
Kernel:  Safe AVX+FMA - 40 threads (256 CPU cores detected)

Reading alignment file 1kp/1kp.fasta ... Fasta format detected
Reading fasta file: done in 0.086274 secs using 99.9% CPU
Alignment most likely contains protein sequences
Constructing alignment: done in 0.205642 secs using 300.7% CPU
Alignment has 40 sequences with 103658 columns, 97826 distinct patterns
74754 parsimony-informative, 13250 singleton sites, 15653 constant sites
            Gap/Ambiguity  Composition  p-value
Analyzing sequences: done in 0.0129364 secs using 3617% CPU
   1  BFIK         27.41%    failed      0.00%
   2  BNCU         13.55%    failed      0.00%
   3  CIEA         19.10%    failed      0.00%
   4  CMEQ         13.47%    failed      0.00%
   5  CSUV         27.21%    failed      0.00%
   6  Chlre_v5.5   16.92%    failed      0.00%
   7  GTHK         18.40%    failed      0.00%
   8  HKZW         24.20%    failed      0.00%
   9  ILBQ         16.53%    failed      0.00%
  10  IYDF         17.50%    failed      0.00%
  11  JEXA         19.01%    failed      0.00%
  12  JOJQ         16.68%    failed      0.00%
  13  JVSZ         25.96%    failed      0.00%
  14  KNMB         16.28%    failed      0.00%
  15  KWGC         29.11%    failed      0.00%
  16  Klefl_v1.0    7.15%    failed      0.00%
  17  MMKU         27.49%    failed      0.00%
  18  Micpu_v3.0   25.86%    failed      0.00%
  19  OAGK          6.76%    failed      0.00%
  20  OLES         13.66%    failed      0.00%
  21  POZS         25.34%    failed      0.00%
  22  PQTO         21.02%    failed      0.00%
  23  PYHZ         19.30%    failed      0.00%
  24  QKMG         23.72%    failed      0.00%
  25  QPDY         15.05%    failed      0.00%
  26  SKYV         29.84%    failed      0.00%
  27  Selmo_v1.0   13.65%    failed      0.00%
  28  Spipo_v2      8.49%    failed      0.00%
  29  VYLQ          4.05%    failed      0.00%
  30  WDCW         24.70%    failed      0.00%
  31  WKCY          7.98%    failed      0.00%
  32  WQRD         23.20%    failed      0.00%
  33  WTDE         26.95%    failed      0.00%
  34  WWQZ         16.02%    failed      0.00%
  35  XSZI         18.21%    failed      0.00%
  36  XZME         11.12%    failed      0.00%
  37  YOXI         25.48%    failed      0.00%
  38  YPIC         24.57%    failed      0.00%
  39  ZFGK         22.51%    failed      0.00%
  40  ZUHO         17.59%    failed      0.00%
****  TOTAL        19.03%  40 sequences failed composition chi2 test (p-value<5%; df=19)

Reading site-specific state frequency file 1kp/1_infer/Poisson-C60fix-PMSF.sitefreq ...
97826 distinct per-site state frequency vectors detected
NOTE: minimal branch length is reduced to 0.000000964711 for long alignment
Checking for duplicate sequences: done in 0.0590978 secs using 820.6% CPU

Create initial parsimony tree by phylogenetic likelihood library (PLL)... 1.644 seconds
Generating 1000 samples for ultrafast bootstrap (seed: 951676)...
Model Poisson+C60+G4 is alias for Poisson+POISSON+G+FMIX{C60pi1:1:0.0169698865,C60pi2:1:0.0211683374,C60pi3:1:0.0276589079,C60pi4:1:0.0065675964,C60pi5:1:0.0141221416,C60pi6:1:0.0068774834,C60pi7:1:0.0146909701,C60pi8:1:0.0067225777,C60pi9:1:0.0018396660,C60pi10:1:0.0102547197,C60pi11:1:0.0230896163,C60pi12:1:0.0057941033,C60pi13:1:0.0125394534,C60pi14:1:0.0204526478,C60pi15:1:0.0070629602,C60pi16:1:0.0117982741,C60pi17:1:0.0068334668,C60pi18:1:0.0433775839,C60pi19:1:0.0318278731,C60pi20:1:0.0222546108,C60pi21:1:0.0102264969,C60pi22:1:0.0150545891,C60pi23:1:0.0134159878,C60pi24:1:0.0148552065,C60pi25:1:0.0239111516,C60pi26:1:0.0128776278,C60pi27:1:0.0222318842,C60pi28:1:0.0247444742,C60pi29:1:0.0214274810,C60pi30:1:0.0115001882,C60pi31:1:0.0076017389,C60pi32:1:0.0130258568,C60pi33:1:0.0093701965,C60pi34:1:0.0467194264,C60pi35:1:0.0441940314,C60pi36:1:0.0322263154,C60pi37:1:0.0402999891,C60pi38:1:0.0150234227,C60pi39:1:0.0104589903,C60pi40:1:0.0214742395,C60pi41:1:0.0154957836,C60pi42:1:0.0101789953,C60pi43:1:0.0227980379,C60pi44:1:0.0123204539,C60pi45:1:0.0066777583,C60pi46:1:0.0004150083,C60pi47:1:0.0344385130,C60pi48:1:0.0113663379,C60pi49:1:0.0127143049,C60pi50:1:0.0124323741,C60pi51:1:0.0262124415,C60pi52:1:0.0064994957,C60pi53:1:0.0103203293,C60pi54:1:0.0142463512,C60pi55:1:0.0215600067,C60pi56:1:0.0199150700,C60pi57:1:0.0038964200,C60pi58:1:0.0113448855,C60pi59:1:0.0128595846,C60pi60:1:0.0117656776}+G4

NOTE: 3702 MB RAM (3 GB) is required!
Estimate model parameters (epsilon = 0.100)
1. Initial log-likelihood: -3567072.954
2. Current log-likelihood: -3477528.704
3. Current log-likelihood: -3475188.595
4. Current log-likelihood: -3475140.282
5. Current log-likelihood: -3475138.403
Optimal log-likelihood: -3475138.334
Gamma shape alpha: 0.620
Parameters optimization took 5 rounds (95.021 sec)
Wrote distance file to... 
Computing ML distances based on estimated model parameters...
Calculating distance matrix: done in 18.564 secs using 1993% CPU
Computing ML distances took 18.578930 sec (of wall-clock time) 370.420560 sec (of CPU time)
Setting up auxiliary I and S matrices: done in 0.000200735 secs using 97.64% CPU
Constructing RapidNJ tree: done in 0.000753945 secs using 1527% CPU
Computing RapidNJ tree took 0.001217 sec (of wall-clock time) 0.017421 sec (of CPU time)
Log-likelihood of RapidNJ tree: -3480343.932
--------------------------------------------------------------------
|             INITIALIZING CANDIDATE TREE SET                      |
--------------------------------------------------------------------
Generating 98 parsimony trees... 281.921 second
Computing log-likelihood of 98 initial trees ... 384.886 seconds
Current best score: -3475138.334

Do NNI search on 20 best initial trees
Optimizing NNI: done in 29.7165 secs using 3912% CPU
Estimate model parameters (epsilon = 0.100)
BETTER TREE FOUND at iteration 1: -3474861.785
Optimizing NNI: done in 44.0681 secs using 3922% CPU
Optimizing NNI: done in 68.7612 secs using 3924% CPU
Optimizing NNI: done in 64.2111 secs using 3911% CPU
Optimizing NNI: done in 72.6818 secs using 3915% CPU
Optimizing NNI: done in 61.2844 secs using 3911% CPU
Optimizing NNI: done in 52.7234 secs using 3913% CPU
Optimizing NNI: done in 55.8336 secs using 3911% CPU
Optimizing NNI: done in 64.138 secs using 3920% CPU
Optimizing NNI: done in 67.4153 secs using 3927% CPU
Iteration 10 / LogL: -3474879.354 / Time: 0h:24m:13s
Optimizing NNI: done in 63.1682 secs using 3925% CPU
Optimizing NNI: done in 64.1863 secs using 3914% CPU
Optimizing NNI: done in 54.0519 secs using 3931% CPU
Optimizing NNI: done in 60.0549 secs using 3926% CPU
Optimizing NNI: done in 54.1305 secs using 3915% CPU
Optimizing NNI: done in 70.2046 secs using 3931% CPU
Optimizing NNI: done in 56.7738 secs using 3908% CPU
Optimizing NNI: done in 61.9089 secs using 3913% CPU
Optimizing NNI: done in 55.9202 secs using 3936% CPU
Optimizing NNI: done in 60.5218 secs using 3942% CPU
Iteration 20 / LogL: -3474912.052 / Time: 0h:34m:21s
Finish initializing candidate tree set (3)
Current best tree score: -3474861.785 / CPU time: 1880.773
Number of iterations: 20
--------------------------------------------------------------------
|               OPTIMIZING CANDIDATE TREE SET                      |
--------------------------------------------------------------------
Optimizing NNI: done in 51.3964 secs using 3922% CPU
Optimizing NNI: done in 51.0215 secs using 3920% CPU
Optimizing NNI: done in 60.721 secs using 3918% CPU
Optimizing NNI: done in 50.0975 secs using 3918% CPU
Optimizing NNI: done in 51.7818 secs using 3916% CPU
Estimate model parameters (epsilon = 0.100)
UPDATE BEST LOG-LIKELIHOOD: -3474861.079
Optimizing NNI: done in 41.2183 secs using 3904% CPU
Optimizing NNI: done in 62.6415 secs using 3923% CPU
Optimizing NNI: done in 45.6232 secs using 3948% CPU
Optimizing NNI: done in 52.7264 secs using 3941% CPU
Optimizing NNI: done in 63.7669 secs using 3944% CPU
Iteration 30 / LogL: -3474861.772 / Time: 0h:43m:37s (1h:46m:43s left)
Optimizing NNI: done in 50.9236 secs using 3939% CPU
Optimizing NNI: done in 63.9253 secs using 3933% CPU
Optimizing NNI: done in 60.768 secs using 3943% CPU
Optimizing NNI: done in 59.921 secs using 3941% CPU
Optimizing NNI: done in 76.3692 secs using 3938% CPU
Optimizing NNI: done in 56.4417 secs using 3927% CPU
Optimizing NNI: done in 48.709 secs using 3919% CPU
Optimizing NNI: done in 48.9558 secs using 3916% CPU
Optimizing NNI: done in 49.5905 secs using 3913% CPU
Optimizing NNI: done in 50.2597 secs using 3924% CPU
Iteration 40 / LogL: -3474865.052 / Time: 0h:53m:10s (1h:23m:7s left)
Optimizing NNI: done in 48.2937 secs using 3913% CPU
Optimizing NNI: done in 48.0096 secs using 3914% CPU
Optimizing NNI: done in 43.787 secs using 3931% CPU
Optimizing NNI: done in 68.5863 secs using 3925% CPU
Optimizing NNI: done in 57.4431 secs using 3918% CPU
Optimizing NNI: done in 76.8831 secs using 3933% CPU
Optimizing NNI: done in 56.0534 secs using 3905% CPU
Optimizing NNI: done in 40.6841 secs using 3915% CPU
Optimizing NNI: done in 43.2836 secs using 3925% CPU
Optimizing NNI: done in 57.111 secs using 3921% CPU
Iteration 50 / LogL: -3474864.000 / Time: 1h:2m:18s (1h:4m:48s left)
Log-likelihood cutoff on original alignment: -3474926.156
UFBoot trees printed to 1kp/1_infer/Poisson_C60fix_PMSF.ufboot
Optimizing NNI: done in 52.149 secs using 3941% CPU
Optimizing NNI: done in 58.4253 secs using 3930% CPU
Optimizing NNI: done in 55.3256 secs using 3925% CPU
Optimizing NNI: done in 49.5112 secs using 3942% CPU
Optimizing NNI: done in 49.4638 secs using 3927% CPU
Optimizing NNI: done in 56.292 secs using 3913% CPU
Optimizing NNI: done in 48.7474 secs using 3935% CPU
Optimizing NNI: done in 47.6848 secs using 3906% CPU
Optimizing NNI: done in 48.3812 secs using 3924% CPU
Optimizing NNI: done in 55.5555 secs using 3906% CPU
Iteration 60 / LogL: -3474865.834 / Time: 1h:11m:7s (0h:49m:24s left)
Optimizing NNI: done in 57.3235 secs using 3907% CPU
Optimizing NNI: done in 57.7534 secs using 3913% CPU
Optimizing NNI: done in 49.3455 secs using 3922% CPU
Optimizing NNI: done in 64.8994 secs using 3920% CPU
Optimizing NNI: done in 61.9103 secs using 3903% CPU
Optimizing NNI: done in 59.6393 secs using 3916% CPU
Optimizing NNI: done in 66.1838 secs using 3903% CPU
Optimizing NNI: done in 50.9774 secs using 3916% CPU
Optimizing NNI: done in 45.1354 secs using 3925% CPU
Optimizing NNI: done in 44.1181 secs using 3916% CPU
Iteration 70 / LogL: -3474954.706 / Time: 1h:20m:32s (0h:36m:10s left)
Optimizing NNI: done in 63.7321 secs using 3917% CPU
Optimizing NNI: done in 55.1048 secs using 3925% CPU
Optimizing NNI: done in 44.6768 secs using 3930% CPU
Optimizing NNI: done in 50.0848 secs using 3918% CPU
Optimizing NNI: done in 59.4129 secs using 3915% CPU
Optimizing NNI: done in 46.4886 secs using 3935% CPU
Optimizing NNI: done in 52.5099 secs using 3927% CPU
Optimizing NNI: done in 40.4814 secs using 3939% CPU
Optimizing NNI: done in 60.3765 secs using 3941% CPU
Optimizing NNI: done in 77.0199 secs using 3940% CPU
Iteration 80 / LogL: -3474878.477 / Time: 1h:29m:49s (0h:23m:52s left)
Optimizing NNI: done in 61.8351 secs using 3930% CPU
Optimizing NNI: done in 55.0685 secs using 3917% CPU
Optimizing NNI: done in 45.5396 secs using 3928% CPU
Optimizing NNI: done in 46.7603 secs using 3914% CPU
Optimizing NNI: done in 67.0644 secs using 3901% CPU
Optimizing NNI: done in 49.9643 secs using 3897% CPU
Optimizing NNI: done in 70.5412 secs using 3914% CPU
Optimizing NNI: done in 48.5393 secs using 3911% CPU
Optimizing NNI: done in 44.6553 secs using 3919% CPU
Optimizing NNI: done in 42.8748 secs using 3921% CPU
Iteration 90 / LogL: -3474873.170 / Time: 1h:38m:49s (0h:12m:12s left)
Optimizing NNI: done in 58.753 secs using 3906% CPU
Optimizing NNI: done in 48.9919 secs using 3905% CPU
Optimizing NNI: done in 59.9201 secs using 3925% CPU
Optimizing NNI: done in 43.4951 secs using 3939% CPU
Optimizing NNI: done in 60.8853 secs using 3932% CPU
Optimizing NNI: done in 51.1264 secs using 3944% CPU
Optimizing NNI: done in 60.9834 secs using 3950% CPU
Optimizing NNI: done in 37.6104 secs using 3943% CPU
Optimizing NNI: done in 69.2872 secs using 3923% CPU
Optimizing NNI: done in 67.2118 secs using 3924% CPU
Iteration 100 / LogL: -3475079.574 / Time: 1h:48m:16s (0h:1m:5s left)
Log-likelihood cutoff on original alignment: -3474926.234
NOTE: Bootstrap correlation coefficient of split occurrence frequencies: 1.000
UFBoot trees printed to 1kp/1_infer/Poisson_C60fix_PMSF.ufboot
Optimizing NNI: done in 50.8583 secs using 3920% CPU
Optimizing NNI: done in 58.7009 secs using 3919% CPU
TREE SEARCH COMPLETED AFTER 102 ITERATIONS / Time: 1h:50m:7s

--------------------------------------------------------------------
|                    FINALIZING TREE SEARCH                        |
--------------------------------------------------------------------
Performs final model parameters optimization
Estimate model parameters (epsilon = 0.010)
1. Initial log-likelihood: -3474861.079
Optimal log-likelihood: -3474861.079
Gamma shape alpha: 0.619
Parameters optimization took 1 rounds (9.492 sec)
BEST SCORE FOUND : -3474861.079
Empirical proportions for each category: 0.262 0.217 0.281 0.241
Site rates printed to 1kp/1_infer/Poisson_C60fix_PMSF.rate
Creating bootstrap support values...
Split supports printed to NEXUS file 1kp/1_infer/Poisson_C60fix_PMSF.splits.nex
Total tree length: 19.236

Total number of iterations: 102
CPU time used for tree search: 241178.258 sec (66h:59m:38s)
Wall-clock time used for tree search: 6426.905 sec (1h:47m:6s)
Total CPU time used: 246612.462 sec (68h:30m:12s)
Total wall-clock time used: 6618.273 sec (1h:50m:18s)
UFBoot trees printed to 1kp/1_infer/Poisson_C60fix_PMSF.ufboot

Computing bootstrap consensus tree...
Reading input file 1kp/1_infer/Poisson_C60fix_PMSF.splits.nex...
40 taxa and 87 splits.
Consensus tree written to 1kp/1_infer/Poisson_C60fix_PMSF.contree
Reading input trees file 1kp/1_infer/Poisson_C60fix_PMSF.contree
Log-likelihood of consensus tree: -3474861.785

Analysis results written to: 
  IQ-TREE report:                1kp/1_infer/Poisson_C60fix_PMSF.iqtree
  Maximum-likelihood tree:       1kp/1_infer/Poisson_C60fix_PMSF.treefile
  Likelihood distances:          1kp/1_infer/Poisson_C60fix_PMSF.mldist
  Site-specific rates:           1kp/1_infer/Poisson_C60fix_PMSF.rate

Ultrafast bootstrap approximation results written to:
  Split support values:          1kp/1_infer/Poisson_C60fix_PMSF.splits.nex
  Consensus tree:                1kp/1_infer/Poisson_C60fix_PMSF.contree
  UFBoot trees:                  1kp/1_infer/Poisson_C60fix_PMSF.ufboot
  Screen log file:               1kp/1_infer/Poisson_C60fix_PMSF.log

Date and Time: Thu May  8 14:14:27 2025
