IQ-TREE version 3.0.0 for Linux x86 64-bit built Apr  4 2025
Developed by Bui Quang Minh, Thomas Wong, Nhan Ly-Trong, Huaiyan Ren
Contributed by Lam-Tung Nguyen, Dominik Schrempf, Chris Bielow,
Olga Chernomor, Michael Woodhams, Diep Thi Hoang, Heiko Schmidt

Host:    rona.rsb.anu.edu.au (AVX2, FMA3, 1007 GB RAM)
Command: /data/yutong/iqtree3 -s 1kp/1kp.fasta -fs 1kp/1_infer/POISSON-UDM8HOC-PMSF.sitefreq -m Poisson+UDM0008CLR+G4 -mdef tardigrada/1_infer/udm_hogenom_0008_clr_iqtree.nex -safe --wbtl -wsr -bb 1000 -pre 1kp/1_infer/POISSON_UDM8HOC_PMSF -nt 40
Seed:    331608 (Using SPRNG - Scalable Parallel Random Number Generator)
Time:    Thu May  8 03:19:34 2025
Kernel:  Safe AVX+FMA - 40 threads (256 CPU cores detected)

Reading alignment file 1kp/1kp.fasta ... Fasta format detected
Reading fasta file: done in 0.0929181 secs using 95.42% CPU
Alignment most likely contains protein sequences
Constructing alignment: done in 0.208716 secs using 265.1% CPU
Alignment has 40 sequences with 103658 columns, 97826 distinct patterns
74754 parsimony-informative, 13250 singleton sites, 15653 constant sites
            Gap/Ambiguity  Composition  p-value
Analyzing sequences: done in 0.0163025 secs using 3799% CPU
   1  BFIK         27.41%    failed      0.00%
   2  BNCU         13.55%    failed      0.00%
   3  CIEA         19.10%    failed      0.00%
   4  CMEQ         13.47%    failed      0.00%
   5  CSUV         27.21%    failed      0.00%
   6  Chlre_v5.5   16.92%    failed      0.00%
   7  GTHK         18.40%    failed      0.00%
   8  HKZW         24.20%    failed      0.00%
   9  ILBQ         16.53%    failed      0.00%
  10  IYDF         17.50%    failed      0.00%
  11  JEXA         19.01%    failed      0.00%
  12  JOJQ         16.68%    failed      0.00%
  13  JVSZ         25.96%    failed      0.00%
  14  KNMB         16.28%    failed      0.00%
  15  KWGC         29.11%    failed      0.00%
  16  Klefl_v1.0    7.15%    failed      0.00%
  17  MMKU         27.49%    failed      0.00%
  18  Micpu_v3.0   25.86%    failed      0.00%
  19  OAGK          6.76%    failed      0.00%
  20  OLES         13.66%    failed      0.00%
  21  POZS         25.34%    failed      0.00%
  22  PQTO         21.02%    failed      0.00%
  23  PYHZ         19.30%    failed      0.00%
  24  QKMG         23.72%    failed      0.00%
  25  QPDY         15.05%    failed      0.00%
  26  SKYV         29.84%    failed      0.00%
  27  Selmo_v1.0   13.65%    failed      0.00%
  28  Spipo_v2      8.49%    failed      0.00%
  29  VYLQ          4.05%    failed      0.00%
  30  WDCW         24.70%    failed      0.00%
  31  WKCY          7.98%    failed      0.00%
  32  WQRD         23.20%    failed      0.00%
  33  WTDE         26.95%    failed      0.00%
  34  WWQZ         16.02%    failed      0.00%
  35  XSZI         18.21%    failed      0.00%
  36  XZME         11.12%    failed      0.00%
  37  YOXI         25.48%    failed      0.00%
  38  YPIC         24.57%    failed      0.00%
  39  ZFGK         22.51%    failed      0.00%
  40  ZUHO         17.59%    failed      0.00%
****  TOTAL        19.03%  40 sequences failed composition chi2 test (p-value<5%; df=19)

Reading site-specific state frequency file 1kp/1_infer/POISSON-UDM8HOC-PMSF.sitefreq ...
97826 distinct per-site state frequency vectors detected
NOTE: minimal branch length is reduced to 0.000000964711 for long alignment
Checking for duplicate sequences: done in 0.0552904 secs using 918.4% CPU
Reading model definition file tardigrada/1_infer/udm_hogenom_0008_clr_iqtree.nex ... 88 models and 222 frequency vectors loaded

Create initial parsimony tree by phylogenetic likelihood library (PLL)... 2.102 seconds
Generating 1000 samples for ultrafast bootstrap (seed: 331608)...
Model Poisson+UDM0008CLR+G4 is alias for Poisson+FMIX{UDM0008CLR_C0000:1.0:0.2128158330006274,UDM0008CLR_C0001:1.0:0.15697256601836537,UDM0008CLR_C0002:1.0:0.14838304910739747,UDM0008CLR_C0003:1.0:0.1153624593623453,UDM0008CLR_C0004:1.0:0.10621684822905378,UDM0008CLR_C0005:1.0:0.10614840586322934,UDM0008CLR_C0006:1.0:0.09187817258883249,UDM0008CLR_C0007:1.0:0.06222266583014886}+G4

NOTE: 3702 MB RAM (3 GB) is required!
Estimate model parameters (epsilon = 0.100)
1. Initial log-likelihood: -3787014.736
2. Current log-likelihood: -3706253.729
3. Current log-likelihood: -3704692.040
4. Current log-likelihood: -3704650.356
5. Current log-likelihood: -3704648.282
Optimal log-likelihood: -3704648.186
Gamma shape alpha: 0.671
Parameters optimization took 5 rounds (66.440 sec)
Wrote distance file to... 
Computing ML distances based on estimated model parameters...
Calculating distance matrix: done in 20.4893 secs using 1521% CPU
Computing ML distances took 20.515715 sec (of wall-clock time) 312.272423 sec (of CPU time)
Setting up auxiliary I and S matrices: done in 0.00136176 secs using 772.7% CPU
Constructing RapidNJ tree: done in 0.000568962 secs
Computing RapidNJ tree took 0.002553 sec (of wall-clock time) 0.011243 sec (of CPU time)
Log-likelihood of RapidNJ tree: -3710364.154
--------------------------------------------------------------------
|             INITIALIZING CANDIDATE TREE SET                      |
--------------------------------------------------------------------
Generating 98 parsimony trees... 311.911 second
Computing log-likelihood of 98 initial trees ... 337.512 seconds
Current best score: -3704648.186

Do NNI search on 20 best initial trees
Optimizing NNI: done in 26.7618 secs using 3927% CPU
Estimate model parameters (epsilon = 0.100)
BETTER TREE FOUND at iteration 1: -3704224.361
Optimizing NNI: done in 41.332 secs using 3778% CPU
Optimizing NNI: done in 51.8405 secs using 3896% CPU
Optimizing NNI: done in 49.8878 secs using 3936% CPU
Optimizing NNI: done in 50.3485 secs using 3921% CPU
Optimizing NNI: done in 57.4041 secs using 3930% CPU
Optimizing NNI: done in 55.3996 secs using 3922% CPU
Optimizing NNI: done in 63.6593 secs using 3926% CPU
Optimizing NNI: done in 63.5294 secs using 3932% CPU
Optimizing NNI: done in 57.1193 secs using 3923% CPU
Iteration 10 / LogL: -3704288.277 / Time: 0h:22m:19s
Optimizing NNI: done in 62.5104 secs using 3920% CPU
Optimizing NNI: done in 50.7548 secs using 3931% CPU
Optimizing NNI: done in 62.5083 secs using 3932% CPU
Optimizing NNI: done in 57.8932 secs using 3928% CPU
Optimizing NNI: done in 47.3569 secs using 3920% CPU
Optimizing NNI: done in 51.3021 secs using 3938% CPU
Optimizing NNI: done in 59.274 secs using 3941% CPU
Optimizing NNI: done in 59.7849 secs using 3941% CPU
Optimizing NNI: done in 52.6539 secs using 3945% CPU
Optimizing NNI: done in 51.5929 secs using 3929% CPU
Iteration 20 / LogL: -3704291.116 / Time: 0h:31m:42s
Finish initializing candidate tree set (3)
Current best tree score: -3704224.361 / CPU time: 1753.072
Number of iterations: 20
--------------------------------------------------------------------
|               OPTIMIZING CANDIDATE TREE SET                      |
--------------------------------------------------------------------
Optimizing NNI: done in 41.0198 secs using 3934% CPU
Optimizing NNI: done in 62.2023 secs using 3929% CPU
Optimizing NNI: done in 41.1164 secs using 3928% CPU
Optimizing NNI: done in 47.1484 secs using 3925% CPU
Optimizing NNI: done in 54.2636 secs using 3922% CPU
Optimizing NNI: done in 50.4431 secs using 3932% CPU
Optimizing NNI: done in 51.6207 secs using 3936% CPU
Optimizing NNI: done in 67.5809 secs using 3911% CPU
Optimizing NNI: done in 69.2443 secs using 3919% CPU
Optimizing NNI: done in 45.5977 secs using 3923% CPU
Iteration 30 / LogL: -3704251.135 / Time: 0h:40m:39s (1h:39m:27s left)
Optimizing NNI: done in 43.765 secs using 3923% CPU
Optimizing NNI: done in 57.7049 secs using 3819% CPU
Optimizing NNI: done in 57.3207 secs using 3925% CPU
Optimizing NNI: done in 51.6357 secs using 3917% CPU
Optimizing NNI: done in 34.674 secs using 3922% CPU
Optimizing NNI: done in 49.0626 secs using 3923% CPU
Optimizing NNI: done in 33.1637 secs using 3913% CPU
Optimizing NNI: done in 55.0803 secs using 3851% CPU
Optimizing NNI: done in 52.4842 secs using 3921% CPU
Optimizing NNI: done in 64.4817 secs using 3927% CPU
Iteration 40 / LogL: -3704323.612 / Time: 0h:49m:5s (1h:16m:44s left)
Optimizing NNI: done in 59.277 secs using 3936% CPU
Optimizing NNI: done in 45.4009 secs using 3932% CPU
Optimizing NNI: done in 42.1636 secs using 3936% CPU
Optimizing NNI: done in 53.3108 secs using 3939% CPU
Optimizing NNI: done in 45.6905 secs using 3940% CPU
Optimizing NNI: done in 69.8468 secs using 3939% CPU
Optimizing NNI: done in 46.3591 secs using 3943% CPU
Optimizing NNI: done in 48.2717 secs using 3939% CPU
Optimizing NNI: done in 50.2712 secs using 3929% CPU
Optimizing NNI: done in 48.8111 secs using 3941% CPU
Iteration 50 / LogL: -3704281.596 / Time: 0h:57m:42s (1h:0m:1s left)
Log-likelihood cutoff on original alignment: -3704354.754
UFBoot trees printed to 1kp/1_infer/POISSON_UDM8HOC_PMSF.ufboot
Optimizing NNI: done in 49.6821 secs using 3937% CPU
Optimizing NNI: done in 31.0393 secs using 3929% CPU
Optimizing NNI: done in 52.6295 secs using 3930% CPU
Optimizing NNI: done in 72.9373 secs using 3943% CPU
Optimizing NNI: done in 60.9363 secs using 3926% CPU
Optimizing NNI: done in 48.302 secs using 3940% CPU
Optimizing NNI: done in 46.6824 secs using 3936% CPU
Optimizing NNI: done in 47.3768 secs using 3930% CPU
Optimizing NNI: done in 42.2205 secs using 3926% CPU
Optimizing NNI: done in 60.3512 secs using 3934% CPU
Iteration 60 / LogL: -3704324.224 / Time: 1h:6m:22s (0h:46m:5s left)
Optimizing NNI: done in 50.0766 secs using 3932% CPU
Optimizing NNI: done in 53.6283 secs using 3931% CPU
Optimizing NNI: done in 56.4284 secs using 3938% CPU
Optimizing NNI: done in 52.217 secs using 3931% CPU
Optimizing NNI: done in 57.7065 secs using 3927% CPU
Optimizing NNI: done in 52.1301 secs using 3899% CPU
Optimizing NNI: done in 46.2513 secs using 3904% CPU
Optimizing NNI: done in 46.6786 secs using 3938% CPU
Optimizing NNI: done in 38.6713 secs using 3933% CPU
Optimizing NNI: done in 41.7303 secs using 3928% CPU
Iteration 70 / LogL: -3704280.468 / Time: 1h:14m:45s (0h:33m:33s left)
Optimizing NNI: done in 47.1154 secs using 3930% CPU
Optimizing NNI: done in 53.5671 secs using 3926% CPU
Optimizing NNI: done in 48.0248 secs using 3915% CPU
Optimizing NNI: done in 46.3776 secs using 3925% CPU
Optimizing NNI: done in 48.1784 secs using 3926% CPU
Optimizing NNI: done in 54.9402 secs using 3938% CPU
Optimizing NNI: done in 53.56 secs using 3922% CPU
Optimizing NNI: done in 46.5384 secs using 3928% CPU
Optimizing NNI: done in 71.0741 secs using 3924% CPU
Optimizing NNI: done in 48.2217 secs using 3933% CPU
Iteration 80 / LogL: -3704229.450 / Time: 1h:23m:29s (0h:22m:11s left)
Optimizing NNI: done in 32.1339 secs using 3926% CPU
Optimizing NNI: done in 43.3092 secs using 3927% CPU
Optimizing NNI: done in 60.1338 secs using 3909% CPU
Optimizing NNI: done in 64.3011 secs using 3922% CPU
Optimizing NNI: done in 60.561 secs using 3878% CPU
Optimizing NNI: done in 82.6922 secs using 3864% CPU
Optimizing NNI: done in 50.4546 secs using 3923% CPU
Optimizing NNI: done in 40.6378 secs using 3935% CPU
Optimizing NNI: done in 38.7927 secs using 3933% CPU
Optimizing NNI: done in 46.0629 secs using 3935% CPU
Iteration 90 / LogL: -3704321.121 / Time: 1h:32m:16s (0h:11m:23s left)
Optimizing NNI: done in 41.2627 secs using 3945% CPU
Optimizing NNI: done in 59.4187 secs using 3942% CPU
Optimizing NNI: done in 44.8579 secs using 3939% CPU
Optimizing NNI: done in 61.5048 secs using 3939% CPU
Optimizing NNI: done in 59.4154 secs using 3937% CPU
Optimizing NNI: done in 57.4101 secs using 3924% CPU
Optimizing NNI: done in 51.8141 secs using 3935% CPU
Optimizing NNI: done in 42.5787 secs using 3927% CPU
Optimizing NNI: done in 57.5592 secs using 3941% CPU
Optimizing NNI: done in 67.2813 secs using 3934% CPU
Iteration 100 / LogL: -3704294.091 / Time: 1h:41m:26s (0h:1m:1s left)
Log-likelihood cutoff on original alignment: -3704355.473
NOTE: Bootstrap correlation coefficient of split occurrence frequencies: 1.000
UFBoot trees printed to 1kp/1_infer/POISSON_UDM8HOC_PMSF.ufboot
Optimizing NNI: done in 63.979 secs using 3919% CPU
Optimizing NNI: done in 57.7509 secs using 3936% CPU
TREE SEARCH COMPLETED AFTER 102 ITERATIONS / Time: 1h:43m:30s

--------------------------------------------------------------------
|                    FINALIZING TREE SEARCH                        |
--------------------------------------------------------------------
Performs final model parameters optimization
Estimate model parameters (epsilon = 0.010)
1. Initial log-likelihood: -3704224.361
Optimal log-likelihood: -3704224.361
Gamma shape alpha: 0.671
Parameters optimization took 1 rounds (9.077 sec)
BEST SCORE FOUND : -3704224.361
Empirical proportions for each category: 0.265 0.213 0.287 0.235
Site rates printed to 1kp/1_infer/POISSON_UDM8HOC_PMSF.rate
Creating bootstrap support values...
Split supports printed to NEXUS file 1kp/1_infer/POISSON_UDM8HOC_PMSF.splits.nex
Total tree length: 15.998

Total number of iterations: 102
CPU time used for tree search: 225879.278 sec (62h:44m:39s)
Wall-clock time used for tree search: 6061.631 sec (1h:41m:1s)
Total CPU time used: 230272.111 sec (63h:57m:52s)
Total wall-clock time used: 6220.580 sec (1h:43m:40s)
UFBoot trees printed to 1kp/1_infer/POISSON_UDM8HOC_PMSF.ufboot

Computing bootstrap consensus tree...
Reading input file 1kp/1_infer/POISSON_UDM8HOC_PMSF.splits.nex...
40 taxa and 88 splits.
Consensus tree written to 1kp/1_infer/POISSON_UDM8HOC_PMSF.contree
Reading input trees file 1kp/1_infer/POISSON_UDM8HOC_PMSF.contree
Log-likelihood of consensus tree: -3704224.362

Analysis results written to: 
  IQ-TREE report:                1kp/1_infer/POISSON_UDM8HOC_PMSF.iqtree
  Maximum-likelihood tree:       1kp/1_infer/POISSON_UDM8HOC_PMSF.treefile
  Likelihood distances:          1kp/1_infer/POISSON_UDM8HOC_PMSF.mldist
  Site-specific rates:           1kp/1_infer/POISSON_UDM8HOC_PMSF.rate

Ultrafast bootstrap approximation results written to:
  Split support values:          1kp/1_infer/POISSON_UDM8HOC_PMSF.splits.nex
  Consensus tree:                1kp/1_infer/POISSON_UDM8HOC_PMSF.contree
  UFBoot trees:                  1kp/1_infer/POISSON_UDM8HOC_PMSF.ufboot
  Screen log file:               1kp/1_infer/POISSON_UDM8HOC_PMSF.log

Date and Time: Thu May  8 05:03:49 2025
