IQ-TREE version 3.0.0 for Linux x86 64-bit built Apr  4 2025
Developed by Bui Quang Minh, Thomas Wong, Nhan Ly-Trong, Huaiyan Ren
Contributed by Lam-Tung Nguyen, Dominik Schrempf, Chris Bielow,
Olga Chernomor, Michael Woodhams, Diep Thi Hoang, Heiko Schmidt

Host:    rona.rsb.anu.edu.au (AVX2, FMA3, 1007 GB RAM)
Command: /data/yutong/iqtree3 -s 1kp/1kp.fasta -fs 1kp/1_infer/LG-UDM64HOC-PMSF.sitefreq -m LG+UDM0064CLR+G4 -mdef tardigrada/1_infer/udm_hogenom_0064_clr_iqtree.nex -safe --wbtl -wsr -bb 1000 -pre 1kp/1_infer/LG_UDM64HOC_PMSF -nt 40
Seed:    983277 (Using SPRNG - Scalable Parallel Random Number Generator)
Time:    Wed May  7 16:28:37 2025
Kernel:  Safe AVX+FMA - 40 threads (256 CPU cores detected)

Reading alignment file 1kp/1kp.fasta ... Fasta format detected
Reading fasta file: done in 0.0806573 secs using 95.73% CPU
Alignment most likely contains protein sequences
Constructing alignment: done in 0.180312 secs using 344.8% CPU
Alignment has 40 sequences with 103658 columns, 97826 distinct patterns
74754 parsimony-informative, 13250 singleton sites, 15653 constant sites
            Gap/Ambiguity  Composition  p-value
Analyzing sequences: done in 0.0175935 secs using 3533% CPU
   1  BFIK         27.41%    failed      0.00%
   2  BNCU         13.55%    failed      0.00%
   3  CIEA         19.10%    failed      0.00%
   4  CMEQ         13.47%    failed      0.00%
   5  CSUV         27.21%    failed      0.00%
   6  Chlre_v5.5   16.92%    failed      0.00%
   7  GTHK         18.40%    failed      0.00%
   8  HKZW         24.20%    failed      0.00%
   9  ILBQ         16.53%    failed      0.00%
  10  IYDF         17.50%    failed      0.00%
  11  JEXA         19.01%    failed      0.00%
  12  JOJQ         16.68%    failed      0.00%
  13  JVSZ         25.96%    failed      0.00%
  14  KNMB         16.28%    failed      0.00%
  15  KWGC         29.11%    failed      0.00%
  16  Klefl_v1.0    7.15%    failed      0.00%
  17  MMKU         27.49%    failed      0.00%
  18  Micpu_v3.0   25.86%    failed      0.00%
  19  OAGK          6.76%    failed      0.00%
  20  OLES         13.66%    failed      0.00%
  21  POZS         25.34%    failed      0.00%
  22  PQTO         21.02%    failed      0.00%
  23  PYHZ         19.30%    failed      0.00%
  24  QKMG         23.72%    failed      0.00%
  25  QPDY         15.05%    failed      0.00%
  26  SKYV         29.84%    failed      0.00%
  27  Selmo_v1.0   13.65%    failed      0.00%
  28  Spipo_v2      8.49%    failed      0.00%
  29  VYLQ          4.05%    failed      0.00%
  30  WDCW         24.70%    failed      0.00%
  31  WKCY          7.98%    failed      0.00%
  32  WQRD         23.20%    failed      0.00%
  33  WTDE         26.95%    failed      0.00%
  34  WWQZ         16.02%    failed      0.00%
  35  XSZI         18.21%    failed      0.00%
  36  XZME         11.12%    failed      0.00%
  37  YOXI         25.48%    failed      0.00%
  38  YPIC         24.57%    failed      0.00%
  39  ZFGK         22.51%    failed      0.00%
  40  ZUHO         17.59%    failed      0.00%
****  TOTAL        19.03%  40 sequences failed composition chi2 test (p-value<5%; df=19)

Reading site-specific state frequency file 1kp/1_infer/LG-UDM64HOC-PMSF.sitefreq ...
97826 distinct per-site state frequency vectors detected
NOTE: minimal branch length is reduced to 0.000000964711 for long alignment
Checking for duplicate sequences: done in 0.0812985 secs using 732.5% CPU
Reading model definition file tardigrada/1_infer/udm_hogenom_0064_clr_iqtree.nex ... 88 models and 278 frequency vectors loaded

Create initial parsimony tree by phylogenetic likelihood library (PLL)... 1.260 seconds
Generating 1000 samples for ultrafast bootstrap (seed: 983277)...
Model LG+UDM0064CLR+G4 is alias for LG+FMIX{UDM0064CLR_C0000:1.0:0.02727713454628415,UDM0064CLR_C0001:1.0:0.026957736839103404,UDM0064CLR_C0002:1.0:0.023113557291963724,UDM0064CLR_C0003:1.0:0.02249472423430103,UDM0064CLR_C0004:1.0:0.021604973478583242,UDM0064CLR_C0005:1.0:0.02141675697256602,UDM0064CLR_C0006:1.0:0.020934808646552217,UDM0064CLR_C0007:1.0:0.02056407916500314,UDM0064CLR_C0008:1.0:0.020187646152968686,UDM0064CLR_C0009:1.0:0.020002281412194147,UDM0064CLR_C0010:1.0:0.019956653168311186,UDM0064CLR_C0011:1.0:0.01959447898249016,UDM0064CLR_C0012:1.0:0.019454742485598586,UDM0064CLR_C0013:1.0:0.019352078936861916,UDM0064CLR_C0014:1.0:0.018830205897450523,UDM0064CLR_C0015:1.0:0.018738949409684593,UDM0064CLR_C0016:1.0:0.018542177607939313,UDM0064CLR_C0017:1.0:0.018405292876290422,UDM0064CLR_C0018:1.0:0.018148634004448754,UDM0064CLR_C0019:1.0:0.017968972794159585,UDM0064CLR_C0020:1.0:0.01772657274853134,UDM0064CLR_C0021:1.0:0.01708777733416985,UDM0064CLR_C0022:1.0:0.016799749044658644,UDM0064CLR_C0023:1.0:0.01648605486796327,UDM0064CLR_C0024:1.0:0.01589573946272743,UDM0064CLR_C0025:1.0:0.015713226487195572,UDM0064CLR_C0026:1.0:0.015701819426224832,UDM0064CLR_C0027:1.0:0.01565619118234187,UDM0064CLR_C0028:1.0:0.01551930645069298,UDM0064CLR_C0029:1.0:0.015419494667198996,UDM0064CLR_C0030:1.0:0.015399532310500199,UDM0064CLR_C0031:1.0:0.015140021673415844,UDM0064CLR_C0032:1.0:0.015105800490503621,UDM0064CLR_C0033:1.0:0.015057320481377973,UDM0064CLR_C0034:1.0:0.01495750869788399,UDM0064CLR_C0035:1.0:0.014840586322933896,UDM0064CLR_C0036:1.0:0.01477214395710945,UDM0064CLR_C0037:1.0:0.0145696686248788,UDM0064CLR_C0038:1.0:0.01450407802429704,UDM0064CLR_C0039:1.0:0.014392859179832317,UDM0064CLR_C0040:1.0:0.014324416814007871,UDM0064CLR_C0041:1.0:0.014284492100610278,UDM0064CLR_C0042:1.0:0.013962242628186848,UDM0064CLR_C0043:1.0:0.01385387554896481,UDM0064CLR_C0044:1.0:0.01354303313751212,UDM0064CLR_C0045:1.0:0.013255004848000913,UDM0064CLR_C0046:1.0:0.012921348314606741,UDM0064CLR_C0047:1.0:0.012761649461016369,UDM0064CLR_C0048:1.0:0.012507842354417384,UDM0064CLR_C0049:1.0:0.012311070552672105,UDM0064CLR_C0050:1.0:0.012065818741801175,UDM0064CLR_C0051:1.0:0.011700792790737467,UDM0064CLR_C0052:1.0:0.011640905720641076,UDM0064CLR_C0053:1.0:0.011372839787828666,UDM0064CLR_C0054:1.0:0.010742599669195232,UDM0064CLR_C0055:1.0:0.010582900815604859,UDM0064CLR_C0056:1.0:0.01045742314492671,UDM0064CLR_C0057:1.0:0.010349056065704671,UDM0064CLR_C0058:1.0:0.010229281925511893,UDM0064CLR_C0059:1.0:0.0096874465294017,UDM0064CLR_C0060:1.0:0.009328124108823362,UDM0064CLR_C0061:1.0:0.009040095819312154,UDM0064CLR_C0062:1.0:0.0077881708777733415,UDM0064CLR_C0063:1.0:0.006998231905549535}+G4

NOTE: 3702 MB RAM (3 GB) is required!
Estimate model parameters (epsilon = 0.100)
1. Initial log-likelihood: -3645046.599
2. Current log-likelihood: -3485365.286
3. Current log-likelihood: -3475879.233
4. Current log-likelihood: -3475493.569
5. Current log-likelihood: -3475478.053
6. Current log-likelihood: -3475477.248
Optimal log-likelihood: -3475477.208
Gamma shape alpha: 0.459
Parameters optimization took 6 rounds (92.668 sec)
Wrote distance file to... 
Computing ML distances based on estimated model parameters...
Calculating distance matrix: done in 26.507 secs using 1906% CPU
Computing ML distances took 26.536545 sec (of wall-clock time) 505.945659 sec (of CPU time)
Setting up auxiliary I and S matrices: done in 0.00027708 secs using 5654% CPU
Constructing RapidNJ tree: done in 0.000529503 secs using 5877% CPU
Computing RapidNJ tree took 0.001110 sec (of wall-clock time) 0.087368 sec (of CPU time)
Log-likelihood of RapidNJ tree: -3479059.130
--------------------------------------------------------------------
|             INITIALIZING CANDIDATE TREE SET                      |
--------------------------------------------------------------------
Generating 98 parsimony trees... 147.044 second
Computing log-likelihood of 98 initial trees ... 309.591 seconds
Current best score: -3475477.208

Do NNI search on 20 best initial trees
Optimizing NNI: done in 28.7074 secs using 3459% CPU
Estimate model parameters (epsilon = 0.100)
BETTER TREE FOUND at iteration 1: -3474978.855
Optimizing NNI: done in 47.5775 secs using 3469% CPU
Optimizing NNI: done in 64.2293 secs using 3516% CPU
Optimizing NNI: done in 69.5323 secs using 3523% CPU
Optimizing NNI: done in 71.9637 secs using 3490% CPU
Optimizing NNI: done in 75.2309 secs using 3491% CPU
Optimizing NNI: done in 69.1714 secs using 3521% CPU
Optimizing NNI: done in 73.2521 secs using 3532% CPU
Optimizing NNI: done in 62.5901 secs using 3653% CPU
Optimizing NNI: done in 66.5833 secs using 3503% CPU
Iteration 10 / LogL: -3474990.568 / Time: 0h:21m:26s
Optimizing NNI: done in 71.1191 secs using 3560% CPU
Optimizing NNI: done in 67.1513 secs using 3642% CPU
Optimizing NNI: done in 81.3248 secs using 3436% CPU
Optimizing NNI: done in 71.523 secs using 3430% CPU
Optimizing NNI: done in 68.3837 secs using 3625% CPU
Optimizing NNI: done in 75.5335 secs using 3335% CPU
Optimizing NNI: done in 76.2209 secs using 3326% CPU
Optimizing NNI: done in 74.5939 secs using 3361% CPU
Optimizing NNI: done in 71.1935 secs using 3622% CPU
Optimizing NNI: done in 71.182 secs using 3414% CPU
Iteration 20 / LogL: -3474987.892 / Time: 0h:33m:40s
Finish initializing candidate tree set (1)
Current best tree score: -3474978.855 / CPU time: 1842.019
Number of iterations: 20
--------------------------------------------------------------------
|               OPTIMIZING CANDIDATE TREE SET                      |
--------------------------------------------------------------------
Optimizing NNI: done in 38.8037 secs using 3567% CPU
Optimizing NNI: done in 46.912 secs using 3643% CPU
Optimizing NNI: done in 34.7611 secs using 3476% CPU
Optimizing NNI: done in 45.1468 secs using 3474% CPU
Optimizing NNI: done in 37.5147 secs using 3458% CPU
Optimizing NNI: done in 64.1861 secs using 3613% CPU
Optimizing NNI: done in 54.9296 secs using 3476% CPU
Optimizing NNI: done in 43.8744 secs using 3460% CPU
Optimizing NNI: done in 39.6218 secs using 3399% CPU
Optimizing NNI: done in 55.4058 secs using 3533% CPU
Iteration 30 / LogL: -3474985.506 / Time: 0h:41m:28s (1h:41m:28s left)
Optimizing NNI: done in 42.5553 secs using 3514% CPU
Optimizing NNI: done in 48.3291 secs using 3430% CPU
Optimizing NNI: done in 58.6613 secs using 3500% CPU
Optimizing NNI: done in 49.6888 secs using 3565% CPU
Optimizing NNI: done in 40.883 secs using 3588% CPU
Optimizing NNI: done in 56.6259 secs using 3433% CPU
Optimizing NNI: done in 49.4189 secs using 3559% CPU
Optimizing NNI: done in 73.5676 secs using 3635% CPU
Optimizing NNI: done in 41.3798 secs using 3545% CPU
Optimizing NNI: done in 44.8334 secs using 3533% CPU
Iteration 40 / LogL: -3474992.116 / Time: 0h:50m:0s (1h:18m:10s left)
Optimizing NNI: done in 45.4057 secs using 3725% CPU
Optimizing NNI: done in 43.4718 secs using 3540% CPU
Optimizing NNI: done in 34.1027 secs using 3508% CPU
Optimizing NNI: done in 42.8059 secs using 3506% CPU
Optimizing NNI: done in 48.6783 secs using 3550% CPU
Optimizing NNI: done in 44.8716 secs using 3587% CPU
Optimizing NNI: done in 42.7738 secs using 3611% CPU
Optimizing NNI: done in 50.3448 secs using 3575% CPU
Optimizing NNI: done in 44.5316 secs using 3688% CPU
Optimizing NNI: done in 34.8236 secs using 3653% CPU
Iteration 50 / LogL: -3474986.790 / Time: 0h:57m:18s (0h:59m:37s left)
Log-likelihood cutoff on original alignment: -3475058.431
UFBoot trees printed to 1kp/1_infer/LG_UDM64HOC_PMSF.ufboot
Optimizing NNI: done in 36.0984 secs using 3586% CPU
Optimizing NNI: done in 57.4342 secs using 3486% CPU
Optimizing NNI: done in 55.8902 secs using 3506% CPU
Optimizing NNI: done in 49.1438 secs using 3608% CPU
Optimizing NNI: done in 56.951 secs using 3474% CPU
Optimizing NNI: done in 62.0049 secs using 3730% CPU
Optimizing NNI: done in 45.3261 secs using 3533% CPU
Optimizing NNI: done in 42.2746 secs using 3528% CPU
Optimizing NNI: done in 48.3444 secs using 3547% CPU
Optimizing NNI: done in 43.0816 secs using 3704% CPU
Iteration 60 / LogL: -3475003.938 / Time: 1h:5m:42s (0h:45m:38s left)
Optimizing NNI: done in 64.0112 secs using 3518% CPU
Optimizing NNI: done in 49.8577 secs using 3538% CPU
Optimizing NNI: done in 48.743 secs using 3656% CPU
Optimizing NNI: done in 56.6866 secs using 3598% CPU
Optimizing NNI: done in 51.7346 secs using 3614% CPU
Optimizing NNI: done in 48.4335 secs using 3596% CPU
Optimizing NNI: done in 63.6992 secs using 3478% CPU
Optimizing NNI: done in 58.5688 secs using 3472% CPU
Optimizing NNI: done in 58.0716 secs using 3540% CPU
Optimizing NNI: done in 53.8962 secs using 3466% CPU
Iteration 70 / LogL: -3474985.090 / Time: 1h:15m:2s (0h:33m:42s left)
Optimizing NNI: done in 40.3056 secs using 3499% CPU
Optimizing NNI: done in 53.2226 secs using 3497% CPU
Optimizing NNI: done in 50.1354 secs using 3444% CPU
Optimizing NNI: done in 60.2754 secs using 3363% CPU
Optimizing NNI: done in 43.0455 secs using 3535% CPU
Optimizing NNI: done in 62.9512 secs using 3485% CPU
Optimizing NNI: done in 36.8931 secs using 3595% CPU
Optimizing NNI: done in 43.2868 secs using 3621% CPU
Optimizing NNI: done in 55.6817 secs using 3713% CPU
Optimizing NNI: done in 45.362 secs using 3683% CPU
Iteration 80 / LogL: -3474982.625 / Time: 1h:23m:19s (0h:22m:8s left)
Optimizing NNI: done in 56.8849 secs using 3600% CPU
Optimizing NNI: done in 33.5998 secs using 3650% CPU
Optimizing NNI: done in 42.609 secs using 3667% CPU
Optimizing NNI: done in 45.965 secs using 3599% CPU
Optimizing NNI: done in 42.8639 secs using 3591% CPU
Optimizing NNI: done in 40.937 secs using 3659% CPU
Optimizing NNI: done in 39.1635 secs using 3794% CPU
Optimizing NNI: done in 38.9564 secs using 3726% CPU
Optimizing NNI: done in 47.4397 secs using 3730% CPU
Optimizing NNI: done in 43.0856 secs using 3759% CPU
Iteration 90 / LogL: -3474985.988 / Time: 1h:30m:37s (0h:11m:11s left)
Optimizing NNI: done in 46.1211 secs using 3774% CPU
Optimizing NNI: done in 38.0159 secs using 3606% CPU
Optimizing NNI: done in 51.8853 secs using 3560% CPU
Optimizing NNI: done in 43.1375 secs using 3678% CPU
Optimizing NNI: done in 31.9887 secs using 3660% CPU
Optimizing NNI: done in 46.8109 secs using 3606% CPU
Optimizing NNI: done in 35.6876 secs using 3637% CPU
Optimizing NNI: done in 40.8657 secs using 3789% CPU
Optimizing NNI: done in 35.235 secs using 3855% CPU
Optimizing NNI: done in 35.0743 secs using 3672% CPU
Iteration 100 / LogL: -3474985.201 / Time: 1h:37m:27s (0h:0m:59s left)
Log-likelihood cutoff on original alignment: -3475030.891
NOTE: Bootstrap correlation coefficient of split occurrence frequencies: 0.999
UFBoot trees printed to 1kp/1_infer/LG_UDM64HOC_PMSF.ufboot
Optimizing NNI: done in 54.6636 secs using 3572% CPU
Optimizing NNI: done in 49.3008 secs using 3600% CPU
TREE SEARCH COMPLETED AFTER 102 ITERATIONS / Time: 1h:39m:13s

--------------------------------------------------------------------
|                    FINALIZING TREE SEARCH                        |
--------------------------------------------------------------------
Performs final model parameters optimization
Estimate model parameters (epsilon = 0.010)
1. Initial log-likelihood: -3474978.855
Optimal log-likelihood: -3474978.855
Gamma shape alpha: 0.459
Parameters optimization took 1 rounds (7.435 sec)
BEST SCORE FOUND : -3474978.855
Empirical proportions for each category: 0.267 0.257 0.275 0.202
Site rates printed to 1kp/1_infer/LG_UDM64HOC_PMSF.rate
Creating bootstrap support values...
Split supports printed to NEXUS file 1kp/1_infer/LG_UDM64HOC_PMSF.splits.nex
Total tree length: 33.636

Total number of iterations: 102
CPU time used for tree search: 199964.288 sec (55h:32m:44s)
Wall-clock time used for tree search: 5774.537 sec (1h:36m:14s)
Total CPU time used: 204666.325 sec (56h:51m:6s)
Total wall-clock time used: 5961.277 sec (1h:39m:21s)
UFBoot trees printed to 1kp/1_infer/LG_UDM64HOC_PMSF.ufboot

Computing bootstrap consensus tree...
Reading input file 1kp/1_infer/LG_UDM64HOC_PMSF.splits.nex...
40 taxa and 82 splits.
Consensus tree written to 1kp/1_infer/LG_UDM64HOC_PMSF.contree
Reading input trees file 1kp/1_infer/LG_UDM64HOC_PMSF.contree
Log-likelihood of consensus tree: -3474978.856

Analysis results written to: 
  IQ-TREE report:                1kp/1_infer/LG_UDM64HOC_PMSF.iqtree
  Maximum-likelihood tree:       1kp/1_infer/LG_UDM64HOC_PMSF.treefile
  Likelihood distances:          1kp/1_infer/LG_UDM64HOC_PMSF.mldist
  Site-specific rates:           1kp/1_infer/LG_UDM64HOC_PMSF.rate

Ultrafast bootstrap approximation results written to:
  Split support values:          1kp/1_infer/LG_UDM64HOC_PMSF.splits.nex
  Consensus tree:                1kp/1_infer/LG_UDM64HOC_PMSF.contree
  UFBoot trees:                  1kp/1_infer/LG_UDM64HOC_PMSF.ufboot
  Screen log file:               1kp/1_infer/LG_UDM64HOC_PMSF.log

Date and Time: Wed May  7 18:08:27 2025
