IQ-TREE multicore version 2.4.0 for Linux x86 64-bit built Feb  7 2025
Developed by Bui Quang Minh, Nguyen Lam Tung, Olga Chernomor, Heiko Schmidt,
Dominik Schrempf, Michael Woodhams, Ly Trong Nhan, Thomas Wong

Host:    rona.rsb.anu.edu.au (AVX2, FMA3, 1007 GB RAM)
Command: ./iqtree2 -s tardigrada/matrix_40sp.fasta -fs tardigrada/1_infer/LG-C60opt-PMSF.sitefreq -m myC60 -mdef tardigrada/1_infer/LGC60.nex -T 40 -safe -pre tardigrada/1_infer/LG_C60opt_PMSF -wsr -bb 1000
Seed:    515229 (Using SPRNG - Scalable Parallel Random Number Generator)
Time:    Sun Mar 30 12:36:45 2025
Kernel:  Safe AVX+FMA - 40 threads (256 CPU cores detected)

Reading alignment file tardigrada/matrix_40sp.fasta ... Fasta format detected
Reading fasta file: done in 0.0665963 secs using 79.85% CPU
Alignment most likely contains protein sequences
Alignment has 40 sequences with 70888 columns, 63149 distinct patterns
48785 parsimony-informative, 7670 singleton sites, 14433 constant sites
                             Gap/Ambiguity  Composition  p-value
Analyzing sequences: done in 0.0113881 secs using 3694% CPU
   1  Capitella_telata               5.00%    failed      0.00%
   2  Daphnia_magna                  9.79%    failed      0.06%
   3  Echiniscoides_sigismundi      49.39%    failed      0.00%
   4  Echiniscus_bisetosus          82.96%    failed      0.00%
   5  Echiniscus_testudo            50.24%    failed      0.00%
   6  Echinoderes_kohni             88.58%    failed      0.00%
   7  Enoplus_brevis                22.43%    failed      0.00%
   8  Epiperipatus                  56.34%    failed      0.00%
   9  Frakliniella_occidentalis      7.36%    failed      0.08%
  10  Gordius                       70.84%    failed      0.00%
  11  Halicryptus_spinolosus        13.41%    failed      0.00%
  12  Hypsibius_dujardini            3.51%    failed      0.00%
  13  Limulus_polyphemus            16.13%    failed      0.00%
  14  Manduca_sexta                  9.59%    failed      0.00%
  15  Meiopriapulus                 26.75%    failed      0.00%
  16  Mesobiotus_philippinicus      19.72%    failed      0.00%
  17  Milnesium_tardigradum         59.56%    failed      0.00%
  18  Neodiprion_lecontei            4.62%    failed      0.01%
  19  Ooperipatellus                72.91%    failed      0.00%
  20  Opisthopatus_kwazululandi     26.52%    failed      0.00%
  21  Paeneus_vanammei              12.28%    failed      0.00%
  22  Pamacea_canaliculata           5.42%    failed      0.02%
  23  Paragordius_varius            71.38%    failed      0.00%
  24  Parasteatoda_tepidariorum      3.65%    failed      0.00%
  25  Peripatoides                  73.44%    failed      0.00%
  26  Peripatoides_novaezelandiae   16.34%    failed      0.00%
  27  Peripatopsis_capensis         37.07%    failed      0.00%
  28  Pleomothra                    21.78%    failed      0.00%
  29  Pontonema_vulgare             24.88%    failed      0.00%
  30  Priapulus_caudatus            13.43%    failed      0.00%
  31  Prionchulus_punctatus         13.90%    failed      0.00%
  32  Pycnophyes                    76.53%    failed      0.00%
  33  Ramazzottius_varieornatus      3.20%    failed      0.00%
  34  Richtersius_coronifer          6.00%    failed      0.00%
  35  Romanomermis_culicivorax      36.04%    failed      0.00%
  36  Stegodyphus_mimosarum         15.16%    failed      0.00%
  37  Strigamia_maritima            13.05%    failed      0.00%
  38  Tachypleu                      8.55%    failed      0.00%
  39  Tobrilus                      23.43%    failed      0.00%
  40  Xiphinema_index               27.20%    failed      0.00%
WARNING: 10 sequences contain more than 50% gaps/ambiguity
****  TOTAL                         29.96%  40 sequences failed composition chi2 test (p-value<5%; df=19)

Reading site-specific state frequency file tardigrada/1_infer/LG-C60opt-PMSF.sitefreq ...
63149 distinct per-site state frequency vectors detected
Reading model definition file tardigrada/1_infer/LGC60.nex ... 87 models and 274 frequency vectors loaded

Create initial parsimony tree by phylogenetic likelihood library (PLL)... 0.961 seconds
Generating 1000 samples for ultrafast bootstrap (seed: 515229)...
Model myC60 is alias for LG+G4{0.5086515898}+FMIX{C60_pi1:1:0.0151669041,C60_pi2:1:0.0038741548,C60_pi3:1:0.0112073685,C60_pi4:1:0.0118603636,C60_pi5:1:0.0215909221,C60_pi6:1:0.0103630822,C60_pi7:1:0.0014583963,C60_pi8:1:0.0062117523,C60_pi9:1:0.0083874262,C60_pi10:1:0.1401764952,C60_pi11:1:0.0220879777,C60_pi12:1:0.0133085111,C60_pi13:1:0.0012853712,C60_pi14:1:0.0065249962,C60_pi15:1:0.0000003675,C60_pi16:1:0.0090470744,C60_pi17:1:0.0520276467,C60_pi18:1:0.0257158869,C60_pi19:1:0.0114482818,C60_pi20:1:0.0045346256,C60_pi21:1:0.0029754434,C60_pi22:1:0.0522828319,C60_pi23:1:0.0072356909,C60_pi24:1:0.0013601495,C60_pi25:1:0.0083387123,C60_pi26:1:0.0175306994,C60_pi27:1:0.0314808325,C60_pi28:1:0.0288920151,C60_pi29:1:0.0204355168,C60_pi30:1:0.0374690520,C60_pi31:1:0.0071036599,C60_pi32:1:0.0111816409,C60_pi33:1:0.0231873506,C60_pi34:1:0.0190026587,C60_pi35:1:0.0201816649,C60_pi36:1:0.0091615286,C60_pi37:1:0.0073536917,C60_pi38:1:0.0304180922,C60_pi39:1:0.0021697053,C60_pi40:1:0.0110504460,C60_pi41:1:0.0036735771,C60_pi42:1:0.0046810413,C60_pi43:1:0.0246807560,C60_pi44:1:0.0107023996,C60_pi45:1:0.0115551556,C60_pi46:1:0.0004852441,C60_pi47:1:0.0067182366,C60_pi48:1:0.0138209003,C60_pi49:1:0.0003711862,C60_pi50:1:0.0255085650,C60_pi51:1:0.0137085593,C60_pi52:1:0.0315000928,C60_pi53:1:0.0038649378,C60_pi54:1:0.0168367967,C60_pi55:1:0.0539274567,C60_pi56:1:0.0062877976,C60_pi57:1:0.0041849214,C60_pi58:1:0.0338239244,C60_pi59:1:0.0082119470,C60_pi60:1:0.0003675175}

NOTE: 2390 MB RAM (2 GB) is required!
Estimate model parameters (epsilon = 0.100)
1. Initial log-likelihood: -2091392.026
2. Current log-likelihood: -2029552.400
3. Current log-likelihood: -2027870.035
4. Current log-likelihood: -2027853.758
5. Current log-likelihood: -2027852.255
6. Current log-likelihood: -2027852.096
Optimal log-likelihood: -2027852.057
Gamma shape alpha: 0.509
Parameters optimization took 6 rounds (31.118 sec)
Wrote distance file to... 
Computing ML distances based on estimated model parameters...
Calculating distance matrix: done in 19.2814 secs using 1739% CPU
Computing ML distances took 19.295491 sec (of wall-clock time) 335.879137 sec (of CPU time)
Setting up auxiliary I and S matrices: done in 0.0538852 secs using 2680% CPU
Computing RapidNJ tree took 2.029428 sec (of wall-clock time) 51.972437 sec (of CPU time)
Log-likelihood of RapidNJ tree: -2028930.905
--------------------------------------------------------------------
|             INITIALIZING CANDIDATE TREE SET                      |
--------------------------------------------------------------------
Generating 98 parsimony trees... 68.136 second
Computing log-likelihood of 98 initial trees ... 293.795 seconds
Current best score: -2027852.057

Do NNI search on 20 best initial trees
Estimate model parameters (epsilon = 0.100)
BETTER TREE FOUND at iteration 1: -2027442.808
Iteration 10 / LogL: -2027451.438 / Time: 0h:17m:35s
Iteration 20 / LogL: -2027447.916 / Time: 0h:27m:38s
Finish initializing candidate tree set (1)
Current best tree score: -2027442.808 / CPU time: 1560.079
Number of iterations: 20
--------------------------------------------------------------------
|               OPTIMIZING CANDIDATE TREE SET                      |
--------------------------------------------------------------------
Iteration 30 / LogL: -2027460.443 / Time: 0h:37m:25s (1h:31m:34s left)
Iteration 40 / LogL: -2027468.466 / Time: 0h:46m:47s (1h:13m:9s left)
Iteration 50 / LogL: -2027449.929 / Time: 0h:55m:40s (0h:57m:55s left)
Log-likelihood cutoff on original alignment: -2027493.887
Iteration 60 / LogL: -2027445.462 / Time: 1h:4m:36s (0h:44m:53s left)
Iteration 70 / LogL: -2027447.627 / Time: 1h:14m:24s (0h:33m:25s left)
Iteration 80 / LogL: -2027453.274 / Time: 1h:23m:49s (0h:22m:16s left)
Iteration 90 / LogL: -2027448.037 / Time: 1h:35m:26s (0h:11m:47s left)
Iteration 100 / LogL: -2027458.631 / Time: 1h:47m:0s (0h:1m:4s left)
Log-likelihood cutoff on original alignment: -2027493.887
NOTE: Bootstrap correlation coefficient of split occurrence frequencies: 1.000
TREE SEARCH COMPLETED AFTER 102 ITERATIONS / Time: 1h:49m:9s

--------------------------------------------------------------------
|                    FINALIZING TREE SEARCH                        |
--------------------------------------------------------------------
Performs final model parameters optimization
Estimate model parameters (epsilon = 0.010)
1. Initial log-likelihood: -2027442.808
Optimal log-likelihood: -2027442.805
Gamma shape alpha: 0.509
Parameters optimization took 1 rounds (5.399 sec)
BEST SCORE FOUND : -2027442.805
Empirical proportions for each category: 0.289 0.220 0.264 0.227
Site rates printed to tardigrada/1_infer/LG_C60opt_PMSF.rate
Creating bootstrap support values...
Split supports printed to NEXUS file tardigrada/1_infer/LG_C60opt_PMSF.splits.nex
Total tree length: 18.113

Total number of iterations: 102
CPU time used for tree search: 246315.445 sec (68h:25m:15s)
Wall-clock time used for tree search: 6451.127 sec (1h:47m:31s)
Total CPU time used: 249135.933 sec (69h:12m:15s)
Total wall-clock time used: 6555.386 sec (1h:49m:15s)

Computing bootstrap consensus tree...
Reading input file tardigrada/1_infer/LG_C60opt_PMSF.splits.nex...
40 taxa and 83 splits.
Consensus tree written to tardigrada/1_infer/LG_C60opt_PMSF.contree
Reading input trees file tardigrada/1_infer/LG_C60opt_PMSF.contree
Log-likelihood of consensus tree: -2027442.806

Analysis results written to: 
  IQ-TREE report:                tardigrada/1_infer/LG_C60opt_PMSF.iqtree
  Maximum-likelihood tree:       tardigrada/1_infer/LG_C60opt_PMSF.treefile
  Likelihood distances:          tardigrada/1_infer/LG_C60opt_PMSF.mldist
  Site-specific rates:           tardigrada/1_infer/LG_C60opt_PMSF.rate

Ultrafast bootstrap approximation results written to:
  Split support values:          tardigrada/1_infer/LG_C60opt_PMSF.splits.nex
  Consensus tree:                tardigrada/1_infer/LG_C60opt_PMSF.contree
  Screen log file:               tardigrada/1_infer/LG_C60opt_PMSF.log

Date and Time: Sun Mar 30 14:26:49 2025
