IQ-TREE version 3.0.0 for Linux x86 64-bit built Apr  4 2025
Developed by Bui Quang Minh, Thomas Wong, Nhan Ly-Trong, Huaiyan Ren
Contributed by Lam-Tung Nguyen, Dominik Schrempf, Chris Bielow,
Olga Chernomor, Michael Woodhams, Diep Thi Hoang, Heiko Schmidt

Host:    rona.rsb.anu.edu.au (AVX2, FMA3, 1007 GB RAM)
Command: /data/yutong/iqtree3 -s 1kp/1kp.fasta -fs 1kp/1_infer/LG-UDM128HOC-PMSF.sitefreq -m LG+UDM0128CLR+G4 -mdef tardigrada/1_infer/udm_hogenom_0128_clr_iqtree.nex -safe --wbtl -wsr -bb 1000 -pre 1kp/1_infer/LG_UDM128HOC_PMSF -nt 40
Seed:    177015 (Using SPRNG - Scalable Parallel Random Number Generator)
Time:    Wed May  7 19:26:17 2025
Kernel:  Safe AVX+FMA - 40 threads (256 CPU cores detected)

Reading alignment file 1kp/1kp.fasta ... Fasta format detected
Reading fasta file: done in 0.074526 secs using 94.39% CPU
Alignment most likely contains protein sequences
Constructing alignment: done in 0.188316 secs using 316% CPU
Alignment has 40 sequences with 103658 columns, 97826 distinct patterns
74754 parsimony-informative, 13250 singleton sites, 15653 constant sites
            Gap/Ambiguity  Composition  p-value
Analyzing sequences: done in 0.0138799 secs using 3398% CPU
   1  BFIK         27.41%    failed      0.00%
   2  BNCU         13.55%    failed      0.00%
   3  CIEA         19.10%    failed      0.00%
   4  CMEQ         13.47%    failed      0.00%
   5  CSUV         27.21%    failed      0.00%
   6  Chlre_v5.5   16.92%    failed      0.00%
   7  GTHK         18.40%    failed      0.00%
   8  HKZW         24.20%    failed      0.00%
   9  ILBQ         16.53%    failed      0.00%
  10  IYDF         17.50%    failed      0.00%
  11  JEXA         19.01%    failed      0.00%
  12  JOJQ         16.68%    failed      0.00%
  13  JVSZ         25.96%    failed      0.00%
  14  KNMB         16.28%    failed      0.00%
  15  KWGC         29.11%    failed      0.00%
  16  Klefl_v1.0    7.15%    failed      0.00%
  17  MMKU         27.49%    failed      0.00%
  18  Micpu_v3.0   25.86%    failed      0.00%
  19  OAGK          6.76%    failed      0.00%
  20  OLES         13.66%    failed      0.00%
  21  POZS         25.34%    failed      0.00%
  22  PQTO         21.02%    failed      0.00%
  23  PYHZ         19.30%    failed      0.00%
  24  QKMG         23.72%    failed      0.00%
  25  QPDY         15.05%    failed      0.00%
  26  SKYV         29.84%    failed      0.00%
  27  Selmo_v1.0   13.65%    failed      0.00%
  28  Spipo_v2      8.49%    failed      0.00%
  29  VYLQ          4.05%    failed      0.00%
  30  WDCW         24.70%    failed      0.00%
  31  WKCY          7.98%    failed      0.00%
  32  WQRD         23.20%    failed      0.00%
  33  WTDE         26.95%    failed      0.00%
  34  WWQZ         16.02%    failed      0.00%
  35  XSZI         18.21%    failed      0.00%
  36  XZME         11.12%    failed      0.00%
  37  YOXI         25.48%    failed      0.00%
  38  YPIC         24.57%    failed      0.00%
  39  ZFGK         22.51%    failed      0.00%
  40  ZUHO         17.59%    failed      0.00%
****  TOTAL        19.03%  40 sequences failed composition chi2 test (p-value<5%; df=19)

Reading site-specific state frequency file 1kp/1_infer/LG-UDM128HOC-PMSF.sitefreq ...
97826 distinct per-site state frequency vectors detected
NOTE: minimal branch length is reduced to 0.000000964711 for long alignment
Checking for duplicate sequences: done in 0.0658124 secs using 871.8% CPU
Reading model definition file tardigrada/1_infer/udm_hogenom_0128_clr_iqtree.nex ... 88 models and 342 frequency vectors loaded

Create initial parsimony tree by phylogenetic likelihood library (PLL)... 1.274 seconds
Generating 1000 samples for ultrafast bootstrap (seed: 177015)...
Model LG+UDM0128CLR+G4 is alias for LG+FMIX{UDM0128CLR_C0000:1.0:0.018237038726971997,UDM0128CLR_C0001:1.0:0.01452118861575315,UDM0128CLR_C0002:1.0:0.013289226030913134,UDM0128CLR_C0003:1.0:0.012887127131694518,UDM0128CLR_C0004:1.0:0.011911823418696173,UDM0128CLR_C0005:1.0:0.011723606912678949,UDM0128CLR_C0006:1.0:0.011498317458506815,UDM0128CLR_C0007:1.0:0.011387098614042091,UDM0128CLR_C0008:1.0:0.011156105629384589,UDM0128CLR_C0009:1.0:0.010947926766668567,UDM0128CLR_C0010:1.0:0.010808190269776991,UDM0128CLR_C0011:1.0:0.010548679632692636,UDM0128CLR_C0012:1.0:0.010514458449780413,UDM0128CLR_C0013:1.0:0.010343352535219301,UDM0128CLR_C0014:1.0:0.010309131352307078,UDM0128CLR_C0015:1.0:0.010220726629783836,UDM0128CLR_C0016:1.0:0.01013517367250328,UDM0128CLR_C0017:1.0:0.010100952489591057,UDM0128CLR_C0018:1.0:0.009892773626875035,UDM0128CLR_C0019:1.0:0.00981862773056522,UDM0128CLR_C0020:1.0:0.009715964181828551,UDM0128CLR_C0021:1.0:0.00970455712085781,UDM0128CLR_C0022:1.0:0.009619004163577255,UDM0128CLR_C0023:1.0:0.009445046483773456,UDM0128CLR_C0024:1.0:0.009296754691153824,UDM0128CLR_C0025:1.0:0.009288199395425769,UDM0128CLR_C0026:1.0:0.009273940569212342,UDM0128CLR_C0027:1.0:0.009271088803969657,UDM0128CLR_C0028:1.0:0.009199794672902526,UDM0128CLR_C0029:1.0:0.009182684081446416,UDM0128CLR_C0030:1.0:0.009134204072320767,UDM0128CLR_C0031:1.0:0.009088575828437803,UDM0128CLR_C0032:1.0:0.009065761706496322,UDM0128CLR_C0033:1.0:0.009051502880282895,UDM0128CLR_C0034:1.0:0.009000171105914561,UDM0128CLR_C0035:1.0:0.008997319340671876,UDM0128CLR_C0036:1.0:0.008937432270575486,UDM0128CLR_C0037:1.0:0.008900359322420578,UDM0128CLR_C0038:1.0:0.008829065191353448,UDM0128CLR_C0039:1.0:0.008817658130382707,UDM0128CLR_C0040:1.0:0.008789140477955855,UDM0128CLR_C0041:1.0:0.008777733416985114,UDM0128CLR_C0042:1.0:0.008709291051160669,UDM0128CLR_C0043:1.0:0.008692180459704556,UDM0128CLR_C0044:1.0:0.008635145154850853,UDM0128CLR_C0045:1.0:0.00861803456339474,UDM0128CLR_C0046:1.0:0.008506815718930017,UDM0128CLR_C0047:1.0:0.008292933325728625,UDM0128CLR_C0048:1.0:0.008255860377573717,UDM0128CLR_C0049:1.0:0.008253008612331032,UDM0128CLR_C0050:1.0:0.008253008612331032,UDM0128CLR_C0051:1.0:0.008235898020874922,UDM0128CLR_C0052:1.0:0.008113272115439458,UDM0128CLR_C0053:1.0:0.00801631209718816,UDM0128CLR_C0054:1.0:0.007945017966121029,UDM0128CLR_C0055:1.0:0.007919352078936862,UDM0128CLR_C0056:1.0:0.007805281469229453,UDM0128CLR_C0057:1.0:0.0076997661552500995,UDM0128CLR_C0058:1.0:0.007685507329036674,UDM0128CLR_C0059:1.0:0.0076598414418525065,UDM0128CLR_C0060:1.0:0.007631323789425655,UDM0128CLR_C0061:1.0:0.007554326127873153,UDM0128CLR_C0062:1.0:0.007551474362630468,UDM0128CLR_C0063:1.0:0.007540067301659728,UDM0128CLR_C0064:1.0:0.007477328466320652,UDM0128CLR_C0065:1.0:0.007406034335253522,UDM0128CLR_C0066:1.0:0.007366109621855929,UDM0128CLR_C0067:1.0:0.0073518507956425025,UDM0128CLR_C0068:1.0:0.007331888438943706,UDM0128CLR_C0069:1.0:0.007323333143215651,UDM0128CLR_C0070:1.0:0.007240631951177779,UDM0128CLR_C0071:1.0:0.007177893115838704,UDM0128CLR_C0072:1.0:0.007129413106713055,UDM0128CLR_C0073:1.0:0.007083784862830092,UDM0128CLR_C0074:1.0:0.00706097074088861,UDM0128CLR_C0075:1.0:0.007003935436034905,UDM0128CLR_C0076:1.0:0.006926937774482405,UDM0128CLR_C0077:1.0:0.006918382478754349,UDM0128CLR_C0078:1.0:0.006858495408657959,UDM0128CLR_C0079:1.0:0.006838533051959163,UDM0128CLR_C0080:1.0:0.006778645981862773,UDM0128CLR_C0081:1.0:0.006770090686134717,UDM0128CLR_C0082:1.0:0.00674442479895055,UDM0128CLR_C0083:1.0:0.00667313066788342,UDM0128CLR_C0084:1.0:0.006630354189243142,UDM0128CLR_C0085:1.0:0.006610391832544345,UDM0128CLR_C0086:1.0:0.006593281241088234,UDM0128CLR_C0087:1.0:0.006556208292933326,UDM0128CLR_C0088:1.0:0.006524838875263788,UDM0128CLR_C0089:1.0:0.006504876518564992,UDM0128CLR_C0090:1.0:0.006464951805167399,UDM0128CLR_C0091:1.0:0.006450692978953973,UDM0128CLR_C0092:1.0:0.006425027091769805,UDM0128CLR_C0093:1.0:0.006413620030799065,UDM0128CLR_C0094:1.0:0.006387954143614897,UDM0128CLR_C0095:1.0:0.0063166600125477675,UDM0128CLR_C0096:1.0:0.006305252951577026,UDM0128CLR_C0097:1.0:0.006276735299150174,UDM0128CLR_C0098:1.0:0.006265328238179433,UDM0128CLR_C0099:1.0:0.006194034107112303,UDM0128CLR_C0100:1.0:0.006131295271773227,UDM0128CLR_C0101:1.0:0.006077111732162208,UDM0128CLR_C0102:1.0:0.005988707009638967,UDM0128CLR_C0103:1.0:0.0059715964181828556,UDM0128CLR_C0104:1.0:0.005843266982262021,UDM0128CLR_C0105:1.0:0.005806194034107113,UDM0128CLR_C0106:1.0:0.0057947869731363715,UDM0128CLR_C0107:1.0:0.005760565790224149,UDM0128CLR_C0108:1.0:0.005714937546341185,UDM0128CLR_C0109:1.0:0.005643643415274055,UDM0128CLR_C0110:1.0:0.005629384589060629,UDM0128CLR_C0111:1.0:0.005566645753721553,UDM0128CLR_C0112:1.0:0.005518165744595905,UDM0128CLR_C0113:1.0:0.0054867963269263674,UDM0128CLR_C0114:1.0:0.005415502195859237,UDM0128CLR_C0115:1.0:0.005384132778189699,UDM0128CLR_C0116:1.0:0.005292876290423772,UDM0128CLR_C0117:1.0:0.005153139793532197,UDM0128CLR_C0118:1.0:0.005121770375862659,UDM0128CLR_C0119:1.0:0.004987737409456454,UDM0128CLR_C0120:1.0:0.004919295043632008,UDM0128CLR_C0121:1.0:0.004885073860719786,UDM0128CLR_C0122:1.0:0.004862259738778304,UDM0128CLR_C0123:1.0:0.0046198596931500595,UDM0128CLR_C0124:1.0:0.004465864370045058,UDM0128CLR_C0125:1.0:0.004078024297039868,UDM0128CLR_C0126:1.0:0.0038841042605372725,UDM0128CLR_C0127:1.0:0.0024040380995836424}+G4

NOTE: 3702 MB RAM (3 GB) is required!
Estimate model parameters (epsilon = 0.100)
1. Initial log-likelihood: -3627624.660
2. Current log-likelihood: -3463256.693
3. Current log-likelihood: -3453140.283
4. Current log-likelihood: -3452737.230
5. Current log-likelihood: -3452720.754
6. Current log-likelihood: -3452719.877
Optimal log-likelihood: -3452719.836
Gamma shape alpha: 0.452
Parameters optimization took 6 rounds (101.722 sec)
Wrote distance file to... 
Computing ML distances based on estimated model parameters...
Calculating distance matrix: done in 27.7924 secs using 2399% CPU
Computing ML distances took 27.812916 sec (of wall-clock time) 667.609379 sec (of CPU time)
Setting up auxiliary I and S matrices: done in 0.000230442 secs using 384.5% CPU
Constructing RapidNJ tree: done in 0.000236323 secs using 232.7% CPU
Computing RapidNJ tree took 0.000612 sec (of wall-clock time) 0.001865 sec (of CPU time)
Log-likelihood of RapidNJ tree: -3456322.214
--------------------------------------------------------------------
|             INITIALIZING CANDIDATE TREE SET                      |
--------------------------------------------------------------------
Generating 98 parsimony trees... 128.667 second
Computing log-likelihood of 98 initial trees ... 361.140 seconds
Current best score: -3452719.836

Do NNI search on 20 best initial trees
Optimizing NNI: done in 42.3425 secs using 3683% CPU
Estimate model parameters (epsilon = 0.100)
BETTER TREE FOUND at iteration 1: -3452333.400
Optimizing NNI: done in 70.0472 secs using 3580% CPU
Optimizing NNI: done in 108.359 secs using 3501% CPU
Optimizing NNI: done in 104.096 secs using 3474% CPU
Optimizing NNI: done in 114.521 secs using 3446% CPU
Optimizing NNI: done in 124.714 secs using 3409% CPU
Optimizing NNI: done in 121.393 secs using 3430% CPU
Optimizing NNI: done in 113.535 secs using 3454% CPU
Optimizing NNI: done in 102.193 secs using 3468% CPU
Optimizing NNI: done in 113.332 secs using 3436% CPU
Iteration 10 / LogL: -3452341.939 / Time: 0h:28m:34s
Optimizing NNI: done in 99.0566 secs using 3458% CPU
Optimizing NNI: done in 80.439 secs using 3586% CPU
Optimizing NNI: done in 93.5071 secs using 3585% CPU
Optimizing NNI: done in 107 secs using 3525% CPU
Optimizing NNI: done in 105.371 secs using 3528% CPU
Optimizing NNI: done in 96.5045 secs using 3548% CPU
Optimizing NNI: done in 100.196 secs using 3538% CPU
Optimizing NNI: done in 101.894 secs using 3557% CPU
Optimizing NNI: done in 117.629 secs using 3477% CPU
Optimizing NNI: done in 92.1542 secs using 3528% CPU
Iteration 20 / LogL: -3452369.806 / Time: 0h:45m:15s
Finish initializing candidate tree set (2)
Current best tree score: -3452333.400 / CPU time: 2535.023
Number of iterations: 20
--------------------------------------------------------------------
|               OPTIMIZING CANDIDATE TREE SET                      |
--------------------------------------------------------------------
Optimizing NNI: done in 63.5729 secs using 3470% CPU
Optimizing NNI: done in 97.0451 secs using 3541% CPU
Optimizing NNI: done in 78.9649 secs using 3543% CPU
Optimizing NNI: done in 81.7864 secs using 3490% CPU
Optimizing NNI: done in 82.9436 secs using 3493% CPU
Optimizing NNI: done in 70.3611 secs using 3509% CPU
Optimizing NNI: done in 99.7913 secs using 3478% CPU
Optimizing NNI: done in 77.8954 secs using 3497% CPU
Optimizing NNI: done in 55.3767 secs using 3495% CPU
Optimizing NNI: done in 114.612 secs using 3469% CPU
Iteration 30 / LogL: -3452334.027 / Time: 0h:59m:6s (2h:24m:38s left)
Optimizing NNI: done in 69.3137 secs using 3499% CPU
Optimizing NNI: done in 69.0879 secs using 3471% CPU
Optimizing NNI: done in 77.9304 secs using 3485% CPU
Optimizing NNI: done in 77.809 secs using 3508% CPU
Optimizing NNI: done in 71.2452 secs using 3447% CPU
Optimizing NNI: done in 85.6099 secs using 3448% CPU
Optimizing NNI: done in 60.5634 secs using 3517% CPU
Optimizing NNI: done in 66.4411 secs using 3592% CPU
Optimizing NNI: done in 73.0257 secs using 3614% CPU
Optimizing NNI: done in 66.4802 secs using 3647% CPU
Iteration 40 / LogL: -3452340.213 / Time: 1h:11m:11s (1h:51m:19s left)
Optimizing NNI: done in 46.1299 secs using 3614% CPU
Optimizing NNI: done in 66.0301 secs using 3558% CPU
Optimizing NNI: done in 89.9239 secs using 3565% CPU
Optimizing NNI: done in 88.4397 secs using 3524% CPU
Optimizing NNI: done in 83.7201 secs using 3513% CPU
Optimizing NNI: done in 54.4107 secs using 3518% CPU
Optimizing NNI: done in 62.9442 secs using 3533% CPU
Optimizing NNI: done in 64.0407 secs using 3509% CPU
Optimizing NNI: done in 51.3134 secs using 3540% CPU
Optimizing NNI: done in 63.7745 secs using 3549% CPU
Iteration 50 / LogL: -3452333.654 / Time: 1h:22m:30s (1h:25m:50s left)
Log-likelihood cutoff on original alignment: -3452389.589
UFBoot trees printed to 1kp/1_infer/LG_UDM128HOC_PMSF.ufboot
Optimizing NNI: done in 75.9652 secs using 3550% CPU
Optimizing NNI: done in 83.9086 secs using 3516% CPU
Optimizing NNI: done in 62.661 secs using 3487% CPU
Optimizing NNI: done in 64.8704 secs using 3549% CPU
Optimizing NNI: done in 66.2218 secs using 3565% CPU
Optimizing NNI: done in 75.6379 secs using 3515% CPU
Optimizing NNI: done in 60.9346 secs using 3520% CPU
Optimizing NNI: done in 53.2542 secs using 3531% CPU
Optimizing NNI: done in 73.1197 secs using 3571% CPU
Optimizing NNI: done in 75.314 secs using 3542% CPU
Iteration 60 / LogL: -3452354.565 / Time: 1h:34m:10s (1h:5m:25s left)
Optimizing NNI: done in 77.3281 secs using 3527% CPU
Optimizing NNI: done in 70.7291 secs using 3507% CPU
Optimizing NNI: done in 73.1319 secs using 3576% CPU
Optimizing NNI: done in 58.1975 secs using 3587% CPU
Optimizing NNI: done in 96.8725 secs using 3308% CPU
Optimizing NNI: done in 93.0094 secs using 3014% CPU
Optimizing NNI: done in 75.3485 secs using 3032% CPU
Optimizing NNI: done in 132.884 secs using 3363% CPU
Optimizing NNI: done in 105.228 secs using 3500% CPU
Optimizing NNI: done in 85.8431 secs using 3499% CPU
Iteration 70 / LogL: -3452335.483 / Time: 1h:48m:49s (0h:48m:52s left)
Optimizing NNI: done in 108.3 secs using 3424% CPU
Optimizing NNI: done in 85.4105 secs using 3560% CPU
Optimizing NNI: done in 73.4832 secs using 3603% CPU
Optimizing NNI: done in 92.758 secs using 3427% CPU
Optimizing NNI: done in 105.398 secs using 3330% CPU
Optimizing NNI: done in 93.1914 secs using 3618% CPU
Optimizing NNI: done in 82.1376 secs using 3655% CPU
Optimizing NNI: done in 81.3156 secs using 3417% CPU
Optimizing NNI: done in 79.8574 secs using 3750% CPU
Optimizing NNI: done in 87.6369 secs using 3399% CPU
Iteration 80 / LogL: -3452343.135 / Time: 2h:3m:50s (0h:32m:54s left)
Optimizing NNI: done in 99.4524 secs using 3538% CPU
Optimizing NNI: done in 85.8582 secs using 3446% CPU
Optimizing NNI: done in 97.5472 secs using 3386% CPU
Optimizing NNI: done in 71.8446 secs using 3195% CPU
Optimizing NNI: done in 83.7804 secs using 3344% CPU
Optimizing NNI: done in 66.9691 secs using 3768% CPU
Optimizing NNI: done in 69.9435 secs using 3789% CPU
Optimizing NNI: done in 72.9743 secs using 3780% CPU
Optimizing NNI: done in 53.6346 secs using 3880% CPU
Optimizing NNI: done in 69.7781 secs using 3825% CPU
Iteration 90 / LogL: -3452333.975 / Time: 2h:16m:54s (0h:16m:55s left)
Optimizing NNI: done in 68.7745 secs using 3837% CPU
Optimizing NNI: done in 67.9533 secs using 3835% CPU
Optimizing NNI: done in 77.5075 secs using 3863% CPU
Optimizing NNI: done in 89.7076 secs using 3874% CPU
Optimizing NNI: done in 78.5683 secs using 3865% CPU
Optimizing NNI: done in 71.2902 secs using 3838% CPU
Optimizing NNI: done in 73.0895 secs using 3826% CPU
Optimizing NNI: done in 73.5015 secs using 3851% CPU
Optimizing NNI: done in 76.6687 secs using 3845% CPU
Optimizing NNI: done in 72.6124 secs using 3721% CPU
Iteration 100 / LogL: -3452370.524 / Time: 2h:29m:32s (0h:1m:30s left)
Log-likelihood cutoff on original alignment: -3452389.589
NOTE: Bootstrap correlation coefficient of split occurrence frequencies: 1.000
UFBoot trees printed to 1kp/1_infer/LG_UDM128HOC_PMSF.ufboot
Optimizing NNI: done in 72.9019 secs using 3723% CPU
Optimizing NNI: done in 59.9723 secs using 3878% CPU
TREE SEARCH COMPLETED AFTER 102 ITERATIONS / Time: 2h:31m:48s

--------------------------------------------------------------------
|                    FINALIZING TREE SEARCH                        |
--------------------------------------------------------------------
Performs final model parameters optimization
Estimate model parameters (epsilon = 0.010)
1. Initial log-likelihood: -3452333.400
Optimal log-likelihood: -3452333.400
Gamma shape alpha: 0.452
Parameters optimization took 1 rounds (10.511 sec)
BEST SCORE FOUND : -3452333.400
Empirical proportions for each category: 0.267 0.257 0.274 0.202
Site rates printed to 1kp/1_infer/LG_UDM128HOC_PMSF.rate
Creating bootstrap support values...
Split supports printed to NEXUS file 1kp/1_infer/LG_UDM128HOC_PMSF.splits.nex
Total tree length: 35.191

Total number of iterations: 102
CPU time used for tree search: 311062.013 sec (86h:24m:22s)
Wall-clock time used for tree search: 8927.584 sec (2h:28m:47s)
Total CPU time used: 316244.752 sec (87h:50m:44s)
Total wall-clock time used: 9120.769 sec (2h:32m:0s)
UFBoot trees printed to 1kp/1_infer/LG_UDM128HOC_PMSF.ufboot

Computing bootstrap consensus tree...
Reading input file 1kp/1_infer/LG_UDM128HOC_PMSF.splits.nex...
40 taxa and 82 splits.
Consensus tree written to 1kp/1_infer/LG_UDM128HOC_PMSF.contree
Reading input trees file 1kp/1_infer/LG_UDM128HOC_PMSF.contree
Log-likelihood of consensus tree: -3452333.400

Analysis results written to: 
  IQ-TREE report:                1kp/1_infer/LG_UDM128HOC_PMSF.iqtree
  Maximum-likelihood tree:       1kp/1_infer/LG_UDM128HOC_PMSF.treefile
  Likelihood distances:          1kp/1_infer/LG_UDM128HOC_PMSF.mldist
  Site-specific rates:           1kp/1_infer/LG_UDM128HOC_PMSF.rate

Ultrafast bootstrap approximation results written to:
  Split support values:          1kp/1_infer/LG_UDM128HOC_PMSF.splits.nex
  Consensus tree:                1kp/1_infer/LG_UDM128HOC_PMSF.contree
  UFBoot trees:                  1kp/1_infer/LG_UDM128HOC_PMSF.ufboot
  Screen log file:               1kp/1_infer/LG_UDM128HOC_PMSF.log

Date and Time: Wed May  7 21:58:59 2025
