IQ-TREE multicore version 2.4.0 for Linux x86 64-bit built Feb  7 2025
Developed by Bui Quang Minh, Nguyen Lam Tung, Olga Chernomor, Heiko Schmidt,
Dominik Schrempf, Michael Woodhams, Ly Trong Nhan, Thomas Wong

Host:    rona.rsb.anu.edu.au (AVX2, FMA3, 1007 GB RAM)
Command: /data/yutong/iqtree2 -s tardigrada/matrix_40sp.fasta -ft tardigrada/1_infer/GTR20-UDM64opt.treefile -m GTRUDM64OPT -mdef tardigrada/1_infer/GTRUDM64OPT.nex -safe -pre tardigrada/1_infer/GTR20-UDM64opt-PMSF -n 0 -nt 40
Seed:    392097 (Using SPRNG - Scalable Parallel Random Number Generator)
Time:    Sat Apr 19 15:41:13 2025
Kernel:  Safe AVX+FMA - 40 threads (256 CPU cores detected)

Reading alignment file tardigrada/matrix_40sp.fasta ... Fasta format detected
Reading fasta file: done in 0.0674586 secs using 79.52% CPU
Alignment most likely contains protein sequences
Alignment has 40 sequences with 70888 columns, 63149 distinct patterns
48785 parsimony-informative, 7670 singleton sites, 14433 constant sites
                             Gap/Ambiguity  Composition  p-value
Analyzing sequences: done in 0.00689533 secs using 2356% CPU
   1  Capitella_telata               5.00%    failed      0.00%
   2  Daphnia_magna                  9.79%    failed      0.06%
   3  Echiniscoides_sigismundi      49.39%    failed      0.00%
   4  Echiniscus_bisetosus          82.96%    failed      0.00%
   5  Echiniscus_testudo            50.24%    failed      0.00%
   6  Echinoderes_kohni             88.58%    failed      0.00%
   7  Enoplus_brevis                22.43%    failed      0.00%
   8  Epiperipatus                  56.34%    failed      0.00%
   9  Frakliniella_occidentalis      7.36%    failed      0.08%
  10  Gordius                       70.84%    failed      0.00%
  11  Halicryptus_spinolosus        13.41%    failed      0.00%
  12  Hypsibius_dujardini            3.51%    failed      0.00%
  13  Limulus_polyphemus            16.13%    failed      0.00%
  14  Manduca_sexta                  9.59%    failed      0.00%
  15  Meiopriapulus                 26.75%    failed      0.00%
  16  Mesobiotus_philippinicus      19.72%    failed      0.00%
  17  Milnesium_tardigradum         59.56%    failed      0.00%
  18  Neodiprion_lecontei            4.62%    failed      0.01%
  19  Ooperipatellus                72.91%    failed      0.00%
  20  Opisthopatus_kwazululandi     26.52%    failed      0.00%
  21  Paeneus_vanammei              12.28%    failed      0.00%
  22  Pamacea_canaliculata           5.42%    failed      0.02%
  23  Paragordius_varius            71.38%    failed      0.00%
  24  Parasteatoda_tepidariorum      3.65%    failed      0.00%
  25  Peripatoides                  73.44%    failed      0.00%
  26  Peripatoides_novaezelandiae   16.34%    failed      0.00%
  27  Peripatopsis_capensis         37.07%    failed      0.00%
  28  Pleomothra                    21.78%    failed      0.00%
  29  Pontonema_vulgare             24.88%    failed      0.00%
  30  Priapulus_caudatus            13.43%    failed      0.00%
  31  Prionchulus_punctatus         13.90%    failed      0.00%
  32  Pycnophyes                    76.53%    failed      0.00%
  33  Ramazzottius_varieornatus      3.20%    failed      0.00%
  34  Richtersius_coronifer          6.00%    failed      0.00%
  35  Romanomermis_culicivorax      36.04%    failed      0.00%
  36  Stegodyphus_mimosarum         15.16%    failed      0.00%
  37  Strigamia_maritima            13.05%    failed      0.00%
  38  Tachypleu                      8.55%    failed      0.00%
  39  Tobrilus                      23.43%    failed      0.00%
  40  Xiphinema_index               27.20%    failed      0.00%
WARNING: 10 sequences contain more than 50% gaps/ambiguity
****  TOTAL                         29.96%  40 sequences failed composition chi2 test (p-value<5%; df=19)

===> COMPUTING SITE FREQUENCY MODEL BASED ON TREE FILE tardigrada/1_infer/GTR20-UDM64opt.treefile
Reading model definition file tardigrada/1_infer/GTRUDM64OPT.nex ... 88 models and 278 frequency vectors loaded
Model GTRUDM64OPT is alias for GTRPMIX+G4{0.5650}+FMIX{UDM0064CLR_C0000:1:0.0075277817,UDM0064CLR_C0001:1:0.0645250882,UDM0064CLR_C0002:1:0.0179860406,UDM0064CLR_C0003:1:0.0293409809,UDM0064CLR_C0004:1:0.0003056141,UDM0064CLR_C0005:1:0.0054073684,UDM0064CLR_C0006:1:0.0148673162,UDM0064CLR_C0007:1:0.0157580181,UDM0064CLR_C0008:1:0.0023500652,UDM0064CLR_C0009:1:0.0073446595,UDM0064CLR_C0010:1:0.0119445233,UDM0064CLR_C0011:1:0.0002457909,UDM0064CLR_C0012:1:0.0167639102,UDM0064CLR_C0013:1:0.0125874458,UDM0064CLR_C0014:1:0.0165536163,UDM0064CLR_C0015:1:0.0383747418,UDM0064CLR_C0016:1:0.0024331576,UDM0064CLR_C0017:1:0.0151511280,UDM0064CLR_C0018:1:0.0155058065,UDM0064CLR_C0019:1:0.0096607538,UDM0064CLR_C0020:1:0.0053592870,UDM0064CLR_C0021:1:0.0200201766,UDM0064CLR_C0022:1:0.0076278777,UDM0064CLR_C0023:1:0.0138141885,UDM0064CLR_C0024:1:0.0204705077,UDM0064CLR_C0025:1:0.0205114159,UDM0064CLR_C0026:1:0.0188957450,UDM0064CLR_C0027:1:0.0053362410,UDM0064CLR_C0028:1:0.0088055719,UDM0064CLR_C0029:1:0.0560742810,UDM0064CLR_C0030:1:0.0000005844,UDM0064CLR_C0031:1:0.0152201567,UDM0064CLR_C0032:1:0.0127840315,UDM0064CLR_C0033:1:0.0072111737,UDM0064CLR_C0034:1:0.0090691226,UDM0064CLR_C0035:1:0.0120222828,UDM0064CLR_C0036:1:0.0381560489,UDM0064CLR_C0037:1:0.0197963653,UDM0064CLR_C0038:1:0.0025369942,UDM0064CLR_C0039:1:0.0113607893,UDM0064CLR_C0040:1:0.0031819997,UDM0064CLR_C0041:1:0.0425827141,UDM0064CLR_C0042:1:0.0088589223,UDM0064CLR_C0043:1:0.0231073923,UDM0064CLR_C0044:1:0.0000369589,UDM0064CLR_C0045:1:0.0251158728,UDM0064CLR_C0046:1:0.0165017957,UDM0064CLR_C0047:1:0.0000022509,UDM0064CLR_C0048:1:0.0175431866,UDM0064CLR_C0049:1:0.0056108478,UDM0064CLR_C0050:1:0.0141097957,UDM0064CLR_C0051:1:0.0370061072,UDM0064CLR_C0052:1:0.0128759714,UDM0064CLR_C0053:1:0.0198121191,UDM0064CLR_C0054:1:0.0138387272,UDM0064CLR_C0055:1:0.0122015301,UDM0064CLR_C0056:1:0.0153757439,UDM0064CLR_C0057:1:0.0298440268,UDM0064CLR_C0058:1:0.0000092166,UDM0064CLR_C0059:1:0.0062223816,UDM0064CLR_C0060:1:0.0558512735,UDM0064CLR_C0061:1:0.0134532711,UDM0064CLR_C0062:1:0.0065331867,UDM0064CLR_C0063:1:0.0106180590}
WARNING: Your input class weight 0.000305614 is very small and may cause numerical issues
WARNING: Your input class weight 0.000245791 is very small and may cause numerical issues
WARNING: Your input class weight 5.844e-07 is very small and may cause numerical issues
WARNING: Your input class weight 3.69589e-05 is very small and may cause numerical issues
WARNING: Your input class weight 2.2509e-06 is very small and may cause numerical issues
WARNING: Your input class weight 9.2166e-06 is very small and may cause numerical issues
NOTE: 99940 MB RAM is required!
1. Initial log-likelihood: -2192687.797
Optimal log-likelihood: -2192687.793
Mixture weights: 0.008 0.065 0.018 0.029 0.000 0.005 0.015 0.016 0.002 0.007 0.012 0.000 0.017 0.013 0.017 0.038 0.002 0.015 0.016 0.010 0.005 0.020 0.008 0.014 0.020 0.021 0.019 0.005 0.009 0.056 0.000 0.015 0.013 0.007 0.009 0.012 0.038 0.020 0.003 0.011 0.003 0.043 0.009 0.023 0.000 0.025 0.017 0.000 0.018 0.006 0.014 0.037 0.013 0.020 0.014 0.012 0.015 0.030 0.000 0.006 0.056 0.013 0.007 0.011
Gamma shape alpha: 0.565
Parameters optimization took 1 rounds (210.739 sec)
Computing posterior mean site frequencies....
Site state frequency vectors printed to tardigrada/1_infer/GTR20-UDM64opt-PMSF.sitefreq

===> CONTINUE ANALYSIS USING THE INFERRED SITE FREQUENCY MODEL
Reading model definition file tardigrada/1_infer/GTRUDM64OPT.nex ... 88 models and 278 frequency vectors loaded

Create initial parsimony tree by phylogenetic likelihood library (PLL)... 1.174 seconds
Model GTRUDM64OPT is alias for GTRPMIX+G4{0.5650}+FMIX{UDM0064CLR_C0000:1:0.0075277817,UDM0064CLR_C0001:1:0.0645250882,UDM0064CLR_C0002:1:0.0179860406,UDM0064CLR_C0003:1:0.0293409809,UDM0064CLR_C0004:1:0.0003056141,UDM0064CLR_C0005:1:0.0054073684,UDM0064CLR_C0006:1:0.0148673162,UDM0064CLR_C0007:1:0.0157580181,UDM0064CLR_C0008:1:0.0023500652,UDM0064CLR_C0009:1:0.0073446595,UDM0064CLR_C0010:1:0.0119445233,UDM0064CLR_C0011:1:0.0002457909,UDM0064CLR_C0012:1:0.0167639102,UDM0064CLR_C0013:1:0.0125874458,UDM0064CLR_C0014:1:0.0165536163,UDM0064CLR_C0015:1:0.0383747418,UDM0064CLR_C0016:1:0.0024331576,UDM0064CLR_C0017:1:0.0151511280,UDM0064CLR_C0018:1:0.0155058065,UDM0064CLR_C0019:1:0.0096607538,UDM0064CLR_C0020:1:0.0053592870,UDM0064CLR_C0021:1:0.0200201766,UDM0064CLR_C0022:1:0.0076278777,UDM0064CLR_C0023:1:0.0138141885,UDM0064CLR_C0024:1:0.0204705077,UDM0064CLR_C0025:1:0.0205114159,UDM0064CLR_C0026:1:0.0188957450,UDM0064CLR_C0027:1:0.0053362410,UDM0064CLR_C0028:1:0.0088055719,UDM0064CLR_C0029:1:0.0560742810,UDM0064CLR_C0030:1:0.0000005844,UDM0064CLR_C0031:1:0.0152201567,UDM0064CLR_C0032:1:0.0127840315,UDM0064CLR_C0033:1:0.0072111737,UDM0064CLR_C0034:1:0.0090691226,UDM0064CLR_C0035:1:0.0120222828,UDM0064CLR_C0036:1:0.0381560489,UDM0064CLR_C0037:1:0.0197963653,UDM0064CLR_C0038:1:0.0025369942,UDM0064CLR_C0039:1:0.0113607893,UDM0064CLR_C0040:1:0.0031819997,UDM0064CLR_C0041:1:0.0425827141,UDM0064CLR_C0042:1:0.0088589223,UDM0064CLR_C0043:1:0.0231073923,UDM0064CLR_C0044:1:0.0000369589,UDM0064CLR_C0045:1:0.0251158728,UDM0064CLR_C0046:1:0.0165017957,UDM0064CLR_C0047:1:0.0000022509,UDM0064CLR_C0048:1:0.0175431866,UDM0064CLR_C0049:1:0.0056108478,UDM0064CLR_C0050:1:0.0141097957,UDM0064CLR_C0051:1:0.0370061072,UDM0064CLR_C0052:1:0.0128759714,UDM0064CLR_C0053:1:0.0198121191,UDM0064CLR_C0054:1:0.0138387272,UDM0064CLR_C0055:1:0.0122015301,UDM0064CLR_C0056:1:0.0153757439,UDM0064CLR_C0057:1:0.0298440268,UDM0064CLR_C0058:1:0.0000092166,UDM0064CLR_C0059:1:0.0062223816,UDM0064CLR_C0060:1:0.0558512735,UDM0064CLR_C0061:1:0.0134532711,UDM0064CLR_C0062:1:0.0065331867,UDM0064CLR_C0063:1:0.0106180590}

NOTE: 2149 MB RAM (2 GB) is required!
Estimate model parameters (epsilon = 0.010)
1. Initial log-likelihood: -2051323.692
2. Current log-likelihood: -2000717.330
3. Current log-likelihood: -1999666.926
4. Current log-likelihood: -1999654.037
5. Current log-likelihood: -1999652.684
6. Current log-likelihood: -1999652.514
7. Current log-likelihood: -1999652.495
Optimal log-likelihood: -1999652.490
Gamma shape alpha: 0.565
Parameters optimization took 7 rounds (53.073 sec)
Wrote distance file to... 
BEST SCORE FOUND : -1999652.490
Total tree length: 15.172

Total number of iterations: 0
CPU time used for tree search: 0.000 sec (0h:0m:0s)
Wall-clock time used for tree search: 0.000 sec (0h:0m:0s)
Total CPU time used: 1718.763 sec (0h:28m:38s)
Total wall-clock time used: 70.498 sec (0h:1m:10s)

Analysis results written to: 
  IQ-TREE report:                tardigrada/1_infer/GTR20-UDM64opt-PMSF.iqtree
  Maximum-likelihood tree:       tardigrada/1_infer/GTR20-UDM64opt-PMSF.treefile
  Screen log file:               tardigrada/1_infer/GTR20-UDM64opt-PMSF.log

Date and Time: Sat Apr 19 15:46:06 2025
