IQ-TREE multicore version 2.4.0 for Linux x86 64-bit built Feb  7 2025
Developed by Bui Quang Minh, Nguyen Lam Tung, Olga Chernomor, Heiko Schmidt,
Dominik Schrempf, Michael Woodhams, Ly Trong Nhan, Thomas Wong

Host:    rona.rsb.anu.edu.au (AVX2, FMA3, 1007 GB RAM)
Command: /data/yutong/iqtree2 -s tardigrada/matrix_40sp.fasta -ft tardigrada/1_infer/GTR20-C10opt.treefile -m GTRC10OPT -mdef tardigrada/1_infer/GTRC10OPT.nex -safe -pre tardigrada/1_infer/GTR20-C10opt-PMSF -n 0 -nt 40
Seed:    529508 (Using SPRNG - Scalable Parallel Random Number Generator)
Time:    Sat Apr 19 18:31:18 2025
Kernel:  Safe AVX+FMA - 40 threads (256 CPU cores detected)

Reading alignment file tardigrada/matrix_40sp.fasta ... Fasta format detected
Reading fasta file: done in 0.0307346 secs using 99.89% CPU
Alignment most likely contains protein sequences
Alignment has 40 sequences with 70888 columns, 63149 distinct patterns
48785 parsimony-informative, 7670 singleton sites, 14433 constant sites
                             Gap/Ambiguity  Composition  p-value
Analyzing sequences: done in 0.0107438 secs using 4433% CPU
   1  Capitella_telata               5.00%    failed      0.00%
   2  Daphnia_magna                  9.79%    failed      0.06%
   3  Echiniscoides_sigismundi      49.39%    failed      0.00%
   4  Echiniscus_bisetosus          82.96%    failed      0.00%
   5  Echiniscus_testudo            50.24%    failed      0.00%
   6  Echinoderes_kohni             88.58%    failed      0.00%
   7  Enoplus_brevis                22.43%    failed      0.00%
   8  Epiperipatus                  56.34%    failed      0.00%
   9  Frakliniella_occidentalis      7.36%    failed      0.08%
  10  Gordius                       70.84%    failed      0.00%
  11  Halicryptus_spinolosus        13.41%    failed      0.00%
  12  Hypsibius_dujardini            3.51%    failed      0.00%
  13  Limulus_polyphemus            16.13%    failed      0.00%
  14  Manduca_sexta                  9.59%    failed      0.00%
  15  Meiopriapulus                 26.75%    failed      0.00%
  16  Mesobiotus_philippinicus      19.72%    failed      0.00%
  17  Milnesium_tardigradum         59.56%    failed      0.00%
  18  Neodiprion_lecontei            4.62%    failed      0.01%
  19  Ooperipatellus                72.91%    failed      0.00%
  20  Opisthopatus_kwazululandi     26.52%    failed      0.00%
  21  Paeneus_vanammei              12.28%    failed      0.00%
  22  Pamacea_canaliculata           5.42%    failed      0.02%
  23  Paragordius_varius            71.38%    failed      0.00%
  24  Parasteatoda_tepidariorum      3.65%    failed      0.00%
  25  Peripatoides                  73.44%    failed      0.00%
  26  Peripatoides_novaezelandiae   16.34%    failed      0.00%
  27  Peripatopsis_capensis         37.07%    failed      0.00%
  28  Pleomothra                    21.78%    failed      0.00%
  29  Pontonema_vulgare             24.88%    failed      0.00%
  30  Priapulus_caudatus            13.43%    failed      0.00%
  31  Prionchulus_punctatus         13.90%    failed      0.00%
  32  Pycnophyes                    76.53%    failed      0.00%
  33  Ramazzottius_varieornatus      3.20%    failed      0.00%
  34  Richtersius_coronifer          6.00%    failed      0.00%
  35  Romanomermis_culicivorax      36.04%    failed      0.00%
  36  Stegodyphus_mimosarum         15.16%    failed      0.00%
  37  Strigamia_maritima            13.05%    failed      0.00%
  38  Tachypleu                      8.55%    failed      0.00%
  39  Tobrilus                      23.43%    failed      0.00%
  40  Xiphinema_index               27.20%    failed      0.00%
WARNING: 10 sequences contain more than 50% gaps/ambiguity
****  TOTAL                         29.96%  40 sequences failed composition chi2 test (p-value<5%; df=19)

===> COMPUTING SITE FREQUENCY MODEL BASED ON TREE FILE tardigrada/1_infer/GTR20-C10opt.treefile
Reading model definition file tardigrada/1_infer/GTRC10OPT.nex ... 88 models and 224 frequency vectors loaded
Model GTRC10OPT is alias for GTRPMIX+G{0.5652}+FMIX{C10_pi1:1:0.0619889960,C10_pi2:1:0.1521892361,C10_pi3:1:0.0575304353,C10_pi4:1:0.0623036401,C10_pi5:1:0.0956788592,C10_pi6:1:0.1708617647,C10_pi7:1:0.1095835177,C10_pi8:1:0.0437409825,C10_pi9:1:0.1685669106,C10_pi10:1:0.0775556579}
NOTE: 15615 MB RAM is required!
1. Initial log-likelihood: -2213123.007
Optimal log-likelihood: -2213122.949
Mixture weights: 0.062 0.152 0.058 0.062 0.096 0.171 0.110 0.044 0.169 0.078
Gamma shape alpha: 0.565
Parameters optimization took 1 rounds (29.330 sec)
Computing posterior mean site frequencies....
Site state frequency vectors printed to tardigrada/1_infer/GTR20-C10opt-PMSF.sitefreq

===> CONTINUE ANALYSIS USING THE INFERRED SITE FREQUENCY MODEL
Reading model definition file tardigrada/1_infer/GTRC10OPT.nex ... 88 models and 224 frequency vectors loaded

Create initial parsimony tree by phylogenetic likelihood library (PLL)... 0.632 seconds
Model GTRC10OPT is alias for GTRPMIX+G{0.5652}+FMIX{C10_pi1:1:0.0619889960,C10_pi2:1:0.1521892361,C10_pi3:1:0.0575304353,C10_pi4:1:0.0623036401,C10_pi5:1:0.0956788592,C10_pi6:1:0.1708617647,C10_pi7:1:0.1095835177,C10_pi8:1:0.0437409825,C10_pi9:1:0.1685669106,C10_pi10:1:0.0775556579}

NOTE: 2149 MB RAM (2 GB) is required!
Estimate model parameters (epsilon = 0.010)
1. Initial log-likelihood: -2127313.342
2. Current log-likelihood: -2075780.879
3. Current log-likelihood: -2074764.187
4. Current log-likelihood: -2074752.165
5. Current log-likelihood: -2074751.048
6. Current log-likelihood: -2074750.923
Optimal log-likelihood: -2074750.911
Gamma shape alpha: 0.565
Parameters optimization took 6 rounds (40.889 sec)
Wrote distance file to... 
BEST SCORE FOUND : -2074750.911
Total tree length: 14.715

Total number of iterations: 0
CPU time used for tree search: 0.000 sec (0h:0m:0s)
Wall-clock time used for tree search: 0.000 sec (0h:0m:0s)
Total CPU time used: 1550.846 sec (0h:25m:50s)
Total wall-clock time used: 56.157 sec (0h:0m:56s)

Analysis results written to: 
  IQ-TREE report:                tardigrada/1_infer/GTR20-C10opt-PMSF.iqtree
  Maximum-likelihood tree:       tardigrada/1_infer/GTR20-C10opt-PMSF.treefile
  Screen log file:               tardigrada/1_infer/GTR20-C10opt-PMSF.log

Date and Time: Sat Apr 19 18:32:46 2025
