IQ-TREE multicore version 2.4.0 for Linux x86 64-bit built Feb  7 2025
Developed by Bui Quang Minh, Nguyen Lam Tung, Olga Chernomor, Heiko Schmidt,
Dominik Schrempf, Michael Woodhams, Ly Trong Nhan, Thomas Wong

Host:    rona.rsb.anu.edu.au (AVX2, FMA3, 1007 GB RAM)
Command: ./iqtree2 -s 1kp/1kp.fasta -m Poisson+ESmodel+G4 -mdef 1kp/1_513/meow1545.nex -te 1kp/lgc60pmsf.contree -me 0.99 -safe -pre 1kp/1_513/Poi-MEOW60opt -prec 10 -nt 40
Seed:    182379 (Using SPRNG - Scalable Parallel Random Number Generator)
Time:    Tue May 13 15:13:48 2025
Kernel:  Safe AVX+FMA - 40 threads (256 CPU cores detected)

Reading alignment file 1kp/1kp.fasta ... Fasta format detected
Reading fasta file: done in 0.0787653 secs using 94.65% CPU
Alignment most likely contains protein sequences
Alignment has 40 sequences with 103658 columns, 97826 distinct patterns
74754 parsimony-informative, 13250 singleton sites, 15653 constant sites
            Gap/Ambiguity  Composition  p-value
Analyzing sequences: done in 0.0120196 secs using 2660% CPU
   1  BFIK         27.41%    failed      0.00%
   2  BNCU         13.55%    failed      0.00%
   3  CIEA         19.10%    failed      0.00%
   4  CMEQ         13.47%    failed      0.00%
   5  CSUV         27.21%    failed      0.00%
   6  Chlre_v5.5   16.92%    failed      0.00%
   7  GTHK         18.40%    failed      0.00%
   8  HKZW         24.20%    failed      0.00%
   9  ILBQ         16.53%    failed      0.00%
  10  IYDF         17.50%    failed      0.00%
  11  JEXA         19.01%    failed      0.00%
  12  JOJQ         16.68%    failed      0.00%
  13  JVSZ         25.96%    failed      0.00%
  14  KNMB         16.28%    failed      0.00%
  15  KWGC         29.11%    failed      0.00%
  16  Klefl_v1.0    7.15%    failed      0.00%
  17  MMKU         27.49%    failed      0.00%
  18  Micpu_v3.0   25.86%    failed      0.00%
  19  OAGK          6.76%    failed      0.00%
  20  OLES         13.66%    failed      0.00%
  21  POZS         25.34%    failed      0.00%
  22  PQTO         21.02%    failed      0.00%
  23  PYHZ         19.30%    failed      0.00%
  24  QKMG         23.72%    failed      0.00%
  25  QPDY         15.05%    failed      0.00%
  26  SKYV         29.84%    failed      0.00%
  27  Selmo_v1.0   13.65%    failed      0.00%
  28  Spipo_v2      8.49%    failed      0.00%
  29  VYLQ          4.05%    failed      0.00%
  30  WDCW         24.70%    failed      0.00%
  31  WKCY          7.98%    failed      0.00%
  32  WQRD         23.20%    failed      0.00%
  33  WTDE         26.95%    failed      0.00%
  34  WWQZ         16.02%    failed      0.00%
  35  XSZI         18.21%    failed      0.00%
  36  XZME         11.12%    failed      0.00%
  37  YOXI         25.48%    failed      0.00%
  38  YPIC         24.57%    failed      0.00%
  39  ZFGK         22.51%    failed      0.00%
  40  ZUHO         17.59%    failed      0.00%
****  TOTAL        19.03%  40 sequences failed composition chi2 test (p-value<5%; df=19)
NOTE: minimal branch length is reduced to 0.000000964711 for long alignment
Reading model definition file 1kp/1_513/meow1545.nex ... 87 models and 274 frequency vectors loaded
Reading input tree file 1kp/lgc60pmsf.contree ...
Model Poisson+ESmodel+G4 is alias for Poisson+FMIX{EShighclass1,EShighclass2,EShighclass3,EShighclass4,EShighclass5,EShighclass6,EShighclass7,EShighclass8,EShighclass9,EShighclass10,EShighclass11,EShighclass12,EShighclass13,EShighclass14,EShighclass15,ESlowclass1,ESlowclass2,ESlowclass3,ESlowclass4,ESlowclass5,ESlowclass6,ESlowclass7,ESlowclass8,ESlowclass9,ESlowclass10,ESlowclass11,ESlowclass12,ESlowclass13,ESlowclass14,ESlowclass15,ESlowclass16,ESlowclass17,ESlowclass18,ESlowclass19,ESlowclass20,ESlowclass21,ESlowclass22,ESlowclass23,ESlowclass24,ESlowclass25,ESlowclass26,ESlowclass27,ESlowclass28,ESlowclass29,ESlowclass30,ESlowclass31,ESlowclass32,ESlowclass33,ESlowclass34,ESlowclass35,ESlowclass36,ESlowclass37,ESlowclass38,ESlowclass39,ESlowclass40,ESlowclass41,ESlowclass42,ESlowclass43,ESlowclass44,ESlowclass45}+G4

NOTE: 145124 MB RAM (141 GB) is required!
Estimate model parameters (epsilon = 0.990)
1. Initial log-likelihood: -3858599.037
2. Current log-likelihood: -3834125.939
3. Current log-likelihood: -3832655.945
4. Current log-likelihood: -3832309.874
5. Current log-likelihood: -3832285.513
6. Current log-likelihood: -3832201.886
7. Current log-likelihood: -3832195.780
8. Current log-likelihood: -3832169.197
9. Current log-likelihood: -3832166.746
10. Current log-likelihood: -3832147.982
11. Current log-likelihood: -3832143.935
12. Current log-likelihood: -3832137.375
13. Current log-likelihood: -3832136.200
14. Current log-likelihood: -3832129.314
15. Current log-likelihood: -3832126.825
16. Current log-likelihood: -3832125.746
Optimal log-likelihood: -3832125.038
Mixture weights: 0.051 0.038 0.030 0.034 0.042 0.040 0.056 0.018 0.045 0.025 0.029 0.019 0.058 0.030 0.042 0.029 0.003 0.027 0.004 0.010 0.003 0.011 0.014 0.010 0.010 0.004 0.021 0.006 0.005 0.007 0.007 0.046 0.002 0.003 0.007 0.003 0.012 0.001 0.003 0.016 0.023 0.007 0.004 0.002 0.002 0.017 0.001 0.010 0.010 0.020 0.019 0.001 0.001 0.018 0.005 0.003 0.027 0.003 0.006 0.001
Gamma shape alpha: 0.774
Parameters optimization took 16 rounds (3152.860 sec)
Wrote distance file to... 
BEST SCORE FOUND : -3832125.038
Total tree length: 20.315

Total number of iterations: 0
CPU time used for tree search: 0.000 sec (0h:0m:0s)
Wall-clock time used for tree search: 0.000 sec (0h:0m:0s)
Total CPU time used: 112162.696 sec (31h:9m:22s)
Total wall-clock time used: 3153.036 sec (0h:52m:33s)

Analysis results written to: 
  IQ-TREE report:                1kp/1_513/Poi-MEOW60opt.iqtree
  Maximum-likelihood tree:       1kp/1_513/Poi-MEOW60opt.treefile
  Screen log file:               1kp/1_513/Poi-MEOW60opt.log

Date and Time: Tue May 13 16:06:29 2025
