IQ-TREE multicore version 2.4.0 for Linux x86 64-bit built Feb  7 2025
Developed by Bui Quang Minh, Nguyen Lam Tung, Olga Chernomor, Heiko Schmidt,
Dominik Schrempf, Michael Woodhams, Ly Trong Nhan, Thomas Wong

Host:    rona.rsb.anu.edu.au (AVX2, FMA3, 1007 GB RAM)
Command: ./iqtree2 -s 1kp/1kp.fasta -ft 1kp/1_513/Poi-MEOW60opt.treefile -m POIESmodel -mdef 1kp/1_513/meow1545.nex -safe -pre 1kp/1_513/Poi-MEOW60opt-PMSF -n 0 -wspmr -nt 40
Seed:    832120 (Using SPRNG - Scalable Parallel Random Number Generator)
Time:    Tue May 13 23:01:27 2025
Kernel:  Safe AVX+FMA - 40 threads (256 CPU cores detected)

Reading alignment file 1kp/1kp.fasta ... Fasta format detected
Reading fasta file: done in 0.0811911 secs using 99.17% CPU
Alignment most likely contains protein sequences
Alignment has 40 sequences with 103658 columns, 97826 distinct patterns
74754 parsimony-informative, 13250 singleton sites, 15653 constant sites
            Gap/Ambiguity  Composition  p-value
Analyzing sequences: done in 0.0111957 secs using 2816% CPU
   1  BFIK         27.41%    failed      0.00%
   2  BNCU         13.55%    failed      0.00%
   3  CIEA         19.10%    failed      0.00%
   4  CMEQ         13.47%    failed      0.00%
   5  CSUV         27.21%    failed      0.00%
   6  Chlre_v5.5   16.92%    failed      0.00%
   7  GTHK         18.40%    failed      0.00%
   8  HKZW         24.20%    failed      0.00%
   9  ILBQ         16.53%    failed      0.00%
  10  IYDF         17.50%    failed      0.00%
  11  JEXA         19.01%    failed      0.00%
  12  JOJQ         16.68%    failed      0.00%
  13  JVSZ         25.96%    failed      0.00%
  14  KNMB         16.28%    failed      0.00%
  15  KWGC         29.11%    failed      0.00%
  16  Klefl_v1.0    7.15%    failed      0.00%
  17  MMKU         27.49%    failed      0.00%
  18  Micpu_v3.0   25.86%    failed      0.00%
  19  OAGK          6.76%    failed      0.00%
  20  OLES         13.66%    failed      0.00%
  21  POZS         25.34%    failed      0.00%
  22  PQTO         21.02%    failed      0.00%
  23  PYHZ         19.30%    failed      0.00%
  24  QKMG         23.72%    failed      0.00%
  25  QPDY         15.05%    failed      0.00%
  26  SKYV         29.84%    failed      0.00%
  27  Selmo_v1.0   13.65%    failed      0.00%
  28  Spipo_v2      8.49%    failed      0.00%
  29  VYLQ          4.05%    failed      0.00%
  30  WDCW         24.70%    failed      0.00%
  31  WKCY          7.98%    failed      0.00%
  32  WQRD         23.20%    failed      0.00%
  33  WTDE         26.95%    failed      0.00%
  34  WWQZ         16.02%    failed      0.00%
  35  XSZI         18.21%    failed      0.00%
  36  XZME         11.12%    failed      0.00%
  37  YOXI         25.48%    failed      0.00%
  38  YPIC         24.57%    failed      0.00%
  39  ZFGK         22.51%    failed      0.00%
  40  ZUHO         17.59%    failed      0.00%
****  TOTAL        19.03%  40 sequences failed composition chi2 test (p-value<5%; df=19)

===> COMPUTING SITE FREQUENCY MODEL BASED ON TREE FILE 1kp/1_513/Poi-MEOW60opt.treefile
Reading model definition file 1kp/1_513/meow1545.nex ... 89 models and 274 frequency vectors loaded
Model POIESmodel is alias for Poisson+G4{0.7742569336}+FMIX{EShighclass1:1.0:0.0513064584,EShighclass2:1.0:0.0383260817,EShighclass3:1.0:0.0302021570,EShighclass4:1.0:0.0335478580,EShighclass5:1.0:0.0421558143,EShighclass6:1.0:0.0397954638,EShighclass7:1.0:0.0562559004,EShighclass8:1.0:0.0181561876,EShighclass9:1.0:0.0453139516,EShighclass10:1.0:0.0249805718,EShighclass11:1.0:0.0293032549,EShighclass12:1.0:0.0189705535,EShighclass13:1.0:0.0577024090,EShighclass14:1.0:0.0298383131,EShighclass15:1.0:0.0418954895,ESlowclass1:1.0:0.0293179436,ESlowclass2:1.0:0.0026250135,ESlowclass3:1.0:0.0272495066,ESlowclass4:1.0:0.0035004831,ESlowclass5:1.0:0.0102657386,ESlowclass6:1.0:0.0034017095,ESlowclass7:1.0:0.0113281397,ESlowclass8:1.0:0.0137248841,ESlowclass9:1.0:0.0096928985,ESlowclass10:1.0:0.0102742518,ESlowclass11:1.0:0.0037869665,ESlowclass12:1.0:0.0210462943,ESlowclass13:1.0:0.0064647216,ESlowclass14:1.0:0.0049548996,ESlowclass15:1.0:0.0074741294,ESlowclass16:1.0:0.0065309068,ESlowclass17:1.0:0.0455152209,ESlowclass18:1.0:0.0021799215,ESlowclass19:1.0:0.0030297323,ESlowclass20:1.0:0.0065913857,ESlowclass21:1.0:0.0028010327,ESlowclass22:1.0:0.0115520393,ESlowclass23:1.0:0.0010711697,ESlowclass24:1.0:0.0029071220,ESlowclass25:1.0:0.0156319328,ESlowclass26:1.0:0.0227775698,ESlowclass27:1.0:0.0065932114,ESlowclass28:1.0:0.0040224094,ESlowclass29:1.0:0.0021484148,ESlowclass30:1.0:0.0015425849,ESlowclass31:1.0:0.0165452289,ESlowclass32:1.0:0.0009614519,ESlowclass33:1.0:0.0099585802,ESlowclass34:1.0:0.0095591210,ESlowclass35:1.0:0.0200904339,ESlowclass36:1.0:0.0187066212,ESlowclass37:1.0:0.0012776901,ESlowclass38:1.0:0.0014880455,ESlowclass39:1.0:0.0179964829,ESlowclass40:1.0:0.0054958154,ESlowclass41:1.0:0.0034471248,ESlowclass42:1.0:0.0271360708,ESlowclass43:1.0:0.0025053265,ESlowclass44:1.0:0.0060256252,ESlowclass45:1.0:0.0010536826}
WARNING: Your input class weight 0.000961452 is very small and may cause numerical issues
NOTE: 145124 MB RAM is required!
1. Initial log-likelihood: -3832125.038
Optimal log-likelihood: -3832125.022
Mixture weights: 0.051 0.038 0.030 0.034 0.042 0.040 0.056 0.018 0.045 0.025 0.029 0.019 0.058 0.030 0.042 0.029 0.003 0.027 0.004 0.010 0.003 0.011 0.014 0.010 0.010 0.004 0.021 0.006 0.005 0.007 0.007 0.046 0.002 0.003 0.007 0.003 0.012 0.001 0.003 0.016 0.023 0.007 0.004 0.002 0.002 0.017 0.001 0.010 0.010 0.020 0.019 0.001 0.001 0.018 0.005 0.003 0.027 0.003 0.006 0.001
Gamma shape alpha: 0.774
Parameters optimization took 1 rounds (220.381 sec)
Computing posterior mean site frequencies....
Site state frequency vectors printed to 1kp/1_513/Poi-MEOW60opt-PMSF.sitefreq

===> CONTINUE ANALYSIS USING THE INFERRED SITE FREQUENCY MODEL
NOTE: minimal branch length is reduced to 0.000000964711 for long alignment
Reading model definition file 1kp/1_513/meow1545.nex ... 89 models and 274 frequency vectors loaded

Create initial parsimony tree by phylogenetic likelihood library (PLL)... 2.559 seconds
Model POIESmodel is alias for Poisson+G4{0.7742569336}+FMIX{EShighclass1:1.0:0.0513064584,EShighclass2:1.0:0.0383260817,EShighclass3:1.0:0.0302021570,EShighclass4:1.0:0.0335478580,EShighclass5:1.0:0.0421558143,EShighclass6:1.0:0.0397954638,EShighclass7:1.0:0.0562559004,EShighclass8:1.0:0.0181561876,EShighclass9:1.0:0.0453139516,EShighclass10:1.0:0.0249805718,EShighclass11:1.0:0.0293032549,EShighclass12:1.0:0.0189705535,EShighclass13:1.0:0.0577024090,EShighclass14:1.0:0.0298383131,EShighclass15:1.0:0.0418954895,ESlowclass1:1.0:0.0293179436,ESlowclass2:1.0:0.0026250135,ESlowclass3:1.0:0.0272495066,ESlowclass4:1.0:0.0035004831,ESlowclass5:1.0:0.0102657386,ESlowclass6:1.0:0.0034017095,ESlowclass7:1.0:0.0113281397,ESlowclass8:1.0:0.0137248841,ESlowclass9:1.0:0.0096928985,ESlowclass10:1.0:0.0102742518,ESlowclass11:1.0:0.0037869665,ESlowclass12:1.0:0.0210462943,ESlowclass13:1.0:0.0064647216,ESlowclass14:1.0:0.0049548996,ESlowclass15:1.0:0.0074741294,ESlowclass16:1.0:0.0065309068,ESlowclass17:1.0:0.0455152209,ESlowclass18:1.0:0.0021799215,ESlowclass19:1.0:0.0030297323,ESlowclass20:1.0:0.0065913857,ESlowclass21:1.0:0.0028010327,ESlowclass22:1.0:0.0115520393,ESlowclass23:1.0:0.0010711697,ESlowclass24:1.0:0.0029071220,ESlowclass25:1.0:0.0156319328,ESlowclass26:1.0:0.0227775698,ESlowclass27:1.0:0.0065932114,ESlowclass28:1.0:0.0040224094,ESlowclass29:1.0:0.0021484148,ESlowclass30:1.0:0.0015425849,ESlowclass31:1.0:0.0165452289,ESlowclass32:1.0:0.0009614519,ESlowclass33:1.0:0.0099585802,ESlowclass34:1.0:0.0095591210,ESlowclass35:1.0:0.0200904339,ESlowclass36:1.0:0.0187066212,ESlowclass37:1.0:0.0012776901,ESlowclass38:1.0:0.0014880455,ESlowclass39:1.0:0.0179964829,ESlowclass40:1.0:0.0054958154,ESlowclass41:1.0:0.0034471248,ESlowclass42:1.0:0.0271360708,ESlowclass43:1.0:0.0025053265,ESlowclass44:1.0:0.0060256252,ESlowclass45:1.0:0.0010536826}

NOTE: 3329 MB RAM (3 GB) is required!
Estimate model parameters (epsilon = 0.010)
1. Initial log-likelihood: -3559490.267
2. Current log-likelihood: -3483940.235
3. Current log-likelihood: -3482348.653
4. Current log-likelihood: -3482344.247
Optimal log-likelihood: -3482344.236
Gamma shape alpha: 0.774
Parameters optimization took 4 rounds (39.483 sec)
Wrote distance file to... 
BEST SCORE FOUND : -3482344.236
WARNING: Switch now to '-wspr' as it is the only option for non-mixture model
Site probabilities per category printed to 1kp/1_513/Poi-MEOW60opt-PMSF.siteprob
Total tree length: 16.829

Total number of iterations: 0
CPU time used for tree search: 0.000 sec (0h:0m:0s)
Wall-clock time used for tree search: 0.000 sec (0h:0m:0s)
Total CPU time used: 1360.373 sec (0h:22m:40s)
Total wall-clock time used: 54.187 sec (0h:0m:54s)

Analysis results written to: 
  IQ-TREE report:                1kp/1_513/Poi-MEOW60opt-PMSF.iqtree
  Maximum-likelihood tree:       1kp/1_513/Poi-MEOW60opt-PMSF.treefile
  Site probability per rate/mix: 1kp/1_513/Poi-MEOW60opt-PMSF.siteprob
  Screen log file:               1kp/1_513/Poi-MEOW60opt-PMSF.log

Date and Time: Tue May 13 23:06:17 2025
