IQ-TREE version 3.0.0 for Linux x86 64-bit built Apr  4 2025
Developed by Bui Quang Minh, Thomas Wong, Nhan Ly-Trong, Huaiyan Ren
Contributed by Lam-Tung Nguyen, Dominik Schrempf, Chris Bielow,
Olga Chernomor, Michael Woodhams, Diep Thi Hoang, Heiko Schmidt

Host:    rona.rsb.anu.edu.au (AVX2, FMA3, 1007 GB RAM)
Command: ./iqtree3 -s tardigrada/matrix_40sp.fasta -fs tardigrada/1_infer/lg_chain1.sitefreq -m LG+G4 -safe -pre tardigrada/1_infer/LG-CAT-PMSF --wbtl -wsr -bb 1000 -T 40
Seed:    34623 (Using SPRNG - Scalable Parallel Random Number Generator)
Time:    Sun May  4 10:32:41 2025
Kernel:  Safe AVX+FMA - 40 threads (256 CPU cores detected)

Reading alignment file tardigrada/matrix_40sp.fasta ... Fasta format detected
Reading fasta file: done in 0.0431925 secs using 80.58% CPU
Alignment most likely contains protein sequences
Constructing alignment: done in 0.197845 secs using 287.2% CPU
Alignment has 40 sequences with 70888 columns, 63149 distinct patterns
48785 parsimony-informative, 7670 singleton sites, 14433 constant sites
                             Gap/Ambiguity  Composition  p-value
Analyzing sequences: done in 0.0326757 secs using 2786% CPU
   1  Capitella_telata               5.00%    failed      0.00%
   2  Daphnia_magna                  9.79%    failed      0.06%
   3  Echiniscoides_sigismundi      49.39%    failed      0.00%
   4  Echiniscus_bisetosus          82.96%    failed      0.00%
   5  Echiniscus_testudo            50.24%    failed      0.00%
   6  Echinoderes_kohni             88.58%    failed      0.00%
   7  Enoplus_brevis                22.43%    failed      0.00%
   8  Epiperipatus                  56.34%    failed      0.00%
   9  Frakliniella_occidentalis      7.36%    failed      0.08%
  10  Gordius                       70.84%    failed      0.00%
  11  Halicryptus_spinolosus        13.41%    failed      0.00%
  12  Hypsibius_dujardini            3.51%    failed      0.00%
  13  Limulus_polyphemus            16.13%    failed      0.00%
  14  Manduca_sexta                  9.59%    failed      0.00%
  15  Meiopriapulus                 26.75%    failed      0.00%
  16  Mesobiotus_philippinicus      19.72%    failed      0.00%
  17  Milnesium_tardigradum         59.56%    failed      0.00%
  18  Neodiprion_lecontei            4.62%    failed      0.01%
  19  Ooperipatellus                72.91%    failed      0.00%
  20  Opisthopatus_kwazululandi     26.52%    failed      0.00%
  21  Paeneus_vanammei              12.28%    failed      0.00%
  22  Pamacea_canaliculata           5.42%    failed      0.02%
  23  Paragordius_varius            71.38%    failed      0.00%
  24  Parasteatoda_tepidariorum      3.65%    failed      0.00%
  25  Peripatoides                  73.44%    failed      0.00%
  26  Peripatoides_novaezelandiae   16.34%    failed      0.00%
  27  Peripatopsis_capensis         37.07%    failed      0.00%
  28  Pleomothra                    21.78%    failed      0.00%
  29  Pontonema_vulgare             24.88%    failed      0.00%
  30  Priapulus_caudatus            13.43%    failed      0.00%
  31  Prionchulus_punctatus         13.90%    failed      0.00%
  32  Pycnophyes                    76.53%    failed      0.00%
  33  Ramazzottius_varieornatus      3.20%    failed      0.00%
  34  Richtersius_coronifer          6.00%    failed      0.00%
  35  Romanomermis_culicivorax      36.04%    failed      0.00%
  36  Stegodyphus_mimosarum         15.16%    failed      0.00%
  37  Strigamia_maritima            13.05%    failed      0.00%
  38  Tachypleu                      8.55%    failed      0.00%
  39  Tobrilus                      23.43%    failed      0.00%
  40  Xiphinema_index               27.20%    failed      0.00%
WARNING: 10 sequences contain more than 50% gaps/ambiguity
****  TOTAL                         29.96%  40 sequences failed composition chi2 test (p-value<5%; df=19)

Reading site-specific state frequency file tardigrada/1_infer/lg_chain1.sitefreq ...
Regrouping alignment sites...
70888 distinct per-site state frequency vectors detected
Checking for duplicate sequences: done in 0.076705 secs using 713.5% CPU

Create initial parsimony tree by phylogenetic likelihood library (PLL)... 2.026 seconds
Generating 1000 samples for ultrafast bootstrap (seed: 34623)...

NOTE: 2683 MB RAM (2 GB) is required!
Estimate model parameters (epsilon = 0.100)
1. Initial log-likelihood: -1937057.270
2. Current log-likelihood: -1854579.285
3. Current log-likelihood: -1853149.932
4. Current log-likelihood: -1853134.942
5. Current log-likelihood: -1853133.554
6. Current log-likelihood: -1853133.371
Optimal log-likelihood: -1853133.312
Gamma shape alpha: 0.839
Parameters optimization took 6 rounds (87.449 sec)
Wrote distance file to... 
Computing ML distances based on estimated model parameters...
Calculating distance matrix: done in 19.0688 secs using 1792% CPU
Computing ML distances took 19.088508 sec (of wall-clock time) 342.639086 sec (of CPU time)
Setting up auxiliary I and S matrices: done in 0.000286621 secs using 225.4% CPU
Constructing RapidNJ tree: done in 0.000444004 secs using 157% CPU
Computing RapidNJ tree took 0.001020 sec (of wall-clock time) 0.001876 sec (of CPU time)
Log-likelihood of RapidNJ tree: -1853279.984
--------------------------------------------------------------------
|             INITIALIZING CANDIDATE TREE SET                      |
--------------------------------------------------------------------
Generating 98 parsimony trees... 179.136 second
Computing log-likelihood of 98 initial trees ... 402.399 seconds
Current best score: -1853133.312

Do NNI search on 20 best initial trees
Optimizing NNI: done in 39.396 secs using 3380% CPU
Estimate model parameters (epsilon = 0.100)
BETTER TREE FOUND at iteration 1: -1852912.669
Optimizing NNI: done in 52.8492 secs using 3285% CPU
Optimizing NNI: done in 83.5747 secs using 3313% CPU
Optimizing NNI: done in 78.7851 secs using 3383% CPU
Optimizing NNI: done in 78.0175 secs using 3392% CPU
Optimizing NNI: done in 102.785 secs using 3393% CPU
Optimizing NNI: done in 76.1359 secs using 3555% CPU
Optimizing NNI: done in 96.8512 secs using 3458% CPU
Optimizing NNI: done in 61.4366 secs using 3503% CPU
Optimizing NNI: done in 87.6606 secs using 3377% CPU
Iteration 10 / LogL: -1852920.876 / Time: 0h:26m:8s
Optimizing NNI: done in 86.1261 secs using 3348% CPU
Optimizing NNI: done in 82.1314 secs using 3455% CPU
Optimizing NNI: done in 107.074 secs using 3408% CPU
Optimizing NNI: done in 74.716 secs using 3362% CPU
Optimizing NNI: done in 84.7544 secs using 3466% CPU
Optimizing NNI: done in 77.2928 secs using 3395% CPU
Optimizing NNI: done in 88.428 secs using 3334% CPU
Optimizing NNI: done in 84.7226 secs using 3301% CPU
Optimizing NNI: done in 83.8227 secs using 3388% CPU
Optimizing NNI: done in 79.2848 secs using 3382% CPU
Iteration 20 / LogL: -1852940.609 / Time: 0h:40m:25s
Finish initializing candidate tree set (1)
Current best tree score: -1852912.669 / CPU time: 2238.822
Number of iterations: 20
--------------------------------------------------------------------
|               OPTIMIZING CANDIDATE TREE SET                      |
--------------------------------------------------------------------
Optimizing NNI: done in 92.2487 secs using 3380% CPU
Optimizing NNI: done in 121.008 secs using 3384% CPU
Optimizing NNI: done in 74.047 secs using 3398% CPU
Optimizing NNI: done in 70.6506 secs using 3425% CPU
Optimizing NNI: done in 95.5514 secs using 3429% CPU
Optimizing NNI: done in 78.2328 secs using 3424% CPU
Optimizing NNI: done in 74.0466 secs using 3503% CPU
Optimizing NNI: done in 70.2356 secs using 3564% CPU
Optimizing NNI: done in 53.507 secs using 3511% CPU
Optimizing NNI: done in 66.714 secs using 3395% CPU
Iteration 30 / LogL: -1852930.373 / Time: 0h:53m:50s (2h:11m:42s left)
Optimizing NNI: done in 88.9613 secs using 3448% CPU
Optimizing NNI: done in 64.6427 secs using 3539% CPU
Optimizing NNI: done in 65.7472 secs using 3460% CPU
Optimizing NNI: done in 81.9992 secs using 3725% CPU
Optimizing NNI: done in 65.5148 secs using 3662% CPU
Optimizing NNI: done in 68.868 secs using 3757% CPU
Optimizing NNI: done in 78.9963 secs using 3595% CPU
Optimizing NNI: done in 83.6063 secs using 3530% CPU
Optimizing NNI: done in 61.5164 secs using 3517% CPU
Optimizing NNI: done in 53.6411 secs using 3686% CPU
Iteration 40 / LogL: -1852921.467 / Time: 1h:5m:51s (1h:42m:56s left)
Optimizing NNI: done in 84.0607 secs using 3529% CPU
Optimizing NNI: done in 46.817 secs using 3563% CPU
Optimizing NNI: done in 83.9161 secs using 3629% CPU
Optimizing NNI: done in 64.1794 secs using 3507% CPU
Optimizing NNI: done in 121.329 secs using 3489% CPU
Optimizing NNI: done in 75.6405 secs using 3528% CPU
Optimizing NNI: done in 71.1945 secs using 3606% CPU
Optimizing NNI: done in 54.258 secs using 3480% CPU
Optimizing NNI: done in 73.4581 secs using 3569% CPU
Optimizing NNI: done in 82.2306 secs using 3534% CPU
Iteration 50 / LogL: -1852936.978 / Time: 1h:18m:35s (1h:21m:45s left)
Log-likelihood cutoff on original alignment: -1852949.074
UFBoot trees printed to tardigrada/1_infer/LG-CAT-PMSF.ufboot
Optimizing NNI: done in 67.9224 secs using 3596% CPU
Optimizing NNI: done in 54.1987 secs using 3619% CPU
Optimizing NNI: done in 75.7288 secs using 3566% CPU
Optimizing NNI: done in 80.0462 secs using 3490% CPU
Optimizing NNI: done in 60.8435 secs using 3572% CPU
Optimizing NNI: done in 71.5052 secs using 3583% CPU
Optimizing NNI: done in 64.5389 secs using 3536% CPU
Optimizing NNI: done in 63.7952 secs using 3521% CPU
Optimizing NNI: done in 63.1371 secs using 3697% CPU
Optimizing NNI: done in 59.9563 secs using 3723% CPU
Iteration 60 / LogL: -1852922.036 / Time: 1h:29m:45s (1h:2m:20s left)
Optimizing NNI: done in 64.3568 secs using 3728% CPU
Optimizing NNI: done in 51.1705 secs using 3661% CPU
Optimizing NNI: done in 98.1949 secs using 3480% CPU
Optimizing NNI: done in 71.7649 secs using 3384% CPU
Optimizing NNI: done in 78.4844 secs using 3438% CPU
Optimizing NNI: done in 62.7417 secs using 3570% CPU
Optimizing NNI: done in 56.4562 secs using 3528% CPU
Optimizing NNI: done in 45.0662 secs using 3554% CPU
Optimizing NNI: done in 49.5221 secs using 3423% CPU
Optimizing NNI: done in 89.1716 secs using 3390% CPU
Iteration 70 / LogL: -1852930.582 / Time: 1h:40m:59s (0h:45m:21s left)
Optimizing NNI: done in 70.3978 secs using 3457% CPU
Optimizing NNI: done in 58.9502 secs using 3484% CPU
Optimizing NNI: done in 75.1463 secs using 3509% CPU
Optimizing NNI: done in 69.9774 secs using 3456% CPU
Optimizing NNI: done in 64.1861 secs using 3410% CPU
Optimizing NNI: done in 70.8947 secs using 3406% CPU
Optimizing NNI: done in 71.8027 secs using 3560% CPU
Optimizing NNI: done in 56.9513 secs using 3652% CPU
Optimizing NNI: done in 63.9191 secs using 3673% CPU
Optimizing NNI: done in 70.4777 secs using 3660% CPU
Iteration 80 / LogL: -1852936.206 / Time: 1h:52m:19s (0h:29m:50s left)
Optimizing NNI: done in 51.8264 secs using 3697% CPU
Optimizing NNI: done in 79.755 secs using 3658% CPU
Optimizing NNI: done in 65.0076 secs using 3552% CPU
Optimizing NNI: done in 58.1339 secs using 3775% CPU
Optimizing NNI: done in 58.3021 secs using 3805% CPU
Optimizing NNI: done in 57.4671 secs using 3773% CPU
Optimizing NNI: done in 55.0409 secs using 3720% CPU
Optimizing NNI: done in 62.6677 secs using 3596% CPU
Optimizing NNI: done in 77.6986 secs using 3555% CPU
Optimizing NNI: done in 78.1483 secs using 3550% CPU
Iteration 90 / LogL: -1852915.247 / Time: 2h:3m:10s (0h:15m:13s left)
Optimizing NNI: done in 65.2497 secs using 3538% CPU
Optimizing NNI: done in 77.9181 secs using 3630% CPU
Optimizing NNI: done in 68.022 secs using 3561% CPU
Optimizing NNI: done in 69.0601 secs using 3502% CPU
Optimizing NNI: done in 60.5411 secs using 3548% CPU
Optimizing NNI: done in 68.2661 secs using 3519% CPU
Optimizing NNI: done in 83.166 secs using 3510% CPU
Optimizing NNI: done in 59.036 secs using 3535% CPU
Optimizing NNI: done in 83.9204 secs using 3452% CPU
Optimizing NNI: done in 55.3893 secs using 3492% CPU
Iteration 100 / LogL: -1852922.642 / Time: 2h:14m:48s (0h:1m:21s left)
Log-likelihood cutoff on original alignment: -1852949.911
NOTE: Bootstrap correlation coefficient of split occurrence frequencies: 1.000
UFBoot trees printed to tardigrada/1_infer/LG-CAT-PMSF.ufboot
Optimizing NNI: done in 51.2094 secs using 3649% CPU
Optimizing NNI: done in 66.0711 secs using 3676% CPU
TREE SEARCH COMPLETED AFTER 102 ITERATIONS / Time: 2h:16m:47s

--------------------------------------------------------------------
|                    FINALIZING TREE SEARCH                        |
--------------------------------------------------------------------
Performs final model parameters optimization
Estimate model parameters (epsilon = 0.010)
1. Initial log-likelihood: -1852912.669
2. Current log-likelihood: -1852912.653
Optimal log-likelihood: -1852912.649
Gamma shape alpha: 0.839
Parameters optimization took 2 rounds (19.649 sec)
BEST SCORE FOUND : -1852912.649
Empirical proportions for each category: 0.373 0.209 0.217 0.201
Site rates printed to tardigrada/1_infer/LG-CAT-PMSF.rate
Creating bootstrap support values...
Split supports printed to NEXUS file tardigrada/1_infer/LG-CAT-PMSF.splits.nex
Total tree length: 24.450

Total number of iterations: 102
CPU time used for tree search: 274027.794 sec (76h:7m:7s)
Wall-clock time used for tree search: 8020.795 sec (2h:13m:40s)
Total CPU time used: 278925.120 sec (77h:28m:45s)
Total wall-clock time used: 8228.182 sec (2h:17m:8s)
UFBoot trees printed to tardigrada/1_infer/LG-CAT-PMSF.ufboot

Computing bootstrap consensus tree...
Reading input file tardigrada/1_infer/LG-CAT-PMSF.splits.nex...
40 taxa and 85 splits.
Consensus tree written to tardigrada/1_infer/LG-CAT-PMSF.contree
Reading input trees file tardigrada/1_infer/LG-CAT-PMSF.contree
Log-likelihood of consensus tree: -1852912.648

Analysis results written to: 
  IQ-TREE report:                tardigrada/1_infer/LG-CAT-PMSF.iqtree
  Maximum-likelihood tree:       tardigrada/1_infer/LG-CAT-PMSF.treefile
  Likelihood distances:          tardigrada/1_infer/LG-CAT-PMSF.mldist
  Site-specific rates:           tardigrada/1_infer/LG-CAT-PMSF.rate

Ultrafast bootstrap approximation results written to:
  Split support values:          tardigrada/1_infer/LG-CAT-PMSF.splits.nex
  Consensus tree:                tardigrada/1_infer/LG-CAT-PMSF.contree
  UFBoot trees:                  tardigrada/1_infer/LG-CAT-PMSF.ufboot
  Screen log file:               tardigrada/1_infer/LG-CAT-PMSF.log

Date and Time: Sun May  4 12:50:43 2025
