IQ-TREE version 3.0.0 for Linux x86 64-bit built Apr  4 2025
Developed by Bui Quang Minh, Thomas Wong, Nhan Ly-Trong, Huaiyan Ren
Contributed by Lam-Tung Nguyen, Dominik Schrempf, Chris Bielow,
Olga Chernomor, Michael Woodhams, Diep Thi Hoang, Heiko Schmidt

Host:    rona.rsb.anu.edu.au (AVX2, FMA3, 1007 GB RAM)
Command: /data/yutong/iqtree3 -s 1kp/1kp.fasta -ft 1kp/1_infer/Poi-C60opt.treefile -m POIC60OPT -mdef 1kp/1_510/POIC60OPT.nex -safe -pre 1kp/1_510/Poi-C60opt-PMSF -n 0 -nt 40
Seed:    998900 (Using SPRNG - Scalable Parallel Random Number Generator)
Time:    Sun May 11 02:51:06 2025
Kernel:  Safe AVX+FMA - 40 threads (256 CPU cores detected)

Reading alignment file 1kp/1kp.fasta ... Fasta format detected
Reading fasta file: done in 0.0875245 secs using 89.97% CPU
Alignment most likely contains protein sequences
Constructing alignment: done in 0.207516 secs using 284.7% CPU
Alignment has 40 sequences with 103658 columns, 97826 distinct patterns
74754 parsimony-informative, 13250 singleton sites, 15653 constant sites
            Gap/Ambiguity  Composition  p-value
Analyzing sequences: done in 0.0133585 secs using 3490% CPU
   1  BFIK         27.41%    failed      0.00%
   2  BNCU         13.55%    failed      0.00%
   3  CIEA         19.10%    failed      0.00%
   4  CMEQ         13.47%    failed      0.00%
   5  CSUV         27.21%    failed      0.00%
   6  Chlre_v5.5   16.92%    failed      0.00%
   7  GTHK         18.40%    failed      0.00%
   8  HKZW         24.20%    failed      0.00%
   9  ILBQ         16.53%    failed      0.00%
  10  IYDF         17.50%    failed      0.00%
  11  JEXA         19.01%    failed      0.00%
  12  JOJQ         16.68%    failed      0.00%
  13  JVSZ         25.96%    failed      0.00%
  14  KNMB         16.28%    failed      0.00%
  15  KWGC         29.11%    failed      0.00%
  16  Klefl_v1.0    7.15%    failed      0.00%
  17  MMKU         27.49%    failed      0.00%
  18  Micpu_v3.0   25.86%    failed      0.00%
  19  OAGK          6.76%    failed      0.00%
  20  OLES         13.66%    failed      0.00%
  21  POZS         25.34%    failed      0.00%
  22  PQTO         21.02%    failed      0.00%
  23  PYHZ         19.30%    failed      0.00%
  24  QKMG         23.72%    failed      0.00%
  25  QPDY         15.05%    failed      0.00%
  26  SKYV         29.84%    failed      0.00%
  27  Selmo_v1.0   13.65%    failed      0.00%
  28  Spipo_v2      8.49%    failed      0.00%
  29  VYLQ          4.05%    failed      0.00%
  30  WDCW         24.70%    failed      0.00%
  31  WKCY          7.98%    failed      0.00%
  32  WQRD         23.20%    failed      0.00%
  33  WTDE         26.95%    failed      0.00%
  34  WWQZ         16.02%    failed      0.00%
  35  XSZI         18.21%    failed      0.00%
  36  XZME         11.12%    failed      0.00%
  37  YOXI         25.48%    failed      0.00%
  38  YPIC         24.57%    failed      0.00%
  39  ZFGK         22.51%    failed      0.00%
  40  ZUHO         17.59%    failed      0.00%
****  TOTAL        19.03%  40 sequences failed composition chi2 test (p-value<5%; df=19)

===> COMPUTING SITE FREQUENCY MODEL BASED ON TREE FILE 1kp/1_infer/Poi-C60opt.treefile
Reading model definition file 1kp/1_510/POIC60OPT.nex ... 87 models and 274 frequency vectors loaded
Model POIC60OPT is alias for Poisson+G4{0.6144675336}+FMIX{C60_pi1:1.0:0.0394551444,C60_pi2:1.0:0.0236021780,C60_pi3:1.0:0.0215834483,C60_pi4:1.0:0.0042296774,C60_pi5:1.0:0.0118464343,C60_pi6:1.0:0.0073698232,C60_pi7:1.0:0.0076628170,C60_pi8:1.0:0.0067605827,C60_pi9:1.0:0.0018958475,C60_pi10:1.0:0.0131657711,C60_pi11:1.0:0.0410917627,C60_pi12:1.0:0.0040025748,C60_pi13:1.0:0.0187861380,C60_pi14:1.0:0.0211036464,C60_pi15:1.0:0.0018842338,C60_pi16:1.0:0.0133130848,C60_pi17:1.0:0.0130146083,C60_pi18:1.0:0.0428489589,C60_pi19:1.0:0.0242163202,C60_pi20:1.0:0.0146213302,C60_pi21:1.0:0.0071155534,C60_pi22:1.0:0.0067233658,C60_pi23:1.0:0.0104387110,C60_pi24:1.0:0.0107507098,C60_pi25:1.0:0.0201548022,C60_pi26:1.0:0.0063000482,C60_pi27:1.0:0.0202963515,C60_pi28:1.0:0.0274428800,C60_pi29:1.0:0.0283738368,C60_pi30:1.0:0.0226980568,C60_pi31:1.0:0.0089878983,C60_pi32:1.0:0.0177978948,C60_pi33:1.0:0.0042068348,C60_pi34:1.0:0.0437808425,C60_pi35:1.0:0.0381883883,C60_pi36:1.0:0.0298064580,C60_pi37:1.0:0.0210041825,C60_pi38:1.0:0.0142634276,C60_pi39:1.0:0.0090963691,C60_pi40:1.0:0.0196436434,C60_pi41:1.0:0.0076270874,C60_pi42:1.0:0.0085211490,C60_pi43:1.0:0.0411222082,C60_pi44:1.0:0.0303045542,C60_pi45:1.0:0.0121016434,C60_pi46:1.0:0.0010979406,C60_pi47:1.0:0.0140134472,C60_pi48:1.0:0.0057263614,C60_pi49:1.0:0.0174969286,C60_pi50:1.0:0.0351909989,C60_pi51:1.0:0.0194342743,C60_pi52:1.0:0.0178638542,C60_pi53:1.0:0.0069949306,C60_pi54:1.0:0.0100341842,C60_pi55:1.0:0.0185785396,C60_pi56:1.0:0.0233712884,C60_pi57:1.0:0.0032262347,C60_pi58:1.0:0.0098842964,C60_pi59:1.0:0.0090675518,C60_pi60:1.0:0.0088178905}
NOTE: 145124 MB RAM is required!
1. Initial log-likelihood: -3835180.259
Optimal log-likelihood: -3835180.258
Mixture weights: 0.039 0.024 0.022 0.004 0.012 0.007 0.008 0.007 0.002 0.013 0.041 0.004 0.019 0.021 0.002 0.013 0.013 0.043 0.024 0.015 0.007 0.007 0.010 0.011 0.020 0.006 0.020 0.027 0.028 0.023 0.009 0.018 0.004 0.044 0.038 0.030 0.021 0.014 0.009 0.020 0.008 0.009 0.041 0.030 0.012 0.001 0.014 0.006 0.017 0.035 0.019 0.018 0.007 0.010 0.019 0.023 0.003 0.010 0.009 0.009
Gamma shape alpha: 0.614
Parameters optimization took 1 rounds (193.628 sec)
Computing posterior mean site frequencies....
Site state frequency vectors printed to 1kp/1_510/Poi-C60opt-PMSF.sitefreq

===> CONTINUE ANALYSIS USING THE INFERRED SITE FREQUENCY MODEL
NOTE: minimal branch length is reduced to 0.000000964711 for long alignment
Checking for duplicate sequences: done in 0.06314 secs using 747.3% CPU
Reading model definition file 1kp/1_510/POIC60OPT.nex ... 87 models and 274 frequency vectors loaded

Create initial parsimony tree by phylogenetic likelihood library (PLL)... 2.405 seconds
Model POIC60OPT is alias for Poisson+G4{0.6144675336}+FMIX{C60_pi1:1.0:0.0394551444,C60_pi2:1.0:0.0236021780,C60_pi3:1.0:0.0215834483,C60_pi4:1.0:0.0042296774,C60_pi5:1.0:0.0118464343,C60_pi6:1.0:0.0073698232,C60_pi7:1.0:0.0076628170,C60_pi8:1.0:0.0067605827,C60_pi9:1.0:0.0018958475,C60_pi10:1.0:0.0131657711,C60_pi11:1.0:0.0410917627,C60_pi12:1.0:0.0040025748,C60_pi13:1.0:0.0187861380,C60_pi14:1.0:0.0211036464,C60_pi15:1.0:0.0018842338,C60_pi16:1.0:0.0133130848,C60_pi17:1.0:0.0130146083,C60_pi18:1.0:0.0428489589,C60_pi19:1.0:0.0242163202,C60_pi20:1.0:0.0146213302,C60_pi21:1.0:0.0071155534,C60_pi22:1.0:0.0067233658,C60_pi23:1.0:0.0104387110,C60_pi24:1.0:0.0107507098,C60_pi25:1.0:0.0201548022,C60_pi26:1.0:0.0063000482,C60_pi27:1.0:0.0202963515,C60_pi28:1.0:0.0274428800,C60_pi29:1.0:0.0283738368,C60_pi30:1.0:0.0226980568,C60_pi31:1.0:0.0089878983,C60_pi32:1.0:0.0177978948,C60_pi33:1.0:0.0042068348,C60_pi34:1.0:0.0437808425,C60_pi35:1.0:0.0381883883,C60_pi36:1.0:0.0298064580,C60_pi37:1.0:0.0210041825,C60_pi38:1.0:0.0142634276,C60_pi39:1.0:0.0090963691,C60_pi40:1.0:0.0196436434,C60_pi41:1.0:0.0076270874,C60_pi42:1.0:0.0085211490,C60_pi43:1.0:0.0411222082,C60_pi44:1.0:0.0303045542,C60_pi45:1.0:0.0121016434,C60_pi46:1.0:0.0010979406,C60_pi47:1.0:0.0140134472,C60_pi48:1.0:0.0057263614,C60_pi49:1.0:0.0174969286,C60_pi50:1.0:0.0351909989,C60_pi51:1.0:0.0194342743,C60_pi52:1.0:0.0178638542,C60_pi53:1.0:0.0069949306,C60_pi54:1.0:0.0100341842,C60_pi55:1.0:0.0185785396,C60_pi56:1.0:0.0233712884,C60_pi57:1.0:0.0032262347,C60_pi58:1.0:0.0098842964,C60_pi59:1.0:0.0090675518,C60_pi60:1.0:0.0088178905}

NOTE: 3329 MB RAM (3 GB) is required!
Estimate model parameters (epsilon = 0.010)
1. Initial log-likelihood: -3558398.656
2. Current log-likelihood: -3483106.783
3. Current log-likelihood: -3479931.501
4. Current log-likelihood: -3479875.877
5. Current log-likelihood: -3479874.207
6. Current log-likelihood: -3479874.150
Optimal log-likelihood: -3479874.148
Gamma shape alpha: 0.614
Parameters optimization took 6 rounds (52.258 sec)
Wrote distance file to... 
BEST SCORE FOUND : -3479874.148
Total tree length: 19.164

Total number of iterations: 0
CPU time used for tree search: 0.000 sec (0h:0m:0s)
Wall-clock time used for tree search: 0.000 sec (0h:0m:0s)
Total CPU time used: 1947.450 sec (0h:32m:27s)
Total wall-clock time used: 69.753 sec (0h:1m:9s)

Analysis results written to: 
  IQ-TREE report:                1kp/1_510/Poi-C60opt-PMSF.iqtree
  Maximum-likelihood tree:       1kp/1_510/Poi-C60opt-PMSF.treefile
  Screen log file:               1kp/1_510/Poi-C60opt-PMSF.log

Date and Time: Sun May 11 02:55:44 2025
