IQ-TREE version 3.0.0 for Linux x86 64-bit built Apr  4 2025
Developed by Bui Quang Minh, Thomas Wong, Nhan Ly-Trong, Huaiyan Ren
Contributed by Lam-Tung Nguyen, Dominik Schrempf, Chris Bielow,
Olga Chernomor, Michael Woodhams, Diep Thi Hoang, Heiko Schmidt

Host:    rona.rsb.anu.edu.au (AVX2, FMA3, 1007 GB RAM)
Command: /data/yutong/iqtree3 -s 1kp/1kp.fasta -fs 1kp/1_510/LG-UDM8opt-PMSF.sitefreq -m LGUDM8OPT -mdef 1kp/1_510/LGUDM8OPT.nex -safe --wbtl -pre 1kp/1_510/LG_UDM8opt_PMSF -wsr -bb 1000 -nt 40
Seed:    762935 (Using SPRNG - Scalable Parallel Random Number Generator)
Time:    Sat May 10 13:12:57 2025
Kernel:  Safe AVX+FMA - 40 threads (256 CPU cores detected)

Reading alignment file 1kp/1kp.fasta ... Fasta format detected
Reading fasta file: done in 0.0891296 secs using 87.38% CPU
Alignment most likely contains protein sequences
Constructing alignment: done in 0.310189 secs using 205.1% CPU
Alignment has 40 sequences with 103658 columns, 97826 distinct patterns
74754 parsimony-informative, 13250 singleton sites, 15653 constant sites
            Gap/Ambiguity  Composition  p-value
Analyzing sequences: done in 0.0278313 secs using 3847% CPU
   1  BFIK         27.41%    failed      0.00%
   2  BNCU         13.55%    failed      0.00%
   3  CIEA         19.10%    failed      0.00%
   4  CMEQ         13.47%    failed      0.00%
   5  CSUV         27.21%    failed      0.00%
   6  Chlre_v5.5   16.92%    failed      0.00%
   7  GTHK         18.40%    failed      0.00%
   8  HKZW         24.20%    failed      0.00%
   9  ILBQ         16.53%    failed      0.00%
  10  IYDF         17.50%    failed      0.00%
  11  JEXA         19.01%    failed      0.00%
  12  JOJQ         16.68%    failed      0.00%
  13  JVSZ         25.96%    failed      0.00%
  14  KNMB         16.28%    failed      0.00%
  15  KWGC         29.11%    failed      0.00%
  16  Klefl_v1.0    7.15%    failed      0.00%
  17  MMKU         27.49%    failed      0.00%
  18  Micpu_v3.0   25.86%    failed      0.00%
  19  OAGK          6.76%    failed      0.00%
  20  OLES         13.66%    failed      0.00%
  21  POZS         25.34%    failed      0.00%
  22  PQTO         21.02%    failed      0.00%
  23  PYHZ         19.30%    failed      0.00%
  24  QKMG         23.72%    failed      0.00%
  25  QPDY         15.05%    failed      0.00%
  26  SKYV         29.84%    failed      0.00%
  27  Selmo_v1.0   13.65%    failed      0.00%
  28  Spipo_v2      8.49%    failed      0.00%
  29  VYLQ          4.05%    failed      0.00%
  30  WDCW         24.70%    failed      0.00%
  31  WKCY          7.98%    failed      0.00%
  32  WQRD         23.20%    failed      0.00%
  33  WTDE         26.95%    failed      0.00%
  34  WWQZ         16.02%    failed      0.00%
  35  XSZI         18.21%    failed      0.00%
  36  XZME         11.12%    failed      0.00%
  37  YOXI         25.48%    failed      0.00%
  38  YPIC         24.57%    failed      0.00%
  39  ZFGK         22.51%    failed      0.00%
  40  ZUHO         17.59%    failed      0.00%
****  TOTAL        19.03%  40 sequences failed composition chi2 test (p-value<5%; df=19)

Reading site-specific state frequency file 1kp/1_510/LG-UDM8opt-PMSF.sitefreq ...
97826 distinct per-site state frequency vectors detected
NOTE: minimal branch length is reduced to 0.000000964711 for long alignment
Checking for duplicate sequences: done in 0.062159 secs using 831.9% CPU
Reading model definition file 1kp/1_510/LGUDM8OPT.nex ... 88 models and 222 frequency vectors loaded

Create initial parsimony tree by phylogenetic likelihood library (PLL)... 2.286 seconds
Generating 1000 samples for ultrafast bootstrap (seed: 762935)...
Model LGUDM8OPT is alias for LG+G4{0.5048173046}+FMIX{UDM0008CLR_C0000:1.0:0.0477699584,UDM0008CLR_C0001:1.0:0.1693288385,UDM0008CLR_C0002:1.0:0.1421704445,UDM0008CLR_C0003:1.0:0.2583368528,UDM0008CLR_C0004:1.0:0.0337945202,UDM0008CLR_C0005:1.0:0.2425560576,UDM0008CLR_C0006:1.0:0.0622471522,UDM0008CLR_C0007:1.0:0.0437961758}

NOTE: 3702 MB RAM (3 GB) is required!
Estimate model parameters (epsilon = 0.100)
1. Initial log-likelihood: -3805276.165
2. Current log-likelihood: -3675724.562
3. Current log-likelihood: -3666267.006
4. Current log-likelihood: -3666012.911
5. Current log-likelihood: -3666006.156
6. Current log-likelihood: -3666005.984
Optimal log-likelihood: -3666005.969
Gamma shape alpha: 0.505
Parameters optimization took 6 rounds (68.219 sec)
Wrote distance file to... 
Computing ML distances based on estimated model parameters...
Calculating distance matrix: done in 29.5225 secs using 2240% CPU
Computing ML distances took 29.548630 sec (of wall-clock time) 661.990743 sec (of CPU time)
Setting up auxiliary I and S matrices: done in 0.000504929 secs using 627% CPU
Constructing RapidNJ tree: done in 0.000647472 secs using 226% CPU
Computing RapidNJ tree took 0.001423 sec (of wall-clock time) 0.005278 sec (of CPU time)
Log-likelihood of RapidNJ tree: -3670008.292
--------------------------------------------------------------------
|             INITIALIZING CANDIDATE TREE SET                      |
--------------------------------------------------------------------
Generating 98 parsimony trees... 241.019 second
Computing log-likelihood of 98 initial trees ... 444.909 seconds
Current best score: -3666005.969

Do NNI search on 20 best initial trees
Optimizing NNI: done in 38.5942 secs using 3762% CPU
Estimate model parameters (epsilon = 0.100)
BETTER TREE FOUND at iteration 1: -3665311.113
Optimizing NNI: done in 63.1068 secs using 3774% CPU
Optimizing NNI: done in 85.9591 secs using 3767% CPU
Optimizing NNI: done in 86.9071 secs using 3764% CPU
Optimizing NNI: done in 98.336 secs using 3737% CPU
Optimizing NNI: done in 82.8058 secs using 3759% CPU
Optimizing NNI: done in 81.259 secs using 3795% CPU
Optimizing NNI: done in 79.2699 secs using 3774% CPU
Optimizing NNI: done in 92.0213 secs using 3691% CPU
Optimizing NNI: done in 82.2253 secs using 3749% CPU
Iteration 10 / LogL: -3665330.952 / Time: 0h:28m:7s
Optimizing NNI: done in 76.509 secs using 3780% CPU
Optimizing NNI: done in 79.8335 secs using 3807% CPU
Optimizing NNI: done in 84.4422 secs using 3781% CPU
Optimizing NNI: done in 83.4396 secs using 3770% CPU
Optimizing NNI: done in 82.3884 secs using 3732% CPU
Optimizing NNI: done in 94.8948 secs using 3716% CPU
Optimizing NNI: done in 76.0619 secs using 3743% CPU
Optimizing NNI: done in 76.7814 secs using 3785% CPU
Optimizing NNI: done in 79.4801 secs using 3773% CPU
Optimizing NNI: done in 84.9907 secs using 3724% CPU
Iteration 20 / LogL: -3665326.669 / Time: 0h:41m:56s
Finish initializing candidate tree set (3)
Current best tree score: -3665311.113 / CPU time: 2327.015
Number of iterations: 20
--------------------------------------------------------------------
|               OPTIMIZING CANDIDATE TREE SET                      |
--------------------------------------------------------------------
Optimizing NNI: done in 79.3869 secs using 3722% CPU
Optimizing NNI: done in 69.694 secs using 3687% CPU
Optimizing NNI: done in 58.4764 secs using 3672% CPU
Optimizing NNI: done in 53.9147 secs using 3651% CPU
Optimizing NNI: done in 58.4815 secs using 3722% CPU
Optimizing NNI: done in 36.5666 secs using 3797% CPU
Optimizing NNI: done in 50.9418 secs using 3757% CPU
Optimizing NNI: done in 72.03 secs using 3741% CPU
Optimizing NNI: done in 48.0035 secs using 3796% CPU
Optimizing NNI: done in 56.6369 secs using 3831% CPU
Iteration 30 / LogL: -3665326.860 / Time: 0h:51m:48s (2h:6m:44s left)
Optimizing NNI: done in 51.2912 secs using 3804% CPU
Optimizing NNI: done in 70.446 secs using 3788% CPU
Optimizing NNI: done in 62.4566 secs using 3797% CPU
Optimizing NNI: done in 49.3442 secs using 3828% CPU
Optimizing NNI: done in 50.2333 secs using 3763% CPU
Optimizing NNI: done in 54.2412 secs using 3788% CPU
Optimizing NNI: done in 60.3172 secs using 3761% CPU
Optimizing NNI: done in 63.6078 secs using 3776% CPU
Optimizing NNI: done in 71.2302 secs using 3796% CPU
Optimizing NNI: done in 54.0729 secs using 3788% CPU
Iteration 40 / LogL: -3665311.805 / Time: 1h:1m:43s (1h:36m:29s left)
Optimizing NNI: done in 69.1008 secs using 3775% CPU
Optimizing NNI: done in 40.5165 secs using 3760% CPU
Optimizing NNI: done in 56.8796 secs using 3793% CPU
Optimizing NNI: done in 50.5055 secs using 3811% CPU
Optimizing NNI: done in 48.1712 secs using 3833% CPU
Optimizing NNI: done in 58.2193 secs using 3833% CPU
Optimizing NNI: done in 59.3128 secs using 3845% CPU
Optimizing NNI: done in 57.1364 secs using 3806% CPU
Optimizing NNI: done in 51.1619 secs using 3813% CPU
Optimizing NNI: done in 60.3443 secs using 3796% CPU
Iteration 50 / LogL: -3665316.330 / Time: 1h:11m:2s (1h:13m:54s left)
Log-likelihood cutoff on original alignment: -3665391.640
UFBoot trees printed to 1kp/1_510/LG_UDM8opt_PMSF.ufboot
Optimizing NNI: done in 50.9295 secs using 3804% CPU
Optimizing NNI: done in 49.2776 secs using 3830% CPU
Optimizing NNI: done in 64.1566 secs using 3815% CPU
Optimizing NNI: done in 55.1786 secs using 3836% CPU
Optimizing NNI: done in 75.9617 secs using 3818% CPU
Optimizing NNI: done in 62.0932 secs using 3840% CPU
Optimizing NNI: done in 38.5292 secs using 3826% CPU
Optimizing NNI: done in 63.717 secs using 3826% CPU
Optimizing NNI: done in 65.5097 secs using 3808% CPU
Optimizing NNI: done in 55.1607 secs using 3824% CPU
Iteration 60 / LogL: -3665319.627 / Time: 1h:20m:51s (0h:56m:9s left)
Optimizing NNI: done in 72.4808 secs using 3838% CPU
Optimizing NNI: done in 50.0046 secs using 3829% CPU
Optimizing NNI: done in 54.4081 secs using 3828% CPU
Optimizing NNI: done in 65.6524 secs using 3804% CPU
Optimizing NNI: done in 44.2651 secs using 3822% CPU
Optimizing NNI: done in 47.5547 secs using 3858% CPU
Optimizing NNI: done in 56.8855 secs using 3811% CPU
Optimizing NNI: done in 51.4092 secs using 3818% CPU
Optimizing NNI: done in 56.562 secs using 3839% CPU
Optimizing NNI: done in 59.1104 secs using 3828% CPU
Iteration 70 / LogL: -3665313.893 / Time: 1h:30m:17s (0h:40m:32s left)
Optimizing NNI: done in 51.2909 secs using 3828% CPU
Optimizing NNI: done in 64.7944 secs using 3798% CPU
Optimizing NNI: done in 64.9892 secs using 3778% CPU
Optimizing NNI: done in 45.5483 secs using 3796% CPU
Optimizing NNI: done in 54.0406 secs using 3808% CPU
Optimizing NNI: done in 70.4269 secs using 3823% CPU
Optimizing NNI: done in 69.4113 secs using 3793% CPU
Optimizing NNI: done in 54.3517 secs using 3720% CPU
Optimizing NNI: done in 59.8658 secs using 3812% CPU
Optimizing NNI: done in 57.8184 secs using 3796% CPU
Iteration 80 / LogL: -3665327.702 / Time: 1h:40m:17s (0h:26m:38s left)
Optimizing NNI: done in 42.5187 secs using 3839% CPU
Optimizing NNI: done in 50.3716 secs using 3845% CPU
Optimizing NNI: done in 68.0325 secs using 3852% CPU
Optimizing NNI: done in 56.0688 secs using 3836% CPU
Optimizing NNI: done in 45.9602 secs using 3833% CPU
Optimizing NNI: done in 45.0924 secs using 3787% CPU
Optimizing NNI: done in 46.2688 secs using 3835% CPU
Optimizing NNI: done in 52.0012 secs using 3852% CPU
Optimizing NNI: done in 71.4322 secs using 3846% CPU
Optimizing NNI: done in 66.5398 secs using 3857% CPU
Iteration 90 / LogL: -3665322.000 / Time: 1h:49m:28s (0h:13m:31s left)
Optimizing NNI: done in 45.6255 secs using 3842% CPU
Optimizing NNI: done in 64.5737 secs using 3819% CPU
Optimizing NNI: done in 58.6551 secs using 3881% CPU
Optimizing NNI: done in 56.2088 secs using 3880% CPU
Optimizing NNI: done in 47.8014 secs using 3913% CPU
Optimizing NNI: done in 46.4937 secs using 3867% CPU
Optimizing NNI: done in 54.6326 secs using 3845% CPU
Optimizing NNI: done in 63.114 secs using 3873% CPU
Optimizing NNI: done in 53.4102 secs using 3894% CPU
Optimizing NNI: done in 56.7127 secs using 3875% CPU
Iteration 100 / LogL: -3665321.802 / Time: 1h:58m:42s (0h:1m:11s left)
Log-likelihood cutoff on original alignment: -3665391.640
NOTE: Bootstrap correlation coefficient of split occurrence frequencies: 1.000
UFBoot trees printed to 1kp/1_510/LG_UDM8opt_PMSF.ufboot
Optimizing NNI: done in 57.0684 secs using 3837% CPU
Optimizing NNI: done in 64.9217 secs using 3878% CPU
TREE SEARCH COMPLETED AFTER 102 ITERATIONS / Time: 2h:0m:46s

--------------------------------------------------------------------
|                    FINALIZING TREE SEARCH                        |
--------------------------------------------------------------------
Performs final model parameters optimization
Estimate model parameters (epsilon = 0.010)
1. Initial log-likelihood: -3665311.113
Optimal log-likelihood: -3665311.113
Gamma shape alpha: 0.505
Parameters optimization took 1 rounds (4.891 sec)
BEST SCORE FOUND : -3665311.113
Empirical proportions for each category: 0.285 0.264 0.265 0.187
Site rates printed to 1kp/1_510/LG_UDM8opt_PMSF.rate
Creating bootstrap support values...
Split supports printed to NEXUS file 1kp/1_510/LG_UDM8opt_PMSF.splits.nex
Total tree length: 29.726

Total number of iterations: 102
CPU time used for tree search: 258345.262 sec (71h:45m:45s)
Wall-clock time used for tree search: 7057.560 sec (1h:57m:37s)
Total CPU time used: 263479.502 sec (73h:11m:19s)
Total wall-clock time used: 7252.694 sec (2h:0m:52s)
UFBoot trees printed to 1kp/1_510/LG_UDM8opt_PMSF.ufboot

Computing bootstrap consensus tree...
Reading input file 1kp/1_510/LG_UDM8opt_PMSF.splits.nex...
40 taxa and 84 splits.
Consensus tree written to 1kp/1_510/LG_UDM8opt_PMSF.contree
Reading input trees file 1kp/1_510/LG_UDM8opt_PMSF.contree
Log-likelihood of consensus tree: -3665313.737

Analysis results written to: 
  IQ-TREE report:                1kp/1_510/LG_UDM8opt_PMSF.iqtree
  Maximum-likelihood tree:       1kp/1_510/LG_UDM8opt_PMSF.treefile
  Likelihood distances:          1kp/1_510/LG_UDM8opt_PMSF.mldist
  Site-specific rates:           1kp/1_510/LG_UDM8opt_PMSF.rate

Ultrafast bootstrap approximation results written to:
  Split support values:          1kp/1_510/LG_UDM8opt_PMSF.splits.nex
  Consensus tree:                1kp/1_510/LG_UDM8opt_PMSF.contree
  UFBoot trees:                  1kp/1_510/LG_UDM8opt_PMSF.ufboot
  Screen log file:               1kp/1_510/LG_UDM8opt_PMSF.log

Date and Time: Sat May 10 15:14:31 2025
