IQ-TREE version 3.0.0 for Linux x86 64-bit built Apr  4 2025
Developed by Bui Quang Minh, Thomas Wong, Nhan Ly-Trong, Huaiyan Ren
Contributed by Lam-Tung Nguyen, Dominik Schrempf, Chris Bielow,
Olga Chernomor, Michael Woodhams, Diep Thi Hoang, Heiko Schmidt

Host:    rona.rsb.anu.edu.au (AVX2, FMA3, 1007 GB RAM)
Command: /data/yutong/iqtree3 -s 1kp/1kp.fasta -ft 1kp/MF.treefile -m LG+C10+G4 -safe -pre 1kp/1_infer/LG-C10fix-PMSF -n 0 -nt 40
Seed:    496252 (Using SPRNG - Scalable Parallel Random Number Generator)
Time:    Wed May  7 21:58:59 2025
Kernel:  Safe AVX+FMA - 40 threads (256 CPU cores detected)

Reading alignment file 1kp/1kp.fasta ... Fasta format detected
Reading fasta file: done in 0.0852255 secs using 99.15% CPU
Alignment most likely contains protein sequences
Constructing alignment: done in 0.209718 secs using 306.8% CPU
Alignment has 40 sequences with 103658 columns, 97826 distinct patterns
74754 parsimony-informative, 13250 singleton sites, 15653 constant sites
            Gap/Ambiguity  Composition  p-value
Analyzing sequences: done in 0.0150389 secs using 4061% CPU
   1  BFIK         27.41%    failed      0.00%
   2  BNCU         13.55%    failed      0.00%
   3  CIEA         19.10%    failed      0.00%
   4  CMEQ         13.47%    failed      0.00%
   5  CSUV         27.21%    failed      0.00%
   6  Chlre_v5.5   16.92%    failed      0.00%
   7  GTHK         18.40%    failed      0.00%
   8  HKZW         24.20%    failed      0.00%
   9  ILBQ         16.53%    failed      0.00%
  10  IYDF         17.50%    failed      0.00%
  11  JEXA         19.01%    failed      0.00%
  12  JOJQ         16.68%    failed      0.00%
  13  JVSZ         25.96%    failed      0.00%
  14  KNMB         16.28%    failed      0.00%
  15  KWGC         29.11%    failed      0.00%
  16  Klefl_v1.0    7.15%    failed      0.00%
  17  MMKU         27.49%    failed      0.00%
  18  Micpu_v3.0   25.86%    failed      0.00%
  19  OAGK          6.76%    failed      0.00%
  20  OLES         13.66%    failed      0.00%
  21  POZS         25.34%    failed      0.00%
  22  PQTO         21.02%    failed      0.00%
  23  PYHZ         19.30%    failed      0.00%
  24  QKMG         23.72%    failed      0.00%
  25  QPDY         15.05%    failed      0.00%
  26  SKYV         29.84%    failed      0.00%
  27  Selmo_v1.0   13.65%    failed      0.00%
  28  Spipo_v2      8.49%    failed      0.00%
  29  VYLQ          4.05%    failed      0.00%
  30  WDCW         24.70%    failed      0.00%
  31  WKCY          7.98%    failed      0.00%
  32  WQRD         23.20%    failed      0.00%
  33  WTDE         26.95%    failed      0.00%
  34  WWQZ         16.02%    failed      0.00%
  35  XSZI         18.21%    failed      0.00%
  36  XZME         11.12%    failed      0.00%
  37  YOXI         25.48%    failed      0.00%
  38  YPIC         24.57%    failed      0.00%
  39  ZFGK         22.51%    failed      0.00%
  40  ZUHO         17.59%    failed      0.00%
****  TOTAL        19.03%  40 sequences failed composition chi2 test (p-value<5%; df=19)

===> COMPUTING SITE FREQUENCY MODEL BASED ON TREE FILE 1kp/MF.treefile
Model LG+C10+G4 is alias for LG+POISSON+G+FMIX{C10pi1:1:0.1191344178,C10pi2:1:0.0874372456,C10pi3:1:0.1037105070,C10pi4:1:0.0922584809,C10pi5:1:0.1070492801,C10pi6:1:0.1329945166,C10pi7:1:0.0538028458,C10pi8:1:0.0691986212,C10pi9:1:0.1319937434,C10pi10:1:0.1024203429}+G4
NOTE: 24187 MB RAM is required!
1. Initial log-likelihood: -3880936.656
2. Current log-likelihood: -3861796.562
3. Current log-likelihood: -3859411.760
4. Current log-likelihood: -3859007.182
5. Current log-likelihood: -3858941.793
6. Current log-likelihood: -3858930.131
7. Current log-likelihood: -3858927.937
8. Current log-likelihood: -3858927.502
Optimal log-likelihood: -3858927.442
Mixture weights: 0.119 0.087 0.104 0.092 0.107 0.133 0.054 0.069 0.132 0.102
Gamma shape alpha: 0.490
Parameters optimization took 8 rounds (723.805 sec)
Computing posterior mean site frequencies....
Site state frequency vectors printed to 1kp/1_infer/LG-C10fix-PMSF.sitefreq

===> CONTINUE ANALYSIS USING THE INFERRED SITE FREQUENCY MODEL
NOTE: minimal branch length is reduced to 0.000000964711 for long alignment
Checking for duplicate sequences: done in 0.0441321 secs using 1111% CPU

Create initial parsimony tree by phylogenetic likelihood library (PLL)... 1.345 seconds
Model LG+C10+G4 is alias for LG+POISSON+G+FMIX{C10pi1:1:0.1191344178,C10pi2:1:0.0874372456,C10pi3:1:0.1037105070,C10pi4:1:0.0922584809,C10pi5:1:0.1070492801,C10pi6:1:0.1329945166,C10pi7:1:0.0538028458,C10pi8:1:0.0691986212,C10pi9:1:0.1319937434,C10pi10:1:0.1024203429}+G4

NOTE: 3329 MB RAM (3 GB) is required!
Estimate model parameters (epsilon = 0.010)
1. Initial log-likelihood: -3805894.774
2. Current log-likelihood: -3639150.796
3. Current log-likelihood: -3630356.044
4. Current log-likelihood: -3629821.179
5. Current log-likelihood: -3629791.171
6. Current log-likelihood: -3629789.092
7. Current log-likelihood: -3629788.957
Optimal log-likelihood: -3629788.951
Gamma shape alpha: 0.461
Parameters optimization took 7 rounds (193.654 sec)
Wrote distance file to... 
BEST SCORE FOUND : -3629788.951
Total tree length: 32.088

Total number of iterations: 0
CPU time used for tree search: 0.000 sec (0h:0m:0s)
Wall-clock time used for tree search: 0.000 sec (0h:0m:0s)
Total CPU time used: 5996.391 sec (1h:39m:56s)
Total wall-clock time used: 220.528 sec (0h:3m:40s)

Analysis results written to: 
  IQ-TREE report:                1kp/1_infer/LG-C10fix-PMSF.iqtree
  Maximum-likelihood tree:       1kp/1_infer/LG-C10fix-PMSF.treefile
  Screen log file:               1kp/1_infer/LG-C10fix-PMSF.log

Date and Time: Wed May  7 22:14:48 2025
