IQ-TREE multicore version 2.4.0 for Linux x86 64-bit built Feb  7 2025
Developed by Bui Quang Minh, Nguyen Lam Tung, Olga Chernomor, Heiko Schmidt,
Dominik Schrempf, Michael Woodhams, Ly Trong Nhan, Thomas Wong

Host:    rona.rsb.anu.edu.au (AVX2, FMA3, 1007 GB RAM)
Command: ./iqtree2 -s 1kp/1kp.fasta -ft 1kp/1_513/LG-MEOW60opt.treefile -m LGESmodel -mdef 1kp/1_513/meow1545.nex -safe -pre 1kp/1_513/LG-MEOW60opt-PMSF -n 0 -wspmr -nt 40
Seed:    181037 (Using SPRNG - Scalable Parallel Random Number Generator)
Time:    Tue May 13 18:57:04 2025
Kernel:  Safe AVX+FMA - 40 threads (256 CPU cores detected)

Reading alignment file 1kp/1kp.fasta ... Fasta format detected
Reading fasta file: done in 0.0829225 secs using 95.45% CPU
Alignment most likely contains protein sequences
Alignment has 40 sequences with 103658 columns, 97826 distinct patterns
74754 parsimony-informative, 13250 singleton sites, 15653 constant sites
            Gap/Ambiguity  Composition  p-value
Analyzing sequences: done in 0.012227 secs using 3826% CPU
   1  BFIK         27.41%    failed      0.00%
   2  BNCU         13.55%    failed      0.00%
   3  CIEA         19.10%    failed      0.00%
   4  CMEQ         13.47%    failed      0.00%
   5  CSUV         27.21%    failed      0.00%
   6  Chlre_v5.5   16.92%    failed      0.00%
   7  GTHK         18.40%    failed      0.00%
   8  HKZW         24.20%    failed      0.00%
   9  ILBQ         16.53%    failed      0.00%
  10  IYDF         17.50%    failed      0.00%
  11  JEXA         19.01%    failed      0.00%
  12  JOJQ         16.68%    failed      0.00%
  13  JVSZ         25.96%    failed      0.00%
  14  KNMB         16.28%    failed      0.00%
  15  KWGC         29.11%    failed      0.00%
  16  Klefl_v1.0    7.15%    failed      0.00%
  17  MMKU         27.49%    failed      0.00%
  18  Micpu_v3.0   25.86%    failed      0.00%
  19  OAGK          6.76%    failed      0.00%
  20  OLES         13.66%    failed      0.00%
  21  POZS         25.34%    failed      0.00%
  22  PQTO         21.02%    failed      0.00%
  23  PYHZ         19.30%    failed      0.00%
  24  QKMG         23.72%    failed      0.00%
  25  QPDY         15.05%    failed      0.00%
  26  SKYV         29.84%    failed      0.00%
  27  Selmo_v1.0   13.65%    failed      0.00%
  28  Spipo_v2      8.49%    failed      0.00%
  29  VYLQ          4.05%    failed      0.00%
  30  WDCW         24.70%    failed      0.00%
  31  WKCY          7.98%    failed      0.00%
  32  WQRD         23.20%    failed      0.00%
  33  WTDE         26.95%    failed      0.00%
  34  WWQZ         16.02%    failed      0.00%
  35  XSZI         18.21%    failed      0.00%
  36  XZME         11.12%    failed      0.00%
  37  YOXI         25.48%    failed      0.00%
  38  YPIC         24.57%    failed      0.00%
  39  ZFGK         22.51%    failed      0.00%
  40  ZUHO         17.59%    failed      0.00%
****  TOTAL        19.03%  40 sequences failed composition chi2 test (p-value<5%; df=19)

===> COMPUTING SITE FREQUENCY MODEL BASED ON TREE FILE 1kp/1_513/LG-MEOW60opt.treefile
Reading model definition file 1kp/1_513/meow1545.nex ... 89 models and 274 frequency vectors loaded
Model LGESmodel is alias for LG+G4{0.5677329687}+FMIX{EShighclass1:1.0:0.0533359756,EShighclass2:1.0:0.0436918165,EShighclass3:1.0:0.0903748590,EShighclass4:1.0:0.0678745292,EShighclass5:1.0:0.0383346148,EShighclass6:1.0:0.0709455075,EShighclass7:1.0:0.0348907748,EShighclass8:1.0:0.0573070087,EShighclass9:1.0:0.0348556588,EShighclass10:1.0:0.0138733443,EShighclass11:1.0:0.0681475073,EShighclass12:1.0:0.0157603653,EShighclass13:1.0:0.0386628709,EShighclass14:1.0:0.0388299385,EShighclass15:1.0:0.0386870785,ESlowclass1:1.0:0.0130787929,ESlowclass2:1.0:0.0003275844,ESlowclass3:1.0:0.0141767553,ESlowclass4:1.0:0.0012019148,ESlowclass5:1.0:0.0070227774,ESlowclass6:1.0:0.0031080179,ESlowclass7:1.0:0.0094021343,ESlowclass8:1.0:0.0099213777,ESlowclass9:1.0:0.0086341030,ESlowclass10:1.0:0.0078805965,ESlowclass11:1.0:0.0034338460,ESlowclass12:1.0:0.0112875009,ESlowclass13:1.0:0.0019090128,ESlowclass14:1.0:0.0029169668,ESlowclass15:1.0:0.0030173066,ESlowclass16:1.0:0.0035573633,ESlowclass17:1.0:0.0419057529,ESlowclass18:1.0:0.0011212210,ESlowclass19:1.0:0.0004992666,ESlowclass20:1.0:0.0041769495,ESlowclass21:1.0:0.0080304825,ESlowclass22:1.0:0.0037769736,ESlowclass23:1.0:0.0008060217,ESlowclass24:1.0:0.0021294628,ESlowclass25:1.0:0.0043520988,ESlowclass26:1.0:0.0051974420,ESlowclass27:1.0:0.0015077340,ESlowclass28:1.0:0.0086418692,ESlowclass29:1.0:0.0125471570,ESlowclass30:1.0:0.0032926726,ESlowclass31:1.0:0.0063344758,ESlowclass32:1.0:0.0081853664,ESlowclass33:1.0:0.0077453212,ESlowclass34:1.0:0.0054105142,ESlowclass35:1.0:0.0049694636,ESlowclass36:1.0:0.0023481151,ESlowclass37:1.0:0.0017268042,ESlowclass38:1.0:0.0012495993,ESlowclass39:1.0:0.0121464260,ESlowclass40:1.0:0.0048506108,ESlowclass41:1.0:0.0127968672,ESlowclass42:1.0:0.0174178920,ESlowclass43:1.0:0.0066631881,ESlowclass44:1.0:0.0036319764,ESlowclass45:1.0:0.0000903749}
WARNING: Your input class weight 0.000327584 is very small and may cause numerical issues
WARNING: Your input class weight 0.000499267 is very small and may cause numerical issues
WARNING: Your input class weight 0.000806022 is very small and may cause numerical issues
WARNING: Your input class weight 9.03749e-05 is very small and may cause numerical issues
NOTE: 145124 MB RAM is required!
1. Initial log-likelihood: -3785719.339
2. Current log-likelihood: -3785719.028
Optimal log-likelihood: -3785718.937
Mixture weights: 0.053 0.044 0.090 0.068 0.038 0.071 0.035 0.057 0.035 0.014 0.068 0.016 0.039 0.039 0.039 0.013 0.000 0.014 0.001 0.007 0.003 0.009 0.010 0.009 0.008 0.003 0.011 0.002 0.003 0.003 0.004 0.042 0.001 0.000 0.004 0.008 0.004 0.001 0.002 0.004 0.005 0.002 0.009 0.013 0.003 0.006 0.008 0.008 0.005 0.005 0.002 0.002 0.001 0.012 0.005 0.013 0.017 0.007 0.004 0.000
Gamma shape alpha: 0.568
Parameters optimization took 2 rounds (712.924 sec)
Computing posterior mean site frequencies....
Site state frequency vectors printed to 1kp/1_513/LG-MEOW60opt-PMSF.sitefreq

===> CONTINUE ANALYSIS USING THE INFERRED SITE FREQUENCY MODEL
NOTE: minimal branch length is reduced to 0.000000964711 for long alignment
Reading model definition file 1kp/1_513/meow1545.nex ... 89 models and 274 frequency vectors loaded

Create initial parsimony tree by phylogenetic likelihood library (PLL)... 1.850 seconds
Model LGESmodel is alias for LG+G4{0.5677329687}+FMIX{EShighclass1:1.0:0.0533359756,EShighclass2:1.0:0.0436918165,EShighclass3:1.0:0.0903748590,EShighclass4:1.0:0.0678745292,EShighclass5:1.0:0.0383346148,EShighclass6:1.0:0.0709455075,EShighclass7:1.0:0.0348907748,EShighclass8:1.0:0.0573070087,EShighclass9:1.0:0.0348556588,EShighclass10:1.0:0.0138733443,EShighclass11:1.0:0.0681475073,EShighclass12:1.0:0.0157603653,EShighclass13:1.0:0.0386628709,EShighclass14:1.0:0.0388299385,EShighclass15:1.0:0.0386870785,ESlowclass1:1.0:0.0130787929,ESlowclass2:1.0:0.0003275844,ESlowclass3:1.0:0.0141767553,ESlowclass4:1.0:0.0012019148,ESlowclass5:1.0:0.0070227774,ESlowclass6:1.0:0.0031080179,ESlowclass7:1.0:0.0094021343,ESlowclass8:1.0:0.0099213777,ESlowclass9:1.0:0.0086341030,ESlowclass10:1.0:0.0078805965,ESlowclass11:1.0:0.0034338460,ESlowclass12:1.0:0.0112875009,ESlowclass13:1.0:0.0019090128,ESlowclass14:1.0:0.0029169668,ESlowclass15:1.0:0.0030173066,ESlowclass16:1.0:0.0035573633,ESlowclass17:1.0:0.0419057529,ESlowclass18:1.0:0.0011212210,ESlowclass19:1.0:0.0004992666,ESlowclass20:1.0:0.0041769495,ESlowclass21:1.0:0.0080304825,ESlowclass22:1.0:0.0037769736,ESlowclass23:1.0:0.0008060217,ESlowclass24:1.0:0.0021294628,ESlowclass25:1.0:0.0043520988,ESlowclass26:1.0:0.0051974420,ESlowclass27:1.0:0.0015077340,ESlowclass28:1.0:0.0086418692,ESlowclass29:1.0:0.0125471570,ESlowclass30:1.0:0.0032926726,ESlowclass31:1.0:0.0063344758,ESlowclass32:1.0:0.0081853664,ESlowclass33:1.0:0.0077453212,ESlowclass34:1.0:0.0054105142,ESlowclass35:1.0:0.0049694636,ESlowclass36:1.0:0.0023481151,ESlowclass37:1.0:0.0017268042,ESlowclass38:1.0:0.0012495993,ESlowclass39:1.0:0.0121464260,ESlowclass40:1.0:0.0048506108,ESlowclass41:1.0:0.0127968672,ESlowclass42:1.0:0.0174178920,ESlowclass43:1.0:0.0066631881,ESlowclass44:1.0:0.0036319764,ESlowclass45:1.0:0.0000903749}

NOTE: 3329 MB RAM (3 GB) is required!
Estimate model parameters (epsilon = 0.010)
1. Initial log-likelihood: -3592672.339
2. Current log-likelihood: -3461279.366
3. Current log-likelihood: -3452705.668
4. Current log-likelihood: -3452526.702
5. Current log-likelihood: -3452523.214
6. Current log-likelihood: -3452523.146
Optimal log-likelihood: -3452523.145
Gamma shape alpha: 0.568
Parameters optimization took 6 rounds (55.812 sec)
Wrote distance file to... 
BEST SCORE FOUND : -3452523.145
WARNING: Switch now to '-wspr' as it is the only option for non-mixture model
Site probabilities per category printed to 1kp/1_513/LG-MEOW60opt-PMSF.siteprob
Total tree length: 32.386

Total number of iterations: 0
CPU time used for tree search: 0.000 sec (0h:0m:0s)
Wall-clock time used for tree search: 0.000 sec (0h:0m:0s)
Total CPU time used: 2187.393 sec (0h:36m:27s)
Total wall-clock time used: 86.537 sec (0h:1m:26s)

Analysis results written to: 
  IQ-TREE report:                1kp/1_513/LG-MEOW60opt-PMSF.iqtree
  Maximum-likelihood tree:       1kp/1_513/LG-MEOW60opt-PMSF.treefile
  Site probability per rate/mix: 1kp/1_513/LG-MEOW60opt-PMSF.siteprob
  Screen log file:               1kp/1_513/LG-MEOW60opt-PMSF.log

Date and Time: Tue May 13 19:10:37 2025
