IQ-TREE multicore version 2.4.0 for Linux x86 64-bit built Feb  7 2025
Developed by Bui Quang Minh, Nguyen Lam Tung, Olga Chernomor, Heiko Schmidt,
Dominik Schrempf, Michael Woodhams, Ly Trong Nhan, Thomas Wong

Host:    rona.rsb.anu.edu.au (AVX2, FMA3, 1007 GB RAM)
Command: ./iqtree2 -s 1kp/1kp.fasta -fs 1kp/1_513/GTR20-UDM8opt-PMSF.sitefreq -m GTRUDM8OPT -mdef 1kp/1_513/GTRUDM8OPT.nex -safe -pre 1kp/1_513/GTR20_UDM8opt_PMSF -wsr -bb 1000 --wbtl -nt 40
Seed:    640351 (Using SPRNG - Scalable Parallel Random Number Generator)
Time:    Tue May 13 17:05:21 2025
Kernel:  Safe AVX+FMA - 40 threads (256 CPU cores detected)

Reading alignment file 1kp/1kp.fasta ... Fasta format detected
Reading fasta file: done in 0.0721624 secs using 90.06% CPU
Alignment most likely contains protein sequences
Alignment has 40 sequences with 103658 columns, 97826 distinct patterns
74754 parsimony-informative, 13250 singleton sites, 15653 constant sites
            Gap/Ambiguity  Composition  p-value
Analyzing sequences: done in 0.0400155 secs using 2400% CPU
   1  BFIK         27.41%    failed      0.00%
   2  BNCU         13.55%    failed      0.00%
   3  CIEA         19.10%    failed      0.00%
   4  CMEQ         13.47%    failed      0.00%
   5  CSUV         27.21%    failed      0.00%
   6  Chlre_v5.5   16.92%    failed      0.00%
   7  GTHK         18.40%    failed      0.00%
   8  HKZW         24.20%    failed      0.00%
   9  ILBQ         16.53%    failed      0.00%
  10  IYDF         17.50%    failed      0.00%
  11  JEXA         19.01%    failed      0.00%
  12  JOJQ         16.68%    failed      0.00%
  13  JVSZ         25.96%    failed      0.00%
  14  KNMB         16.28%    failed      0.00%
  15  KWGC         29.11%    failed      0.00%
  16  Klefl_v1.0    7.15%    failed      0.00%
  17  MMKU         27.49%    failed      0.00%
  18  Micpu_v3.0   25.86%    failed      0.00%
  19  OAGK          6.76%    failed      0.00%
  20  OLES         13.66%    failed      0.00%
  21  POZS         25.34%    failed      0.00%
  22  PQTO         21.02%    failed      0.00%
  23  PYHZ         19.30%    failed      0.00%
  24  QKMG         23.72%    failed      0.00%
  25  QPDY         15.05%    failed      0.00%
  26  SKYV         29.84%    failed      0.00%
  27  Selmo_v1.0   13.65%    failed      0.00%
  28  Spipo_v2      8.49%    failed      0.00%
  29  VYLQ          4.05%    failed      0.00%
  30  WDCW         24.70%    failed      0.00%
  31  WKCY          7.98%    failed      0.00%
  32  WQRD         23.20%    failed      0.00%
  33  WTDE         26.95%    failed      0.00%
  34  WWQZ         16.02%    failed      0.00%
  35  XSZI         18.21%    failed      0.00%
  36  XZME         11.12%    failed      0.00%
  37  YOXI         25.48%    failed      0.00%
  38  YPIC         24.57%    failed      0.00%
  39  ZFGK         22.51%    failed      0.00%
  40  ZUHO         17.59%    failed      0.00%
****  TOTAL        19.03%  40 sequences failed composition chi2 test (p-value<5%; df=19)

Reading site-specific state frequency file 1kp/1_513/GTR20-UDM8opt-PMSF.sitefreq ...
97826 distinct per-site state frequency vectors detected
NOTE: minimal branch length is reduced to 0.000000964711 for long alignment
Reading model definition file 1kp/1_513/GTRUDM8OPT.nex ... 88 models and 222 frequency vectors loaded

Create initial parsimony tree by phylogenetic likelihood library (PLL)... 1.078 seconds
Generating 1000 samples for ultrafast bootstrap (seed: 640351)...
Model GTRUDM8OPT is alias for GTRPMIX+G4{0.5966}+FMIX{UDM0008CLR_C0000:1.0:0.0816,UDM0008CLR_C0001:1.0:0.2067,UDM0008CLR_C0002:1.0:0.1524,UDM0008CLR_C0003:1.0:0.2665,UDM0008CLR_C0004:1.0:0.0461,UDM0008CLR_C0005:1.0:0.1542,UDM0008CLR_C0006:1.0:0.0516,UDM0008CLR_C0007:1.0:0.0409}

NOTE: 3702 MB RAM (3 GB) is required!
Estimate model parameters (epsilon = 0.100)
1. Initial log-likelihood: -3729864.709
2. Current log-likelihood: -3633523.000
3. Current log-likelihood: -3629688.886
4. Current log-likelihood: -3629621.846
5. Current log-likelihood: -3629620.090
Optimal log-likelihood: -3629620.044
Gamma shape alpha: 0.597
Parameters optimization took 5 rounds (50.311 sec)
Wrote distance file to... 
Computing ML distances based on estimated model parameters...
Calculating distance matrix: done in 23.682 secs using 2035% CPU
Computing ML distances took 23.701975 sec (of wall-clock time) 482.494827 sec (of CPU time)
Setting up auxiliary I and S matrices: done in 0.0538583 secs using 1819% CPU
Computing RapidNJ tree took 2.799861 sec (of wall-clock time) 52.167293 sec (of CPU time)
Log-likelihood of RapidNJ tree: -3633971.264
--------------------------------------------------------------------
|             INITIALIZING CANDIDATE TREE SET                      |
--------------------------------------------------------------------
Generating 98 parsimony trees... 279.711 second
Computing log-likelihood of 98 initial trees ... 405.610 seconds
Current best score: -3629620.044

Do NNI search on 20 best initial trees
Estimate model parameters (epsilon = 0.100)
BETTER TREE FOUND at iteration 1: -3629289.400
Estimate model parameters (epsilon = 0.100)
UPDATE BEST LOG-LIKELIHOOD: -3629271.955
Iteration 10 / LogL: -3629289.890 / Time: 0h:24m:32s
Iteration 20 / LogL: -3629344.579 / Time: 0h:34m:40s
Finish initializing candidate tree set (4)
Current best tree score: -3629271.955 / CPU time: 1920.078
Number of iterations: 20
--------------------------------------------------------------------
|               OPTIMIZING CANDIDATE TREE SET                      |
--------------------------------------------------------------------
Iteration 30 / LogL: -3629282.295 / Time: 0h:42m:40s (1h:44m:26s left)
Iteration 40 / LogL: -3629293.825 / Time: 0h:50m:32s (1h:19m:2s left)
Iteration 50 / LogL: -3629290.255 / Time: 0h:58m:34s (1h:0m:56s left)
Log-likelihood cutoff on original alignment: -3629357.031
UFBoot trees printed to 1kp/1_513/GTR20_UDM8opt_PMSF.ufboot
Iteration 60 / LogL: -3629277.095 / Time: 1h:7m:36s (0h:46m:58s left)
Iteration 70 / LogL: -3629284.784 / Time: 1h:16m:40s (0h:34m:26s left)
Iteration 80 / LogL: -3629273.326 / Time: 1h:24m:43s (0h:22m:30s left)
Iteration 90 / LogL: -3629280.497 / Time: 1h:32m:36s (0h:11m:26s left)
Iteration 100 / LogL: -3629291.749 / Time: 1h:42m:10s (0h:1m:1s left)
Log-likelihood cutoff on original alignment: -3629357.031
NOTE: Bootstrap correlation coefficient of split occurrence frequencies: 0.999
UFBoot trees printed to 1kp/1_513/GTR20_UDM8opt_PMSF.ufboot
TREE SEARCH COMPLETED AFTER 102 ITERATIONS / Time: 1h:43m:46s

--------------------------------------------------------------------
|                    FINALIZING TREE SEARCH                        |
--------------------------------------------------------------------
Performs final model parameters optimization
Estimate model parameters (epsilon = 0.010)
1. Initial log-likelihood: -3629271.955
Optimal log-likelihood: -3629271.954
Gamma shape alpha: 0.597
Parameters optimization took 1 rounds (5.152 sec)
BEST SCORE FOUND : -3629271.954
Empirical proportions for each category: 0.274 0.234 0.272 0.220
Site rates printed to 1kp/1_513/GTR20_UDM8opt_PMSF.rate
Creating bootstrap support values...
Split supports printed to NEXUS file 1kp/1_513/GTR20_UDM8opt_PMSF.splits.nex
Total tree length: 19.699

Total number of iterations: 102
CPU time used for tree search: 228564.285 sec (63h:29m:24s)
Wall-clock time used for tree search: 6066.412 sec (1h:41m:6s)
Total CPU time used: 232764.101 sec (64h:39m:24s)
Total wall-clock time used: 6232.708 sec (1h:43m:52s)
UFBoot trees printed to 1kp/1_513/GTR20_UDM8opt_PMSF.ufboot

Computing bootstrap consensus tree...
Reading input file 1kp/1_513/GTR20_UDM8opt_PMSF.splits.nex...
40 taxa and 86 splits.
Consensus tree written to 1kp/1_513/GTR20_UDM8opt_PMSF.contree
Reading input trees file 1kp/1_513/GTR20_UDM8opt_PMSF.contree
Log-likelihood of consensus tree: -3629271.954

Analysis results written to: 
  IQ-TREE report:                1kp/1_513/GTR20_UDM8opt_PMSF.iqtree
  Maximum-likelihood tree:       1kp/1_513/GTR20_UDM8opt_PMSF.treefile
  Likelihood distances:          1kp/1_513/GTR20_UDM8opt_PMSF.mldist
  Site-specific rates:           1kp/1_513/GTR20_UDM8opt_PMSF.rate

Ultrafast bootstrap approximation results written to:
  Split support values:          1kp/1_513/GTR20_UDM8opt_PMSF.splits.nex
  Consensus tree:                1kp/1_513/GTR20_UDM8opt_PMSF.contree
  UFBoot trees:                  1kp/1_513/GTR20_UDM8opt_PMSF.ufboot
  Screen log file:               1kp/1_513/GTR20_UDM8opt_PMSF.log

Date and Time: Tue May 13 18:49:47 2025
