IQ-TREE multicore version 2.4.0 for Linux x86 64-bit built Feb  7 2025
Developed by Bui Quang Minh, Nguyen Lam Tung, Olga Chernomor, Heiko Schmidt,
Dominik Schrempf, Michael Woodhams, Ly Trong Nhan, Thomas Wong

Host:    rona.rsb.anu.edu.au (AVX2, FMA3, 1007 GB RAM)
Command: ./iqtree2 -s tardigrada/matrix_40sp.fasta -m POISSON+C60+G4 -te tardigrada/paper.contree -me 0.99 -T 40 -safe -mwopt -pre tardigrada/1_infer/Poi-C60opt -prec 10
Seed:    985383 (Using SPRNG - Scalable Parallel Random Number Generator)
Time:    Mon Apr  7 16:40:50 2025
Kernel:  Safe AVX+FMA - 40 threads (256 CPU cores detected)

Reading alignment file tardigrada/matrix_40sp.fasta ... Fasta format detected
Reading fasta file: done in 0.0648749 secs using 97.37% CPU
Alignment most likely contains protein sequences
Alignment has 40 sequences with 70888 columns, 63149 distinct patterns
48785 parsimony-informative, 7670 singleton sites, 14433 constant sites
                             Gap/Ambiguity  Composition  p-value
Analyzing sequences: done in 0.00833547 secs using 3839% CPU
   1  Capitella_telata               5.00%    failed      0.00%
   2  Daphnia_magna                  9.79%    failed      0.06%
   3  Echiniscoides_sigismundi      49.39%    failed      0.00%
   4  Echiniscus_bisetosus          82.96%    failed      0.00%
   5  Echiniscus_testudo            50.24%    failed      0.00%
   6  Echinoderes_kohni             88.58%    failed      0.00%
   7  Enoplus_brevis                22.43%    failed      0.00%
   8  Epiperipatus                  56.34%    failed      0.00%
   9  Frakliniella_occidentalis      7.36%    failed      0.08%
  10  Gordius                       70.84%    failed      0.00%
  11  Halicryptus_spinolosus        13.41%    failed      0.00%
  12  Hypsibius_dujardini            3.51%    failed      0.00%
  13  Limulus_polyphemus            16.13%    failed      0.00%
  14  Manduca_sexta                  9.59%    failed      0.00%
  15  Meiopriapulus                 26.75%    failed      0.00%
  16  Mesobiotus_philippinicus      19.72%    failed      0.00%
  17  Milnesium_tardigradum         59.56%    failed      0.00%
  18  Neodiprion_lecontei            4.62%    failed      0.01%
  19  Ooperipatellus                72.91%    failed      0.00%
  20  Opisthopatus_kwazululandi     26.52%    failed      0.00%
  21  Paeneus_vanammei              12.28%    failed      0.00%
  22  Pamacea_canaliculata           5.42%    failed      0.02%
  23  Paragordius_varius            71.38%    failed      0.00%
  24  Parasteatoda_tepidariorum      3.65%    failed      0.00%
  25  Peripatoides                  73.44%    failed      0.00%
  26  Peripatoides_novaezelandiae   16.34%    failed      0.00%
  27  Peripatopsis_capensis         37.07%    failed      0.00%
  28  Pleomothra                    21.78%    failed      0.00%
  29  Pontonema_vulgare             24.88%    failed      0.00%
  30  Priapulus_caudatus            13.43%    failed      0.00%
  31  Prionchulus_punctatus         13.90%    failed      0.00%
  32  Pycnophyes                    76.53%    failed      0.00%
  33  Ramazzottius_varieornatus      3.20%    failed      0.00%
  34  Richtersius_coronifer          6.00%    failed      0.00%
  35  Romanomermis_culicivorax      36.04%    failed      0.00%
  36  Stegodyphus_mimosarum         15.16%    failed      0.00%
  37  Strigamia_maritima            13.05%    failed      0.00%
  38  Tachypleu                      8.55%    failed      0.00%
  39  Tobrilus                      23.43%    failed      0.00%
  40  Xiphinema_index               27.20%    failed      0.00%
WARNING: 10 sequences contain more than 50% gaps/ambiguity
****  TOTAL                         29.96%  40 sequences failed composition chi2 test (p-value<5%; df=19)
Reading input tree file tardigrada/paper.contree ...
Model POISSON+C60+G4 is alias for POISSON+POISSON+G+FMIX{C60pi1:1:0.0169698865,C60pi2:1:0.0211683374,C60pi3:1:0.0276589079,C60pi4:1:0.0065675964,C60pi5:1:0.0141221416,C60pi6:1:0.0068774834,C60pi7:1:0.0146909701,C60pi8:1:0.0067225777,C60pi9:1:0.0018396660,C60pi10:1:0.0102547197,C60pi11:1:0.0230896163,C60pi12:1:0.0057941033,C60pi13:1:0.0125394534,C60pi14:1:0.0204526478,C60pi15:1:0.0070629602,C60pi16:1:0.0117982741,C60pi17:1:0.0068334668,C60pi18:1:0.0433775839,C60pi19:1:0.0318278731,C60pi20:1:0.0222546108,C60pi21:1:0.0102264969,C60pi22:1:0.0150545891,C60pi23:1:0.0134159878,C60pi24:1:0.0148552065,C60pi25:1:0.0239111516,C60pi26:1:0.0128776278,C60pi27:1:0.0222318842,C60pi28:1:0.0247444742,C60pi29:1:0.0214274810,C60pi30:1:0.0115001882,C60pi31:1:0.0076017389,C60pi32:1:0.0130258568,C60pi33:1:0.0093701965,C60pi34:1:0.0467194264,C60pi35:1:0.0441940314,C60pi36:1:0.0322263154,C60pi37:1:0.0402999891,C60pi38:1:0.0150234227,C60pi39:1:0.0104589903,C60pi40:1:0.0214742395,C60pi41:1:0.0154957836,C60pi42:1:0.0101789953,C60pi43:1:0.0227980379,C60pi44:1:0.0123204539,C60pi45:1:0.0066777583,C60pi46:1:0.0004150083,C60pi47:1:0.0344385130,C60pi48:1:0.0113663379,C60pi49:1:0.0127143049,C60pi50:1:0.0124323741,C60pi51:1:0.0262124415,C60pi52:1:0.0064994957,C60pi53:1:0.0103203293,C60pi54:1:0.0142463512,C60pi55:1:0.0215600067,C60pi56:1:0.0199150700,C60pi57:1:0.0038964200,C60pi58:1:0.0113448855,C60pi59:1:0.0128595846,C60pi60:1:0.0117656776}+G4
WARNING: Your input class weight 0.000415008 is very small and may cause numerical issues

NOTE: 93694 MB RAM (91 GB) is required!
Estimate model parameters (epsilon = 0.990)
1. Initial log-likelihood: -2231069.058
2. Current log-likelihood: -2221978.021
3. Current log-likelihood: -2221624.009
4. Current log-likelihood: -2221474.582
5. Current log-likelihood: -2221441.532
6. Current log-likelihood: -2221434.694
7. Current log-likelihood: -2221419.011
8. Current log-likelihood: -2221415.962
9. Current log-likelihood: -2221414.067
10. Current log-likelihood: -2221412.639
11. Current log-likelihood: -2221411.466
Optimal log-likelihood: -2221410.925
Mixture weights: 0.019 0.032 0.024 0.010 0.015 0.010 0.009 0.010 0.003 0.016 0.044 0.008 0.010 0.012 0.000 0.010 0.011 0.035 0.027 0.015 0.007 0.013 0.013 0.022 0.022 0.010 0.033 0.023 0.015 0.015 0.016 0.014 0.008 0.050 0.035 0.028 0.021 0.023 0.009 0.031 0.009 0.006 0.047 0.010 0.004 0.000 0.015 0.008 0.016 0.006 0.029 0.010 0.010 0.018 0.027 0.027 0.002 0.015 0.008 0.005
Gamma shape alpha: 0.601
Parameters optimization took 11 rounds (1251.015 sec)
WARNING: The mixture model might be overfitting because some mixture weights are estimated close to zero
Wrote distance file to... 
BEST SCORE FOUND : -2221410.925
Total tree length: 13.109

Total number of iterations: 0
CPU time used for tree search: 0.000 sec (0h:0m:0s)
Wall-clock time used for tree search: 0.000 sec (0h:0m:0s)
Total CPU time used: 38787.320 sec (10h:46m:27s)
Total wall-clock time used: 1251.129 sec (0h:20m:51s)

Analysis results written to: 
  IQ-TREE report:                tardigrada/1_infer/Poi-C60opt.iqtree
  Maximum-likelihood tree:       tardigrada/1_infer/Poi-C60opt.treefile
  Screen log file:               tardigrada/1_infer/Poi-C60opt.log

Date and Time: Mon Apr  7 17:01:47 2025
