IQ-TREE multicore version 2.4.0 for Linux x86 64-bit built Feb  7 2025
Developed by Bui Quang Minh, Nguyen Lam Tung, Olga Chernomor, Heiko Schmidt,
Dominik Schrempf, Michael Woodhams, Ly Trong Nhan, Thomas Wong

Host:    rona.rsb.anu.edu.au (AVX2, FMA3, 1007 GB RAM)
Command: ./iqtree2 -s 1kp/1kp.fasta -m GTR20+ESmodel+G4 --link-exchange --init-exchange LG -mdef 1kp/1_513/meow0307.nex -te 1kp/lgc60pmsf.contree -me 0.99 -safe -pre 1kp/1_513/GTR20-MEOW10opt -prec 10 -nt 40
Seed:    288086 (Using SPRNG - Scalable Parallel Random Number Generator)
Time:    Wed May 14 01:02:29 2025
Kernel:  Safe AVX+FMA - 40 threads (256 CPU cores detected)

Reading alignment file 1kp/1kp.fasta ... Fasta format detected
Reading fasta file: done in 0.0835387 secs using 90.11% CPU
Alignment most likely contains protein sequences
Alignment has 40 sequences with 103658 columns, 97826 distinct patterns
74754 parsimony-informative, 13250 singleton sites, 15653 constant sites
            Gap/Ambiguity  Composition  p-value
Analyzing sequences: done in 0.0348251 secs using 2859% CPU
   1  BFIK         27.41%    failed      0.00%
   2  BNCU         13.55%    failed      0.00%
   3  CIEA         19.10%    failed      0.00%
   4  CMEQ         13.47%    failed      0.00%
   5  CSUV         27.21%    failed      0.00%
   6  Chlre_v5.5   16.92%    failed      0.00%
   7  GTHK         18.40%    failed      0.00%
   8  HKZW         24.20%    failed      0.00%
   9  ILBQ         16.53%    failed      0.00%
  10  IYDF         17.50%    failed      0.00%
  11  JEXA         19.01%    failed      0.00%
  12  JOJQ         16.68%    failed      0.00%
  13  JVSZ         25.96%    failed      0.00%
  14  KNMB         16.28%    failed      0.00%
  15  KWGC         29.11%    failed      0.00%
  16  Klefl_v1.0    7.15%    failed      0.00%
  17  MMKU         27.49%    failed      0.00%
  18  Micpu_v3.0   25.86%    failed      0.00%
  19  OAGK          6.76%    failed      0.00%
  20  OLES         13.66%    failed      0.00%
  21  POZS         25.34%    failed      0.00%
  22  PQTO         21.02%    failed      0.00%
  23  PYHZ         19.30%    failed      0.00%
  24  QKMG         23.72%    failed      0.00%
  25  QPDY         15.05%    failed      0.00%
  26  SKYV         29.84%    failed      0.00%
  27  Selmo_v1.0   13.65%    failed      0.00%
  28  Spipo_v2      8.49%    failed      0.00%
  29  VYLQ          4.05%    failed      0.00%
  30  WDCW         24.70%    failed      0.00%
  31  WKCY          7.98%    failed      0.00%
  32  WQRD         23.20%    failed      0.00%
  33  WTDE         26.95%    failed      0.00%
  34  WWQZ         16.02%    failed      0.00%
  35  XSZI         18.21%    failed      0.00%
  36  XZME         11.12%    failed      0.00%
  37  YOXI         25.48%    failed      0.00%
  38  YPIC         24.57%    failed      0.00%
  39  ZFGK         22.51%    failed      0.00%
  40  ZUHO         17.59%    failed      0.00%
****  TOTAL        19.03%  40 sequences failed composition chi2 test (p-value<5%; df=19)
NOTE: minimal branch length is reduced to 0.000000964711 for long alignment
Reading model definition file 1kp/1_513/meow0307.nex ... 89 models and 224 frequency vectors loaded
Reading input tree file 1kp/lgc60pmsf.contree ...
Model GTR20+ESmodel+G4 is alias for GTR20+FMIX{EShighclass1,EShighclass2,EShighclass3,ESlowclass1,ESlowclass2,ESlowclass3,ESlowclass4,ESlowclass5,ESlowclass6,ESlowclass7}+G4

NOTE: 24187 MB RAM (23 GB) is required!
Estimate model parameters (epsilon = 0.990)
1. Initial log-likelihood: -3909819.441
Restart estimation at the boundary... multiplying all values down
Restart estimation at the boundary... multiplying all values down
2. Current log-likelihood: -3814091.379
Restart estimation at the boundary... multiplying all values up
Restart estimation at the boundary... multiplying all values up
Restart estimation at the boundary... multiplying all values up
3. Current log-likelihood: -3807328.366
Restart estimation at the boundary... multiplying all values up
Restart estimation at the boundary... multiplying all values up
Restart estimation at the boundary... multiplying all values up
4. Current log-likelihood: -3806855.759
5. Current log-likelihood: -3806651.968
6. Current log-likelihood: -3806613.281
7. Current log-likelihood: -3806609.126
8. Current log-likelihood: -3806607.763
Optimal log-likelihood: -3806606.702
Mixture weights: 0.367 0.215 0.185 0.088 0.044 0.029 0.017 0.022 0.012 0.020
Gamma shape alpha: 0.604
Parameters optimization took 8 rounds (66059.840 sec)
Wrote distance file to... 
BEST SCORE FOUND : -3806606.702
Total tree length: 20.693

Total number of iterations: 0
CPU time used for tree search: 0.000 sec (0h:0m:0s)
Wall-clock time used for tree search: 0.000 sec (0h:0m:0s)
Total CPU time used: 2260932.544 sec (628h:2m:12s)
Total wall-clock time used: 66059.969 sec (18h:20m:59s)

Analysis results written to: 
  IQ-TREE report:                1kp/1_513/GTR20-MEOW10opt.iqtree
  Maximum-likelihood tree:       1kp/1_513/GTR20-MEOW10opt.treefile
  Screen log file:               1kp/1_513/GTR20-MEOW10opt.log
  GTRPMIX nex file:              1kp/1_513/GTR20-MEOW10opt.GTRPMIX.nex

Date and Time: Wed May 14 19:23:32 2025
