IQ-TREE multicore version 2.4.0 for Linux x86 64-bit built Feb  7 2025
Developed by Bui Quang Minh, Nguyen Lam Tung, Olga Chernomor, Heiko Schmidt,
Dominik Schrempf, Michael Woodhams, Ly Trong Nhan, Thomas Wong

Host:    rona.rsb.anu.edu.au (AVX2, FMA3, 1007 GB RAM)
Command: ./iqtree2 -s 1kp/1kp.fasta -fs 1kp/1_infer/GTR20-MEOW10opt-PMSF.sitefreq -m GTRMEOW10OPT -mdef 1kp/1_infer/GTRMEOW10OPT.nex -safe -pre 1kp/1_infer/GTR20-_MEOW10opt-_PMSF -wsr -bb 1000 --wbtl -nt 40
Seed:    364740 (Using SPRNG - Scalable Parallel Random Number Generator)
Time:    Sat May 17 03:49:02 2025
Kernel:  Safe AVX+FMA - 40 threads (256 CPU cores detected)

Reading alignment file 1kp/1kp.fasta ... Fasta format detected
Reading fasta file: done in 0.0719843 secs using 85.72% CPU
Alignment most likely contains protein sequences
Alignment has 40 sequences with 103658 columns, 97826 distinct patterns
74754 parsimony-informative, 13250 singleton sites, 15653 constant sites
            Gap/Ambiguity  Composition  p-value
Analyzing sequences: done in 0.0128655 secs using 3559% CPU
   1  BFIK         27.41%    failed      0.00%
   2  BNCU         13.55%    failed      0.00%
   3  CIEA         19.10%    failed      0.00%
   4  CMEQ         13.47%    failed      0.00%
   5  CSUV         27.21%    failed      0.00%
   6  Chlre_v5.5   16.92%    failed      0.00%
   7  GTHK         18.40%    failed      0.00%
   8  HKZW         24.20%    failed      0.00%
   9  ILBQ         16.53%    failed      0.00%
  10  IYDF         17.50%    failed      0.00%
  11  JEXA         19.01%    failed      0.00%
  12  JOJQ         16.68%    failed      0.00%
  13  JVSZ         25.96%    failed      0.00%
  14  KNMB         16.28%    failed      0.00%
  15  KWGC         29.11%    failed      0.00%
  16  Klefl_v1.0    7.15%    failed      0.00%
  17  MMKU         27.49%    failed      0.00%
  18  Micpu_v3.0   25.86%    failed      0.00%
  19  OAGK          6.76%    failed      0.00%
  20  OLES         13.66%    failed      0.00%
  21  POZS         25.34%    failed      0.00%
  22  PQTO         21.02%    failed      0.00%
  23  PYHZ         19.30%    failed      0.00%
  24  QKMG         23.72%    failed      0.00%
  25  QPDY         15.05%    failed      0.00%
  26  SKYV         29.84%    failed      0.00%
  27  Selmo_v1.0   13.65%    failed      0.00%
  28  Spipo_v2      8.49%    failed      0.00%
  29  VYLQ          4.05%    failed      0.00%
  30  WDCW         24.70%    failed      0.00%
  31  WKCY          7.98%    failed      0.00%
  32  WQRD         23.20%    failed      0.00%
  33  WTDE         26.95%    failed      0.00%
  34  WWQZ         16.02%    failed      0.00%
  35  XSZI         18.21%    failed      0.00%
  36  XZME         11.12%    failed      0.00%
  37  YOXI         25.48%    failed      0.00%
  38  YPIC         24.57%    failed      0.00%
  39  ZFGK         22.51%    failed      0.00%
  40  ZUHO         17.59%    failed      0.00%
****  TOTAL        19.03%  40 sequences failed composition chi2 test (p-value<5%; df=19)

Reading site-specific state frequency file 1kp/1_infer/GTR20-MEOW10opt-PMSF.sitefreq ...
97826 distinct per-site state frequency vectors detected
NOTE: minimal branch length is reduced to 0.000000964711 for long alignment
Reading model definition file 1kp/1_infer/GTRMEOW10OPT.nex ... 89 models and 224 frequency vectors loaded

Create initial parsimony tree by phylogenetic likelihood library (PLL)... 1.165 seconds
Generating 1000 samples for ultrafast bootstrap (seed: 364740)...
Model GTRMEOW10OPT is alias for GTRPMIX+G4{0.6036}+FMIX{EShighclass1:1.0:0.3666398741,EShighclass2:1.0:0.2152706819,EShighclass3:1.0:0.1847903488,ESlowclass1:1.0:0.0880586138,ESlowclass2:1.0:0.0443716132,ESlowclass3:1.0:0.0294506231,ESlowclass4:1.0:0.0170207238,ESlowclass5:1.0:0.0222553522,ESlowclass6:1.0:0.0120724176,ESlowclass7:1.0:0.0200697515}

NOTE: 3702 MB RAM (3 GB) is required!
Estimate model parameters (epsilon = 0.100)
1. Initial log-likelihood: -3737237.029
2. Current log-likelihood: -3636040.149
3. Current log-likelihood: -3632001.325
4. Current log-likelihood: -3631936.727
5. Current log-likelihood: -3631935.222
Optimal log-likelihood: -3631935.187
Gamma shape alpha: 0.604
Parameters optimization took 5 rounds (37.532 sec)
Wrote distance file to... 
Computing ML distances based on estimated model parameters...
Calculating distance matrix: done in 33.0594 secs using 2526% CPU
Computing ML distances took 33.075053 sec (of wall-clock time) 835.522286 sec (of CPU time)
Setting up auxiliary I and S matrices: done in 0.0317732 secs using 2572% CPU
Computing RapidNJ tree took 1.955838 sec (of wall-clock time) 52.386816 sec (of CPU time)
Log-likelihood of RapidNJ tree: -3636107.878
--------------------------------------------------------------------
|             INITIALIZING CANDIDATE TREE SET                      |
--------------------------------------------------------------------
Generating 98 parsimony trees... 138.599 second
Computing log-likelihood of 98 initial trees ... 289.740 seconds
Current best score: -3631935.187

Do NNI search on 20 best initial trees
Estimate model parameters (epsilon = 0.100)
BETTER TREE FOUND at iteration 1: -3631346.353
Estimate model parameters (epsilon = 0.100)
BETTER TREE FOUND at iteration 2: -3631291.671
Iteration 10 / LogL: -3631526.512 / Time: 0h:17m:19s
Iteration 20 / LogL: -3631355.732 / Time: 0h:26m:6s
Finish initializing candidate tree set (2)
Current best tree score: -3631291.671 / CPU time: 1442.745
Number of iterations: 20
--------------------------------------------------------------------
|               OPTIMIZING CANDIDATE TREE SET                      |
--------------------------------------------------------------------
Iteration 30 / LogL: -3631291.871 / Time: 0h:34m:7s (1h:24m:40s left)
Iteration 40 / LogL: -3631291.980 / Time: 0h:42m:56s (1h:8m:13s left)
Iteration 50 / LogL: -3631348.325 / Time: 0h:52m:16s (0h:55m:26s left)
Log-likelihood cutoff on original alignment: -3631405.657
UFBoot trees printed to 1kp/1_infer/GTR20-_MEOW10opt-_PMSF.ufboot
Iteration 60 / LogL: -3631293.827 / Time: 1h:1m:32s (0h:43m:47s left)
Iteration 70 / LogL: -3631294.318 / Time: 1h:9m:47s (0h:32m:21s left)
Iteration 80 / LogL: -3631294.001 / Time: 1h:19m:17s (0h:22m:4s left)
Iteration 90 / LogL: -3631300.618 / Time: 1h:28m:52s (0h:11m:58s left)
Iteration 100 / LogL: -3631330.581 / Time: 1h:38m:27s (0h:1m:59s left)
Log-likelihood cutoff on original alignment: -3631405.657
NOTE: Bootstrap correlation coefficient of split occurrence frequencies: 1.000
UFBoot trees printed to 1kp/1_infer/GTR20-_MEOW10opt-_PMSF.ufboot
TREE SEARCH COMPLETED AFTER 103 ITERATIONS / Time: 1h:40m:55s

--------------------------------------------------------------------
|                    FINALIZING TREE SEARCH                        |
--------------------------------------------------------------------
Performs final model parameters optimization
Estimate model parameters (epsilon = 0.010)
1. Initial log-likelihood: -3631291.671
Optimal log-likelihood: -3631291.671
Gamma shape alpha: 0.604
Parameters optimization took 1 rounds (5.490 sec)
BEST SCORE FOUND : -3631291.671
Empirical proportions for each category: 0.273 0.237 0.270 0.221
Site rates printed to 1kp/1_infer/GTR20-_MEOW10opt-_PMSF.rate
Creating bootstrap support values...
Split supports printed to NEXUS file 1kp/1_infer/GTR20-_MEOW10opt-_PMSF.splits.nex
Total tree length: 20.130

Total number of iterations: 103
CPU time used for tree search: 210474.508 sec (58h:27m:54s)
Wall-clock time used for tree search: 5931.930 sec (1h:38m:51s)
Total CPU time used: 213891.299 sec (59h:24m:51s)
Total wall-clock time used: 6061.945 sec (1h:41m:1s)
UFBoot trees printed to 1kp/1_infer/GTR20-_MEOW10opt-_PMSF.ufboot

Computing bootstrap consensus tree...
Reading input file 1kp/1_infer/GTR20-_MEOW10opt-_PMSF.splits.nex...
40 taxa and 86 splits.
Consensus tree written to 1kp/1_infer/GTR20-_MEOW10opt-_PMSF.contree
Reading input trees file 1kp/1_infer/GTR20-_MEOW10opt-_PMSF.contree
Log-likelihood of consensus tree: -3631291.671

Analysis results written to: 
  IQ-TREE report:                1kp/1_infer/GTR20-_MEOW10opt-_PMSF.iqtree
  Maximum-likelihood tree:       1kp/1_infer/GTR20-_MEOW10opt-_PMSF.treefile
  Likelihood distances:          1kp/1_infer/GTR20-_MEOW10opt-_PMSF.mldist
  Site-specific rates:           1kp/1_infer/GTR20-_MEOW10opt-_PMSF.rate

Ultrafast bootstrap approximation results written to:
  Split support values:          1kp/1_infer/GTR20-_MEOW10opt-_PMSF.splits.nex
  Consensus tree:                1kp/1_infer/GTR20-_MEOW10opt-_PMSF.contree
  UFBoot trees:                  1kp/1_infer/GTR20-_MEOW10opt-_PMSF.ufboot
  Screen log file:               1kp/1_infer/GTR20-_MEOW10opt-_PMSF.log

Date and Time: Sat May 17 05:30:41 2025
