IQ-TREE version 3.0.0 for Linux x86 64-bit built Apr  4 2025
Developed by Bui Quang Minh, Thomas Wong, Nhan Ly-Trong, Huaiyan Ren
Contributed by Lam-Tung Nguyen, Dominik Schrempf, Chris Bielow,
Olga Chernomor, Michael Woodhams, Diep Thi Hoang, Heiko Schmidt

Host:    rona.rsb.anu.edu.au (AVX2, FMA3, 1007 GB RAM)
Command: /data/yutong/iqtree3 -s 1kp/1kp.fasta -fs 1kp/1_infer/POISSON-UDM64HOC-PMSF.sitefreq -m Poisson+UDM0064CLR+G4 -mdef tardigrada/1_infer/udm_hogenom_0064_clr_iqtree.nex -safe --wbtl -wsr -bb 1000 -pre 1kp/1_infer/POISSON_UDM64HOC_PMSF -nt 40
Seed:    815882 (Using SPRNG - Scalable Parallel Random Number Generator)
Time:    Thu May  8 05:31:43 2025
Kernel:  Safe AVX+FMA - 40 threads (256 CPU cores detected)

Reading alignment file 1kp/1kp.fasta ... Fasta format detected
Reading fasta file: done in 0.0738332 secs using 83.04% CPU
Alignment most likely contains protein sequences
Constructing alignment: done in 0.196883 secs using 331.6% CPU
Alignment has 40 sequences with 103658 columns, 97826 distinct patterns
74754 parsimony-informative, 13250 singleton sites, 15653 constant sites
            Gap/Ambiguity  Composition  p-value
Analyzing sequences: done in 0.00923139 secs using 3448% CPU
   1  BFIK         27.41%    failed      0.00%
   2  BNCU         13.55%    failed      0.00%
   3  CIEA         19.10%    failed      0.00%
   4  CMEQ         13.47%    failed      0.00%
   5  CSUV         27.21%    failed      0.00%
   6  Chlre_v5.5   16.92%    failed      0.00%
   7  GTHK         18.40%    failed      0.00%
   8  HKZW         24.20%    failed      0.00%
   9  ILBQ         16.53%    failed      0.00%
  10  IYDF         17.50%    failed      0.00%
  11  JEXA         19.01%    failed      0.00%
  12  JOJQ         16.68%    failed      0.00%
  13  JVSZ         25.96%    failed      0.00%
  14  KNMB         16.28%    failed      0.00%
  15  KWGC         29.11%    failed      0.00%
  16  Klefl_v1.0    7.15%    failed      0.00%
  17  MMKU         27.49%    failed      0.00%
  18  Micpu_v3.0   25.86%    failed      0.00%
  19  OAGK          6.76%    failed      0.00%
  20  OLES         13.66%    failed      0.00%
  21  POZS         25.34%    failed      0.00%
  22  PQTO         21.02%    failed      0.00%
  23  PYHZ         19.30%    failed      0.00%
  24  QKMG         23.72%    failed      0.00%
  25  QPDY         15.05%    failed      0.00%
  26  SKYV         29.84%    failed      0.00%
  27  Selmo_v1.0   13.65%    failed      0.00%
  28  Spipo_v2      8.49%    failed      0.00%
  29  VYLQ          4.05%    failed      0.00%
  30  WDCW         24.70%    failed      0.00%
  31  WKCY          7.98%    failed      0.00%
  32  WQRD         23.20%    failed      0.00%
  33  WTDE         26.95%    failed      0.00%
  34  WWQZ         16.02%    failed      0.00%
  35  XSZI         18.21%    failed      0.00%
  36  XZME         11.12%    failed      0.00%
  37  YOXI         25.48%    failed      0.00%
  38  YPIC         24.57%    failed      0.00%
  39  ZFGK         22.51%    failed      0.00%
  40  ZUHO         17.59%    failed      0.00%
****  TOTAL        19.03%  40 sequences failed composition chi2 test (p-value<5%; df=19)

Reading site-specific state frequency file 1kp/1_infer/POISSON-UDM64HOC-PMSF.sitefreq ...
97826 distinct per-site state frequency vectors detected
NOTE: minimal branch length is reduced to 0.000000964711 for long alignment
Checking for duplicate sequences: done in 0.12769 secs using 469.8% CPU
Reading model definition file tardigrada/1_infer/udm_hogenom_0064_clr_iqtree.nex ... 88 models and 278 frequency vectors loaded

Create initial parsimony tree by phylogenetic likelihood library (PLL)... 2.557 seconds
Generating 1000 samples for ultrafast bootstrap (seed: 815882)...
Model Poisson+UDM0064CLR+G4 is alias for Poisson+FMIX{UDM0064CLR_C0000:1.0:0.02727713454628415,UDM0064CLR_C0001:1.0:0.026957736839103404,UDM0064CLR_C0002:1.0:0.023113557291963724,UDM0064CLR_C0003:1.0:0.02249472423430103,UDM0064CLR_C0004:1.0:0.021604973478583242,UDM0064CLR_C0005:1.0:0.02141675697256602,UDM0064CLR_C0006:1.0:0.020934808646552217,UDM0064CLR_C0007:1.0:0.02056407916500314,UDM0064CLR_C0008:1.0:0.020187646152968686,UDM0064CLR_C0009:1.0:0.020002281412194147,UDM0064CLR_C0010:1.0:0.019956653168311186,UDM0064CLR_C0011:1.0:0.01959447898249016,UDM0064CLR_C0012:1.0:0.019454742485598586,UDM0064CLR_C0013:1.0:0.019352078936861916,UDM0064CLR_C0014:1.0:0.018830205897450523,UDM0064CLR_C0015:1.0:0.018738949409684593,UDM0064CLR_C0016:1.0:0.018542177607939313,UDM0064CLR_C0017:1.0:0.018405292876290422,UDM0064CLR_C0018:1.0:0.018148634004448754,UDM0064CLR_C0019:1.0:0.017968972794159585,UDM0064CLR_C0020:1.0:0.01772657274853134,UDM0064CLR_C0021:1.0:0.01708777733416985,UDM0064CLR_C0022:1.0:0.016799749044658644,UDM0064CLR_C0023:1.0:0.01648605486796327,UDM0064CLR_C0024:1.0:0.01589573946272743,UDM0064CLR_C0025:1.0:0.015713226487195572,UDM0064CLR_C0026:1.0:0.015701819426224832,UDM0064CLR_C0027:1.0:0.01565619118234187,UDM0064CLR_C0028:1.0:0.01551930645069298,UDM0064CLR_C0029:1.0:0.015419494667198996,UDM0064CLR_C0030:1.0:0.015399532310500199,UDM0064CLR_C0031:1.0:0.015140021673415844,UDM0064CLR_C0032:1.0:0.015105800490503621,UDM0064CLR_C0033:1.0:0.015057320481377973,UDM0064CLR_C0034:1.0:0.01495750869788399,UDM0064CLR_C0035:1.0:0.014840586322933896,UDM0064CLR_C0036:1.0:0.01477214395710945,UDM0064CLR_C0037:1.0:0.0145696686248788,UDM0064CLR_C0038:1.0:0.01450407802429704,UDM0064CLR_C0039:1.0:0.014392859179832317,UDM0064CLR_C0040:1.0:0.014324416814007871,UDM0064CLR_C0041:1.0:0.014284492100610278,UDM0064CLR_C0042:1.0:0.013962242628186848,UDM0064CLR_C0043:1.0:0.01385387554896481,UDM0064CLR_C0044:1.0:0.01354303313751212,UDM0064CLR_C0045:1.0:0.013255004848000913,UDM0064CLR_C0046:1.0:0.012921348314606741,UDM0064CLR_C0047:1.0:0.012761649461016369,UDM0064CLR_C0048:1.0:0.012507842354417384,UDM0064CLR_C0049:1.0:0.012311070552672105,UDM0064CLR_C0050:1.0:0.012065818741801175,UDM0064CLR_C0051:1.0:0.011700792790737467,UDM0064CLR_C0052:1.0:0.011640905720641076,UDM0064CLR_C0053:1.0:0.011372839787828666,UDM0064CLR_C0054:1.0:0.010742599669195232,UDM0064CLR_C0055:1.0:0.010582900815604859,UDM0064CLR_C0056:1.0:0.01045742314492671,UDM0064CLR_C0057:1.0:0.010349056065704671,UDM0064CLR_C0058:1.0:0.010229281925511893,UDM0064CLR_C0059:1.0:0.0096874465294017,UDM0064CLR_C0060:1.0:0.009328124108823362,UDM0064CLR_C0061:1.0:0.009040095819312154,UDM0064CLR_C0062:1.0:0.0077881708777733415,UDM0064CLR_C0063:1.0:0.006998231905549535}+G4

NOTE: 3702 MB RAM (3 GB) is required!
Estimate model parameters (epsilon = 0.100)
1. Initial log-likelihood: -3581536.453
2. Current log-likelihood: -3491605.202
3. Current log-likelihood: -3489186.506
4. Current log-likelihood: -3489135.625
5. Current log-likelihood: -3489133.633
Optimal log-likelihood: -3489133.559
Gamma shape alpha: 0.617
Parameters optimization took 5 rounds (59.142 sec)
Wrote distance file to... 
Computing ML distances based on estimated model parameters...
Calculating distance matrix: done in 14.2209 secs using 1716% CPU
Computing ML distances took 14.240593 sec (of wall-clock time) 244.751854 sec (of CPU time)
Setting up auxiliary I and S matrices: done in 0.00100869 secs using 113.9% CPU
Constructing RapidNJ tree: done in 0.000597818 secs using 346.8% CPU
Computing RapidNJ tree took 0.001823 sec (of wall-clock time) 0.003850 sec (of CPU time)
Log-likelihood of RapidNJ tree: -3494442.623
--------------------------------------------------------------------
|             INITIALIZING CANDIDATE TREE SET                      |
--------------------------------------------------------------------
Generating 98 parsimony trees... 282.168 second
Computing log-likelihood of 98 initial trees ... 345.562 seconds
Current best score: -3489133.559

Do NNI search on 20 best initial trees
Optimizing NNI: done in 39.0194 secs using 3500% CPU
Estimate model parameters (epsilon = 0.100)
BETTER TREE FOUND at iteration 1: -3488883.487
Optimizing NNI: done in 46.0593 secs using 3861% CPU
Optimizing NNI: done in 72.3059 secs using 3869% CPU
Optimizing NNI: done in 66.9827 secs using 3891% CPU
Optimizing NNI: done in 73.5209 secs using 3915% CPU
Optimizing NNI: done in 73.2042 secs using 3915% CPU
Optimizing NNI: done in 59.9444 secs using 3916% CPU
Optimizing NNI: done in 58.3887 secs using 3913% CPU
Optimizing NNI: done in 64.55 secs using 3898% CPU
Optimizing NNI: done in 65.5034 secs using 3928% CPU
Iteration 10 / LogL: -3488944.173 / Time: 0h:23m:23s
Optimizing NNI: done in 73.7453 secs using 3890% CPU
Optimizing NNI: done in 68.7523 secs using 3899% CPU
Optimizing NNI: done in 68.4004 secs using 3918% CPU
Optimizing NNI: done in 72.5883 secs using 3937% CPU
Optimizing NNI: done in 65.0733 secs using 3927% CPU
Optimizing NNI: done in 61.1242 secs using 3921% CPU
Optimizing NNI: done in 69.1098 secs using 3910% CPU
Optimizing NNI: done in 67.9423 secs using 3931% CPU
Optimizing NNI: done in 69.5343 secs using 3918% CPU
Optimizing NNI: done in 67.1121 secs using 3928% CPU
Iteration 20 / LogL: -3488923.040 / Time: 0h:34m:54s
Finish initializing candidate tree set (4)
Current best tree score: -3488883.487 / CPU time: 1966.085
Number of iterations: 20
--------------------------------------------------------------------
|               OPTIMIZING CANDIDATE TREE SET                      |
--------------------------------------------------------------------
Optimizing NNI: done in 43.9457 secs using 3925% CPU
Optimizing NNI: done in 47.0257 secs using 3928% CPU
Optimizing NNI: done in 38.1686 secs using 3913% CPU
Optimizing NNI: done in 63.645 secs using 3909% CPU
Optimizing NNI: done in 63.2692 secs using 3924% CPU
Optimizing NNI: done in 83.1471 secs using 3919% CPU
Optimizing NNI: done in 56.2969 secs using 3923% CPU
Optimizing NNI: done in 57.8836 secs using 3912% CPU
Optimizing NNI: done in 60.6608 secs using 3920% CPU
Optimizing NNI: done in 41.6731 secs using 3902% CPU
Iteration 30 / LogL: -3488902.476 / Time: 0h:44m:18s (1h:48m:21s left)
Optimizing NNI: done in 65.0878 secs using 3926% CPU
Optimizing NNI: done in 68.4199 secs using 3923% CPU
Optimizing NNI: done in 64.9085 secs using 3924% CPU
Optimizing NNI: done in 56.8039 secs using 3933% CPU
Optimizing NNI: done in 66.9661 secs using 3914% CPU
Optimizing NNI: done in 50.0385 secs using 3912% CPU
Optimizing NNI: done in 89.2274 secs using 3928% CPU
Optimizing NNI: done in 58.0419 secs using 3922% CPU
Optimizing NNI: done in 61.2193 secs using 3932% CPU
Optimizing NNI: done in 60.8274 secs using 3931% CPU
Iteration 40 / LogL: -3488885.601 / Time: 0h:55m:7s (1h:26m:9s left)
Optimizing NNI: done in 59.0876 secs using 3936% CPU
Optimizing NNI: done in 78.4453 secs using 3939% CPU
Optimizing NNI: done in 39.6991 secs using 3931% CPU
Optimizing NNI: done in 53.0823 secs using 3935% CPU
Optimizing NNI: done in 64.2605 secs using 3907% CPU
Optimizing NNI: done in 51.9454 secs using 3922% CPU
Optimizing NNI: done in 46.326 secs using 3915% CPU
Optimizing NNI: done in 62.6485 secs using 3920% CPU
Optimizing NNI: done in 51.6384 secs using 3941% CPU
Optimizing NNI: done in 55.9336 secs using 3916% CPU
Iteration 50 / LogL: -3488932.234 / Time: 1h:4m:38s (1h:7m:14s left)
Log-likelihood cutoff on original alignment: -3488971.442
UFBoot trees printed to 1kp/1_infer/POISSON_UDM64HOC_PMSF.ufboot
Optimizing NNI: done in 45.3506 secs using 3925% CPU
Optimizing NNI: done in 41.0544 secs using 3926% CPU
Optimizing NNI: done in 45.4319 secs using 3937% CPU
Optimizing NNI: done in 38.0356 secs using 3957% CPU
Optimizing NNI: done in 59.937 secs using 3960% CPU
Optimizing NNI: done in 49.821 secs using 3941% CPU
Optimizing NNI: done in 64.9525 secs using 3949% CPU
Optimizing NNI: done in 53.7274 secs using 3948% CPU
Optimizing NNI: done in 41.6877 secs using 3943% CPU
Optimizing NNI: done in 52.0671 secs using 3953% CPU
Iteration 60 / LogL: -3488886.553 / Time: 1h:12m:58s (0h:50m:40s left)
Optimizing NNI: done in 50.6762 secs using 3954% CPU
Optimizing NNI: done in 48.0719 secs using 3956% CPU
Optimizing NNI: done in 44.5175 secs using 3953% CPU
Optimizing NNI: done in 44.9517 secs using 3945% CPU
Optimizing NNI: done in 54.2944 secs using 3897% CPU
Optimizing NNI: done in 62.607 secs using 3948% CPU
Optimizing NNI: done in 40.0668 secs using 3953% CPU
Optimizing NNI: done in 47.5887 secs using 3961% CPU
Optimizing NNI: done in 51.5787 secs using 3945% CPU
Optimizing NNI: done in 52.5285 secs using 3931% CPU
Iteration 70 / LogL: -3488884.909 / Time: 1h:21m:21s (0h:36m:31s left)
Optimizing NNI: done in 43.2509 secs using 3921% CPU
Optimizing NNI: done in 53.376 secs using 3929% CPU
Optimizing NNI: done in 63.3574 secs using 3921% CPU
Optimizing NNI: done in 33.6247 secs using 3921% CPU
Optimizing NNI: done in 67.6926 secs using 3902% CPU
Optimizing NNI: done in 46.6602 secs using 3921% CPU
Optimizing NNI: done in 64.6822 secs using 3911% CPU
Optimizing NNI: done in 44.4 secs using 3941% CPU
Optimizing NNI: done in 42.1892 secs using 3928% CPU
Optimizing NNI: done in 47.0585 secs using 3948% CPU
Iteration 80 / LogL: -3488884.743 / Time: 1h:29m:54s (0h:23m:53s left)
Optimizing NNI: done in 57.824 secs using 3921% CPU
Optimizing NNI: done in 53.6306 secs using 3938% CPU
Optimizing NNI: done in 53.2646 secs using 3932% CPU
Optimizing NNI: done in 44.5476 secs using 3929% CPU
Optimizing NNI: done in 55.6892 secs using 3916% CPU
Optimizing NNI: done in 61.6033 secs using 3926% CPU
Optimizing NNI: done in 56.4247 secs using 3899% CPU
Optimizing NNI: done in 53.2024 secs using 3927% CPU
Optimizing NNI: done in 39.6208 secs using 3931% CPU
Optimizing NNI: done in 55.861 secs using 3947% CPU
Iteration 90 / LogL: -3488904.843 / Time: 1h:38m:53s (0h:12m:12s left)
Optimizing NNI: done in 45.5522 secs using 3942% CPU
Optimizing NNI: done in 35.6502 secs using 3941% CPU
Optimizing NNI: done in 54.6405 secs using 3931% CPU
Optimizing NNI: done in 41.3191 secs using 3954% CPU
Optimizing NNI: done in 42.1961 secs using 3955% CPU
Optimizing NNI: done in 58.2609 secs using 3950% CPU
Optimizing NNI: done in 63.4096 secs using 3950% CPU
Optimizing NNI: done in 50.655 secs using 3945% CPU
Optimizing NNI: done in 61.1459 secs using 3942% CPU
Optimizing NNI: done in 41.6975 secs using 3949% CPU
Iteration 100 / LogL: -3488887.469 / Time: 1h:47m:14s (0h:1m:4s left)
Log-likelihood cutoff on original alignment: -3488968.686
NOTE: Bootstrap correlation coefficient of split occurrence frequencies: 1.000
UFBoot trees printed to 1kp/1_infer/POISSON_UDM64HOC_PMSF.ufboot
Optimizing NNI: done in 48.4159 secs using 3927% CPU
Optimizing NNI: done in 46.2471 secs using 3939% CPU
TREE SEARCH COMPLETED AFTER 102 ITERATIONS / Time: 1h:48m:51s

--------------------------------------------------------------------
|                    FINALIZING TREE SEARCH                        |
--------------------------------------------------------------------
Performs final model parameters optimization
Estimate model parameters (epsilon = 0.010)
1. Initial log-likelihood: -3488883.487
Optimal log-likelihood: -3488883.486
Gamma shape alpha: 0.616
Parameters optimization took 1 rounds (8.544 sec)
BEST SCORE FOUND : -3488883.486
Empirical proportions for each category: 0.260 0.219 0.280 0.241
Site rates printed to 1kp/1_infer/POISSON_UDM64HOC_PMSF.rate
Creating bootstrap support values...
Split supports printed to NEXUS file 1kp/1_infer/POISSON_UDM64HOC_PMSF.splits.nex
Total tree length: 19.439

Total number of iterations: 102
CPU time used for tree search: 240379.985 sec (66h:46m:19s)
Wall-clock time used for tree search: 6402.477 sec (1h:46m:42s)
Total CPU time used: 244372.028 sec (67h:52m:52s)
Total wall-clock time used: 6540.432 sec (1h:49m:0s)
UFBoot trees printed to 1kp/1_infer/POISSON_UDM64HOC_PMSF.ufboot

Computing bootstrap consensus tree...
Reading input file 1kp/1_infer/POISSON_UDM64HOC_PMSF.splits.nex...
40 taxa and 89 splits.
Consensus tree written to 1kp/1_infer/POISSON_UDM64HOC_PMSF.contree
Reading input trees file 1kp/1_infer/POISSON_UDM64HOC_PMSF.contree
Log-likelihood of consensus tree: -3488883.487

Analysis results written to: 
  IQ-TREE report:                1kp/1_infer/POISSON_UDM64HOC_PMSF.iqtree
  Maximum-likelihood tree:       1kp/1_infer/POISSON_UDM64HOC_PMSF.treefile
  Likelihood distances:          1kp/1_infer/POISSON_UDM64HOC_PMSF.mldist
  Site-specific rates:           1kp/1_infer/POISSON_UDM64HOC_PMSF.rate

Ultrafast bootstrap approximation results written to:
  Split support values:          1kp/1_infer/POISSON_UDM64HOC_PMSF.splits.nex
  Consensus tree:                1kp/1_infer/POISSON_UDM64HOC_PMSF.contree
  UFBoot trees:                  1kp/1_infer/POISSON_UDM64HOC_PMSF.ufboot
  Screen log file:               1kp/1_infer/POISSON_UDM64HOC_PMSF.log

Date and Time: Thu May  8 07:21:17 2025
