IQ-TREE version 3.0.0 for Linux x86 64-bit built Apr  4 2025
Developed by Bui Quang Minh, Thomas Wong, Nhan Ly-Trong, Huaiyan Ren
Contributed by Lam-Tung Nguyen, Dominik Schrempf, Chris Bielow,
Olga Chernomor, Michael Woodhams, Diep Thi Hoang, Heiko Schmidt

Host:    rona.rsb.anu.edu.au (AVX2, FMA3, 1007 GB RAM)
Command: /data/yutong/iqtree3 -s tardigrada/matrix_40sp.fasta -ft tardigrada/1_infer/LG-MEOW120opt.treefile -m LGESmodel -mdef tardigrada/1_infer/meow9030.nex -safe -pre tardigrada/1_infer/LG-MEOW120opt-PMSF -n 0 -nt 40
Seed:    405540 (Using SPRNG - Scalable Parallel Random Number Generator)
Time:    Fri Apr 25 18:27:29 2025
Kernel:  Safe AVX+FMA - 40 threads (256 CPU cores detected)

Reading alignment file tardigrada/matrix_40sp.fasta ... Fasta format detected
Reading fasta file: done in 0.0681465 secs using 91.04% CPU
Alignment most likely contains protein sequences
Constructing alignment: done in 0.13058 secs using 471.5% CPU
Alignment has 40 sequences with 70888 columns, 63149 distinct patterns
48785 parsimony-informative, 7670 singleton sites, 14433 constant sites
                             Gap/Ambiguity  Composition  p-value
Analyzing sequences: done in 0.00671138 secs using 4460% CPU
   1  Capitella_telata               5.00%    failed      0.00%
   2  Daphnia_magna                  9.79%    failed      0.06%
   3  Echiniscoides_sigismundi      49.39%    failed      0.00%
   4  Echiniscus_bisetosus          82.96%    failed      0.00%
   5  Echiniscus_testudo            50.24%    failed      0.00%
   6  Echinoderes_kohni             88.58%    failed      0.00%
   7  Enoplus_brevis                22.43%    failed      0.00%
   8  Epiperipatus                  56.34%    failed      0.00%
   9  Frakliniella_occidentalis      7.36%    failed      0.08%
  10  Gordius                       70.84%    failed      0.00%
  11  Halicryptus_spinolosus        13.41%    failed      0.00%
  12  Hypsibius_dujardini            3.51%    failed      0.00%
  13  Limulus_polyphemus            16.13%    failed      0.00%
  14  Manduca_sexta                  9.59%    failed      0.00%
  15  Meiopriapulus                 26.75%    failed      0.00%
  16  Mesobiotus_philippinicus      19.72%    failed      0.00%
  17  Milnesium_tardigradum         59.56%    failed      0.00%
  18  Neodiprion_lecontei            4.62%    failed      0.01%
  19  Ooperipatellus                72.91%    failed      0.00%
  20  Opisthopatus_kwazululandi     26.52%    failed      0.00%
  21  Paeneus_vanammei              12.28%    failed      0.00%
  22  Pamacea_canaliculata           5.42%    failed      0.02%
  23  Paragordius_varius            71.38%    failed      0.00%
  24  Parasteatoda_tepidariorum      3.65%    failed      0.00%
  25  Peripatoides                  73.44%    failed      0.00%
  26  Peripatoides_novaezelandiae   16.34%    failed      0.00%
  27  Peripatopsis_capensis         37.07%    failed      0.00%
  28  Pleomothra                    21.78%    failed      0.00%
  29  Pontonema_vulgare             24.88%    failed      0.00%
  30  Priapulus_caudatus            13.43%    failed      0.00%
  31  Prionchulus_punctatus         13.90%    failed      0.00%
  32  Pycnophyes                    76.53%    failed      0.00%
  33  Ramazzottius_varieornatus      3.20%    failed      0.00%
  34  Richtersius_coronifer          6.00%    failed      0.00%
  35  Romanomermis_culicivorax      36.04%    failed      0.00%
  36  Stegodyphus_mimosarum         15.16%    failed      0.00%
  37  Strigamia_maritima            13.05%    failed      0.00%
  38  Tachypleu                      8.55%    failed      0.00%
  39  Tobrilus                      23.43%    failed      0.00%
  40  Xiphinema_index               27.20%    failed      0.00%
WARNING: 10 sequences contain more than 50% gaps/ambiguity
****  TOTAL                         29.96%  40 sequences failed composition chi2 test (p-value<5%; df=19)

===> COMPUTING SITE FREQUENCY MODEL BASED ON TREE FILE tardigrada/1_infer/LG-MEOW120opt.treefile
Reading model definition file tardigrada/1_infer/meow9030.nex ... 87 models and 334 frequency vectors loaded
Model LGESmodel is alias for LG+G4{0.9983501244}+FMIX{EShighclass1:1.0:0.0037873378,EShighclass2:1.0:0.0000866415,EShighclass3:1.0:0.0048928316,EShighclass4:1.0:0.0063420557,EShighclass5:1.0:0.0023067202,EShighclass6:1.0:0.0041463577,EShighclass7:1.0:0.0071528156,EShighclass8:1.0:0.0046829963,EShighclass9:1.0:0.0000001011,EShighclass10:1.0:0.0017439303,EShighclass11:1.0:0.0068098492,EShighclass12:1.0:0.0009039379,EShighclass13:1.0:0.0114159260,EShighclass14:1.0:0.0036056247,EShighclass15:1.0:0.0043083557,EShighclass16:1.0:0.0041092217,EShighclass17:1.0:0.0062463925,EShighclass18:1.0:0.0045694773,EShighclass19:1.0:0.0024911603,EShighclass20:1.0:0.0281568149,EShighclass21:1.0:0.0031619250,EShighclass22:1.0:0.0152897619,EShighclass23:1.0:0.0085753751,EShighclass24:1.0:0.0057905407,EShighclass25:1.0:0.0046445844,EShighclass26:1.0:0.0062531103,EShighclass27:1.0:0.0040399930,EShighclass28:1.0:0.0036293539,EShighclass29:1.0:0.0147109973,EShighclass30:1.0:0.0027931411,EShighclass31:1.0:0.0056737449,EShighclass32:1.0:0.0025812924,EShighclass33:1.0:0.0026949393,EShighclass34:1.0:0.0038866449,EShighclass35:1.0:0.0083518195,EShighclass36:1.0:0.0003036886,EShighclass37:1.0:0.0027116512,EShighclass38:1.0:0.0014174937,EShighclass39:1.0:0.0030411700,EShighclass40:1.0:0.0072645135,EShighclass41:1.0:0.0091667877,EShighclass42:1.0:0.0031554135,EShighclass43:1.0:0.0040406988,EShighclass44:1.0:0.0028831774,EShighclass45:1.0:0.0056985057,EShighclass46:1.0:0.0050774702,EShighclass47:1.0:0.0109766301,EShighclass48:1.0:0.0027592142,EShighclass49:1.0:0.0613430773,EShighclass50:1.0:0.0175092417,EShighclass51:1.0:0.0050515318,EShighclass52:1.0:0.0018380099,EShighclass53:1.0:0.0197245450,EShighclass54:1.0:0.0106542544,EShighclass55:1.0:0.0141852684,EShighclass56:1.0:0.0061387255,EShighclass57:1.0:0.0022894702,EShighclass58:1.0:0.0045914507,EShighclass59:1.0:0.0040532744,EShighclass60:1.0:0.0078259540,EShighclass61:1.0:0.0034467804,EShighclass62:1.0:0.0103458010,EShighclass63:1.0:0.0049556230,EShighclass64:1.0:0.0044948448,EShighclass65:1.0:0.0023316762,EShighclass66:1.0:0.0217709314,EShighclass67:1.0:0.0032889610,EShighclass68:1.0:0.0033522824,EShighclass69:1.0:0.0583515257,EShighclass70:1.0:0.0084113991,EShighclass71:1.0:0.0090607816,EShighclass72:1.0:0.0234848486,EShighclass73:1.0:0.0046334475,EShighclass74:1.0:0.0041864609,EShighclass75:1.0:0.0133101641,EShighclass76:1.0:0.0059121000,EShighclass77:1.0:0.0003085358,EShighclass78:1.0:0.0073098312,EShighclass79:1.0:0.0160797474,EShighclass80:1.0:0.0039869097,EShighclass81:1.0:0.1010657979,EShighclass82:1.0:0.0035484786,EShighclass83:1.0:0.0049088366,EShighclass84:1.0:0.0210664803,EShighclass85:1.0:0.0188795560,EShighclass86:1.0:0.0055142123,EShighclass87:1.0:0.0029067450,EShighclass88:1.0:0.0147542406,EShighclass89:1.0:0.0865710175,EShighclass90:1.0:0.0035830543,ESlowclass1:1.0:0.0064379498,ESlowclass2:1.0:0.0041680920,ESlowclass3:1.0:0.0018335545,ESlowclass4:1.0:0.0042206390,ESlowclass5:1.0:0.0034018449,ESlowclass6:1.0:0.0056929467,ESlowclass7:1.0:0.0045826881,ESlowclass8:1.0:0.0018296715,ESlowclass9:1.0:0.0037119213,ESlowclass10:1.0:0.0008647818,ESlowclass11:1.0:0.0008627409,ESlowclass12:1.0:0.0049150381,ESlowclass13:1.0:0.0000001011,ESlowclass14:1.0:0.0024289034,ESlowclass15:1.0:0.0055915914,ESlowclass16:1.0:0.0038995107,ESlowclass17:1.0:0.0008596613,ESlowclass18:1.0:0.0016462852,ESlowclass19:1.0:0.0003254995,ESlowclass20:1.0:0.0095330785,ESlowclass21:1.0:0.0012814280,ESlowclass22:1.0:0.0029955509,ESlowclass23:1.0:0.0010729712,ESlowclass24:1.0:0.0083383900,ESlowclass25:1.0:0.0011223292,ESlowclass26:1.0:0.0063142733,ESlowclass27:1.0:0.0068935212,ESlowclass28:1.0:0.0142738625,ESlowclass29:1.0:0.0054420471,ESlowclass30:1.0:0.0001010658}
WARNING: Your input class weight 8.66415e-05 is very small and may cause numerical issues
WARNING: Your input class weight 1.011e-07 is very small and may cause numerical issues
WARNING: Your input class weight 0.000903938 is very small and may cause numerical issues
WARNING: Your input class weight 0.000303689 is very small and may cause numerical issues
WARNING: Your input class weight 0.000308536 is very small and may cause numerical issues
WARNING: Your input class weight 0.000864782 is very small and may cause numerical issues
WARNING: Your input class weight 0.000862741 is very small and may cause numerical issues
WARNING: Your input class weight 1.011e-07 is very small and may cause numerical issues
WARNING: Your input class weight 0.000859661 is very small and may cause numerical issues
WARNING: Your input class weight 0.000325499 is very small and may cause numerical issues
WARNING: Your input class weight 0.000101066 is very small and may cause numerical issues
WARNING: Normalizing State frequencies so that sum of them equals to 1
WARNING: Normalizing State frequencies so that sum of them equals to 1
WARNING: Normalizing State frequencies so that sum of them equals to 1
NOTE: 187389 MB RAM is required!
1. Initial log-likelihood: -2153989.835
Optimal log-likelihood: -2153989.747
Mixture weights: 0.004 0.000 0.005 0.006 0.002 0.004 0.007 0.005 0.000 0.002 0.007 0.001 0.011 0.004 0.004 0.004 0.006 0.005 0.002 0.028 0.003 0.015 0.009 0.006 0.005 0.006 0.004 0.004 0.015 0.003 0.006 0.003 0.003 0.004 0.008 0.000 0.003 0.001 0.003 0.007 0.009 0.003 0.004 0.003 0.006 0.005 0.011 0.003 0.061 0.018 0.005 0.002 0.020 0.011 0.014 0.006 0.002 0.005 0.004 0.008 0.003 0.010 0.005 0.004 0.002 0.022 0.003 0.003 0.058 0.008 0.009 0.023 0.005 0.004 0.013 0.006 0.000 0.007 0.016 0.004 0.101 0.004 0.005 0.021 0.019 0.006 0.003 0.015 0.087 0.004 0.006 0.004 0.002 0.004 0.003 0.006 0.005 0.002 0.004 0.001 0.001 0.005 0.000 0.002 0.006 0.004 0.001 0.002 0.000 0.010 0.001 0.003 0.001 0.008 0.001 0.006 0.007 0.014 0.005 0.000
Gamma shape alpha: 0.998
Parameters optimization took 1 rounds (205.009 sec)
Computing posterior mean site frequencies....
Site state frequency vectors printed to tardigrada/1_infer/LG-MEOW120opt-PMSF.sitefreq

===> CONTINUE ANALYSIS USING THE INFERRED SITE FREQUENCY MODEL
Checking for duplicate sequences: done in 0.0143544 secs using 2221% CPU
Reading model definition file tardigrada/1_infer/meow9030.nex ... 87 models and 334 frequency vectors loaded

Create initial parsimony tree by phylogenetic likelihood library (PLL)... 0.878 seconds
Model LGESmodel is alias for LG+G4{0.9983501244}+FMIX{EShighclass1:1.0:0.0037873378,EShighclass2:1.0:0.0000866415,EShighclass3:1.0:0.0048928316,EShighclass4:1.0:0.0063420557,EShighclass5:1.0:0.0023067202,EShighclass6:1.0:0.0041463577,EShighclass7:1.0:0.0071528156,EShighclass8:1.0:0.0046829963,EShighclass9:1.0:0.0000001011,EShighclass10:1.0:0.0017439303,EShighclass11:1.0:0.0068098492,EShighclass12:1.0:0.0009039379,EShighclass13:1.0:0.0114159260,EShighclass14:1.0:0.0036056247,EShighclass15:1.0:0.0043083557,EShighclass16:1.0:0.0041092217,EShighclass17:1.0:0.0062463925,EShighclass18:1.0:0.0045694773,EShighclass19:1.0:0.0024911603,EShighclass20:1.0:0.0281568149,EShighclass21:1.0:0.0031619250,EShighclass22:1.0:0.0152897619,EShighclass23:1.0:0.0085753751,EShighclass24:1.0:0.0057905407,EShighclass25:1.0:0.0046445844,EShighclass26:1.0:0.0062531103,EShighclass27:1.0:0.0040399930,EShighclass28:1.0:0.0036293539,EShighclass29:1.0:0.0147109973,EShighclass30:1.0:0.0027931411,EShighclass31:1.0:0.0056737449,EShighclass32:1.0:0.0025812924,EShighclass33:1.0:0.0026949393,EShighclass34:1.0:0.0038866449,EShighclass35:1.0:0.0083518195,EShighclass36:1.0:0.0003036886,EShighclass37:1.0:0.0027116512,EShighclass38:1.0:0.0014174937,EShighclass39:1.0:0.0030411700,EShighclass40:1.0:0.0072645135,EShighclass41:1.0:0.0091667877,EShighclass42:1.0:0.0031554135,EShighclass43:1.0:0.0040406988,EShighclass44:1.0:0.0028831774,EShighclass45:1.0:0.0056985057,EShighclass46:1.0:0.0050774702,EShighclass47:1.0:0.0109766301,EShighclass48:1.0:0.0027592142,EShighclass49:1.0:0.0613430773,EShighclass50:1.0:0.0175092417,EShighclass51:1.0:0.0050515318,EShighclass52:1.0:0.0018380099,EShighclass53:1.0:0.0197245450,EShighclass54:1.0:0.0106542544,EShighclass55:1.0:0.0141852684,EShighclass56:1.0:0.0061387255,EShighclass57:1.0:0.0022894702,EShighclass58:1.0:0.0045914507,EShighclass59:1.0:0.0040532744,EShighclass60:1.0:0.0078259540,EShighclass61:1.0:0.0034467804,EShighclass62:1.0:0.0103458010,EShighclass63:1.0:0.0049556230,EShighclass64:1.0:0.0044948448,EShighclass65:1.0:0.0023316762,EShighclass66:1.0:0.0217709314,EShighclass67:1.0:0.0032889610,EShighclass68:1.0:0.0033522824,EShighclass69:1.0:0.0583515257,EShighclass70:1.0:0.0084113991,EShighclass71:1.0:0.0090607816,EShighclass72:1.0:0.0234848486,EShighclass73:1.0:0.0046334475,EShighclass74:1.0:0.0041864609,EShighclass75:1.0:0.0133101641,EShighclass76:1.0:0.0059121000,EShighclass77:1.0:0.0003085358,EShighclass78:1.0:0.0073098312,EShighclass79:1.0:0.0160797474,EShighclass80:1.0:0.0039869097,EShighclass81:1.0:0.1010657979,EShighclass82:1.0:0.0035484786,EShighclass83:1.0:0.0049088366,EShighclass84:1.0:0.0210664803,EShighclass85:1.0:0.0188795560,EShighclass86:1.0:0.0055142123,EShighclass87:1.0:0.0029067450,EShighclass88:1.0:0.0147542406,EShighclass89:1.0:0.0865710175,EShighclass90:1.0:0.0035830543,ESlowclass1:1.0:0.0064379498,ESlowclass2:1.0:0.0041680920,ESlowclass3:1.0:0.0018335545,ESlowclass4:1.0:0.0042206390,ESlowclass5:1.0:0.0034018449,ESlowclass6:1.0:0.0056929467,ESlowclass7:1.0:0.0045826881,ESlowclass8:1.0:0.0018296715,ESlowclass9:1.0:0.0037119213,ESlowclass10:1.0:0.0008647818,ESlowclass11:1.0:0.0008627409,ESlowclass12:1.0:0.0049150381,ESlowclass13:1.0:0.0000001011,ESlowclass14:1.0:0.0024289034,ESlowclass15:1.0:0.0055915914,ESlowclass16:1.0:0.0038995107,ESlowclass17:1.0:0.0008596613,ESlowclass18:1.0:0.0016462852,ESlowclass19:1.0:0.0003254995,ESlowclass20:1.0:0.0095330785,ESlowclass21:1.0:0.0012814280,ESlowclass22:1.0:0.0029955509,ESlowclass23:1.0:0.0010729712,ESlowclass24:1.0:0.0083383900,ESlowclass25:1.0:0.0011223292,ESlowclass26:1.0:0.0063142733,ESlowclass27:1.0:0.0068935212,ESlowclass28:1.0:0.0142738625,ESlowclass29:1.0:0.0054420471,ESlowclass30:1.0:0.0001010658}

NOTE: 2149 MB RAM (2 GB) is required!
Estimate model parameters (epsilon = 0.010)
1. Initial log-likelihood: -2088679.456
2. Current log-likelihood: -2017861.546
3. Current log-likelihood: -2016972.443
4. Current log-likelihood: -2016962.729
5. Current log-likelihood: -2016961.903
6. Current log-likelihood: -2016961.815
Optimal log-likelihood: -2016961.806
Gamma shape alpha: 0.998
Parameters optimization took 6 rounds (31.585 sec)
Wrote distance file to... 
BEST SCORE FOUND : -2016961.806
Total tree length: 18.263

Total number of iterations: 0
CPU time used for tree search: 0.000 sec (0h:0m:0s)
Wall-clock time used for tree search: 0.000 sec (0h:0m:0s)
Total CPU time used: 1222.725 sec (0h:20m:22s)
Total wall-clock time used: 49.735 sec (0h:0m:49s)

Analysis results written to: 
  IQ-TREE report:                tardigrada/1_infer/LG-MEOW120opt-PMSF.iqtree
  Maximum-likelihood tree:       tardigrada/1_infer/LG-MEOW120opt-PMSF.treefile
  Screen log file:               tardigrada/1_infer/LG-MEOW120opt-PMSF.log

Date and Time: Fri Apr 25 18:31:56 2025
