IQ-TREE multicore version 2.3.6.5.ml for Linux x86 64-bit built Sep 11 2024
Developed by Bui Quang Minh, Nguyen Lam Tung, Olga Chernomor, Heiko Schmidt,
Dominik Schrempf, Michael Woodhams, Ly Trong Nhan, Thomas Wong

Host:    rona.rsb.anu.edu.au (AVX2, FMA3, 1007 GB RAM)
Command: ./iqtree2 -s tradigrada/matrix_40sp.fasta -m C60+G4 -bb 1000 -pre tradigrada/1_infer/Poisson-C60fix -T 20
Seed:    161469 (Using SPRNG - Scalable Parallel Random Number Generator)
Time:    Wed Mar 12 13:56:51 2025
Kernel:  AVX+FMA - 20 threads (256 CPU cores detected)

Reading alignment file tradigrada/matrix_40sp.fasta ... Fasta format detected
Reading fasta file: done in 0.0634487 secs using 78.79% CPU
Alignment most likely contains protein sequences
Constructing alignment: done in 0.302189 secs using 144.4% CPU
Alignment has 40 sequences with 70888 columns, 63149 distinct patterns
48785 parsimony-informative, 7670 singleton sites, 14433 constant sites
                             Gap/Ambiguity  Composition  p-value
Analyzing sequences: done in 0.0195159 secs using 1705% CPU
   1  Capitella_telata               5.00%    failed      0.00%
   2  Daphnia_magna                  9.79%    failed      0.06%
   3  Echiniscoides_sigismundi      49.39%    failed      0.00%
   4  Echiniscus_bisetosus          82.96%    failed      0.00%
   5  Echiniscus_testudo            50.24%    failed      0.00%
   6  Echinoderes_kohni             88.58%    failed      0.00%
   7  Enoplus_brevis                22.43%    failed      0.00%
   8  Epiperipatus                  56.34%    failed      0.00%
   9  Frakliniella_occidentalis      7.36%    failed      0.08%
  10  Gordius                       70.84%    failed      0.00%
  11  Halicryptus_spinolosus        13.41%    failed      0.00%
  12  Hypsibius_dujardini            3.51%    failed      0.00%
  13  Limulus_polyphemus            16.13%    failed      0.00%
  14  Manduca_sexta                  9.59%    failed      0.00%
  15  Meiopriapulus                 26.75%    failed      0.00%
  16  Mesobiotus_philippinicus      19.72%    failed      0.00%
  17  Milnesium_tardigradum         59.56%    failed      0.00%
  18  Neodiprion_lecontei            4.62%    failed      0.01%
  19  Ooperipatellus                72.91%    failed      0.00%
  20  Opisthopatus_kwazululandi     26.52%    failed      0.00%
  21  Paeneus_vanammei              12.28%    failed      0.00%
  22  Pamacea_canaliculata           5.42%    failed      0.02%
  23  Paragordius_varius            71.38%    failed      0.00%
  24  Parasteatoda_tepidariorum      3.65%    failed      0.00%
  25  Peripatoides                  73.44%    failed      0.00%
  26  Peripatoides_novaezelandiae   16.34%    failed      0.00%
  27  Peripatopsis_capensis         37.07%    failed      0.00%
  28  Pleomothra                    21.78%    failed      0.00%
  29  Pontonema_vulgare             24.88%    failed      0.00%
  30  Priapulus_caudatus            13.43%    failed      0.00%
  31  Prionchulus_punctatus         13.90%    failed      0.00%
  32  Pycnophyes                    76.53%    failed      0.00%
  33  Ramazzottius_varieornatus      3.20%    failed      0.00%
  34  Richtersius_coronifer          6.00%    failed      0.00%
  35  Romanomermis_culicivorax      36.04%    failed      0.00%
  36  Stegodyphus_mimosarum         15.16%    failed      0.00%
  37  Strigamia_maritima            13.05%    failed      0.00%
  38  Tachypleu                      8.55%    failed      0.00%
  39  Tobrilus                      23.43%    failed      0.00%
  40  Xiphinema_index               27.20%    failed      0.00%
WARNING: 10 sequences contain more than 50% gaps/ambiguity
****  TOTAL                         29.96%  40 sequences failed composition chi2 test (p-value<5%; df=19)
Checking for duplicate sequences: done in 0.155747 secs using 224.3% CPU

Create initial parsimony tree by phylogenetic likelihood library (PLL)... 1.383 seconds
Generating 1000 samples for ultrafast bootstrap (seed: 161469)...
Model C60+G4 is alias for POISSON+G+FMIX{C60pi1:1:0.0169698865,C60pi2:1:0.0211683374,C60pi3:1:0.0276589079,C60pi4:1:0.0065675964,C60pi5:1:0.0141221416,C60pi6:1:0.0068774834,C60pi7:1:0.0146909701,C60pi8:1:0.0067225777,C60pi9:1:0.0018396660,C60pi10:1:0.0102547197,C60pi11:1:0.0230896163,C60pi12:1:0.0057941033,C60pi13:1:0.0125394534,C60pi14:1:0.0204526478,C60pi15:1:0.0070629602,C60pi16:1:0.0117982741,C60pi17:1:0.0068334668,C60pi18:1:0.0433775839,C60pi19:1:0.0318278731,C60pi20:1:0.0222546108,C60pi21:1:0.0102264969,C60pi22:1:0.0150545891,C60pi23:1:0.0134159878,C60pi24:1:0.0148552065,C60pi25:1:0.0239111516,C60pi26:1:0.0128776278,C60pi27:1:0.0222318842,C60pi28:1:0.0247444742,C60pi29:1:0.0214274810,C60pi30:1:0.0115001882,C60pi31:1:0.0076017389,C60pi32:1:0.0130258568,C60pi33:1:0.0093701965,C60pi34:1:0.0467194264,C60pi35:1:0.0441940314,C60pi36:1:0.0322263154,C60pi37:1:0.0402999891,C60pi38:1:0.0150234227,C60pi39:1:0.0104589903,C60pi40:1:0.0214742395,C60pi41:1:0.0154957836,C60pi42:1:0.0101789953,C60pi43:1:0.0227980379,C60pi44:1:0.0123204539,C60pi45:1:0.0066777583,C60pi46:1:0.0004150083,C60pi47:1:0.0344385130,C60pi48:1:0.0113663379,C60pi49:1:0.0127143049,C60pi50:1:0.0124323741,C60pi51:1:0.0262124415,C60pi52:1:0.0064994957,C60pi53:1:0.0103203293,C60pi54:1:0.0142463512,C60pi55:1:0.0215600067,C60pi56:1:0.0199150700,C60pi57:1:0.0038964200,C60pi58:1:0.0113448855,C60pi59:1:0.0128595846,C60pi60:1:0.0117656776}+G4
WARNING: Your input class weight 0.000415008 is very small and may cause numerical issues

NOTE: 93935 MB RAM (91 GB) is required!
WARNING: Memory required per CPU-core (4.5867 GB) is higher than your computer RAM per CPU-core (3 GB), thus multiple runs may exceed RAM!
Estimate model parameters (epsilon = 0.100)
1. Initial log-likelihood: -2274899.351
2. Current log-likelihood: -2224179.480
3. Current log-likelihood: -2223620.370
4. Current log-likelihood: -2223611.540
5. Current log-likelihood: -2223610.761
Optimal log-likelihood: -2223610.692
Mixture weights: 0.017 0.021 0.028 0.007 0.014 0.007 0.015 0.007 0.002 0.010 0.023 0.006 0.013 0.020 0.007 0.012 0.007 0.043 0.032 0.022 0.010 0.015 0.013 0.015 0.024 0.013 0.022 0.025 0.021 0.012 0.008 0.013 0.009 0.047 0.044 0.032 0.040 0.015 0.010 0.021 0.015 0.010 0.023 0.012 0.007 0.000 0.034 0.011 0.013 0.012 0.026 0.006 0.010 0.014 0.022 0.020 0.004 0.011 0.013 0.012
Gamma shape alpha: 0.603
Parameters optimization took 5 rounds (1787.498 sec)
Wrote distance file to... 
Computing ML distances based on estimated model parameters...
Calculating distance matrix: done in 0.0293539 secs using 1881% CPU
Computing ML distances took 0.082169 sec (of wall-clock time) 1.295354 sec (of CPU time)
Setting up auxiliary I and S matrices: done in 0.168187 secs using 340.7% CPU
Constructing RapidNJ tree: done in 1.93238 secs using 864.5% CPU
Computing RapidNJ tree took 2.101054 sec (of wall-clock time) 17.282925 sec (of CPU time)
Log-likelihood of RapidNJ tree: -2224386.492
--------------------------------------------------------------------
|             INITIALIZING CANDIDATE TREE SET                      |
--------------------------------------------------------------------
Generating 98 parsimony trees... 158.158 second
Computing log-likelihood of 98 initial trees ... 10215.362 seconds
Current best score: -2223610.692

Do NNI search on 20 best initial trees
Optimizing NNI: done in 768.477 secs using 1783% CPU
Estimate model parameters (epsilon = 0.100)
BETTER TREE FOUND at iteration 1: -2223449.799
Optimizing NNI: done in 1187 secs using 1722% CPU
Optimizing NNI: done in 2852.14 secs using 1572% CPU
Optimizing NNI: done in 1792.41 secs using 1710% CPU
Optimizing NNI: done in 1839.32 secs using 1759% CPU
Optimizing NNI: done in 2049.21 secs using 1805% CPU
Optimizing NNI: done in 1857.98 secs using 1799% CPU
Optimizing NNI: done in 1948.54 secs using 1802% CPU
Optimizing NNI: done in 2171.36 secs using 1793% CPU
Optimizing NNI: done in 2017.91 secs using 1736% CPU
Iteration 10 / LogL: -2223458.969 / Time: 9h:1m:7s
Optimizing NNI: done in 2006.79 secs using 1726% CPU
Optimizing NNI: done in 1320.39 secs using 1776% CPU
Optimizing NNI: done in 1764.56 secs using 1751% CPU
Optimizing NNI: done in 1826.97 secs using 1799% CPU
Optimizing NNI: done in 2229.51 secs using 1754% CPU
Optimizing NNI: done in 1632.59 secs using 1808% CPU
Optimizing NNI: done in 1730.51 secs using 1811% CPU
Optimizing NNI: done in 1729.35 secs using 1825% CPU
Optimizing NNI: done in 1359.1 secs using 1838% CPU
Optimizing NNI: done in 1620.92 secs using 1853% CPU
Iteration 20 / LogL: -2223453.590 / Time: 13h:49m:48s
Finish initializing candidate tree set (3)
Current best tree score: -2223449.799 / CPU time: 46689.979
Number of iterations: 20
--------------------------------------------------------------------
|               OPTIMIZING CANDIDATE TREE SET                      |
--------------------------------------------------------------------
Optimizing NNI: done in 1551.56 secs using 1797% CPU
Optimizing NNI: done in 1777.32 secs using 1804% CPU
Optimizing NNI: done in 1333.78 secs using 1795% CPU
Optimizing NNI: done in 1947.97 secs using 1807% CPU
Optimizing NNI: done in 2114.57 secs using 1751% CPU
Optimizing NNI: done in 2275.32 secs using 1718% CPU
Optimizing NNI: done in 2042.9 secs using 1753% CPU
Optimizing NNI: done in 1863.95 secs using 1737% CPU
Optimizing NNI: done in 1760.55 secs using 1774% CPU
Optimizing NNI: done in 1968.43 secs using 1712% CPU
Iteration 30 / LogL: -2223511.518 / Time: 19h:2m:3s (46h:36m:1s left)
Optimizing NNI: done in 2623.55 secs using 1806% CPU
Optimizing NNI: done in 1705.26 secs using 1780% CPU
Optimizing NNI: done in 2056.06 secs using 1804% CPU
Optimizing NNI: done in 1342 secs using 1823% CPU
Optimizing NNI: done in 1795.58 secs using 1758% CPU
Optimizing NNI: done in 1708.62 secs using 1856% CPU
Optimizing NNI: done in 1586.54 secs using 1846% CPU
Optimizing NNI: done in 1706.2 secs using 1767% CPU
Optimizing NNI: done in 1859.26 secs using 1637% CPU
Optimizing NNI: done in 2507.12 secs using 1617% CPU
Iteration 40 / LogL: -2223498.963 / Time: 24h:18m:46s (38h:1m:38s left)
Optimizing NNI: done in 1943.52 secs using 1722% CPU
Optimizing NNI: done in 2268.55 secs using 1754% CPU
Optimizing NNI: done in 1812.61 secs using 1809% CPU
Optimizing NNI: done in 1887.69 secs using 1858% CPU
Optimizing NNI: done in 1720.88 secs using 1753% CPU
Optimizing NNI: done in 1767.66 secs using 1806% CPU
Optimizing NNI: done in 1332.14 secs using 1793% CPU
Optimizing NNI: done in 2086.43 secs using 1813% CPU
Optimizing NNI: done in 1144.25 secs using 1761% CPU
Optimizing NNI: done in 1473.2 secs using 1774% CPU
Iteration 50 / LogL: -2223501.443 / Time: 29h:10m:55s (30h:22m:21s left)
Log-likelihood cutoff on original alignment: -2223521.188
Optimizing NNI: done in 1792.32 secs using 1698% CPU
Optimizing NNI: done in 1413.61 secs using 1763% CPU
Optimizing NNI: done in 2239.22 secs using 1640% CPU
Optimizing NNI: done in 1352.23 secs using 1696% CPU
Optimizing NNI: done in 1922.63 secs using 1679% CPU
Optimizing NNI: done in 1877.37 secs using 1758% CPU
Optimizing NNI: done in 2107.58 secs using 1682% CPU
Optimizing NNI: done in 2307.66 secs using 1621% CPU
Optimizing NNI: done in 1745.63 secs using 1757% CPU
Optimizing NNI: done in 1631.03 secs using 1709% CPU
Iteration 60 / LogL: -2223469.066 / Time: 34h:18m:49s (23h:50m:41s left)
Optimizing NNI: done in 1608.82 secs using 1731% CPU
Optimizing NNI: done in 2096.95 secs using 1715% CPU
Optimizing NNI: done in 1982.13 secs using 1663% CPU
Optimizing NNI: done in 1466.87 secs using 1661% CPU
Optimizing NNI: done in 1322.55 secs using 1673% CPU
Optimizing NNI: done in 1393.47 secs using 1596% CPU
Optimizing NNI: done in 1693.43 secs using 1650% CPU
Optimizing NNI: done in 2083.78 secs using 1635% CPU
Optimizing NNI: done in 1886.67 secs using 1706% CPU
Optimizing NNI: done in 1461.17 secs using 1710% CPU
Iteration 70 / LogL: -2223465.262 / Time: 39h:3m:35s (17h:32m:54s left)
Optimizing NNI: done in 1706.81 secs using 1619% CPU
Optimizing NNI: done in 2034.21 secs using 1713% CPU
Optimizing NNI: done in 1505.74 secs using 1743% CPU
Optimizing NNI: done in 1503.26 secs using 1719% CPU
Optimizing NNI: done in 1823.05 secs using 1736% CPU
Optimizing NNI: done in 1659.36 secs using 1658% CPU
Optimizing NNI: done in 1267.69 secs using 1612% CPU
Optimizing NNI: done in 1819.7 secs using 1741% CPU
Optimizing NNI: done in 1765.31 secs using 1725% CPU
Optimizing NNI: done in 1655.63 secs using 1583% CPU
Iteration 80 / LogL: -2223485.553 / Time: 43h:43m:59s (11h:37m:30s left)
Optimizing NNI: done in 2025.74 secs using 1681% CPU
Optimizing NNI: done in 1735.83 secs using 1715% CPU
Optimizing NNI: done in 1503.17 secs using 1628% CPU
Optimizing NNI: done in 1389.74 secs using 1743% CPU
Optimizing NNI: done in 1918.46 secs using 1732% CPU

******************************************************
CHECKPOINT: Resuming analysis from tradigrada/1_infer/Poisson-C60fix.ckp.gz

IQ-TREE multicore version 2.3.6.5.ml for Linux x86 64-bit built Sep 11 2024
Developed by Bui Quang Minh, Nguyen Lam Tung, Olga Chernomor, Heiko Schmidt,
Dominik Schrempf, Michael Woodhams, Ly Trong Nhan, Thomas Wong

Host:    rona.rsb.anu.edu.au (AVX2, FMA3, 1007 GB RAM)
Command: ./iqtree2 -s tradigrada/matrix_40sp.fasta -m C60+G4 -bb 1000 -pre tradigrada/1_infer/Poisson-C60fix -T 40
Seed:    354291 (Using SPRNG - Scalable Parallel Random Number Generator)
Time:    Thu Mar 20 13:28:52 2025
Kernel:  AVX+FMA - 40 threads (256 CPU cores detected)

WARNING: Command-line argument `40` differs from checkpoint `20`
WARNING: Command-line differs from checkpoint!
Reading alignment file tradigrada/matrix_40sp.fasta ... Fasta format detected
Reading fasta file: done in 0.276178 secs using 18.55% CPU
Alignment most likely contains protein sequences
Constructing alignment: done in 0.103344 secs using 561.1% CPU
Alignment has 40 sequences with 70888 columns, 63149 distinct patterns
48785 parsimony-informative, 7670 singleton sites, 14433 constant sites
                             Gap/Ambiguity  Composition  p-value
Analyzing sequences: done in 0.00819635 secs using 3502% CPU
   1  Capitella_telata               5.00%    failed      0.00%
   2  Daphnia_magna                  9.79%    failed      0.06%
   3  Echiniscoides_sigismundi      49.39%    failed      0.00%
   4  Echiniscus_bisetosus          82.96%    failed      0.00%
   5  Echiniscus_testudo            50.24%    failed      0.00%
   6  Echinoderes_kohni             88.58%    failed      0.00%
   7  Enoplus_brevis                22.43%    failed      0.00%
   8  Epiperipatus                  56.34%    failed      0.00%
   9  Frakliniella_occidentalis      7.36%    failed      0.08%
  10  Gordius                       70.84%    failed      0.00%
  11  Halicryptus_spinolosus        13.41%    failed      0.00%
  12  Hypsibius_dujardini            3.51%    failed      0.00%
  13  Limulus_polyphemus            16.13%    failed      0.00%
  14  Manduca_sexta                  9.59%    failed      0.00%
  15  Meiopriapulus                 26.75%    failed      0.00%
  16  Mesobiotus_philippinicus      19.72%    failed      0.00%
  17  Milnesium_tardigradum         59.56%    failed      0.00%
  18  Neodiprion_lecontei            4.62%    failed      0.01%
  19  Ooperipatellus                72.91%    failed      0.00%
  20  Opisthopatus_kwazululandi     26.52%    failed      0.00%
  21  Paeneus_vanammei              12.28%    failed      0.00%
  22  Pamacea_canaliculata           5.42%    failed      0.02%
  23  Paragordius_varius            71.38%    failed      0.00%
  24  Parasteatoda_tepidariorum      3.65%    failed      0.00%
  25  Peripatoides                  73.44%    failed      0.00%
  26  Peripatoides_novaezelandiae   16.34%    failed      0.00%
  27  Peripatopsis_capensis         37.07%    failed      0.00%
  28  Pleomothra                    21.78%    failed      0.00%
  29  Pontonema_vulgare             24.88%    failed      0.00%
  30  Priapulus_caudatus            13.43%    failed      0.00%
  31  Prionchulus_punctatus         13.90%    failed      0.00%
  32  Pycnophyes                    76.53%    failed      0.00%
  33  Ramazzottius_varieornatus      3.20%    failed      0.00%
  34  Richtersius_coronifer          6.00%    failed      0.00%
  35  Romanomermis_culicivorax      36.04%    failed      0.00%
  36  Stegodyphus_mimosarum         15.16%    failed      0.00%
  37  Strigamia_maritima            13.05%    failed      0.00%
  38  Tachypleu                      8.55%    failed      0.00%
  39  Tobrilus                      23.43%    failed      0.00%
  40  Xiphinema_index               27.20%    failed      0.00%
WARNING: 10 sequences contain more than 50% gaps/ambiguity
****  TOTAL                         29.96%  40 sequences failed composition chi2 test (p-value<5%; df=19)
Checking for duplicate sequences: done in 0.0171582 secs using 3165% CPU

CHECKPOINT: Initial tree restored
Generating 1000 samples for ultrafast bootstrap (seed: 354291)...
CHECKPOINT: 1000 UFBoot trees and 1 UFBootSplits restored
Model C60+G4 is alias for POISSON+G+FMIX{C60pi1:1:0.0169698865,C60pi2:1:0.0211683374,C60pi3:1:0.0276589079,C60pi4:1:0.0065675964,C60pi5:1:0.0141221416,C60pi6:1:0.0068774834,C60pi7:1:0.0146909701,C60pi8:1:0.0067225777,C60pi9:1:0.0018396660,C60pi10:1:0.0102547197,C60pi11:1:0.0230896163,C60pi12:1:0.0057941033,C60pi13:1:0.0125394534,C60pi14:1:0.0204526478,C60pi15:1:0.0070629602,C60pi16:1:0.0117982741,C60pi17:1:0.0068334668,C60pi18:1:0.0433775839,C60pi19:1:0.0318278731,C60pi20:1:0.0222546108,C60pi21:1:0.0102264969,C60pi22:1:0.0150545891,C60pi23:1:0.0134159878,C60pi24:1:0.0148552065,C60pi25:1:0.0239111516,C60pi26:1:0.0128776278,C60pi27:1:0.0222318842,C60pi28:1:0.0247444742,C60pi29:1:0.0214274810,C60pi30:1:0.0115001882,C60pi31:1:0.0076017389,C60pi32:1:0.0130258568,C60pi33:1:0.0093701965,C60pi34:1:0.0467194264,C60pi35:1:0.0441940314,C60pi36:1:0.0322263154,C60pi37:1:0.0402999891,C60pi38:1:0.0150234227,C60pi39:1:0.0104589903,C60pi40:1:0.0214742395,C60pi41:1:0.0154957836,C60pi42:1:0.0101789953,C60pi43:1:0.0227980379,C60pi44:1:0.0123204539,C60pi45:1:0.0066777583,C60pi46:1:0.0004150083,C60pi47:1:0.0344385130,C60pi48:1:0.0113663379,C60pi49:1:0.0127143049,C60pi50:1:0.0124323741,C60pi51:1:0.0262124415,C60pi52:1:0.0064994957,C60pi53:1:0.0103203293,C60pi54:1:0.0142463512,C60pi55:1:0.0215600067,C60pi56:1:0.0199150700,C60pi57:1:0.0038964200,C60pi58:1:0.0113448855,C60pi59:1:0.0128595846,C60pi60:1:0.0117656776}+G4
WARNING: Your input class weight 0.000415008 is very small and may cause numerical issues

NOTE: 93935 MB RAM (91 GB) is required!
CHECKPOINT: Model parameters restored, LogL: -2223449.799
Wrote distance file to... 
--------------------------------------------------------------------
|             INITIALIZING CANDIDATE TREE SET                      |
--------------------------------------------------------------------
CHECKPOINT: Candidate tree set restored, best LogL: -2223449.799
Finish initializing candidate tree set (7)
Current best tree score: -2223449.799 / CPU time: 0.000
Number of iterations: 85
--------------------------------------------------------------------
|               OPTIMIZING CANDIDATE TREE SET                      |
--------------------------------------------------------------------
Optimizing NNI: done in 416.709 secs using 3395% CPU
Optimizing NNI: done in 475.545 secs using 3731% CPU
Optimizing NNI: done in 617.362 secs using 3714% CPU
Optimizing NNI: done in 499.883 secs using 3739% CPU
Optimizing NNI: done in 617.456 secs using 3727% CPU
Iteration 90 / LogL: -2223456.961 / Time: 0h:44m:12s (0h:5m:27s left)
Optimizing NNI: done in 363.209 secs using 3679% CPU
Optimizing NNI: done in 383.716 secs using 3755% CPU
Optimizing NNI: done in 497.051 secs using 3762% CPU
Optimizing NNI: done in 503.266 secs using 3753% CPU
Optimizing NNI: done in 463.945 secs using 3728% CPU
Optimizing NNI: done in 461.977 secs using 3676% CPU
Optimizing NNI: done in 575.539 secs using 3693% CPU
Optimizing NNI: done in 492.736 secs using 3667% CPU
Optimizing NNI: done in 548.497 secs using 3640% CPU
Optimizing NNI: done in 469.816 secs using 3661% CPU
Iteration 100 / LogL: -2223473.937 / Time: 2h:3m:59s (0h:1m:15s left)
Log-likelihood cutoff on original alignment: -2223508.569
NOTE: Bootstrap correlation coefficient of split occurrence frequencies: 0.998
Optimizing NNI: done in 485.678 secs using 3669% CPU
Optimizing NNI: done in 531.737 secs using 3636% CPU
TREE SEARCH COMPLETED AFTER 102 ITERATIONS / Time: 2h:21m:2s

--------------------------------------------------------------------
|                    FINALIZING TREE SEARCH                        |
--------------------------------------------------------------------
Performs final model parameters optimization
Estimate model parameters (epsilon = 0.010)
1. Initial log-likelihood: -2223449.799
Optimal log-likelihood: -2223449.792
Mixture weights: 0.017 0.021 0.028 0.007 0.014 0.007 0.015 0.007 0.002 0.010 0.023 0.006 0.013 0.020 0.007 0.012 0.007 0.043 0.032 0.022 0.010 0.015 0.013 0.015 0.024 0.013 0.022 0.025 0.021 0.012 0.008 0.013 0.009 0.047 0.044 0.032 0.040 0.015 0.010 0.021 0.015 0.010 0.023 0.012 0.007 0.000 0.034 0.011 0.013 0.012 0.026 0.006 0.010 0.014 0.022 0.020 0.004 0.011 0.013 0.012
Gamma shape alpha: 0.603
Parameters optimization took 1 rounds (56.697 sec)
BEST SCORE FOUND : -2223449.792
Creating bootstrap support values...
Split supports printed to NEXUS file tradigrada/1_infer/Poisson-C60fix.splits.nex
Total tree length: 13.135

Total number of iterations: 102
CPU time used for tree search: 311559.432 sec (86h:32m:39s)
Wall-clock time used for tree search: 8451.555 sec (2h:20m:51s)
Total CPU time used: 313699.384 sec (87h:8m:19s)
Total wall-clock time used: 8519.395 sec (2h:21m:59s)

Computing bootstrap consensus tree...
Reading input file tradigrada/1_infer/Poisson-C60fix.splits.nex...
40 taxa and 91 splits.
Consensus tree written to tradigrada/1_infer/Poisson-C60fix.contree
Reading input trees file tradigrada/1_infer/Poisson-C60fix.contree
Log-likelihood of consensus tree: -2223449.791

Analysis results written to: 
  IQ-TREE report:                tradigrada/1_infer/Poisson-C60fix.iqtree
  Maximum-likelihood tree:       tradigrada/1_infer/Poisson-C60fix.treefile
  Likelihood distances:          tradigrada/1_infer/Poisson-C60fix.mldist

Ultrafast bootstrap approximation results written to:
  Split support values:          tradigrada/1_infer/Poisson-C60fix.splits.nex
  Consensus tree:                tradigrada/1_infer/Poisson-C60fix.contree
  Screen log file:               tradigrada/1_infer/Poisson-C60fix.log

Date and Time: Thu Mar 20 15:56:21 2025
