IQ-TREE multicore version 2.4.0 for Linux x86 64-bit built Feb  7 2025
Developed by Bui Quang Minh, Nguyen Lam Tung, Olga Chernomor, Heiko Schmidt,
Dominik Schrempf, Michael Woodhams, Ly Trong Nhan, Thomas Wong

Host:    rona.rsb.anu.edu.au (AVX2, FMA3, 1007 GB RAM)
Command: ./iqtree2 -s 1kp/1kp.fasta -fs 1kp/1_513/GTR20-UDM8fix-PMSF.sitefreq -m GTRUDM8 -mdef 1kp/1_513/GTRUDM8.nex -safe -pre 1kp/1_513/GTR20_UDM8fix_PMSF -wsr -bb 1000 --wbtl -nt 40
Seed:    197260 (Using SPRNG - Scalable Parallel Random Number Generator)
Time:    Tue May 13 11:57:03 2025
Kernel:  Safe AVX+FMA - 40 threads (256 CPU cores detected)

Reading alignment file 1kp/1kp.fasta ... Fasta format detected
Reading fasta file: done in 0.0848148 secs using 78.34% CPU
Alignment most likely contains protein sequences
Alignment has 40 sequences with 103658 columns, 97826 distinct patterns
74754 parsimony-informative, 13250 singleton sites, 15653 constant sites
            Gap/Ambiguity  Composition  p-value
Analyzing sequences: done in 0.0248876 secs using 3641% CPU
   1  BFIK         27.41%    failed      0.00%
   2  BNCU         13.55%    failed      0.00%
   3  CIEA         19.10%    failed      0.00%
   4  CMEQ         13.47%    failed      0.00%
   5  CSUV         27.21%    failed      0.00%
   6  Chlre_v5.5   16.92%    failed      0.00%
   7  GTHK         18.40%    failed      0.00%
   8  HKZW         24.20%    failed      0.00%
   9  ILBQ         16.53%    failed      0.00%
  10  IYDF         17.50%    failed      0.00%
  11  JEXA         19.01%    failed      0.00%
  12  JOJQ         16.68%    failed      0.00%
  13  JVSZ         25.96%    failed      0.00%
  14  KNMB         16.28%    failed      0.00%
  15  KWGC         29.11%    failed      0.00%
  16  Klefl_v1.0    7.15%    failed      0.00%
  17  MMKU         27.49%    failed      0.00%
  18  Micpu_v3.0   25.86%    failed      0.00%
  19  OAGK          6.76%    failed      0.00%
  20  OLES         13.66%    failed      0.00%
  21  POZS         25.34%    failed      0.00%
  22  PQTO         21.02%    failed      0.00%
  23  PYHZ         19.30%    failed      0.00%
  24  QKMG         23.72%    failed      0.00%
  25  QPDY         15.05%    failed      0.00%
  26  SKYV         29.84%    failed      0.00%
  27  Selmo_v1.0   13.65%    failed      0.00%
  28  Spipo_v2      8.49%    failed      0.00%
  29  VYLQ          4.05%    failed      0.00%
  30  WDCW         24.70%    failed      0.00%
  31  WKCY          7.98%    failed      0.00%
  32  WQRD         23.20%    failed      0.00%
  33  WTDE         26.95%    failed      0.00%
  34  WWQZ         16.02%    failed      0.00%
  35  XSZI         18.21%    failed      0.00%
  36  XZME         11.12%    failed      0.00%
  37  YOXI         25.48%    failed      0.00%
  38  YPIC         24.57%    failed      0.00%
  39  ZFGK         22.51%    failed      0.00%
  40  ZUHO         17.59%    failed      0.00%
****  TOTAL        19.03%  40 sequences failed composition chi2 test (p-value<5%; df=19)

Reading site-specific state frequency file 1kp/1_513/GTR20-UDM8fix-PMSF.sitefreq ...
97826 distinct per-site state frequency vectors detected
NOTE: minimal branch length is reduced to 0.000000964711 for long alignment
Reading model definition file 1kp/1_513/GTRUDM8.nex ... 88 models and 222 frequency vectors loaded

Create initial parsimony tree by phylogenetic likelihood library (PLL)... 1.930 seconds
Generating 1000 samples for ultrafast bootstrap (seed: 197260)...
Model GTRUDM8 is alias for GTRPMIX+G4{0.6082}+FMIX{UDM0008CLR_C0000:1.0:0.2128,UDM0008CLR_C0001:1.0:0.1570,UDM0008CLR_C0002:1.0:0.1484,UDM0008CLR_C0003:1.0:0.1154,UDM0008CLR_C0004:1.0:0.1062,UDM0008CLR_C0005:1.0:0.1061,UDM0008CLR_C0006:1.0:0.0919,UDM0008CLR_C0007:1.0:0.0622}

NOTE: 3702 MB RAM (3 GB) is required!
Estimate model parameters (epsilon = 0.100)
1. Initial log-likelihood: -3714300.694
2. Current log-likelihood: -3620727.383
3. Current log-likelihood: -3616858.979
4. Current log-likelihood: -3616789.772
5. Current log-likelihood: -3616787.871
Optimal log-likelihood: -3616787.818
Gamma shape alpha: 0.608
Parameters optimization took 5 rounds (60.447 sec)
Wrote distance file to... 
Computing ML distances based on estimated model parameters...
Calculating distance matrix: done in 29.7528 secs using 1538% CPU
Computing ML distances took 29.770255 sec (of wall-clock time) 457.974689 sec (of CPU time)
Setting up auxiliary I and S matrices: done in 0.061303 secs using 1880% CPU
Computing RapidNJ tree took 1.318375 sec (of wall-clock time) 15.996366 sec (of CPU time)
Log-likelihood of RapidNJ tree: -3620903.647
--------------------------------------------------------------------
|             INITIALIZING CANDIDATE TREE SET                      |
--------------------------------------------------------------------
Generating 98 parsimony trees... 250.796 second
Computing log-likelihood of 98 initial trees ... 639.373 seconds
Current best score: -3616787.818

Do NNI search on 20 best initial trees
Estimate model parameters (epsilon = 0.100)
BETTER TREE FOUND at iteration 1: -3616311.220
Estimate model parameters (epsilon = 0.100)
UPDATE BEST LOG-LIKELIHOOD: -3616301.415
Iteration 10 / LogL: -3616383.305 / Time: 0h:32m:24s
Iteration 20 / LogL: -3616378.706 / Time: 0h:48m:26s
Finish initializing candidate tree set (4)
Current best tree score: -3616301.415 / CPU time: 2713.129
Number of iterations: 20
--------------------------------------------------------------------
|               OPTIMIZING CANDIDATE TREE SET                      |
--------------------------------------------------------------------
Iteration 30 / LogL: -3616317.897 / Time: 1h:1m:49s (2h:31m:16s left)
Iteration 40 / LogL: -3616311.651 / Time: 1h:13m:34s (1h:55m:0s left)
Iteration 50 / LogL: -3616316.896 / Time: 1h:24m:46s (1h:28m:12s left)
Log-likelihood cutoff on original alignment: -3616360.692
UFBoot trees printed to 1kp/1_513/GTR20_UDM8fix_PMSF.ufboot
Iteration 60 / LogL: -3616307.376 / Time: 1h:36m:30s (1h:7m:2s left)
Iteration 70 / LogL: -3616301.799 / Time: 1h:50m:12s (0h:49m:29s left)
Iteration 80 / LogL: -3616303.779 / Time: 2h:8m:12s (0h:34m:4s left)
Iteration 90 / LogL: -3616316.404 / Time: 2h:26m:20s (0h:18m:5s left)
Iteration 100 / LogL: -3616328.554 / Time: 2h:41m:51s (0h:1m:38s left)
Log-likelihood cutoff on original alignment: -3616357.095
NOTE: Bootstrap correlation coefficient of split occurrence frequencies: 0.999
UFBoot trees printed to 1kp/1_513/GTR20_UDM8fix_PMSF.ufboot
TREE SEARCH COMPLETED AFTER 102 ITERATIONS / Time: 2h:45m:27s

--------------------------------------------------------------------
|                    FINALIZING TREE SEARCH                        |
--------------------------------------------------------------------
Performs final model parameters optimization
Estimate model parameters (epsilon = 0.010)
1. Initial log-likelihood: -3616301.415
Optimal log-likelihood: -3616301.409
Gamma shape alpha: 0.608
Parameters optimization took 1 rounds (7.978 sec)
BEST SCORE FOUND : -3616301.409
Empirical proportions for each category: 0.271 0.232 0.276 0.220
Site rates printed to 1kp/1_513/GTR20_UDM8fix_PMSF.rate
Creating bootstrap support values...
Split supports printed to NEXUS file 1kp/1_513/GTR20_UDM8fix_PMSF.splits.nex
Total tree length: 19.634

Total number of iterations: 102
CPU time used for tree search: 308957.955 sec (85h:49m:17s)
Wall-clock time used for tree search: 9733.453 sec (2h:42m:13s)
Total CPU time used: 313670.956 sec (87h:7m:50s)
Total wall-clock time used: 9936.875 sec (2h:45m:36s)
UFBoot trees printed to 1kp/1_513/GTR20_UDM8fix_PMSF.ufboot

Computing bootstrap consensus tree...
Reading input file 1kp/1_513/GTR20_UDM8fix_PMSF.splits.nex...
40 taxa and 84 splits.
Consensus tree written to 1kp/1_513/GTR20_UDM8fix_PMSF.contree
Reading input trees file 1kp/1_513/GTR20_UDM8fix_PMSF.contree
Log-likelihood of consensus tree: -3616301.409

Analysis results written to: 
  IQ-TREE report:                1kp/1_513/GTR20_UDM8fix_PMSF.iqtree
  Maximum-likelihood tree:       1kp/1_513/GTR20_UDM8fix_PMSF.treefile
  Likelihood distances:          1kp/1_513/GTR20_UDM8fix_PMSF.mldist
  Site-specific rates:           1kp/1_513/GTR20_UDM8fix_PMSF.rate

Ultrafast bootstrap approximation results written to:
  Split support values:          1kp/1_513/GTR20_UDM8fix_PMSF.splits.nex
  Consensus tree:                1kp/1_513/GTR20_UDM8fix_PMSF.contree
  UFBoot trees:                  1kp/1_513/GTR20_UDM8fix_PMSF.ufboot
  Screen log file:               1kp/1_513/GTR20_UDM8fix_PMSF.log

Date and Time: Tue May 13 14:43:47 2025
