IQ-TREE version 3.0.0 for Linux x86 64-bit built Apr  4 2025
Developed by Bui Quang Minh, Thomas Wong, Nhan Ly-Trong, Huaiyan Ren
Contributed by Lam-Tung Nguyen, Dominik Schrempf, Chris Bielow,
Olga Chernomor, Michael Woodhams, Diep Thi Hoang, Heiko Schmidt

Host:    rona.rsb.anu.edu.au (AVX2, FMA3, 1007 GB RAM)
Command: ./iqtree3 -s 1kp/1kp.fasta -m GTR20+UDM0008CLR+G4 --link-exchange --init-exchange LG -mdef 1kp/udm_hogenom_0008_clr_iqtree.nex -te 1kp/lgc60pmsf.contree -me 0.99 -safe -pre 1kp/1_infer/GTR20-UDM8fix -T 40
Seed:    284703 (Using SPRNG - Scalable Parallel Random Number Generator)
Time:    Fri May  9 00:30:19 2025
Kernel:  Safe AVX+FMA - 40 threads (256 CPU cores detected)

Reading alignment file 1kp/1kp.fasta ... Fasta format detected
Reading fasta file: done in 0.0827711 secs using 89.76% CPU
Alignment most likely contains protein sequences
Constructing alignment: done in 0.215201 secs using 226.8% CPU
Alignment has 40 sequences with 103658 columns, 97826 distinct patterns
74754 parsimony-informative, 13250 singleton sites, 15653 constant sites
            Gap/Ambiguity  Composition  p-value
Analyzing sequences: done in 0.0148629 secs using 4197% CPU
   1  BFIK         27.41%    failed      0.00%
   2  BNCU         13.55%    failed      0.00%
   3  CIEA         19.10%    failed      0.00%
   4  CMEQ         13.47%    failed      0.00%
   5  CSUV         27.21%    failed      0.00%
   6  Chlre_v5.5   16.92%    failed      0.00%
   7  GTHK         18.40%    failed      0.00%
   8  HKZW         24.20%    failed      0.00%
   9  ILBQ         16.53%    failed      0.00%
  10  IYDF         17.50%    failed      0.00%
  11  JEXA         19.01%    failed      0.00%
  12  JOJQ         16.68%    failed      0.00%
  13  JVSZ         25.96%    failed      0.00%
  14  KNMB         16.28%    failed      0.00%
  15  KWGC         29.11%    failed      0.00%
  16  Klefl_v1.0    7.15%    failed      0.00%
  17  MMKU         27.49%    failed      0.00%
  18  Micpu_v3.0   25.86%    failed      0.00%
  19  OAGK          6.76%    failed      0.00%
  20  OLES         13.66%    failed      0.00%
  21  POZS         25.34%    failed      0.00%
  22  PQTO         21.02%    failed      0.00%
  23  PYHZ         19.30%    failed      0.00%
  24  QKMG         23.72%    failed      0.00%
  25  QPDY         15.05%    failed      0.00%
  26  SKYV         29.84%    failed      0.00%
  27  Selmo_v1.0   13.65%    failed      0.00%
  28  Spipo_v2      8.49%    failed      0.00%
  29  VYLQ          4.05%    failed      0.00%
  30  WDCW         24.70%    failed      0.00%
  31  WKCY          7.98%    failed      0.00%
  32  WQRD         23.20%    failed      0.00%
  33  WTDE         26.95%    failed      0.00%
  34  WWQZ         16.02%    failed      0.00%
  35  XSZI         18.21%    failed      0.00%
  36  XZME         11.12%    failed      0.00%
  37  YOXI         25.48%    failed      0.00%
  38  YPIC         24.57%    failed      0.00%
  39  ZFGK         22.51%    failed      0.00%
  40  ZUHO         17.59%    failed      0.00%
****  TOTAL        19.03%  40 sequences failed composition chi2 test (p-value<5%; df=19)
NOTE: minimal branch length is reduced to 0.000000964711 for long alignment
Checking for duplicate sequences: done in 0.405652 secs using 223.7% CPU
Reading model definition file 1kp/udm_hogenom_0008_clr_iqtree.nex ... 88 models and 222 frequency vectors loaded
Reading input tree file 1kp/lgc60pmsf.contree ...
Model GTR20+UDM0008CLR+G4 is alias for GTR20+FMIX{UDM0008CLR_C0000:1.0:0.2128158330006274,UDM0008CLR_C0001:1.0:0.15697256601836537,UDM0008CLR_C0002:1.0:0.14838304910739747,UDM0008CLR_C0003:1.0:0.1153624593623453,UDM0008CLR_C0004:1.0:0.10621684822905378,UDM0008CLR_C0005:1.0:0.10614840586322934,UDM0008CLR_C0006:1.0:0.09187817258883249,UDM0008CLR_C0007:1.0:0.06222266583014886}+G4
WARNING: GTR20 model will estimate 189 substitution rates that might be overfitting!
WARNING: Please only use GTR20 with very large data and always test for model fit!
WARNING: GTR20 model will estimate 189 substitution rates that might be overfitting!
WARNING: Please only use GTR20 with very large data and always test for model fit!
WARNING: GTR20 model will estimate 189 substitution rates that might be overfitting!
WARNING: Please only use GTR20 with very large data and always test for model fit!
WARNING: GTR20 model will estimate 189 substitution rates that might be overfitting!
WARNING: Please only use GTR20 with very large data and always test for model fit!
WARNING: GTR20 model will estimate 189 substitution rates that might be overfitting!
WARNING: Please only use GTR20 with very large data and always test for model fit!
WARNING: GTR20 model will estimate 189 substitution rates that might be overfitting!
WARNING: Please only use GTR20 with very large data and always test for model fit!
WARNING: GTR20 model will estimate 189 substitution rates that might be overfitting!
WARNING: Please only use GTR20 with very large data and always test for model fit!
WARNING: GTR20 model will estimate 189 substitution rates that might be overfitting!
WARNING: Please only use GTR20 with very large data and always test for model fit!

NOTE: 19349 MB RAM (18 GB) is required!
Estimate model parameters (epsilon = 0.990)
1. Initial log-likelihood: -3901226.650
Restart estimation at the boundary... 
Restart estimation at the boundary... 
Restart estimation at the boundary... 
2. Current log-likelihood: -3833205.996
3. Current log-likelihood: -3826140.197
4. Current log-likelihood: -3824558.176
5. Current log-likelihood: -3824028.711
6. Current log-likelihood: -3823890.853
7. Current log-likelihood: -3823851.228
8. Current log-likelihood: -3823843.837
9. Current log-likelihood: -3823841.893
10. Current log-likelihood: -3823840.200
Optimal log-likelihood: -3823839.969
Mixture weights: 0.213 0.157 0.148 0.115 0.106 0.106 0.092 0.062
Gamma shape alpha: 0.608
Parameters optimization took 10 rounds (93244.061 sec)
Wrote distance file to... 
BEST SCORE FOUND : -3823839.969
Total tree length: 20.493

Total number of iterations: 0
CPU time used for tree search: 0.000 sec (0h:0m:0s)
Wall-clock time used for tree search: 0.000 sec (0h:0m:0s)
Total CPU time used: 3336460.463 sec (926h:47m:40s)
Total wall-clock time used: 93244.343 sec (25h:54m:4s)

Analysis results written to: 
  IQ-TREE report:                1kp/1_infer/GTR20-UDM8fix.iqtree
  Maximum-likelihood tree:       1kp/1_infer/GTR20-UDM8fix.treefile
  Screen log file:               1kp/1_infer/GTR20-UDM8fix.log
  GTRPMIX nex file:              1kp/1_infer/GTR20-UDM8fix.GTRPMIX.nex

Date and Time: Sat May 10 02:24:26 2025
