IQ-TREE version 3.0.0 for Linux x86 64-bit built Apr  4 2025
Developed by Bui Quang Minh, Thomas Wong, Nhan Ly-Trong, Huaiyan Ren
Contributed by Lam-Tung Nguyen, Dominik Schrempf, Chris Bielow,
Olga Chernomor, Michael Woodhams, Diep Thi Hoang, Heiko Schmidt

Host:    rona.rsb.anu.edu.au (AVX2, FMA3, 1007 GB RAM)
Command: /data/yutong/iqtree3 -s 1kp/1kp.fasta -ft 1kp/1_infer/LG-C60opt.treefile -m LGC60OPT -mdef 1kp/1_510/LGC60OPT.nex -safe -pre 1kp/1_510/LG-C60opt-PMSF -n 0 -nt 40
Seed:    651582 (Using SPRNG - Scalable Parallel Random Number Generator)
Time:    Sat May 10 19:14:17 2025
Kernel:  Safe AVX+FMA - 40 threads (256 CPU cores detected)

Reading alignment file 1kp/1kp.fasta ... Fasta format detected
Reading fasta file: done in 0.0623981 secs using 73.98% CPU
Alignment most likely contains protein sequences
Constructing alignment: done in 0.207585 secs using 319.7% CPU
Alignment has 40 sequences with 103658 columns, 97826 distinct patterns
74754 parsimony-informative, 13250 singleton sites, 15653 constant sites
            Gap/Ambiguity  Composition  p-value
Analyzing sequences: done in 0.0154494 secs using 3786% CPU
   1  BFIK         27.41%    failed      0.00%
   2  BNCU         13.55%    failed      0.00%
   3  CIEA         19.10%    failed      0.00%
   4  CMEQ         13.47%    failed      0.00%
   5  CSUV         27.21%    failed      0.00%
   6  Chlre_v5.5   16.92%    failed      0.00%
   7  GTHK         18.40%    failed      0.00%
   8  HKZW         24.20%    failed      0.00%
   9  ILBQ         16.53%    failed      0.00%
  10  IYDF         17.50%    failed      0.00%
  11  JEXA         19.01%    failed      0.00%
  12  JOJQ         16.68%    failed      0.00%
  13  JVSZ         25.96%    failed      0.00%
  14  KNMB         16.28%    failed      0.00%
  15  KWGC         29.11%    failed      0.00%
  16  Klefl_v1.0    7.15%    failed      0.00%
  17  MMKU         27.49%    failed      0.00%
  18  Micpu_v3.0   25.86%    failed      0.00%
  19  OAGK          6.76%    failed      0.00%
  20  OLES         13.66%    failed      0.00%
  21  POZS         25.34%    failed      0.00%
  22  PQTO         21.02%    failed      0.00%
  23  PYHZ         19.30%    failed      0.00%
  24  QKMG         23.72%    failed      0.00%
  25  QPDY         15.05%    failed      0.00%
  26  SKYV         29.84%    failed      0.00%
  27  Selmo_v1.0   13.65%    failed      0.00%
  28  Spipo_v2      8.49%    failed      0.00%
  29  VYLQ          4.05%    failed      0.00%
  30  WDCW         24.70%    failed      0.00%
  31  WKCY          7.98%    failed      0.00%
  32  WQRD         23.20%    failed      0.00%
  33  WTDE         26.95%    failed      0.00%
  34  WWQZ         16.02%    failed      0.00%
  35  XSZI         18.21%    failed      0.00%
  36  XZME         11.12%    failed      0.00%
  37  YOXI         25.48%    failed      0.00%
  38  YPIC         24.57%    failed      0.00%
  39  ZFGK         22.51%    failed      0.00%
  40  ZUHO         17.59%    failed      0.00%
****  TOTAL        19.03%  40 sequences failed composition chi2 test (p-value<5%; df=19)

===> COMPUTING SITE FREQUENCY MODEL BASED ON TREE FILE 1kp/1_infer/LG-C60opt.treefile
Reading model definition file 1kp/1_510/LGC60OPT.nex ... 87 models and 274 frequency vectors loaded
Model LGC60OPT is alias for LG+G4{0.5163326898}+FMIX{C60_pi1:1.0:0.0252341208,C60_pi2:1.0:0.0005339025,C60_pi3:1.0:0.0047868287,C60_pi4:1.0:0.0046315467,C60_pi5:1.0:0.0180433872,C60_pi6:1.0:0.0095327912,C60_pi7:1.0:0.0012956580,C60_pi8:1.0:0.0038492233,C60_pi9:1.0:0.0086840598,C60_pi10:1.0:0.1102319019,C60_pi11:1.0:0.0203137819,C60_pi12:1.0:0.0068123492,C60_pi13:1.0:0.0039709516,C60_pi14:1.0:0.0133133656,C60_pi15:1.0:0.0035732989,C60_pi16:1.0:0.0090921461,C60_pi17:1.0:0.0530256888,C60_pi18:1.0:0.0284689134,C60_pi19:1.0:0.0090537149,C60_pi20:1.0:0.0046311240,C60_pi21:1.0:0.0026046881,C60_pi22:1.0:0.0246188483,C60_pi23:1.0:0.0040764059,C60_pi24:1.0:0.0000004548,C60_pi25:1.0:0.0084433471,C60_pi26:1.0:0.0117984693,C60_pi27:1.0:0.0190474636,C60_pi28:1.0:0.0482671550,C60_pi29:1.0:0.0489275086,C60_pi30:1.0:0.0450808734,C60_pi31:1.0:0.0043822963,C60_pi32:1.0:0.0137414686,C60_pi33:1.0:0.0150042091,C60_pi34:1.0:0.0164671935,C60_pi35:1.0:0.0259136286,C60_pi36:1.0:0.0082490199,C60_pi37:1.0:0.0074277985,C60_pi38:1.0:0.0170933450,C60_pi39:1.0:0.0017864813,C60_pi40:1.0:0.0064097029,C60_pi41:1.0:0.0039680998,C60_pi42:1.0:0.0052877896,C60_pi43:1.0:0.0181997406,C60_pi44:1.0:0.0338833276,C60_pi45:1.0:0.0279903059,C60_pi46:1.0:0.0012074798,C60_pi47:1.0:0.0094990314,C60_pi48:1.0:0.0094997708,C60_pi49:1.0:0.0014151068,C60_pi50:1.0:0.0733536928,C60_pi51:1.0:0.0082218813,C60_pi52:1.0:0.0412155124,C60_pi53:1.0:0.0012781788,C60_pi54:1.0:0.0080065432,C60_pi55:1.0:0.0458577542,C60_pi56:1.0:0.0058866956,C60_pi57:1.0:0.0049355272,C60_pi58:1.0:0.0230434780,C60_pi59:1.0:0.0083761937,C60_pi60:1.0:0.0004547785}
WARNING: Your input class weight 0.000533903 is very small and may cause numerical issues
WARNING: Your input class weight 4.548e-07 is very small and may cause numerical issues
WARNING: Your input class weight 0.000454778 is very small and may cause numerical issues
NOTE: 145124 MB RAM is required!
1. Initial log-likelihood: -3800051.946
2. Current log-likelihood: -3800051.615
Optimal log-likelihood: -3800051.509
Mixture weights: 0.025 0.001 0.005 0.005 0.018 0.010 0.001 0.004 0.009 0.110 0.020 0.007 0.004 0.013 0.004 0.009 0.053 0.028 0.009 0.005 0.003 0.025 0.004 0.000 0.008 0.012 0.019 0.048 0.049 0.045 0.004 0.014 0.015 0.016 0.026 0.008 0.007 0.017 0.002 0.006 0.004 0.005 0.018 0.034 0.028 0.001 0.009 0.009 0.001 0.073 0.008 0.041 0.001 0.008 0.046 0.006 0.005 0.023 0.008 0.000
Gamma shape alpha: 0.516
Parameters optimization took 2 rounds (488.712 sec)
Computing posterior mean site frequencies....
Site state frequency vectors printed to 1kp/1_510/LG-C60opt-PMSF.sitefreq

===> CONTINUE ANALYSIS USING THE INFERRED SITE FREQUENCY MODEL
NOTE: minimal branch length is reduced to 0.000000964711 for long alignment
Checking for duplicate sequences: done in 0.116716 secs
Reading model definition file 1kp/1_510/LGC60OPT.nex ... 87 models and 274 frequency vectors loaded

Create initial parsimony tree by phylogenetic likelihood library (PLL)... 1.131 seconds
Model LGC60OPT is alias for LG+G4{0.5163326898}+FMIX{C60_pi1:1.0:0.0252341208,C60_pi2:1.0:0.0005339025,C60_pi3:1.0:0.0047868287,C60_pi4:1.0:0.0046315467,C60_pi5:1.0:0.0180433872,C60_pi6:1.0:0.0095327912,C60_pi7:1.0:0.0012956580,C60_pi8:1.0:0.0038492233,C60_pi9:1.0:0.0086840598,C60_pi10:1.0:0.1102319019,C60_pi11:1.0:0.0203137819,C60_pi12:1.0:0.0068123492,C60_pi13:1.0:0.0039709516,C60_pi14:1.0:0.0133133656,C60_pi15:1.0:0.0035732989,C60_pi16:1.0:0.0090921461,C60_pi17:1.0:0.0530256888,C60_pi18:1.0:0.0284689134,C60_pi19:1.0:0.0090537149,C60_pi20:1.0:0.0046311240,C60_pi21:1.0:0.0026046881,C60_pi22:1.0:0.0246188483,C60_pi23:1.0:0.0040764059,C60_pi24:1.0:0.0000004548,C60_pi25:1.0:0.0084433471,C60_pi26:1.0:0.0117984693,C60_pi27:1.0:0.0190474636,C60_pi28:1.0:0.0482671550,C60_pi29:1.0:0.0489275086,C60_pi30:1.0:0.0450808734,C60_pi31:1.0:0.0043822963,C60_pi32:1.0:0.0137414686,C60_pi33:1.0:0.0150042091,C60_pi34:1.0:0.0164671935,C60_pi35:1.0:0.0259136286,C60_pi36:1.0:0.0082490199,C60_pi37:1.0:0.0074277985,C60_pi38:1.0:0.0170933450,C60_pi39:1.0:0.0017864813,C60_pi40:1.0:0.0064097029,C60_pi41:1.0:0.0039680998,C60_pi42:1.0:0.0052877896,C60_pi43:1.0:0.0181997406,C60_pi44:1.0:0.0338833276,C60_pi45:1.0:0.0279903059,C60_pi46:1.0:0.0012074798,C60_pi47:1.0:0.0094990314,C60_pi48:1.0:0.0094997708,C60_pi49:1.0:0.0014151068,C60_pi50:1.0:0.0733536928,C60_pi51:1.0:0.0082218813,C60_pi52:1.0:0.0412155124,C60_pi53:1.0:0.0012781788,C60_pi54:1.0:0.0080065432,C60_pi55:1.0:0.0458577542,C60_pi56:1.0:0.0058866956,C60_pi57:1.0:0.0049355272,C60_pi58:1.0:0.0230434780,C60_pi59:1.0:0.0083761937,C60_pi60:1.0:0.0004547785}

NOTE: 3329 MB RAM (3 GB) is required!
Estimate model parameters (epsilon = 0.010)
1. Initial log-likelihood: -3643287.782
2. Current log-likelihood: -3525359.604
3. Current log-likelihood: -3517441.384
4. Current log-likelihood: -3517318.261
5. Current log-likelihood: -3517316.646
6. Current log-likelihood: -3517316.625
Optimal log-likelihood: -3517316.624
Gamma shape alpha: 0.516
Parameters optimization took 6 rounds (53.046 sec)
Wrote distance file to... 
BEST SCORE FOUND : -3517316.624
Total tree length: 26.297

Total number of iterations: 0
CPU time used for tree search: 0.000 sec (0h:0m:0s)
Wall-clock time used for tree search: 0.000 sec (0h:0m:0s)
Total CPU time used: 1877.143 sec (0h:31m:17s)
Total wall-clock time used: 81.926 sec (0h:1m:21s)

Analysis results written to: 
  IQ-TREE report:                1kp/1_510/LG-C60opt-PMSF.iqtree
  Maximum-likelihood tree:       1kp/1_510/LG-C60opt-PMSF.treefile
  Screen log file:               1kp/1_510/LG-C60opt-PMSF.log

Date and Time: Sat May 10 19:24:04 2025
