IQ-TREE multicore version 2.4.0 for Linux x86 64-bit built Feb  7 2025
Developed by Bui Quang Minh, Nguyen Lam Tung, Olga Chernomor, Heiko Schmidt,
Dominik Schrempf, Michael Woodhams, Ly Trong Nhan, Thomas Wong

Host:    rona.rsb.anu.edu.au (AVX2, FMA3, 1007 GB RAM)
Command: /data/yutong/iqtree2 -s tardigrada/matrix_40sp.fasta -ft tardigrada/1_infer/Poi-UDM64opt.treefile -m POIUDM64OPT -mdef tardigrada/1_infer/POIUDM64OPT.nex -safe -pre tardigrada/1_infer/Poi-UDM64opt-PMSF -n 0 -nt 40
Seed:    562756 (Using SPRNG - Scalable Parallel Random Number Generator)
Time:    Sun Apr 20 16:59:59 2025
Kernel:  Safe AVX+FMA - 40 threads (256 CPU cores detected)

Reading alignment file tardigrada/matrix_40sp.fasta ... Fasta format detected
Reading fasta file: done in 0.0315731 secs using 99.92% CPU
Alignment most likely contains protein sequences
Alignment has 40 sequences with 70888 columns, 63149 distinct patterns
48785 parsimony-informative, 7670 singleton sites, 14433 constant sites
                             Gap/Ambiguity  Composition  p-value
Analyzing sequences: done in 0.0196784 secs using 3940% CPU
   1  Capitella_telata               5.00%    failed      0.00%
   2  Daphnia_magna                  9.79%    failed      0.06%
   3  Echiniscoides_sigismundi      49.39%    failed      0.00%
   4  Echiniscus_bisetosus          82.96%    failed      0.00%
   5  Echiniscus_testudo            50.24%    failed      0.00%
   6  Echinoderes_kohni             88.58%    failed      0.00%
   7  Enoplus_brevis                22.43%    failed      0.00%
   8  Epiperipatus                  56.34%    failed      0.00%
   9  Frakliniella_occidentalis      7.36%    failed      0.08%
  10  Gordius                       70.84%    failed      0.00%
  11  Halicryptus_spinolosus        13.41%    failed      0.00%
  12  Hypsibius_dujardini            3.51%    failed      0.00%
  13  Limulus_polyphemus            16.13%    failed      0.00%
  14  Manduca_sexta                  9.59%    failed      0.00%
  15  Meiopriapulus                 26.75%    failed      0.00%
  16  Mesobiotus_philippinicus      19.72%    failed      0.00%
  17  Milnesium_tardigradum         59.56%    failed      0.00%
  18  Neodiprion_lecontei            4.62%    failed      0.01%
  19  Ooperipatellus                72.91%    failed      0.00%
  20  Opisthopatus_kwazululandi     26.52%    failed      0.00%
  21  Paeneus_vanammei              12.28%    failed      0.00%
  22  Pamacea_canaliculata           5.42%    failed      0.02%
  23  Paragordius_varius            71.38%    failed      0.00%
  24  Parasteatoda_tepidariorum      3.65%    failed      0.00%
  25  Peripatoides                  73.44%    failed      0.00%
  26  Peripatoides_novaezelandiae   16.34%    failed      0.00%
  27  Peripatopsis_capensis         37.07%    failed      0.00%
  28  Pleomothra                    21.78%    failed      0.00%
  29  Pontonema_vulgare             24.88%    failed      0.00%
  30  Priapulus_caudatus            13.43%    failed      0.00%
  31  Prionchulus_punctatus         13.90%    failed      0.00%
  32  Pycnophyes                    76.53%    failed      0.00%
  33  Ramazzottius_varieornatus      3.20%    failed      0.00%
  34  Richtersius_coronifer          6.00%    failed      0.00%
  35  Romanomermis_culicivorax      36.04%    failed      0.00%
  36  Stegodyphus_mimosarum         15.16%    failed      0.00%
  37  Strigamia_maritima            13.05%    failed      0.00%
  38  Tachypleu                      8.55%    failed      0.00%
  39  Tobrilus                      23.43%    failed      0.00%
  40  Xiphinema_index               27.20%    failed      0.00%
WARNING: 10 sequences contain more than 50% gaps/ambiguity
****  TOTAL                         29.96%  40 sequences failed composition chi2 test (p-value<5%; df=19)

===> COMPUTING SITE FREQUENCY MODEL BASED ON TREE FILE tardigrada/1_infer/Poi-UDM64opt.treefile
Reading model definition file tardigrada/1_infer/POIUDM64OPT.nex ... 87 models and 278 frequency vectors loaded
Model POIUDM64OPT is alias for Poisson+G4{0.6046651589}+FMIX{UDM0064CLR_C0000:1:0.0023659873,UDM0064CLR_C0001:1:0.0236543972,UDM0064CLR_C0002:1:0.0109762806,UDM0064CLR_C0003:1:0.0585927925,UDM0064CLR_C0004:1:0.0039469672,UDM0064CLR_C0005:1:0.0101110034,UDM0064CLR_C0006:1:0.0164330427,UDM0064CLR_C0007:1:0.0228141067,UDM0064CLR_C0008:1:0.0070431125,UDM0064CLR_C0009:1:0.0046616801,UDM0064CLR_C0010:1:0.0229756050,UDM0064CLR_C0011:1:0.0374744341,UDM0064CLR_C0012:1:0.0369521347,UDM0064CLR_C0013:1:0.0174895067,UDM0064CLR_C0014:1:0.0462824887,UDM0064CLR_C0015:1:0.0242882346,UDM0064CLR_C0016:1:0.0036093818,UDM0064CLR_C0017:1:0.0227442943,UDM0064CLR_C0018:1:0.0202110308,UDM0064CLR_C0019:1:0.0147092012,UDM0064CLR_C0020:1:0.0116293275,UDM0064CLR_C0021:1:0.0208393748,UDM0064CLR_C0022:1:0.0166378315,UDM0064CLR_C0023:1:0.0219219112,UDM0064CLR_C0024:1:0.0210081460,UDM0064CLR_C0025:1:0.0163211112,UDM0064CLR_C0026:1:0.0180389622,UDM0064CLR_C0027:1:0.0149631653,UDM0064CLR_C0028:1:0.0110317272,UDM0064CLR_C0029:1:0.0259098541,UDM0064CLR_C0030:1:0.0000007408,UDM0064CLR_C0031:1:0.0085069893,UDM0064CLR_C0032:1:0.0174818404,UDM0064CLR_C0033:1:0.0097441311,UDM0064CLR_C0034:1:0.0128831846,UDM0064CLR_C0035:1:0.0165276110,UDM0064CLR_C0036:1:0.0202611403,UDM0064CLR_C0037:1:0.0214274030,UDM0064CLR_C0038:1:0.0113349117,UDM0064CLR_C0039:1:0.0200947702,UDM0064CLR_C0040:1:0.0085739045,UDM0064CLR_C0041:1:0.0236957475,UDM0064CLR_C0042:1:0.0205185994,UDM0064CLR_C0043:1:0.0196352799,UDM0064CLR_C0044:1:0.0017839955,UDM0064CLR_C0045:1:0.0190285670,UDM0064CLR_C0046:1:0.0282694917,UDM0064CLR_C0047:1:0.0000007408,UDM0064CLR_C0048:1:0.0146734197,UDM0064CLR_C0049:1:0.0035368076,UDM0064CLR_C0050:1:0.0124012252,UDM0064CLR_C0051:1:0.0243259346,UDM0064CLR_C0052:1:0.0119904793,UDM0064CLR_C0053:1:0.0106595549,UDM0064CLR_C0054:1:0.0064113386,UDM0064CLR_C0055:1:0.0189750459,UDM0064CLR_C0056:1:0.0081211884,UDM0064CLR_C0057:1:0.0097335889,UDM0064CLR_C0058:1:0.0009886302,UDM0064CLR_C0059:1:0.0109526819,UDM0064CLR_C0060:1:0.0076633706,UDM0064CLR_C0061:1:0.0037327914,UDM0064CLR_C0062:1:0.0096870314,UDM0064CLR_C0063:1:0.0007407697}
WARNING: Your input class weight 7.408e-07 is very small and may cause numerical issues
WARNING: Your input class weight 7.408e-07 is very small and may cause numerical issues
WARNING: Your input class weight 0.00098863 is very small and may cause numerical issues
WARNING: Your input class weight 0.00074077 is very small and may cause numerical issues
NOTE: 99940 MB RAM is required!
1. Initial log-likelihood: -2222310.240
Optimal log-likelihood: -2222310.238
Mixture weights: 0.002 0.024 0.011 0.059 0.004 0.010 0.016 0.023 0.007 0.005 0.023 0.037 0.037 0.017 0.046 0.024 0.004 0.023 0.020 0.015 0.012 0.021 0.017 0.022 0.021 0.016 0.018 0.015 0.011 0.026 0.000 0.009 0.017 0.010 0.013 0.017 0.020 0.021 0.011 0.020 0.009 0.024 0.021 0.020 0.002 0.019 0.028 0.000 0.015 0.004 0.012 0.024 0.012 0.011 0.006 0.019 0.008 0.010 0.001 0.011 0.008 0.004 0.010 0.001
Gamma shape alpha: 0.605
Parameters optimization took 1 rounds (163.229 sec)
Computing posterior mean site frequencies....
Site state frequency vectors printed to tardigrada/1_infer/Poi-UDM64opt-PMSF.sitefreq

===> CONTINUE ANALYSIS USING THE INFERRED SITE FREQUENCY MODEL
Reading model definition file tardigrada/1_infer/POIUDM64OPT.nex ... 87 models and 278 frequency vectors loaded

Create initial parsimony tree by phylogenetic likelihood library (PLL)... 0.948 seconds
Model POIUDM64OPT is alias for Poisson+G4{0.6046651589}+FMIX{UDM0064CLR_C0000:1:0.0023659873,UDM0064CLR_C0001:1:0.0236543972,UDM0064CLR_C0002:1:0.0109762806,UDM0064CLR_C0003:1:0.0585927925,UDM0064CLR_C0004:1:0.0039469672,UDM0064CLR_C0005:1:0.0101110034,UDM0064CLR_C0006:1:0.0164330427,UDM0064CLR_C0007:1:0.0228141067,UDM0064CLR_C0008:1:0.0070431125,UDM0064CLR_C0009:1:0.0046616801,UDM0064CLR_C0010:1:0.0229756050,UDM0064CLR_C0011:1:0.0374744341,UDM0064CLR_C0012:1:0.0369521347,UDM0064CLR_C0013:1:0.0174895067,UDM0064CLR_C0014:1:0.0462824887,UDM0064CLR_C0015:1:0.0242882346,UDM0064CLR_C0016:1:0.0036093818,UDM0064CLR_C0017:1:0.0227442943,UDM0064CLR_C0018:1:0.0202110308,UDM0064CLR_C0019:1:0.0147092012,UDM0064CLR_C0020:1:0.0116293275,UDM0064CLR_C0021:1:0.0208393748,UDM0064CLR_C0022:1:0.0166378315,UDM0064CLR_C0023:1:0.0219219112,UDM0064CLR_C0024:1:0.0210081460,UDM0064CLR_C0025:1:0.0163211112,UDM0064CLR_C0026:1:0.0180389622,UDM0064CLR_C0027:1:0.0149631653,UDM0064CLR_C0028:1:0.0110317272,UDM0064CLR_C0029:1:0.0259098541,UDM0064CLR_C0030:1:0.0000007408,UDM0064CLR_C0031:1:0.0085069893,UDM0064CLR_C0032:1:0.0174818404,UDM0064CLR_C0033:1:0.0097441311,UDM0064CLR_C0034:1:0.0128831846,UDM0064CLR_C0035:1:0.0165276110,UDM0064CLR_C0036:1:0.0202611403,UDM0064CLR_C0037:1:0.0214274030,UDM0064CLR_C0038:1:0.0113349117,UDM0064CLR_C0039:1:0.0200947702,UDM0064CLR_C0040:1:0.0085739045,UDM0064CLR_C0041:1:0.0236957475,UDM0064CLR_C0042:1:0.0205185994,UDM0064CLR_C0043:1:0.0196352799,UDM0064CLR_C0044:1:0.0017839955,UDM0064CLR_C0045:1:0.0190285670,UDM0064CLR_C0046:1:0.0282694917,UDM0064CLR_C0047:1:0.0000007408,UDM0064CLR_C0048:1:0.0146734197,UDM0064CLR_C0049:1:0.0035368076,UDM0064CLR_C0050:1:0.0124012252,UDM0064CLR_C0051:1:0.0243259346,UDM0064CLR_C0052:1:0.0119904793,UDM0064CLR_C0053:1:0.0106595549,UDM0064CLR_C0054:1:0.0064113386,UDM0064CLR_C0055:1:0.0189750459,UDM0064CLR_C0056:1:0.0081211884,UDM0064CLR_C0057:1:0.0097335889,UDM0064CLR_C0058:1:0.0009886302,UDM0064CLR_C0059:1:0.0109526819,UDM0064CLR_C0060:1:0.0076633706,UDM0064CLR_C0061:1:0.0037327914,UDM0064CLR_C0062:1:0.0096870314,UDM0064CLR_C0063:1:0.0007407697}

NOTE: 2149 MB RAM (2 GB) is required!
Estimate model parameters (epsilon = 0.010)
1. Initial log-likelihood: -2042280.328
2. Current log-likelihood: -1998929.710
3. Current log-likelihood: -1998130.948
4. Current log-likelihood: -1998119.336
5. Current log-likelihood: -1998118.007
6. Current log-likelihood: -1998117.825
7. Current log-likelihood: -1998117.803
Optimal log-likelihood: -1998117.797
Gamma shape alpha: 0.605
Parameters optimization took 7 rounds (43.348 sec)
Wrote distance file to... 
BEST SCORE FOUND : -1998117.797
Total tree length: 14.326

Total number of iterations: 0
CPU time used for tree search: 0.000 sec (0h:0m:0s)
Wall-clock time used for tree search: 0.000 sec (0h:0m:0s)
Total CPU time used: 1544.532 sec (0h:25m:44s)
Total wall-clock time used: 52.486 sec (0h:0m:52s)

Analysis results written to: 
  IQ-TREE report:                tardigrada/1_infer/Poi-UDM64opt-PMSF.iqtree
  Maximum-likelihood tree:       tardigrada/1_infer/Poi-UDM64opt-PMSF.treefile
  Screen log file:               tardigrada/1_infer/Poi-UDM64opt-PMSF.log

Date and Time: Sun Apr 20 17:03:43 2025
