IQ-TREE multicore version 2.4.0 for Linux x86 64-bit built Feb  7 2025
Developed by Bui Quang Minh, Nguyen Lam Tung, Olga Chernomor, Heiko Schmidt,
Dominik Schrempf, Michael Woodhams, Ly Trong Nhan, Thomas Wong

Host:    rona.rsb.anu.edu.au (AVX2, FMA3, 1007 GB RAM)
Command: /data/yutong/iqtree2 -s tardigrada/matrix_40sp.fasta -fs tardigrada/1_infer/GTR20-UDM8opt-PMSF.sitefreq -m GTRUDM8OPT -mdef tardigrada/1_infer/GTRUDM8OPT.nex -safe -pre tardigrada/1_infer/GTR20_UDM8opt_PMSF -wsr -bb 1000 -nt 35
Seed:    872216 (Using SPRNG - Scalable Parallel Random Number Generator)
Time:    Tue Apr 15 14:20:59 2025
Kernel:  Safe AVX+FMA - 35 threads (256 CPU cores detected)

Reading alignment file tardigrada/matrix_40sp.fasta ... Fasta format detected
Reading fasta file: done in 0.0304081 secs using 80.85% CPU
Alignment most likely contains protein sequences
Alignment has 40 sequences with 70888 columns, 63149 distinct patterns
48785 parsimony-informative, 7670 singleton sites, 14433 constant sites
                             Gap/Ambiguity  Composition  p-value
Analyzing sequences: done in 0.00560444 secs using 4481% CPU
   1  Capitella_telata               5.00%    failed      0.00%
   2  Daphnia_magna                  9.79%    failed      0.06%
   3  Echiniscoides_sigismundi      49.39%    failed      0.00%
   4  Echiniscus_bisetosus          82.96%    failed      0.00%
   5  Echiniscus_testudo            50.24%    failed      0.00%
   6  Echinoderes_kohni             88.58%    failed      0.00%
   7  Enoplus_brevis                22.43%    failed      0.00%
   8  Epiperipatus                  56.34%    failed      0.00%
   9  Frakliniella_occidentalis      7.36%    failed      0.08%
  10  Gordius                       70.84%    failed      0.00%
  11  Halicryptus_spinolosus        13.41%    failed      0.00%
  12  Hypsibius_dujardini            3.51%    failed      0.00%
  13  Limulus_polyphemus            16.13%    failed      0.00%
  14  Manduca_sexta                  9.59%    failed      0.00%
  15  Meiopriapulus                 26.75%    failed      0.00%
  16  Mesobiotus_philippinicus      19.72%    failed      0.00%
  17  Milnesium_tardigradum         59.56%    failed      0.00%
  18  Neodiprion_lecontei            4.62%    failed      0.01%
  19  Ooperipatellus                72.91%    failed      0.00%
  20  Opisthopatus_kwazululandi     26.52%    failed      0.00%
  21  Paeneus_vanammei              12.28%    failed      0.00%
  22  Pamacea_canaliculata           5.42%    failed      0.02%
  23  Paragordius_varius            71.38%    failed      0.00%
  24  Parasteatoda_tepidariorum      3.65%    failed      0.00%
  25  Peripatoides                  73.44%    failed      0.00%
  26  Peripatoides_novaezelandiae   16.34%    failed      0.00%
  27  Peripatopsis_capensis         37.07%    failed      0.00%
  28  Pleomothra                    21.78%    failed      0.00%
  29  Pontonema_vulgare             24.88%    failed      0.00%
  30  Priapulus_caudatus            13.43%    failed      0.00%
  31  Prionchulus_punctatus         13.90%    failed      0.00%
  32  Pycnophyes                    76.53%    failed      0.00%
  33  Ramazzottius_varieornatus      3.20%    failed      0.00%
  34  Richtersius_coronifer          6.00%    failed      0.00%
  35  Romanomermis_culicivorax      36.04%    failed      0.00%
  36  Stegodyphus_mimosarum         15.16%    failed      0.00%
  37  Strigamia_maritima            13.05%    failed      0.00%
  38  Tachypleu                      8.55%    failed      0.00%
  39  Tobrilus                      23.43%    failed      0.00%
  40  Xiphinema_index               27.20%    failed      0.00%
WARNING: 10 sequences contain more than 50% gaps/ambiguity
****  TOTAL                         29.96%  40 sequences failed composition chi2 test (p-value<5%; df=19)

Reading site-specific state frequency file tardigrada/1_infer/GTR20-UDM8opt-PMSF.sitefreq ...
63149 distinct per-site state frequency vectors detected
Reading model definition file tardigrada/1_infer/GTRUDM8OPT.nex ... 88 models and 222 frequency vectors loaded

Create initial parsimony tree by phylogenetic likelihood library (PLL)... 1.415 seconds
Generating 1000 samples for ultrafast bootstrap (seed: 872216)...
Model GTRUDM8OPT is alias for GTRPMIX+G4{0.5902}+FMIX{UDM0008CLR_C0000:1:0.0913,UDM0008CLR_C0001:1:0.2219,UDM0008CLR_C0002:1:0.2204,UDM0008CLR_C0003:1:0.1726,UDM0008CLR_C0004:1:0.0421,UDM0008CLR_C0005:1:0.1522,UDM0008CLR_C0006:1:0.0673,UDM0008CLR_C0007:1:0.0322}

NOTE: 2390 MB RAM (2 GB) is required!
Estimate model parameters (epsilon = 0.100)
1. Initial log-likelihood: -2152260.758
2. Current log-likelihood: -2100646.760
3. Current log-likelihood: -2099722.526
4. Current log-likelihood: -2099710.333
5. Current log-likelihood: -2099709.185
Optimal log-likelihood: -2099709.074
Gamma shape alpha: 0.590
Parameters optimization took 5 rounds (32.362 sec)
Wrote distance file to... 
Computing ML distances based on estimated model parameters...
Calculating distance matrix: done in 17.215 secs using 1852% CPU
Computing ML distances took 17.231017 sec (of wall-clock time) 319.303623 sec (of CPU time)
Setting up auxiliary I and S matrices: done in 0.0572964 secs using 1844% CPU
Computing RapidNJ tree took 2.489647 sec (of wall-clock time) 51.342001 sec (of CPU time)
Log-likelihood of RapidNJ tree: -2101160.714
--------------------------------------------------------------------
|             INITIALIZING CANDIDATE TREE SET                      |
--------------------------------------------------------------------
Generating 98 parsimony trees... 179.141 second
Computing log-likelihood of 98 initial trees ... 338.830 seconds
Current best score: -2099709.074

Do NNI search on 20 best initial trees
Estimate model parameters (epsilon = 0.100)
BETTER TREE FOUND at iteration 1: -2099359.224
Iteration 10 / LogL: -2099373.558 / Time: 0h:19m:31s
Iteration 20 / LogL: -2099401.019 / Time: 0h:27m:22s
Finish initializing candidate tree set (1)
Current best tree score: -2099359.224 / CPU time: 1525.295
Number of iterations: 20
--------------------------------------------------------------------
|               OPTIMIZING CANDIDATE TREE SET                      |
--------------------------------------------------------------------
Iteration 30 / LogL: -2099402.046 / Time: 0h:34m:55s (1h:25m:26s left)
Iteration 40 / LogL: -2099392.502 / Time: 0h:42m:3s (1h:5m:45s left)
Iteration 50 / LogL: -2099382.458 / Time: 0h:48m:54s (0h:50m:52s left)
Log-likelihood cutoff on original alignment: -2099453.742
Iteration 60 / LogL: -2099373.020 / Time: 0h:56m:37s (0h:39m:19s left)
Iteration 70 / LogL: -2099460.603 / Time: 1h:4m:57s (0h:29m:10s left)
Iteration 80 / LogL: -2099429.087 / Time: 1h:12m:17s (0h:19m:12s left)
Iteration 90 / LogL: -2099365.592 / Time: 1h:20m:17s (0h:9m:55s left)
Iteration 100 / LogL: -2099374.792 / Time: 1h:29m:28s (0h:0m:54s left)
Log-likelihood cutoff on original alignment: -2099453.742
NOTE: Bootstrap correlation coefficient of split occurrence frequencies: 1.000
TREE SEARCH COMPLETED AFTER 102 ITERATIONS / Time: 1h:31m:14s

--------------------------------------------------------------------
|                    FINALIZING TREE SEARCH                        |
--------------------------------------------------------------------
Performs final model parameters optimization
Estimate model parameters (epsilon = 0.010)
1. Initial log-likelihood: -2099359.224
Optimal log-likelihood: -2099359.223
Gamma shape alpha: 0.590
Parameters optimization took 1 rounds (3.934 sec)
BEST SCORE FOUND : -2099359.223
Empirical proportions for each category: 0.293 0.198 0.265 0.243
Site rates printed to tardigrada/1_infer/GTR20_UDM8opt_PMSF.rate
Creating bootstrap support values...
Split supports printed to NEXUS file tardigrada/1_infer/GTR20_UDM8opt_PMSF.splits.nex
Total tree length: 14.267

Total number of iterations: 102
CPU time used for tree search: 178862.247 sec (49h:41m:2s)
Wall-clock time used for tree search: 5356.893 sec (1h:29m:16s)
Total CPU time used: 181895.132 sec (50h:31m:35s)
Total wall-clock time used: 5479.106 sec (1h:31m:19s)

Computing bootstrap consensus tree...
Reading input file tardigrada/1_infer/GTR20_UDM8opt_PMSF.splits.nex...
40 taxa and 87 splits.
Consensus tree written to tardigrada/1_infer/GTR20_UDM8opt_PMSF.contree
Reading input trees file tardigrada/1_infer/GTR20_UDM8opt_PMSF.contree
Log-likelihood of consensus tree: -2099359.223

Analysis results written to: 
  IQ-TREE report:                tardigrada/1_infer/GTR20_UDM8opt_PMSF.iqtree
  Maximum-likelihood tree:       tardigrada/1_infer/GTR20_UDM8opt_PMSF.treefile
  Likelihood distances:          tardigrada/1_infer/GTR20_UDM8opt_PMSF.mldist
  Site-specific rates:           tardigrada/1_infer/GTR20_UDM8opt_PMSF.rate

Ultrafast bootstrap approximation results written to:
  Split support values:          tardigrada/1_infer/GTR20_UDM8opt_PMSF.splits.nex
  Consensus tree:                tardigrada/1_infer/GTR20_UDM8opt_PMSF.contree
  Screen log file:               tardigrada/1_infer/GTR20_UDM8opt_PMSF.log

Date and Time: Tue Apr 15 15:52:51 2025
