IQ-TREE multicore version 2.4.0 for Linux x86 64-bit built Feb  7 2025
Developed by Bui Quang Minh, Nguyen Lam Tung, Olga Chernomor, Heiko Schmidt,
Dominik Schrempf, Michael Woodhams, Ly Trong Nhan, Thomas Wong

Host:    rona.rsb.anu.edu.au (AVX2, FMA3, 1007 GB RAM)
Command: ./iqtree2 -s tardigrada/matrix_40sp.fasta -m GTR20+UDM0128CLR+G4 --link-exchange --init-exchange LG -mdef tardigrada/1_infer/udm_hogenom_0128_clr_iqtree.nex -te tardigrada/paper.contree -me 0.99 -safe -mwopt -pre tardigrada/1_infer/GTR20-UDM128opt -prec 10 -T 40
Seed:    977129 (Using SPRNG - Scalable Parallel Random Number Generator)
Time:    Thu Apr 17 17:21:38 2025
Kernel:  Safe AVX+FMA - 40 threads (256 CPU cores detected)

Reading alignment file tardigrada/matrix_40sp.fasta ... Fasta format detected
Reading fasta file: done in 0.0612701 secs using 94.73% CPU
Alignment most likely contains protein sequences
Alignment has 40 sequences with 70888 columns, 63149 distinct patterns
48785 parsimony-informative, 7670 singleton sites, 14433 constant sites
                             Gap/Ambiguity  Composition  p-value
Analyzing sequences: done in 0.0265791 secs using 3291% CPU
   1  Capitella_telata               5.00%    failed      0.00%
   2  Daphnia_magna                  9.79%    failed      0.06%
   3  Echiniscoides_sigismundi      49.39%    failed      0.00%
   4  Echiniscus_bisetosus          82.96%    failed      0.00%
   5  Echiniscus_testudo            50.24%    failed      0.00%
   6  Echinoderes_kohni             88.58%    failed      0.00%
   7  Enoplus_brevis                22.43%    failed      0.00%
   8  Epiperipatus                  56.34%    failed      0.00%
   9  Frakliniella_occidentalis      7.36%    failed      0.08%
  10  Gordius                       70.84%    failed      0.00%
  11  Halicryptus_spinolosus        13.41%    failed      0.00%
  12  Hypsibius_dujardini            3.51%    failed      0.00%
  13  Limulus_polyphemus            16.13%    failed      0.00%
  14  Manduca_sexta                  9.59%    failed      0.00%
  15  Meiopriapulus                 26.75%    failed      0.00%
  16  Mesobiotus_philippinicus      19.72%    failed      0.00%
  17  Milnesium_tardigradum         59.56%    failed      0.00%
  18  Neodiprion_lecontei            4.62%    failed      0.01%
  19  Ooperipatellus                72.91%    failed      0.00%
  20  Opisthopatus_kwazululandi     26.52%    failed      0.00%
  21  Paeneus_vanammei              12.28%    failed      0.00%
  22  Pamacea_canaliculata           5.42%    failed      0.02%
  23  Paragordius_varius            71.38%    failed      0.00%
  24  Parasteatoda_tepidariorum      3.65%    failed      0.00%
  25  Peripatoides                  73.44%    failed      0.00%
  26  Peripatoides_novaezelandiae   16.34%    failed      0.00%
  27  Peripatopsis_capensis         37.07%    failed      0.00%
  28  Pleomothra                    21.78%    failed      0.00%
  29  Pontonema_vulgare             24.88%    failed      0.00%
  30  Priapulus_caudatus            13.43%    failed      0.00%
  31  Prionchulus_punctatus         13.90%    failed      0.00%
  32  Pycnophyes                    76.53%    failed      0.00%
  33  Ramazzottius_varieornatus      3.20%    failed      0.00%
  34  Richtersius_coronifer          6.00%    failed      0.00%
  35  Romanomermis_culicivorax      36.04%    failed      0.00%
  36  Stegodyphus_mimosarum         15.16%    failed      0.00%
  37  Strigamia_maritima            13.05%    failed      0.00%
  38  Tachypleu                      8.55%    failed      0.00%
  39  Tobrilus                      23.43%    failed      0.00%
  40  Xiphinema_index               27.20%    failed      0.00%
WARNING: 10 sequences contain more than 50% gaps/ambiguity
****  TOTAL                         29.96%  40 sequences failed composition chi2 test (p-value<5%; df=19)
Reading model definition file tardigrada/1_infer/udm_hogenom_0128_clr_iqtree.nex ... 88 models and 342 frequency vectors loaded
Reading input tree file tardigrada/paper.contree ...
Model GTR20+UDM0128CLR+G4 is alias for GTR20+FMIX{UDM0128CLR_C0000:1.0:0.018237038726971997,UDM0128CLR_C0001:1.0:0.01452118861575315,UDM0128CLR_C0002:1.0:0.013289226030913134,UDM0128CLR_C0003:1.0:0.012887127131694518,UDM0128CLR_C0004:1.0:0.011911823418696173,UDM0128CLR_C0005:1.0:0.011723606912678949,UDM0128CLR_C0006:1.0:0.011498317458506815,UDM0128CLR_C0007:1.0:0.011387098614042091,UDM0128CLR_C0008:1.0:0.011156105629384589,UDM0128CLR_C0009:1.0:0.010947926766668567,UDM0128CLR_C0010:1.0:0.010808190269776991,UDM0128CLR_C0011:1.0:0.010548679632692636,UDM0128CLR_C0012:1.0:0.010514458449780413,UDM0128CLR_C0013:1.0:0.010343352535219301,UDM0128CLR_C0014:1.0:0.010309131352307078,UDM0128CLR_C0015:1.0:0.010220726629783836,UDM0128CLR_C0016:1.0:0.01013517367250328,UDM0128CLR_C0017:1.0:0.010100952489591057,UDM0128CLR_C0018:1.0:0.009892773626875035,UDM0128CLR_C0019:1.0:0.00981862773056522,UDM0128CLR_C0020:1.0:0.009715964181828551,UDM0128CLR_C0021:1.0:0.00970455712085781,UDM0128CLR_C0022:1.0:0.009619004163577255,UDM0128CLR_C0023:1.0:0.009445046483773456,UDM0128CLR_C0024:1.0:0.009296754691153824,UDM0128CLR_C0025:1.0:0.009288199395425769,UDM0128CLR_C0026:1.0:0.009273940569212342,UDM0128CLR_C0027:1.0:0.009271088803969657,UDM0128CLR_C0028:1.0:0.009199794672902526,UDM0128CLR_C0029:1.0:0.009182684081446416,UDM0128CLR_C0030:1.0:0.009134204072320767,UDM0128CLR_C0031:1.0:0.009088575828437803,UDM0128CLR_C0032:1.0:0.009065761706496322,UDM0128CLR_C0033:1.0:0.009051502880282895,UDM0128CLR_C0034:1.0:0.009000171105914561,UDM0128CLR_C0035:1.0:0.008997319340671876,UDM0128CLR_C0036:1.0:0.008937432270575486,UDM0128CLR_C0037:1.0:0.008900359322420578,UDM0128CLR_C0038:1.0:0.008829065191353448,UDM0128CLR_C0039:1.0:0.008817658130382707,UDM0128CLR_C0040:1.0:0.008789140477955855,UDM0128CLR_C0041:1.0:0.008777733416985114,UDM0128CLR_C0042:1.0:0.008709291051160669,UDM0128CLR_C0043:1.0:0.008692180459704556,UDM0128CLR_C0044:1.0:0.008635145154850853,UDM0128CLR_C0045:1.0:0.00861803456339474,UDM0128CLR_C0046:1.0:0.008506815718930017,UDM0128CLR_C0047:1.0:0.008292933325728625,UDM0128CLR_C0048:1.0:0.008255860377573717,UDM0128CLR_C0049:1.0:0.008253008612331032,UDM0128CLR_C0050:1.0:0.008253008612331032,UDM0128CLR_C0051:1.0:0.008235898020874922,UDM0128CLR_C0052:1.0:0.008113272115439458,UDM0128CLR_C0053:1.0:0.00801631209718816,UDM0128CLR_C0054:1.0:0.007945017966121029,UDM0128CLR_C0055:1.0:0.007919352078936862,UDM0128CLR_C0056:1.0:0.007805281469229453,UDM0128CLR_C0057:1.0:0.0076997661552500995,UDM0128CLR_C0058:1.0:0.007685507329036674,UDM0128CLR_C0059:1.0:0.0076598414418525065,UDM0128CLR_C0060:1.0:0.007631323789425655,UDM0128CLR_C0061:1.0:0.007554326127873153,UDM0128CLR_C0062:1.0:0.007551474362630468,UDM0128CLR_C0063:1.0:0.007540067301659728,UDM0128CLR_C0064:1.0:0.007477328466320652,UDM0128CLR_C0065:1.0:0.007406034335253522,UDM0128CLR_C0066:1.0:0.007366109621855929,UDM0128CLR_C0067:1.0:0.0073518507956425025,UDM0128CLR_C0068:1.0:0.007331888438943706,UDM0128CLR_C0069:1.0:0.007323333143215651,UDM0128CLR_C0070:1.0:0.007240631951177779,UDM0128CLR_C0071:1.0:0.007177893115838704,UDM0128CLR_C0072:1.0:0.007129413106713055,UDM0128CLR_C0073:1.0:0.007083784862830092,UDM0128CLR_C0074:1.0:0.00706097074088861,UDM0128CLR_C0075:1.0:0.007003935436034905,UDM0128CLR_C0076:1.0:0.006926937774482405,UDM0128CLR_C0077:1.0:0.006918382478754349,UDM0128CLR_C0078:1.0:0.006858495408657959,UDM0128CLR_C0079:1.0:0.006838533051959163,UDM0128CLR_C0080:1.0:0.006778645981862773,UDM0128CLR_C0081:1.0:0.006770090686134717,UDM0128CLR_C0082:1.0:0.00674442479895055,UDM0128CLR_C0083:1.0:0.00667313066788342,UDM0128CLR_C0084:1.0:0.006630354189243142,UDM0128CLR_C0085:1.0:0.006610391832544345,UDM0128CLR_C0086:1.0:0.006593281241088234,UDM0128CLR_C0087:1.0:0.006556208292933326,UDM0128CLR_C0088:1.0:0.006524838875263788,UDM0128CLR_C0089:1.0:0.006504876518564992,UDM0128CLR_C0090:1.0:0.006464951805167399,UDM0128CLR_C0091:1.0:0.006450692978953973,UDM0128CLR_C0092:1.0:0.006425027091769805,UDM0128CLR_C0093:1.0:0.006413620030799065,UDM0128CLR_C0094:1.0:0.006387954143614897,UDM0128CLR_C0095:1.0:0.0063166600125477675,UDM0128CLR_C0096:1.0:0.006305252951577026,UDM0128CLR_C0097:1.0:0.006276735299150174,UDM0128CLR_C0098:1.0:0.006265328238179433,UDM0128CLR_C0099:1.0:0.006194034107112303,UDM0128CLR_C0100:1.0:0.006131295271773227,UDM0128CLR_C0101:1.0:0.006077111732162208,UDM0128CLR_C0102:1.0:0.005988707009638967,UDM0128CLR_C0103:1.0:0.0059715964181828556,UDM0128CLR_C0104:1.0:0.005843266982262021,UDM0128CLR_C0105:1.0:0.005806194034107113,UDM0128CLR_C0106:1.0:0.0057947869731363715,UDM0128CLR_C0107:1.0:0.005760565790224149,UDM0128CLR_C0108:1.0:0.005714937546341185,UDM0128CLR_C0109:1.0:0.005643643415274055,UDM0128CLR_C0110:1.0:0.005629384589060629,UDM0128CLR_C0111:1.0:0.005566645753721553,UDM0128CLR_C0112:1.0:0.005518165744595905,UDM0128CLR_C0113:1.0:0.0054867963269263674,UDM0128CLR_C0114:1.0:0.005415502195859237,UDM0128CLR_C0115:1.0:0.005384132778189699,UDM0128CLR_C0116:1.0:0.005292876290423772,UDM0128CLR_C0117:1.0:0.005153139793532197,UDM0128CLR_C0118:1.0:0.005121770375862659,UDM0128CLR_C0119:1.0:0.004987737409456454,UDM0128CLR_C0120:1.0:0.004919295043632008,UDM0128CLR_C0121:1.0:0.004885073860719786,UDM0128CLR_C0122:1.0:0.004862259738778304,UDM0128CLR_C0123:1.0:0.0046198596931500595,UDM0128CLR_C0124:1.0:0.004465864370045058,UDM0128CLR_C0125:1.0:0.004078024297039868,UDM0128CLR_C0126:1.0:0.0038841042605372725,UDM0128CLR_C0127:1.0:0.0024040380995836424}+G4

NOTE: 199881 MB RAM (195 GB) is required!
WARNING: Memory required per CPU-core (4.87993 GB) is higher than your computer RAM per CPU-core (3 GB), thus multiple runs may exceed RAM!
Estimate model parameters (epsilon = 0.990)
1. Initial log-likelihood: -2224239.699
2. Current log-likelihood: -2193854.681
3. Current log-likelihood: -2190560.883
4. Current log-likelihood: -2190160.318
5. Current log-likelihood: -2190027.317
6. Current log-likelihood: -2189999.269
7. Current log-likelihood: -2189986.998
8. Current log-likelihood: -2189975.636
9. Current log-likelihood: -2189968.201
10. Current log-likelihood: -2189962.785
11. Current log-likelihood: -2189959.970
12. Current log-likelihood: -2189956.712
13. Current log-likelihood: -2189953.750
14. Current log-likelihood: -2189950.440
15. Current log-likelihood: -2189947.425
16. Current log-likelihood: -2189939.063
17. Current log-likelihood: -2189934.972
18. Current log-likelihood: -2189933.530
Optimal log-likelihood: -2189932.834
Mixture weights: 0.000 0.020 0.039 0.001 0.000 0.015 0.001 0.022 0.007 0.000 0.000 0.021 0.006 0.000 0.000 0.000 0.000 0.014 0.006 0.002 0.005 0.014 0.004 0.024 0.000 0.006 0.003 0.008 0.006 0.004 0.000 0.000 0.008 0.002 0.002 0.011 0.000 0.000 0.000 0.002 0.015 0.000 0.007 0.008 0.000 0.012 0.005 0.003 0.004 0.000 0.005 0.018 0.005 0.014 0.015 0.000 0.026 0.009 0.009 0.001 0.005 0.033 0.032 0.003 0.006 0.005 0.024 0.007 0.002 0.002 0.019 0.011 0.016 0.009 0.006 0.005 0.021 0.000 0.006 0.004 0.007 0.008 0.000 0.022 0.011 0.008 0.006 0.008 0.000 0.014 0.000 0.011 0.000 0.018 0.030 0.003 0.003 0.017 0.007 0.007 0.004 0.008 0.006 0.008 0.000 0.000 0.006 0.000 0.002 0.012 0.019 0.014 0.010 0.008 0.019 0.009 0.004 0.016 0.004 0.015 0.000 0.001 0.006 0.002 0.004 0.002 0.005 0.006
Gamma shape alpha: 0.565
Parameters optimization took 18 rounds (119840.171 sec)
WARNING: The mixture model might be overfitting because some mixture weights are estimated close to zero
Wrote distance file to... 
BEST SCORE FOUND : -2189932.834
Total tree length: 16.429

Total number of iterations: 0
CPU time used for tree search: 0.000 sec (0h:0m:0s)
Wall-clock time used for tree search: 0.000 sec (0h:0m:0s)
Total CPU time used: 4222503.350 sec (1172h:55m:3s)
Total wall-clock time used: 119840.394 sec (33h:17m:20s)

Analysis results written to: 
  IQ-TREE report:                tardigrada/1_infer/GTR20-UDM128opt.iqtree
  Maximum-likelihood tree:       tardigrada/1_infer/GTR20-UDM128opt.treefile
  Screen log file:               tardigrada/1_infer/GTR20-UDM128opt.log
  GTRPMIX nex file:              tardigrada/1_infer/GTR20-UDM128opt.GTRPMIX.nex

Date and Time: Sat Apr 19 02:39:10 2025
