IQ-TREE multicore version 2.4.0 for Linux x86 64-bit built Feb  7 2025
Developed by Bui Quang Minh, Nguyen Lam Tung, Olga Chernomor, Heiko Schmidt,
Dominik Schrempf, Michael Woodhams, Ly Trong Nhan, Thomas Wong

Host:    rona.rsb.anu.edu.au (AVX2, FMA3, 1007 GB RAM)
Command: /data/yutong/iqtree2 -s tardigrada/matrix_40sp.fasta -ft tardigrada/1_infer/GTR20-UDM128opt.treefile -m GTRUDM128OPT -mdef tardigrada/1_infer/GTRUDM128OPT.nex -safe -pre tardigrada/1_infer/GTR20-UDM128opt-PMSF -n 0 -nt 40
Seed:    283964 (Using SPRNG - Scalable Parallel Random Number Generator)
Time:    Sat Apr 19 17:04:58 2025
Kernel:  Safe AVX+FMA - 40 threads (256 CPU cores detected)

Reading alignment file tardigrada/matrix_40sp.fasta ... Fasta format detected
Reading fasta file: done in 0.063062 secs using 87.31% CPU
Alignment most likely contains protein sequences
Alignment has 40 sequences with 70888 columns, 63149 distinct patterns
48785 parsimony-informative, 7670 singleton sites, 14433 constant sites
                             Gap/Ambiguity  Composition  p-value
Analyzing sequences: done in 0.0103445 secs using 4550% CPU
   1  Capitella_telata               5.00%    failed      0.00%
   2  Daphnia_magna                  9.79%    failed      0.06%
   3  Echiniscoides_sigismundi      49.39%    failed      0.00%
   4  Echiniscus_bisetosus          82.96%    failed      0.00%
   5  Echiniscus_testudo            50.24%    failed      0.00%
   6  Echinoderes_kohni             88.58%    failed      0.00%
   7  Enoplus_brevis                22.43%    failed      0.00%
   8  Epiperipatus                  56.34%    failed      0.00%
   9  Frakliniella_occidentalis      7.36%    failed      0.08%
  10  Gordius                       70.84%    failed      0.00%
  11  Halicryptus_spinolosus        13.41%    failed      0.00%
  12  Hypsibius_dujardini            3.51%    failed      0.00%
  13  Limulus_polyphemus            16.13%    failed      0.00%
  14  Manduca_sexta                  9.59%    failed      0.00%
  15  Meiopriapulus                 26.75%    failed      0.00%
  16  Mesobiotus_philippinicus      19.72%    failed      0.00%
  17  Milnesium_tardigradum         59.56%    failed      0.00%
  18  Neodiprion_lecontei            4.62%    failed      0.01%
  19  Ooperipatellus                72.91%    failed      0.00%
  20  Opisthopatus_kwazululandi     26.52%    failed      0.00%
  21  Paeneus_vanammei              12.28%    failed      0.00%
  22  Pamacea_canaliculata           5.42%    failed      0.02%
  23  Paragordius_varius            71.38%    failed      0.00%
  24  Parasteatoda_tepidariorum      3.65%    failed      0.00%
  25  Peripatoides                  73.44%    failed      0.00%
  26  Peripatoides_novaezelandiae   16.34%    failed      0.00%
  27  Peripatopsis_capensis         37.07%    failed      0.00%
  28  Pleomothra                    21.78%    failed      0.00%
  29  Pontonema_vulgare             24.88%    failed      0.00%
  30  Priapulus_caudatus            13.43%    failed      0.00%
  31  Prionchulus_punctatus         13.90%    failed      0.00%
  32  Pycnophyes                    76.53%    failed      0.00%
  33  Ramazzottius_varieornatus      3.20%    failed      0.00%
  34  Richtersius_coronifer          6.00%    failed      0.00%
  35  Romanomermis_culicivorax      36.04%    failed      0.00%
  36  Stegodyphus_mimosarum         15.16%    failed      0.00%
  37  Strigamia_maritima            13.05%    failed      0.00%
  38  Tachypleu                      8.55%    failed      0.00%
  39  Tobrilus                      23.43%    failed      0.00%
  40  Xiphinema_index               27.20%    failed      0.00%
WARNING: 10 sequences contain more than 50% gaps/ambiguity
****  TOTAL                         29.96%  40 sequences failed composition chi2 test (p-value<5%; df=19)

===> COMPUTING SITE FREQUENCY MODEL BASED ON TREE FILE tardigrada/1_infer/GTR20-UDM128opt.treefile
Reading model definition file tardigrada/1_infer/GTRUDM128OPT.nex ... 88 models and 342 frequency vectors loaded
Model GTRUDM128OPT is alias for GTRPMIX+G4{0.5645}+FMIX{UDM0128CLR_C0000:1:0.0001874459,UDM0128CLR_C0001:1:0.0204498856,UDM0128CLR_C0002:1:0.0394947129,UDM0128CLR_C0003:1:0.0006886213,UDM0128CLR_C0004:1:0.0001387685,UDM0128CLR_C0005:1:0.0149340519,UDM0128CLR_C0006:1:0.0012656749,UDM0128CLR_C0007:1:0.0224564066,UDM0128CLR_C0008:1:0.0065298760,UDM0128CLR_C0009:1:0.0000064830,UDM0128CLR_C0010:1:0.0000328337,UDM0128CLR_C0011:1:0.0208826657,UDM0128CLR_C0012:1:0.0057842341,UDM0128CLR_C0013:1:0.0004917589,UDM0128CLR_C0014:1:0.0000011783,UDM0128CLR_C0015:1:0.0002998344,UDM0128CLR_C0016:1:0.0000131719,UDM0128CLR_C0017:1:0.0138443230,UDM0128CLR_C0018:1:0.0055700044,UDM0128CLR_C0019:1:0.0016992914,UDM0128CLR_C0020:1:0.0053509809,UDM0128CLR_C0021:1:0.0138094241,UDM0128CLR_C0022:1:0.0043563007,UDM0128CLR_C0023:1:0.0235427530,UDM0128CLR_C0024:1:0.0000555733,UDM0128CLR_C0025:1:0.0057862797,UDM0128CLR_C0026:1:0.0029926653,UDM0128CLR_C0027:1:0.0082108224,UDM0128CLR_C0028:1:0.0059437936,UDM0128CLR_C0029:1:0.0036414281,UDM0128CLR_C0030:1:0.0000241973,UDM0128CLR_C0031:1:0.0004480125,UDM0128CLR_C0032:1:0.0077262806,UDM0128CLR_C0033:1:0.0022373471,UDM0128CLR_C0034:1:0.0015021586,UDM0128CLR_C0035:1:0.0110060317,UDM0128CLR_C0036:1:0.0000005137,UDM0128CLR_C0037:1:0.0000034869,UDM0128CLR_C0038:1:0.0001651243,UDM0128CLR_C0039:1:0.0021852788,UDM0128CLR_C0040:1:0.0152131250,UDM0128CLR_C0041:1:0.0000001375,UDM0128CLR_C0042:1:0.0067958361,UDM0128CLR_C0043:1:0.0080414528,UDM0128CLR_C0044:1:0.0000362457,UDM0128CLR_C0045:1:0.0121586513,UDM0128CLR_C0046:1:0.0047427421,UDM0128CLR_C0047:1:0.0030271422,UDM0128CLR_C0048:1:0.0041607946,UDM0128CLR_C0049:1:0.0002083780,UDM0128CLR_C0050:1:0.0045402953,UDM0128CLR_C0051:1:0.0176525009,UDM0128CLR_C0052:1:0.0045287827,UDM0128CLR_C0053:1:0.0143997121,UDM0128CLR_C0054:1:0.0146508976,UDM0128CLR_C0055:1:0.0002986823,UDM0128CLR_C0056:1:0.0264929854,UDM0128CLR_C0057:1:0.0094525071,UDM0128CLR_C0058:1:0.0094818937,UDM0128CLR_C0059:1:0.0010298057,UDM0128CLR_C0060:1:0.0053350394,UDM0128CLR_C0061:1:0.0328907885,UDM0128CLR_C0062:1:0.0322488312,UDM0128CLR_C0063:1:0.0030039386,UDM0128CLR_C0064:1:0.0060419598,UDM0128CLR_C0065:1:0.0053361445,UDM0128CLR_C0066:1:0.0244116112,UDM0128CLR_C0067:1:0.0073765510,UDM0128CLR_C0068:1:0.0022117953,UDM0128CLR_C0069:1:0.0022681568,UDM0128CLR_C0070:1:0.0194524216,UDM0128CLR_C0071:1:0.0108510391,UDM0128CLR_C0072:1:0.0160957581,UDM0128CLR_C0073:1:0.0094901293,UDM0128CLR_C0074:1:0.0056626148,UDM0128CLR_C0075:1:0.0053963651,UDM0128CLR_C0076:1:0.0208820658,UDM0128CLR_C0077:1:0.0000000107,UDM0128CLR_C0078:1:0.0064840265,UDM0128CLR_C0079:1:0.0043364196,UDM0128CLR_C0080:1:0.0074313028,UDM0128CLR_C0081:1:0.0076666691,UDM0128CLR_C0082:1:0.0000031570,UDM0128CLR_C0083:1:0.0217082011,UDM0128CLR_C0084:1:0.0109455822,UDM0128CLR_C0085:1:0.0080140132,UDM0128CLR_C0086:1:0.0061611951,UDM0128CLR_C0087:1:0.0078662245,UDM0128CLR_C0088:1:0.0000047401,UDM0128CLR_C0089:1:0.0141162246,UDM0128CLR_C0090:1:0.0000000006,UDM0128CLR_C0091:1:0.0110309654,UDM0128CLR_C0092:1:0.0001517255,UDM0128CLR_C0093:1:0.0176533191,UDM0128CLR_C0094:1:0.0301591599,UDM0128CLR_C0095:1:0.0030759397,UDM0128CLR_C0096:1:0.0025039556,UDM0128CLR_C0097:1:0.0167261286,UDM0128CLR_C0098:1:0.0070438417,UDM0128CLR_C0099:1:0.0072958437,UDM0128CLR_C0100:1:0.0042757648,UDM0128CLR_C0101:1:0.0075981013,UDM0128CLR_C0102:1:0.0057047519,UDM0128CLR_C0103:1:0.0077605538,UDM0128CLR_C0104:1:0.0000316281,UDM0128CLR_C0105:1:0.0000000001,UDM0128CLR_C0106:1:0.0057867605,UDM0128CLR_C0107:1:0.0001929255,UDM0128CLR_C0108:1:0.0022922114,UDM0128CLR_C0109:1:0.0123262922,UDM0128CLR_C0110:1:0.0186135805,UDM0128CLR_C0111:1:0.0139839689,UDM0128CLR_C0112:1:0.0099199200,UDM0128CLR_C0113:1:0.0082160718,UDM0128CLR_C0114:1:0.0191090558,UDM0128CLR_C0115:1:0.0087828425,UDM0128CLR_C0116:1:0.0039957749,UDM0128CLR_C0117:1:0.0159923504,UDM0128CLR_C0118:1:0.0038240601,UDM0128CLR_C0119:1:0.0151468863,UDM0128CLR_C0120:1:0.0000000045,UDM0128CLR_C0121:1:0.0008194681,UDM0128CLR_C0122:1:0.0064306485,UDM0128CLR_C0123:1:0.0017548253,UDM0128CLR_C0124:1:0.0035749756,UDM0128CLR_C0125:1:0.0024334538,UDM0128CLR_C0126:1:0.0051466433,UDM0128CLR_C0127:1:0.0062803803}
WARNING: Your input class weight 0.000187446 is very small and may cause numerical issues
WARNING: Your input class weight 0.000688621 is very small and may cause numerical issues
WARNING: Your input class weight 0.000138769 is very small and may cause numerical issues
WARNING: Your input class weight 6.483e-06 is very small and may cause numerical issues
WARNING: Your input class weight 3.28337e-05 is very small and may cause numerical issues
WARNING: Your input class weight 0.000491759 is very small and may cause numerical issues
WARNING: Your input class weight 1.1783e-06 is very small and may cause numerical issues
WARNING: Your input class weight 0.000299834 is very small and may cause numerical issues
WARNING: Your input class weight 1.31719e-05 is very small and may cause numerical issues
WARNING: Your input class weight 5.55733e-05 is very small and may cause numerical issues
WARNING: Your input class weight 2.41973e-05 is very small and may cause numerical issues
WARNING: Your input class weight 0.000448012 is very small and may cause numerical issues
WARNING: Your input class weight 5.137e-07 is very small and may cause numerical issues
WARNING: Your input class weight 3.4869e-06 is very small and may cause numerical issues
WARNING: Your input class weight 0.000165124 is very small and may cause numerical issues
WARNING: Your input class weight 1.375e-07 is very small and may cause numerical issues
WARNING: Your input class weight 3.62457e-05 is very small and may cause numerical issues
WARNING: Your input class weight 0.000208378 is very small and may cause numerical issues
WARNING: Your input class weight 0.000298682 is very small and may cause numerical issues
WARNING: Your input class weight 1.07e-08 is very small and may cause numerical issues
WARNING: Your input class weight 3.157e-06 is very small and may cause numerical issues
WARNING: Your input class weight 4.7401e-06 is very small and may cause numerical issues
WARNING: Your input class weight 6e-10 is very small and may cause numerical issues
WARNING: Your input class weight 0.000151725 is very small and may cause numerical issues
WARNING: Your input class weight 3.16281e-05 is very small and may cause numerical issues
WARNING: Your input class weight 1e-10 is very small and may cause numerical issues
WARNING: Your input class weight 0.000192925 is very small and may cause numerical issues
WARNING: Your input class weight 4.5e-09 is very small and may cause numerical issues
WARNING: Your input class weight 0.000819468 is very small and may cause numerical issues
NOTE: 199881 MB RAM is required!
1. Initial log-likelihood: -2189932.834
Optimal log-likelihood: -2189932.828
Mixture weights: 0.000 0.020 0.039 0.001 0.000 0.015 0.001 0.022 0.007 0.000 0.000 0.021 0.006 0.000 0.000 0.000 0.000 0.014 0.006 0.002 0.005 0.014 0.004 0.024 0.000 0.006 0.003 0.008 0.006 0.004 0.000 0.000 0.008 0.002 0.002 0.011 0.000 0.000 0.000 0.002 0.015 0.000 0.007 0.008 0.000 0.012 0.005 0.003 0.004 0.000 0.005 0.018 0.005 0.014 0.015 0.000 0.026 0.009 0.009 0.001 0.005 0.033 0.032 0.003 0.006 0.005 0.024 0.007 0.002 0.002 0.019 0.011 0.016 0.009 0.006 0.005 0.021 0.000 0.006 0.004 0.007 0.008 0.000 0.022 0.011 0.008 0.006 0.008 0.000 0.014 0.000 0.011 0.000 0.018 0.030 0.003 0.003 0.017 0.007 0.007 0.004 0.008 0.006 0.008 0.000 0.000 0.006 0.000 0.002 0.012 0.019 0.014 0.010 0.008 0.019 0.009 0.004 0.016 0.004 0.015 0.000 0.001 0.006 0.002 0.004 0.002 0.005 0.006
Gamma shape alpha: 0.565
Parameters optimization took 1 rounds (289.413 sec)
Computing posterior mean site frequencies....
Site state frequency vectors printed to tardigrada/1_infer/GTR20-UDM128opt-PMSF.sitefreq

===> CONTINUE ANALYSIS USING THE INFERRED SITE FREQUENCY MODEL
Reading model definition file tardigrada/1_infer/GTRUDM128OPT.nex ... 88 models and 342 frequency vectors loaded

Create initial parsimony tree by phylogenetic likelihood library (PLL)... 1.108 seconds
Model GTRUDM128OPT is alias for GTRPMIX+G4{0.5645}+FMIX{UDM0128CLR_C0000:1:0.0001874459,UDM0128CLR_C0001:1:0.0204498856,UDM0128CLR_C0002:1:0.0394947129,UDM0128CLR_C0003:1:0.0006886213,UDM0128CLR_C0004:1:0.0001387685,UDM0128CLR_C0005:1:0.0149340519,UDM0128CLR_C0006:1:0.0012656749,UDM0128CLR_C0007:1:0.0224564066,UDM0128CLR_C0008:1:0.0065298760,UDM0128CLR_C0009:1:0.0000064830,UDM0128CLR_C0010:1:0.0000328337,UDM0128CLR_C0011:1:0.0208826657,UDM0128CLR_C0012:1:0.0057842341,UDM0128CLR_C0013:1:0.0004917589,UDM0128CLR_C0014:1:0.0000011783,UDM0128CLR_C0015:1:0.0002998344,UDM0128CLR_C0016:1:0.0000131719,UDM0128CLR_C0017:1:0.0138443230,UDM0128CLR_C0018:1:0.0055700044,UDM0128CLR_C0019:1:0.0016992914,UDM0128CLR_C0020:1:0.0053509809,UDM0128CLR_C0021:1:0.0138094241,UDM0128CLR_C0022:1:0.0043563007,UDM0128CLR_C0023:1:0.0235427530,UDM0128CLR_C0024:1:0.0000555733,UDM0128CLR_C0025:1:0.0057862797,UDM0128CLR_C0026:1:0.0029926653,UDM0128CLR_C0027:1:0.0082108224,UDM0128CLR_C0028:1:0.0059437936,UDM0128CLR_C0029:1:0.0036414281,UDM0128CLR_C0030:1:0.0000241973,UDM0128CLR_C0031:1:0.0004480125,UDM0128CLR_C0032:1:0.0077262806,UDM0128CLR_C0033:1:0.0022373471,UDM0128CLR_C0034:1:0.0015021586,UDM0128CLR_C0035:1:0.0110060317,UDM0128CLR_C0036:1:0.0000005137,UDM0128CLR_C0037:1:0.0000034869,UDM0128CLR_C0038:1:0.0001651243,UDM0128CLR_C0039:1:0.0021852788,UDM0128CLR_C0040:1:0.0152131250,UDM0128CLR_C0041:1:0.0000001375,UDM0128CLR_C0042:1:0.0067958361,UDM0128CLR_C0043:1:0.0080414528,UDM0128CLR_C0044:1:0.0000362457,UDM0128CLR_C0045:1:0.0121586513,UDM0128CLR_C0046:1:0.0047427421,UDM0128CLR_C0047:1:0.0030271422,UDM0128CLR_C0048:1:0.0041607946,UDM0128CLR_C0049:1:0.0002083780,UDM0128CLR_C0050:1:0.0045402953,UDM0128CLR_C0051:1:0.0176525009,UDM0128CLR_C0052:1:0.0045287827,UDM0128CLR_C0053:1:0.0143997121,UDM0128CLR_C0054:1:0.0146508976,UDM0128CLR_C0055:1:0.0002986823,UDM0128CLR_C0056:1:0.0264929854,UDM0128CLR_C0057:1:0.0094525071,UDM0128CLR_C0058:1:0.0094818937,UDM0128CLR_C0059:1:0.0010298057,UDM0128CLR_C0060:1:0.0053350394,UDM0128CLR_C0061:1:0.0328907885,UDM0128CLR_C0062:1:0.0322488312,UDM0128CLR_C0063:1:0.0030039386,UDM0128CLR_C0064:1:0.0060419598,UDM0128CLR_C0065:1:0.0053361445,UDM0128CLR_C0066:1:0.0244116112,UDM0128CLR_C0067:1:0.0073765510,UDM0128CLR_C0068:1:0.0022117953,UDM0128CLR_C0069:1:0.0022681568,UDM0128CLR_C0070:1:0.0194524216,UDM0128CLR_C0071:1:0.0108510391,UDM0128CLR_C0072:1:0.0160957581,UDM0128CLR_C0073:1:0.0094901293,UDM0128CLR_C0074:1:0.0056626148,UDM0128CLR_C0075:1:0.0053963651,UDM0128CLR_C0076:1:0.0208820658,UDM0128CLR_C0077:1:0.0000000107,UDM0128CLR_C0078:1:0.0064840265,UDM0128CLR_C0079:1:0.0043364196,UDM0128CLR_C0080:1:0.0074313028,UDM0128CLR_C0081:1:0.0076666691,UDM0128CLR_C0082:1:0.0000031570,UDM0128CLR_C0083:1:0.0217082011,UDM0128CLR_C0084:1:0.0109455822,UDM0128CLR_C0085:1:0.0080140132,UDM0128CLR_C0086:1:0.0061611951,UDM0128CLR_C0087:1:0.0078662245,UDM0128CLR_C0088:1:0.0000047401,UDM0128CLR_C0089:1:0.0141162246,UDM0128CLR_C0090:1:0.0000000006,UDM0128CLR_C0091:1:0.0110309654,UDM0128CLR_C0092:1:0.0001517255,UDM0128CLR_C0093:1:0.0176533191,UDM0128CLR_C0094:1:0.0301591599,UDM0128CLR_C0095:1:0.0030759397,UDM0128CLR_C0096:1:0.0025039556,UDM0128CLR_C0097:1:0.0167261286,UDM0128CLR_C0098:1:0.0070438417,UDM0128CLR_C0099:1:0.0072958437,UDM0128CLR_C0100:1:0.0042757648,UDM0128CLR_C0101:1:0.0075981013,UDM0128CLR_C0102:1:0.0057047519,UDM0128CLR_C0103:1:0.0077605538,UDM0128CLR_C0104:1:0.0000316281,UDM0128CLR_C0105:1:0.0000000001,UDM0128CLR_C0106:1:0.0057867605,UDM0128CLR_C0107:1:0.0001929255,UDM0128CLR_C0108:1:0.0022922114,UDM0128CLR_C0109:1:0.0123262922,UDM0128CLR_C0110:1:0.0186135805,UDM0128CLR_C0111:1:0.0139839689,UDM0128CLR_C0112:1:0.0099199200,UDM0128CLR_C0113:1:0.0082160718,UDM0128CLR_C0114:1:0.0191090558,UDM0128CLR_C0115:1:0.0087828425,UDM0128CLR_C0116:1:0.0039957749,UDM0128CLR_C0117:1:0.0159923504,UDM0128CLR_C0118:1:0.0038240601,UDM0128CLR_C0119:1:0.0151468863,UDM0128CLR_C0120:1:0.0000000045,UDM0128CLR_C0121:1:0.0008194681,UDM0128CLR_C0122:1:0.0064306485,UDM0128CLR_C0123:1:0.0017548253,UDM0128CLR_C0124:1:0.0035749756,UDM0128CLR_C0125:1:0.0024334538,UDM0128CLR_C0126:1:0.0051466433,UDM0128CLR_C0127:1:0.0062803803}

NOTE: 2149 MB RAM (2 GB) is required!
Estimate model parameters (epsilon = 0.010)
1. Initial log-likelihood: -2035604.492
2. Current log-likelihood: -1984529.024
3. Current log-likelihood: -1983428.632
4. Current log-likelihood: -1983415.660
5. Current log-likelihood: -1983414.289
6. Current log-likelihood: -1983414.114
7. Current log-likelihood: -1983414.095
Optimal log-likelihood: -1983414.089
Gamma shape alpha: 0.565
Parameters optimization took 7 rounds (47.958 sec)
Wrote distance file to... 
BEST SCORE FOUND : -1983414.089
Total tree length: 15.567

Total number of iterations: 0
CPU time used for tree search: 0.000 sec (0h:0m:0s)
Wall-clock time used for tree search: 0.000 sec (0h:0m:0s)
Total CPU time used: 1583.039 sec (0h:26m:23s)
Total wall-clock time used: 64.066 sec (0h:1m:4s)

Analysis results written to: 
  IQ-TREE report:                tardigrada/1_infer/GTR20-UDM128opt-PMSF.iqtree
  Maximum-likelihood tree:       tardigrada/1_infer/GTR20-UDM128opt-PMSF.treefile
  Screen log file:               tardigrada/1_infer/GTR20-UDM128opt-PMSF.log

Date and Time: Sat Apr 19 17:11:09 2025
