IQ-TREE multicore version 2.4.0 for Linux x86 64-bit built Feb  7 2025
Developed by Bui Quang Minh, Nguyen Lam Tung, Olga Chernomor, Heiko Schmidt,
Dominik Schrempf, Michael Woodhams, Ly Trong Nhan, Thomas Wong

Host:    rona.rsb.anu.edu.au (AVX2, FMA3, 1007 GB RAM)
Command: ./iqtree2 -s tardigrada/matrix_40sp.fasta -m LG+UDM0064CLR+G4 -mdef tardigrada/1_infer/udm_hogenom_0064_clr_iqtree.nex -te tardigrada/paper.contree -me 0.99 -safe -mwopt -pre tardigrada/1_infer/LG-UDM64opt -prec 10 -T 35
Seed:    746979 (Using SPRNG - Scalable Parallel Random Number Generator)
Time:    Fri Apr 18 08:31:53 2025
Kernel:  Safe AVX+FMA - 35 threads (256 CPU cores detected)

Reading alignment file tardigrada/matrix_40sp.fasta ... Fasta format detected
Reading fasta file: done in 0.042286 secs using 77.01% CPU
Alignment most likely contains protein sequences
Alignment has 40 sequences with 70888 columns, 63149 distinct patterns
48785 parsimony-informative, 7670 singleton sites, 14433 constant sites
                             Gap/Ambiguity  Composition  p-value
Analyzing sequences: done in 0.0199388 secs using 3343% CPU
   1  Capitella_telata               5.00%    failed      0.00%
   2  Daphnia_magna                  9.79%    failed      0.06%
   3  Echiniscoides_sigismundi      49.39%    failed      0.00%
   4  Echiniscus_bisetosus          82.96%    failed      0.00%
   5  Echiniscus_testudo            50.24%    failed      0.00%
   6  Echinoderes_kohni             88.58%    failed      0.00%
   7  Enoplus_brevis                22.43%    failed      0.00%
   8  Epiperipatus                  56.34%    failed      0.00%
   9  Frakliniella_occidentalis      7.36%    failed      0.08%
  10  Gordius                       70.84%    failed      0.00%
  11  Halicryptus_spinolosus        13.41%    failed      0.00%
  12  Hypsibius_dujardini            3.51%    failed      0.00%
  13  Limulus_polyphemus            16.13%    failed      0.00%
  14  Manduca_sexta                  9.59%    failed      0.00%
  15  Meiopriapulus                 26.75%    failed      0.00%
  16  Mesobiotus_philippinicus      19.72%    failed      0.00%
  17  Milnesium_tardigradum         59.56%    failed      0.00%
  18  Neodiprion_lecontei            4.62%    failed      0.01%
  19  Ooperipatellus                72.91%    failed      0.00%
  20  Opisthopatus_kwazululandi     26.52%    failed      0.00%
  21  Paeneus_vanammei              12.28%    failed      0.00%
  22  Pamacea_canaliculata           5.42%    failed      0.02%
  23  Paragordius_varius            71.38%    failed      0.00%
  24  Parasteatoda_tepidariorum      3.65%    failed      0.00%
  25  Peripatoides                  73.44%    failed      0.00%
  26  Peripatoides_novaezelandiae   16.34%    failed      0.00%
  27  Peripatopsis_capensis         37.07%    failed      0.00%
  28  Pleomothra                    21.78%    failed      0.00%
  29  Pontonema_vulgare             24.88%    failed      0.00%
  30  Priapulus_caudatus            13.43%    failed      0.00%
  31  Prionchulus_punctatus         13.90%    failed      0.00%
  32  Pycnophyes                    76.53%    failed      0.00%
  33  Ramazzottius_varieornatus      3.20%    failed      0.00%
  34  Richtersius_coronifer          6.00%    failed      0.00%
  35  Romanomermis_culicivorax      36.04%    failed      0.00%
  36  Stegodyphus_mimosarum         15.16%    failed      0.00%
  37  Strigamia_maritima            13.05%    failed      0.00%
  38  Tachypleu                      8.55%    failed      0.00%
  39  Tobrilus                      23.43%    failed      0.00%
  40  Xiphinema_index               27.20%    failed      0.00%
WARNING: 10 sequences contain more than 50% gaps/ambiguity
****  TOTAL                         29.96%  40 sequences failed composition chi2 test (p-value<5%; df=19)
Reading model definition file tardigrada/1_infer/udm_hogenom_0064_clr_iqtree.nex ... 88 models and 278 frequency vectors loaded
Reading input tree file tardigrada/paper.contree ...
Model LG+UDM0064CLR+G4 is alias for LG+FMIX{UDM0064CLR_C0000:1.0:0.02727713454628415,UDM0064CLR_C0001:1.0:0.026957736839103404,UDM0064CLR_C0002:1.0:0.023113557291963724,UDM0064CLR_C0003:1.0:0.02249472423430103,UDM0064CLR_C0004:1.0:0.021604973478583242,UDM0064CLR_C0005:1.0:0.02141675697256602,UDM0064CLR_C0006:1.0:0.020934808646552217,UDM0064CLR_C0007:1.0:0.02056407916500314,UDM0064CLR_C0008:1.0:0.020187646152968686,UDM0064CLR_C0009:1.0:0.020002281412194147,UDM0064CLR_C0010:1.0:0.019956653168311186,UDM0064CLR_C0011:1.0:0.01959447898249016,UDM0064CLR_C0012:1.0:0.019454742485598586,UDM0064CLR_C0013:1.0:0.019352078936861916,UDM0064CLR_C0014:1.0:0.018830205897450523,UDM0064CLR_C0015:1.0:0.018738949409684593,UDM0064CLR_C0016:1.0:0.018542177607939313,UDM0064CLR_C0017:1.0:0.018405292876290422,UDM0064CLR_C0018:1.0:0.018148634004448754,UDM0064CLR_C0019:1.0:0.017968972794159585,UDM0064CLR_C0020:1.0:0.01772657274853134,UDM0064CLR_C0021:1.0:0.01708777733416985,UDM0064CLR_C0022:1.0:0.016799749044658644,UDM0064CLR_C0023:1.0:0.01648605486796327,UDM0064CLR_C0024:1.0:0.01589573946272743,UDM0064CLR_C0025:1.0:0.015713226487195572,UDM0064CLR_C0026:1.0:0.015701819426224832,UDM0064CLR_C0027:1.0:0.01565619118234187,UDM0064CLR_C0028:1.0:0.01551930645069298,UDM0064CLR_C0029:1.0:0.015419494667198996,UDM0064CLR_C0030:1.0:0.015399532310500199,UDM0064CLR_C0031:1.0:0.015140021673415844,UDM0064CLR_C0032:1.0:0.015105800490503621,UDM0064CLR_C0033:1.0:0.015057320481377973,UDM0064CLR_C0034:1.0:0.01495750869788399,UDM0064CLR_C0035:1.0:0.014840586322933896,UDM0064CLR_C0036:1.0:0.01477214395710945,UDM0064CLR_C0037:1.0:0.0145696686248788,UDM0064CLR_C0038:1.0:0.01450407802429704,UDM0064CLR_C0039:1.0:0.014392859179832317,UDM0064CLR_C0040:1.0:0.014324416814007871,UDM0064CLR_C0041:1.0:0.014284492100610278,UDM0064CLR_C0042:1.0:0.013962242628186848,UDM0064CLR_C0043:1.0:0.01385387554896481,UDM0064CLR_C0044:1.0:0.01354303313751212,UDM0064CLR_C0045:1.0:0.013255004848000913,UDM0064CLR_C0046:1.0:0.012921348314606741,UDM0064CLR_C0047:1.0:0.012761649461016369,UDM0064CLR_C0048:1.0:0.012507842354417384,UDM0064CLR_C0049:1.0:0.012311070552672105,UDM0064CLR_C0050:1.0:0.012065818741801175,UDM0064CLR_C0051:1.0:0.011700792790737467,UDM0064CLR_C0052:1.0:0.011640905720641076,UDM0064CLR_C0053:1.0:0.011372839787828666,UDM0064CLR_C0054:1.0:0.010742599669195232,UDM0064CLR_C0055:1.0:0.010582900815604859,UDM0064CLR_C0056:1.0:0.01045742314492671,UDM0064CLR_C0057:1.0:0.010349056065704671,UDM0064CLR_C0058:1.0:0.010229281925511893,UDM0064CLR_C0059:1.0:0.0096874465294017,UDM0064CLR_C0060:1.0:0.009328124108823362,UDM0064CLR_C0061:1.0:0.009040095819312154,UDM0064CLR_C0062:1.0:0.0077881708777733415,UDM0064CLR_C0063:1.0:0.006998231905549535}+G4

NOTE: 99940 MB RAM (97 GB) is required!
Estimate model parameters (epsilon = 0.990)
1. Initial log-likelihood: -2226801.716
2. Current log-likelihood: -2205153.161
3. Current log-likelihood: -2204857.982
4. Current log-likelihood: -2204837.128
5. Current log-likelihood: -2204825.922
6. Current log-likelihood: -2204816.414
7. Current log-likelihood: -2204808.043
8. Current log-likelihood: -2204800.598
9. Current log-likelihood: -2204793.843
10. Current log-likelihood: -2204787.639
11. Current log-likelihood: -2204781.975
12. Current log-likelihood: -2204776.900
13. Current log-likelihood: -2204772.413
14. Current log-likelihood: -2204768.201
15. Current log-likelihood: -2204764.227
16. Current log-likelihood: -2204760.457
17. Current log-likelihood: -2204756.868
18. Current log-likelihood: -2204753.448
19. Current log-likelihood: -2204750.180
20. Current log-likelihood: -2204747.051
21. Current log-likelihood: -2204744.049
22. Current log-likelihood: -2204741.163
23. Current log-likelihood: -2204738.384
24. Current log-likelihood: -2204735.705
25. Current log-likelihood: -2204733.118
26. Current log-likelihood: -2204730.612
27. Current log-likelihood: -2204728.188
28. Current log-likelihood: -2204725.840
29. Current log-likelihood: -2204723.566
30. Current log-likelihood: -2204721.359
31. Current log-likelihood: -2204719.218
32. Current log-likelihood: -2204717.138
33. Current log-likelihood: -2204715.116
34. Current log-likelihood: -2204713.150
35. Current log-likelihood: -2204711.238
36. Current log-likelihood: -2204709.376
37. Current log-likelihood: -2204707.563
38. Current log-likelihood: -2204705.796
39. Current log-likelihood: -2204704.082
40. Current log-likelihood: -2204702.435
41. Current log-likelihood: -2204700.834
42. Current log-likelihood: -2204699.275
43. Current log-likelihood: -2204697.757
44. Current log-likelihood: -2204696.278
45. Current log-likelihood: -2204694.837
46. Current log-likelihood: -2204693.428
47. Current log-likelihood: -2204692.056
48. Current log-likelihood: -2204690.717
49. Current log-likelihood: -2204689.411
50. Current log-likelihood: -2204688.137
51. Current log-likelihood: -2204686.893
52. Current log-likelihood: -2204685.679
53. Current log-likelihood: -2204684.493
54. Current log-likelihood: -2204683.334
55. Current log-likelihood: -2204682.203
56. Current log-likelihood: -2204681.097
57. Current log-likelihood: -2204680.016
58. Current log-likelihood: -2204678.959
59. Current log-likelihood: -2204677.943
Optimal log-likelihood: -2204677.154
Mixture weights: 0.005 0.053 0.018 0.020 0.000 0.009 0.009 0.014 0.003 0.019 0.008 0.000 0.012 0.012 0.019 0.025 0.001 0.010 0.012 0.009 0.004 0.010 0.006 0.011 0.000 0.043 0.016 0.007 0.006 0.023 0.000 0.028 0.015 0.006 0.009 0.009 0.033 0.003 0.005 0.009 0.011 0.100 0.008 0.015 0.000 0.028 0.005 0.000 0.020 0.003 0.014 0.037 0.034 0.054 0.023 0.008 0.007 0.035 0.000 0.004 0.076 0.013 0.005 0.000
Gamma shape alpha: 0.509
Parameters optimization took 59 rounds (9529.802 sec)
WARNING: The mixture model might be overfitting because some mixture weights are estimated close to zero
Wrote distance file to... 
BEST SCORE FOUND : -2204677.154
Total tree length: 20.315

Total number of iterations: 0
CPU time used for tree search: 0.000 sec (0h:0m:0s)
Wall-clock time used for tree search: 0.000 sec (0h:0m:0s)
Total CPU time used: 240682.420 sec (66h:51m:22s)
Total wall-clock time used: 9529.971 sec (2h:38m:49s)

Analysis results written to: 
  IQ-TREE report:                tardigrada/1_infer/LG-UDM64opt.iqtree
  Maximum-likelihood tree:       tardigrada/1_infer/LG-UDM64opt.treefile
  Screen log file:               tardigrada/1_infer/LG-UDM64opt.log

Date and Time: Fri Apr 18 11:10:54 2025
