IQ-TREE multicore version 2.4.0 for Linux x86 64-bit built Feb  7 2025
Developed by Bui Quang Minh, Nguyen Lam Tung, Olga Chernomor, Heiko Schmidt,
Dominik Schrempf, Michael Woodhams, Ly Trong Nhan, Thomas Wong

Host:    rona.rsb.anu.edu.au (AVX2, FMA3, 1007 GB RAM)
Command: /data/yutong/iqtree2 -s tardigrada/matrix_40sp.fasta -ft tardigrada/1_infer/LG-UDM64opt.treefile -m LGUDM64OPT -mdef tardigrada/1_infer/LGUDM64OPT.nex -safe -pre tardigrada/1_infer/LG-UDM64opt-PMSF -n 0 -nt 40
Seed:    395162 (Using SPRNG - Scalable Parallel Random Number Generator)
Time:    Sun Apr 20 12:29:21 2025
Kernel:  Safe AVX+FMA - 40 threads (256 CPU cores detected)

Reading alignment file tardigrada/matrix_40sp.fasta ... Fasta format detected
Reading fasta file: done in 0.0662843 secs using 87.62% CPU
Alignment most likely contains protein sequences
Alignment has 40 sequences with 70888 columns, 63149 distinct patterns
48785 parsimony-informative, 7670 singleton sites, 14433 constant sites
                             Gap/Ambiguity  Composition  p-value
Analyzing sequences: done in 0.010286 secs using 4597% CPU
   1  Capitella_telata               5.00%    failed      0.00%
   2  Daphnia_magna                  9.79%    failed      0.06%
   3  Echiniscoides_sigismundi      49.39%    failed      0.00%
   4  Echiniscus_bisetosus          82.96%    failed      0.00%
   5  Echiniscus_testudo            50.24%    failed      0.00%
   6  Echinoderes_kohni             88.58%    failed      0.00%
   7  Enoplus_brevis                22.43%    failed      0.00%
   8  Epiperipatus                  56.34%    failed      0.00%
   9  Frakliniella_occidentalis      7.36%    failed      0.08%
  10  Gordius                       70.84%    failed      0.00%
  11  Halicryptus_spinolosus        13.41%    failed      0.00%
  12  Hypsibius_dujardini            3.51%    failed      0.00%
  13  Limulus_polyphemus            16.13%    failed      0.00%
  14  Manduca_sexta                  9.59%    failed      0.00%
  15  Meiopriapulus                 26.75%    failed      0.00%
  16  Mesobiotus_philippinicus      19.72%    failed      0.00%
  17  Milnesium_tardigradum         59.56%    failed      0.00%
  18  Neodiprion_lecontei            4.62%    failed      0.01%
  19  Ooperipatellus                72.91%    failed      0.00%
  20  Opisthopatus_kwazululandi     26.52%    failed      0.00%
  21  Paeneus_vanammei              12.28%    failed      0.00%
  22  Pamacea_canaliculata           5.42%    failed      0.02%
  23  Paragordius_varius            71.38%    failed      0.00%
  24  Parasteatoda_tepidariorum      3.65%    failed      0.00%
  25  Peripatoides                  73.44%    failed      0.00%
  26  Peripatoides_novaezelandiae   16.34%    failed      0.00%
  27  Peripatopsis_capensis         37.07%    failed      0.00%
  28  Pleomothra                    21.78%    failed      0.00%
  29  Pontonema_vulgare             24.88%    failed      0.00%
  30  Priapulus_caudatus            13.43%    failed      0.00%
  31  Prionchulus_punctatus         13.90%    failed      0.00%
  32  Pycnophyes                    76.53%    failed      0.00%
  33  Ramazzottius_varieornatus      3.20%    failed      0.00%
  34  Richtersius_coronifer          6.00%    failed      0.00%
  35  Romanomermis_culicivorax      36.04%    failed      0.00%
  36  Stegodyphus_mimosarum         15.16%    failed      0.00%
  37  Strigamia_maritima            13.05%    failed      0.00%
  38  Tachypleu                      8.55%    failed      0.00%
  39  Tobrilus                      23.43%    failed      0.00%
  40  Xiphinema_index               27.20%    failed      0.00%
WARNING: 10 sequences contain more than 50% gaps/ambiguity
****  TOTAL                         29.96%  40 sequences failed composition chi2 test (p-value<5%; df=19)

===> COMPUTING SITE FREQUENCY MODEL BASED ON TREE FILE tardigrada/1_infer/LG-UDM64opt.treefile
Reading model definition file tardigrada/1_infer/LGUDM64OPT.nex ... 87 models and 278 frequency vectors loaded
Model LGUDM64OPT is alias for LG+G4{0.5092552626}+FMIX{UDM0064CLR_C0000:1:0.0050724639,UDM0064CLR_C0001:1:0.0525533008,UDM0064CLR_C0002:1:0.0176594120,UDM0064CLR_C0003:1:0.0196967091,UDM0064CLR_C0004:1:0.0000002428,UDM0064CLR_C0005:1:0.0087980118,UDM0064CLR_C0006:1:0.0088959569,UDM0064CLR_C0007:1:0.0137847467,UDM0064CLR_C0008:1:0.0028001829,UDM0064CLR_C0009:1:0.0191818442,UDM0064CLR_C0010:1:0.0083584008,UDM0064CLR_C0011:1:0.0000002428,UDM0064CLR_C0012:1:0.0123334056,UDM0064CLR_C0013:1:0.0115778894,UDM0064CLR_C0014:1:0.0192438185,UDM0064CLR_C0015:1:0.0249486373,UDM0064CLR_C0016:1:0.0009792210,UDM0064CLR_C0017:1:0.0103468333,UDM0064CLR_C0018:1:0.0116411697,UDM0064CLR_C0019:1:0.0091363635,UDM0064CLR_C0020:1:0.0041653335,UDM0064CLR_C0021:1:0.0100621608,UDM0064CLR_C0022:1:0.0064313765,UDM0064CLR_C0023:1:0.0105827541,UDM0064CLR_C0024:1:0.0000002428,UDM0064CLR_C0025:1:0.0426612863,UDM0064CLR_C0026:1:0.0161271946,UDM0064CLR_C0027:1:0.0074067923,UDM0064CLR_C0028:1:0.0055170127,UDM0064CLR_C0029:1:0.0227168781,UDM0064CLR_C0030:1:0.0000002428,UDM0064CLR_C0031:1:0.0276017780,UDM0064CLR_C0032:1:0.0145052575,UDM0064CLR_C0033:1:0.0061241679,UDM0064CLR_C0034:1:0.0094258964,UDM0064CLR_C0035:1:0.0094642834,UDM0064CLR_C0036:1:0.0331439296,UDM0064CLR_C0037:1:0.0033257595,UDM0064CLR_C0038:1:0.0049210361,UDM0064CLR_C0039:1:0.0085562768,UDM0064CLR_C0040:1:0.0106820174,UDM0064CLR_C0041:1:0.1001460804,UDM0064CLR_C0042:1:0.0082430086,UDM0064CLR_C0043:1:0.0149185167,UDM0064CLR_C0044:1:0.0000002428,UDM0064CLR_C0045:1:0.0277141429,UDM0064CLR_C0046:1:0.0054946686,UDM0064CLR_C0047:1:0.0000002428,UDM0064CLR_C0048:1:0.0201248081,UDM0064CLR_C0049:1:0.0025434877,UDM0064CLR_C0050:1:0.0144033467,UDM0064CLR_C0051:1:0.0368892067,UDM0064CLR_C0052:1:0.0342714923,UDM0064CLR_C0053:1:0.0542241293,UDM0064CLR_C0054:1:0.0228294841,UDM0064CLR_C0055:1:0.0078509534,UDM0064CLR_C0056:1:0.0067165483,UDM0064CLR_C0057:1:0.0353444293,UDM0064CLR_C0058:1:0.0000002428,UDM0064CLR_C0059:1:0.0036408397,UDM0064CLR_C0060:1:0.0756179087,UDM0064CLR_C0061:1:0.0132807902,UDM0064CLR_C0062:1:0.0050720886,UDM0064CLR_C0063:1:0.0002428114}
WARNING: Your input class weight 2.428e-07 is very small and may cause numerical issues
WARNING: Your input class weight 2.428e-07 is very small and may cause numerical issues
WARNING: Your input class weight 0.000979221 is very small and may cause numerical issues
WARNING: Your input class weight 2.428e-07 is very small and may cause numerical issues
WARNING: Your input class weight 2.428e-07 is very small and may cause numerical issues
WARNING: Your input class weight 2.428e-07 is very small and may cause numerical issues
WARNING: Your input class weight 2.428e-07 is very small and may cause numerical issues
WARNING: Your input class weight 2.428e-07 is very small and may cause numerical issues
WARNING: Your input class weight 0.000242811 is very small and may cause numerical issues
NOTE: 99940 MB RAM is required!
1. Initial log-likelihood: -2204677.154
Optimal log-likelihood: -2204677.154
Mixture weights: 0.005 0.053 0.018 0.020 0.000 0.009 0.009 0.014 0.003 0.019 0.008 0.000 0.012 0.012 0.019 0.025 0.001 0.010 0.012 0.009 0.004 0.010 0.006 0.011 0.000 0.043 0.016 0.007 0.006 0.023 0.000 0.028 0.015 0.006 0.009 0.009 0.033 0.003 0.005 0.009 0.011 0.100 0.008 0.015 0.000 0.028 0.005 0.000 0.020 0.003 0.014 0.037 0.034 0.054 0.023 0.008 0.007 0.035 0.000 0.004 0.076 0.013 0.005 0.000
Gamma shape alpha: 0.509
Parameters optimization took 1 rounds (152.502 sec)
Computing posterior mean site frequencies....
Site state frequency vectors printed to tardigrada/1_infer/LG-UDM64opt-PMSF.sitefreq

===> CONTINUE ANALYSIS USING THE INFERRED SITE FREQUENCY MODEL
Reading model definition file tardigrada/1_infer/LGUDM64OPT.nex ... 87 models and 278 frequency vectors loaded

Create initial parsimony tree by phylogenetic likelihood library (PLL)... 0.870 seconds
Model LGUDM64OPT is alias for LG+G4{0.5092552626}+FMIX{UDM0064CLR_C0000:1:0.0050724639,UDM0064CLR_C0001:1:0.0525533008,UDM0064CLR_C0002:1:0.0176594120,UDM0064CLR_C0003:1:0.0196967091,UDM0064CLR_C0004:1:0.0000002428,UDM0064CLR_C0005:1:0.0087980118,UDM0064CLR_C0006:1:0.0088959569,UDM0064CLR_C0007:1:0.0137847467,UDM0064CLR_C0008:1:0.0028001829,UDM0064CLR_C0009:1:0.0191818442,UDM0064CLR_C0010:1:0.0083584008,UDM0064CLR_C0011:1:0.0000002428,UDM0064CLR_C0012:1:0.0123334056,UDM0064CLR_C0013:1:0.0115778894,UDM0064CLR_C0014:1:0.0192438185,UDM0064CLR_C0015:1:0.0249486373,UDM0064CLR_C0016:1:0.0009792210,UDM0064CLR_C0017:1:0.0103468333,UDM0064CLR_C0018:1:0.0116411697,UDM0064CLR_C0019:1:0.0091363635,UDM0064CLR_C0020:1:0.0041653335,UDM0064CLR_C0021:1:0.0100621608,UDM0064CLR_C0022:1:0.0064313765,UDM0064CLR_C0023:1:0.0105827541,UDM0064CLR_C0024:1:0.0000002428,UDM0064CLR_C0025:1:0.0426612863,UDM0064CLR_C0026:1:0.0161271946,UDM0064CLR_C0027:1:0.0074067923,UDM0064CLR_C0028:1:0.0055170127,UDM0064CLR_C0029:1:0.0227168781,UDM0064CLR_C0030:1:0.0000002428,UDM0064CLR_C0031:1:0.0276017780,UDM0064CLR_C0032:1:0.0145052575,UDM0064CLR_C0033:1:0.0061241679,UDM0064CLR_C0034:1:0.0094258964,UDM0064CLR_C0035:1:0.0094642834,UDM0064CLR_C0036:1:0.0331439296,UDM0064CLR_C0037:1:0.0033257595,UDM0064CLR_C0038:1:0.0049210361,UDM0064CLR_C0039:1:0.0085562768,UDM0064CLR_C0040:1:0.0106820174,UDM0064CLR_C0041:1:0.1001460804,UDM0064CLR_C0042:1:0.0082430086,UDM0064CLR_C0043:1:0.0149185167,UDM0064CLR_C0044:1:0.0000002428,UDM0064CLR_C0045:1:0.0277141429,UDM0064CLR_C0046:1:0.0054946686,UDM0064CLR_C0047:1:0.0000002428,UDM0064CLR_C0048:1:0.0201248081,UDM0064CLR_C0049:1:0.0025434877,UDM0064CLR_C0050:1:0.0144033467,UDM0064CLR_C0051:1:0.0368892067,UDM0064CLR_C0052:1:0.0342714923,UDM0064CLR_C0053:1:0.0542241293,UDM0064CLR_C0054:1:0.0228294841,UDM0064CLR_C0055:1:0.0078509534,UDM0064CLR_C0056:1:0.0067165483,UDM0064CLR_C0057:1:0.0353444293,UDM0064CLR_C0058:1:0.0000002428,UDM0064CLR_C0059:1:0.0036408397,UDM0064CLR_C0060:1:0.0756179087,UDM0064CLR_C0061:1:0.0132807902,UDM0064CLR_C0062:1:0.0050720886,UDM0064CLR_C0063:1:0.0002428114}

NOTE: 2149 MB RAM (2 GB) is required!
Estimate model parameters (epsilon = 0.010)
1. Initial log-likelihood: -2092284.539
2. Current log-likelihood: -2030881.344
3. Current log-likelihood: -2029178.809
4. Current log-likelihood: -2029162.401
5. Current log-likelihood: -2029160.934
6. Current log-likelihood: -2029160.755
7. Current log-likelihood: -2029160.736
Optimal log-likelihood: -2029160.731
Gamma shape alpha: 0.509
Parameters optimization took 7 rounds (41.510 sec)
Wrote distance file to... 
BEST SCORE FOUND : -2029160.731
Total tree length: 18.347

Total number of iterations: 0
CPU time used for tree search: 0.000 sec (0h:0m:0s)
Wall-clock time used for tree search: 0.000 sec (0h:0m:0s)
Total CPU time used: 1546.318 sec (0h:25m:46s)
Total wall-clock time used: 57.313 sec (0h:0m:57s)

Analysis results written to: 
  IQ-TREE report:                tardigrada/1_infer/LG-UDM64opt-PMSF.iqtree
  Maximum-likelihood tree:       tardigrada/1_infer/LG-UDM64opt-PMSF.treefile
  Screen log file:               tardigrada/1_infer/LG-UDM64opt-PMSF.log

Date and Time: Sun Apr 20 12:32:59 2025
