IQ-TREE multicore version 2.4.0 for Linux x86 64-bit built Feb  7 2025
Developed by Bui Quang Minh, Nguyen Lam Tung, Olga Chernomor, Heiko Schmidt,
Dominik Schrempf, Michael Woodhams, Ly Trong Nhan, Thomas Wong

Host:    rona.rsb.anu.edu.au (AVX2, FMA3, 1007 GB RAM)
Command: /data/yutong/iqtree2 -s tardigrada/matrix_40sp.fasta -fs tardigrada/1_infer/LG-UDM64opt-PMSF.sitefreq -m LGUDM64OPT -mdef tardigrada/1_infer/LGUDM64OPT.nex -safe -pre tardigrada/1_infer/LG_UDM64opt_PMSF -wsr -bb 1000 -nt 40
Seed:    135305 (Using SPRNG - Scalable Parallel Random Number Generator)
Time:    Sun Apr 20 12:32:59 2025
Kernel:  Safe AVX+FMA - 40 threads (256 CPU cores detected)

Reading alignment file tardigrada/matrix_40sp.fasta ... Fasta format detected
Reading fasta file: done in 0.0647288 secs using 96.96% CPU
Alignment most likely contains protein sequences
Alignment has 40 sequences with 70888 columns, 63149 distinct patterns
48785 parsimony-informative, 7670 singleton sites, 14433 constant sites
                             Gap/Ambiguity  Composition  p-value
Analyzing sequences: done in 0.00973558 secs using 4833% CPU
   1  Capitella_telata               5.00%    failed      0.00%
   2  Daphnia_magna                  9.79%    failed      0.06%
   3  Echiniscoides_sigismundi      49.39%    failed      0.00%
   4  Echiniscus_bisetosus          82.96%    failed      0.00%
   5  Echiniscus_testudo            50.24%    failed      0.00%
   6  Echinoderes_kohni             88.58%    failed      0.00%
   7  Enoplus_brevis                22.43%    failed      0.00%
   8  Epiperipatus                  56.34%    failed      0.00%
   9  Frakliniella_occidentalis      7.36%    failed      0.08%
  10  Gordius                       70.84%    failed      0.00%
  11  Halicryptus_spinolosus        13.41%    failed      0.00%
  12  Hypsibius_dujardini            3.51%    failed      0.00%
  13  Limulus_polyphemus            16.13%    failed      0.00%
  14  Manduca_sexta                  9.59%    failed      0.00%
  15  Meiopriapulus                 26.75%    failed      0.00%
  16  Mesobiotus_philippinicus      19.72%    failed      0.00%
  17  Milnesium_tardigradum         59.56%    failed      0.00%
  18  Neodiprion_lecontei            4.62%    failed      0.01%
  19  Ooperipatellus                72.91%    failed      0.00%
  20  Opisthopatus_kwazululandi     26.52%    failed      0.00%
  21  Paeneus_vanammei              12.28%    failed      0.00%
  22  Pamacea_canaliculata           5.42%    failed      0.02%
  23  Paragordius_varius            71.38%    failed      0.00%
  24  Parasteatoda_tepidariorum      3.65%    failed      0.00%
  25  Peripatoides                  73.44%    failed      0.00%
  26  Peripatoides_novaezelandiae   16.34%    failed      0.00%
  27  Peripatopsis_capensis         37.07%    failed      0.00%
  28  Pleomothra                    21.78%    failed      0.00%
  29  Pontonema_vulgare             24.88%    failed      0.00%
  30  Priapulus_caudatus            13.43%    failed      0.00%
  31  Prionchulus_punctatus         13.90%    failed      0.00%
  32  Pycnophyes                    76.53%    failed      0.00%
  33  Ramazzottius_varieornatus      3.20%    failed      0.00%
  34  Richtersius_coronifer          6.00%    failed      0.00%
  35  Romanomermis_culicivorax      36.04%    failed      0.00%
  36  Stegodyphus_mimosarum         15.16%    failed      0.00%
  37  Strigamia_maritima            13.05%    failed      0.00%
  38  Tachypleu                      8.55%    failed      0.00%
  39  Tobrilus                      23.43%    failed      0.00%
  40  Xiphinema_index               27.20%    failed      0.00%
WARNING: 10 sequences contain more than 50% gaps/ambiguity
****  TOTAL                         29.96%  40 sequences failed composition chi2 test (p-value<5%; df=19)

Reading site-specific state frequency file tardigrada/1_infer/LG-UDM64opt-PMSF.sitefreq ...
63149 distinct per-site state frequency vectors detected
Reading model definition file tardigrada/1_infer/LGUDM64OPT.nex ... 87 models and 278 frequency vectors loaded

Create initial parsimony tree by phylogenetic likelihood library (PLL)... 0.806 seconds
Generating 1000 samples for ultrafast bootstrap (seed: 135305)...
Model LGUDM64OPT is alias for LG+G4{0.5092552626}+FMIX{UDM0064CLR_C0000:1:0.0050724639,UDM0064CLR_C0001:1:0.0525533008,UDM0064CLR_C0002:1:0.0176594120,UDM0064CLR_C0003:1:0.0196967091,UDM0064CLR_C0004:1:0.0000002428,UDM0064CLR_C0005:1:0.0087980118,UDM0064CLR_C0006:1:0.0088959569,UDM0064CLR_C0007:1:0.0137847467,UDM0064CLR_C0008:1:0.0028001829,UDM0064CLR_C0009:1:0.0191818442,UDM0064CLR_C0010:1:0.0083584008,UDM0064CLR_C0011:1:0.0000002428,UDM0064CLR_C0012:1:0.0123334056,UDM0064CLR_C0013:1:0.0115778894,UDM0064CLR_C0014:1:0.0192438185,UDM0064CLR_C0015:1:0.0249486373,UDM0064CLR_C0016:1:0.0009792210,UDM0064CLR_C0017:1:0.0103468333,UDM0064CLR_C0018:1:0.0116411697,UDM0064CLR_C0019:1:0.0091363635,UDM0064CLR_C0020:1:0.0041653335,UDM0064CLR_C0021:1:0.0100621608,UDM0064CLR_C0022:1:0.0064313765,UDM0064CLR_C0023:1:0.0105827541,UDM0064CLR_C0024:1:0.0000002428,UDM0064CLR_C0025:1:0.0426612863,UDM0064CLR_C0026:1:0.0161271946,UDM0064CLR_C0027:1:0.0074067923,UDM0064CLR_C0028:1:0.0055170127,UDM0064CLR_C0029:1:0.0227168781,UDM0064CLR_C0030:1:0.0000002428,UDM0064CLR_C0031:1:0.0276017780,UDM0064CLR_C0032:1:0.0145052575,UDM0064CLR_C0033:1:0.0061241679,UDM0064CLR_C0034:1:0.0094258964,UDM0064CLR_C0035:1:0.0094642834,UDM0064CLR_C0036:1:0.0331439296,UDM0064CLR_C0037:1:0.0033257595,UDM0064CLR_C0038:1:0.0049210361,UDM0064CLR_C0039:1:0.0085562768,UDM0064CLR_C0040:1:0.0106820174,UDM0064CLR_C0041:1:0.1001460804,UDM0064CLR_C0042:1:0.0082430086,UDM0064CLR_C0043:1:0.0149185167,UDM0064CLR_C0044:1:0.0000002428,UDM0064CLR_C0045:1:0.0277141429,UDM0064CLR_C0046:1:0.0054946686,UDM0064CLR_C0047:1:0.0000002428,UDM0064CLR_C0048:1:0.0201248081,UDM0064CLR_C0049:1:0.0025434877,UDM0064CLR_C0050:1:0.0144033467,UDM0064CLR_C0051:1:0.0368892067,UDM0064CLR_C0052:1:0.0342714923,UDM0064CLR_C0053:1:0.0542241293,UDM0064CLR_C0054:1:0.0228294841,UDM0064CLR_C0055:1:0.0078509534,UDM0064CLR_C0056:1:0.0067165483,UDM0064CLR_C0057:1:0.0353444293,UDM0064CLR_C0058:1:0.0000002428,UDM0064CLR_C0059:1:0.0036408397,UDM0064CLR_C0060:1:0.0756179087,UDM0064CLR_C0061:1:0.0132807902,UDM0064CLR_C0062:1:0.0050720886,UDM0064CLR_C0063:1:0.0002428114}

NOTE: 2390 MB RAM (2 GB) is required!
Estimate model parameters (epsilon = 0.100)
1. Initial log-likelihood: -2092284.539
2. Current log-likelihood: -2030881.345
3. Current log-likelihood: -2029178.810
4. Current log-likelihood: -2029162.401
5. Current log-likelihood: -2029160.934
6. Current log-likelihood: -2029160.781
Optimal log-likelihood: -2029160.742
Gamma shape alpha: 0.509
Parameters optimization took 6 rounds (27.076 sec)
Wrote distance file to... 
Computing ML distances based on estimated model parameters...
Calculating distance matrix: done in 7.89608 secs using 1910% CPU
Computing ML distances took 7.907389 sec (of wall-clock time) 151.102073 sec (of CPU time)
Setting up auxiliary I and S matrices: done in 0.0630861 secs using 1626% CPU
Computing RapidNJ tree took 3.092182 sec (of wall-clock time) 52.484083 sec (of CPU time)
Log-likelihood of RapidNJ tree: -2030263.860
--------------------------------------------------------------------
|             INITIALIZING CANDIDATE TREE SET                      |
--------------------------------------------------------------------
Generating 98 parsimony trees... 132.603 second
Computing log-likelihood of 98 initial trees ... 270.462 seconds
Current best score: -2029160.742

Do NNI search on 20 best initial trees
Estimate model parameters (epsilon = 0.100)
BETTER TREE FOUND at iteration 1: -2028774.238
Iteration 10 / LogL: -2028781.039 / Time: 0h:17m:17s
Iteration 20 / LogL: -2028790.389 / Time: 0h:27m:50s
Finish initializing candidate tree set (2)
Current best tree score: -2028774.238 / CPU time: 1571.043
Number of iterations: 20
--------------------------------------------------------------------
|               OPTIMIZING CANDIDATE TREE SET                      |
--------------------------------------------------------------------
Iteration 30 / LogL: -2028783.713 / Time: 0h:37m:54s (1h:32m:45s left)
Iteration 40 / LogL: -2028782.047 / Time: 0h:46m:42s (1h:13m:2s left)
Iteration 50 / LogL: -2028791.880 / Time: 0h:56m:50s (0h:59m:8s left)
Log-likelihood cutoff on original alignment: -2028826.116
Iteration 60 / LogL: -2028781.185 / Time: 1h:6m:8s (0h:45m:57s left)
Iteration 70 / LogL: -2028782.252 / Time: 1h:14m:9s (0h:33m:18s left)
Iteration 80 / LogL: -2028795.726 / Time: 1h:22m:32s (0h:21m:56s left)
Iteration 90 / LogL: -2028784.584 / Time: 1h:32m:15s (0h:11m:24s left)
Iteration 100 / LogL: -2028799.586 / Time: 1h:42m:19s (0h:1m:2s left)
Log-likelihood cutoff on original alignment: -2028826.116
NOTE: Bootstrap correlation coefficient of split occurrence frequencies: 1.000
TREE SEARCH COMPLETED AFTER 102 ITERATIONS / Time: 1h:44m:13s

--------------------------------------------------------------------
|                    FINALIZING TREE SEARCH                        |
--------------------------------------------------------------------
Performs final model parameters optimization
Estimate model parameters (epsilon = 0.010)
1. Initial log-likelihood: -2028774.238
Optimal log-likelihood: -2028774.235
Gamma shape alpha: 0.509
Parameters optimization took 1 rounds (5.104 sec)
BEST SCORE FOUND : -2028774.235
Empirical proportions for each category: 0.288 0.219 0.262 0.231
Site rates printed to tardigrada/1_infer/LG_UDM64opt_PMSF.rate
Creating bootstrap support values...
Split supports printed to NEXUS file tardigrada/1_infer/LG_UDM64opt_PMSF.splits.nex
Total tree length: 18.360

Total number of iterations: 102
CPU time used for tree search: 220770.583 sec (61h:19m:30s)
Wall-clock time used for tree search: 6153.802 sec (1h:42m:33s)
Total CPU time used: 223513.259 sec (62h:5m:13s)
Total wall-clock time used: 6259.503 sec (1h:44m:19s)

Computing bootstrap consensus tree...
Reading input file tardigrada/1_infer/LG_UDM64opt_PMSF.splits.nex...
40 taxa and 83 splits.
Consensus tree written to tardigrada/1_infer/LG_UDM64opt_PMSF.contree
Reading input trees file tardigrada/1_infer/LG_UDM64opt_PMSF.contree
Log-likelihood of consensus tree: -2028774.236

Analysis results written to: 
  IQ-TREE report:                tardigrada/1_infer/LG_UDM64opt_PMSF.iqtree
  Maximum-likelihood tree:       tardigrada/1_infer/LG_UDM64opt_PMSF.treefile
  Likelihood distances:          tardigrada/1_infer/LG_UDM64opt_PMSF.mldist
  Site-specific rates:           tardigrada/1_infer/LG_UDM64opt_PMSF.rate

Ultrafast bootstrap approximation results written to:
  Split support values:          tardigrada/1_infer/LG_UDM64opt_PMSF.splits.nex
  Consensus tree:                tardigrada/1_infer/LG_UDM64opt_PMSF.contree
  Screen log file:               tardigrada/1_infer/LG_UDM64opt_PMSF.log

Date and Time: Sun Apr 20 14:17:59 2025
