IQ-TREE multicore version 2.4.0 for Linux x86 64-bit built Feb  7 2025
Developed by Bui Quang Minh, Nguyen Lam Tung, Olga Chernomor, Heiko Schmidt,
Dominik Schrempf, Michael Woodhams, Ly Trong Nhan, Thomas Wong

Host:    rona.rsb.anu.edu.au (AVX2, FMA3, 1007 GB RAM)
Command: /data/yutong/iqtree2 -s tardigrada/matrix_40sp.fasta -ft tardigrada/1_infer/Poi-C60opt.treefile -m PoiC60opt -mdef tardigrada/1_infer/PoiC60opt.nex -safe -pre tardigrada/1_infer/Poi-C60opt-PMSF -n 0 -nt 35
Seed:    509306 (Using SPRNG - Scalable Parallel Random Number Generator)
Time:    Wed Apr 16 16:05:25 2025
Kernel:  Safe AVX+FMA - 35 threads (256 CPU cores detected)

Reading alignment file tardigrada/matrix_40sp.fasta ... Fasta format detected
Reading fasta file: done in 0.0628581 secs using 93.05% CPU
Alignment most likely contains protein sequences
Alignment has 40 sequences with 70888 columns, 63149 distinct patterns
48785 parsimony-informative, 7670 singleton sites, 14433 constant sites
                             Gap/Ambiguity  Composition  p-value
Analyzing sequences: done in 0.00867224 secs using 4694% CPU
   1  Capitella_telata               5.00%    failed      0.00%
   2  Daphnia_magna                  9.79%    failed      0.06%
   3  Echiniscoides_sigismundi      49.39%    failed      0.00%
   4  Echiniscus_bisetosus          82.96%    failed      0.00%
   5  Echiniscus_testudo            50.24%    failed      0.00%
   6  Echinoderes_kohni             88.58%    failed      0.00%
   7  Enoplus_brevis                22.43%    failed      0.00%
   8  Epiperipatus                  56.34%    failed      0.00%
   9  Frakliniella_occidentalis      7.36%    failed      0.08%
  10  Gordius                       70.84%    failed      0.00%
  11  Halicryptus_spinolosus        13.41%    failed      0.00%
  12  Hypsibius_dujardini            3.51%    failed      0.00%
  13  Limulus_polyphemus            16.13%    failed      0.00%
  14  Manduca_sexta                  9.59%    failed      0.00%
  15  Meiopriapulus                 26.75%    failed      0.00%
  16  Mesobiotus_philippinicus      19.72%    failed      0.00%
  17  Milnesium_tardigradum         59.56%    failed      0.00%
  18  Neodiprion_lecontei            4.62%    failed      0.01%
  19  Ooperipatellus                72.91%    failed      0.00%
  20  Opisthopatus_kwazululandi     26.52%    failed      0.00%
  21  Paeneus_vanammei              12.28%    failed      0.00%
  22  Pamacea_canaliculata           5.42%    failed      0.02%
  23  Paragordius_varius            71.38%    failed      0.00%
  24  Parasteatoda_tepidariorum      3.65%    failed      0.00%
  25  Peripatoides                  73.44%    failed      0.00%
  26  Peripatoides_novaezelandiae   16.34%    failed      0.00%
  27  Peripatopsis_capensis         37.07%    failed      0.00%
  28  Pleomothra                    21.78%    failed      0.00%
  29  Pontonema_vulgare             24.88%    failed      0.00%
  30  Priapulus_caudatus            13.43%    failed      0.00%
  31  Prionchulus_punctatus         13.90%    failed      0.00%
  32  Pycnophyes                    76.53%    failed      0.00%
  33  Ramazzottius_varieornatus      3.20%    failed      0.00%
  34  Richtersius_coronifer          6.00%    failed      0.00%
  35  Romanomermis_culicivorax      36.04%    failed      0.00%
  36  Stegodyphus_mimosarum         15.16%    failed      0.00%
  37  Strigamia_maritima            13.05%    failed      0.00%
  38  Tachypleu                      8.55%    failed      0.00%
  39  Tobrilus                      23.43%    failed      0.00%
  40  Xiphinema_index               27.20%    failed      0.00%
WARNING: 10 sequences contain more than 50% gaps/ambiguity
****  TOTAL                         29.96%  40 sequences failed composition chi2 test (p-value<5%; df=19)

===> COMPUTING SITE FREQUENCY MODEL BASED ON TREE FILE tardigrada/1_infer/Poi-C60opt.treefile
Reading model definition file tardigrada/1_infer/PoiC60opt.nex ... 87 models and 274 frequency vectors loaded
Model PoiC60opt is alias for Poisson+G4{0.6011022527}+FMIX{C60_pi1:1:0.0193254332,C60_pi2:1:0.0323032225,C60_pi3:1:0.0241793749,C60_pi4:1:0.0096145358,C60_pi5:1:0.0146273231,C60_pi6:1:0.0097702907,C60_pi7:1:0.0085196484,C60_pi8:1:0.0102334959,C60_pi9:1:0.0026473895,C60_pi10:1:0.0160134541,C60_pi11:1:0.0437979958,C60_pi12:1:0.0080811066,C60_pi13:1:0.0103722080,C60_pi14:1:0.0120488477,C60_pi15:1:0.0000045594,C60_pi16:1:0.0097652842,C60_pi17:1:0.0110953758,C60_pi18:1:0.0352282024,C60_pi19:1:0.0270188696,C60_pi20:1:0.0146611930,C60_pi21:1:0.0069096599,C60_pi22:1:0.0134005990,C60_pi23:1:0.0132356108,C60_pi24:1:0.0222089196,C60_pi25:1:0.0219047636,C60_pi26:1:0.0095522693,C60_pi27:1:0.0328659224,C60_pi28:1:0.0228310975,C60_pi29:1:0.0148314482,C60_pi30:1:0.0149535041,C60_pi31:1:0.0159061902,C60_pi32:1:0.0144118326,C60_pi33:1:0.0079261235,C60_pi34:1:0.0497455072,C60_pi35:1:0.0351846459,C60_pi36:1:0.0279761792,C60_pi37:1:0.0210454180,C60_pi38:1:0.0227795166,C60_pi39:1:0.0093534091,C60_pi40:1:0.0314615496,C60_pi41:1:0.0086984882,C60_pi42:1:0.0058461616,C60_pi43:1:0.0474015756,C60_pi44:1:0.0102821476,C60_pi45:1:0.0043823369,C60_pi46:1:0.0004222744,C60_pi47:1:0.0149128069,C60_pi48:1:0.0083712002,C60_pi49:1:0.0163511184,C60_pi50:1:0.0062235481,C60_pi51:1:0.0290956857,C60_pi52:1:0.0095979991,C60_pi53:1:0.0096608099,C60_pi54:1:0.0175072128,C60_pi55:1:0.0268086807,C60_pi56:1:0.0272182144,C60_pi57:1:0.0021692713,C60_pi58:1:0.0150942222,C60_pi59:1:0.0076048574,C60_pi60:1:0.0045594119}
WARNING: Your input class weight 4.5594e-06 is very small and may cause numerical issues
WARNING: Your input class weight 0.000422274 is very small and may cause numerical issues
NOTE: 93694 MB RAM is required!
1. Initial log-likelihood: -2221410.925
Optimal log-likelihood: -2221410.925
Mixture weights: 0.019 0.032 0.024 0.010 0.015 0.010 0.009 0.010 0.003 0.016 0.044 0.008 0.010 0.012 0.000 0.010 0.011 0.035 0.027 0.015 0.007 0.013 0.013 0.022 0.022 0.010 0.033 0.023 0.015 0.015 0.016 0.014 0.008 0.050 0.035 0.028 0.021 0.023 0.009 0.031 0.009 0.006 0.047 0.010 0.004 0.000 0.015 0.008 0.016 0.006 0.029 0.010 0.010 0.018 0.027 0.027 0.002 0.015 0.008 0.005
Gamma shape alpha: 0.601
Parameters optimization took 1 rounds (127.799 sec)
Computing posterior mean site frequencies....
Site state frequency vectors printed to tardigrada/1_infer/Poi-C60opt-PMSF.sitefreq

===> CONTINUE ANALYSIS USING THE INFERRED SITE FREQUENCY MODEL
Reading model definition file tardigrada/1_infer/PoiC60opt.nex ... 87 models and 274 frequency vectors loaded

Create initial parsimony tree by phylogenetic likelihood library (PLL)... 1.224 seconds
Model PoiC60opt is alias for Poisson+G4{0.6011022527}+FMIX{C60_pi1:1:0.0193254332,C60_pi2:1:0.0323032225,C60_pi3:1:0.0241793749,C60_pi4:1:0.0096145358,C60_pi5:1:0.0146273231,C60_pi6:1:0.0097702907,C60_pi7:1:0.0085196484,C60_pi8:1:0.0102334959,C60_pi9:1:0.0026473895,C60_pi10:1:0.0160134541,C60_pi11:1:0.0437979958,C60_pi12:1:0.0080811066,C60_pi13:1:0.0103722080,C60_pi14:1:0.0120488477,C60_pi15:1:0.0000045594,C60_pi16:1:0.0097652842,C60_pi17:1:0.0110953758,C60_pi18:1:0.0352282024,C60_pi19:1:0.0270188696,C60_pi20:1:0.0146611930,C60_pi21:1:0.0069096599,C60_pi22:1:0.0134005990,C60_pi23:1:0.0132356108,C60_pi24:1:0.0222089196,C60_pi25:1:0.0219047636,C60_pi26:1:0.0095522693,C60_pi27:1:0.0328659224,C60_pi28:1:0.0228310975,C60_pi29:1:0.0148314482,C60_pi30:1:0.0149535041,C60_pi31:1:0.0159061902,C60_pi32:1:0.0144118326,C60_pi33:1:0.0079261235,C60_pi34:1:0.0497455072,C60_pi35:1:0.0351846459,C60_pi36:1:0.0279761792,C60_pi37:1:0.0210454180,C60_pi38:1:0.0227795166,C60_pi39:1:0.0093534091,C60_pi40:1:0.0314615496,C60_pi41:1:0.0086984882,C60_pi42:1:0.0058461616,C60_pi43:1:0.0474015756,C60_pi44:1:0.0102821476,C60_pi45:1:0.0043823369,C60_pi46:1:0.0004222744,C60_pi47:1:0.0149128069,C60_pi48:1:0.0083712002,C60_pi49:1:0.0163511184,C60_pi50:1:0.0062235481,C60_pi51:1:0.0290956857,C60_pi52:1:0.0095979991,C60_pi53:1:0.0096608099,C60_pi54:1:0.0175072128,C60_pi55:1:0.0268086807,C60_pi56:1:0.0272182144,C60_pi57:1:0.0021692713,C60_pi58:1:0.0150942222,C60_pi59:1:0.0076048574,C60_pi60:1:0.0045594119}

NOTE: 2149 MB RAM (2 GB) is required!
Estimate model parameters (epsilon = 0.010)
1. Initial log-likelihood: -2034085.545
2. Current log-likelihood: -1990793.082
3. Current log-likelihood: -1989981.335
4. Current log-likelihood: -1989970.007
5. Current log-likelihood: -1989968.793
6. Current log-likelihood: -1989968.639
7. Current log-likelihood: -1989968.622
Optimal log-likelihood: -1989968.618
Gamma shape alpha: 0.601
Parameters optimization took 7 rounds (45.259 sec)
Wrote distance file to... 
BEST SCORE FOUND : -1989968.618
Total tree length: 14.199

Total number of iterations: 0
CPU time used for tree search: 0.000 sec (0h:0m:0s)
Wall-clock time used for tree search: 0.000 sec (0h:0m:0s)
Total CPU time used: 1469.458 sec (0h:24m:29s)
Total wall-clock time used: 55.282 sec (0h:0m:55s)

Analysis results written to: 
  IQ-TREE report:                tardigrada/1_infer/Poi-C60opt-PMSF.iqtree
  Maximum-likelihood tree:       tardigrada/1_infer/Poi-C60opt-PMSF.treefile
  Screen log file:               tardigrada/1_infer/Poi-C60opt-PMSF.log

Date and Time: Wed Apr 16 16:08:36 2025
