IQ-TREE multicore version 2.4.0 for Linux x86 64-bit built Feb  7 2025
Developed by Bui Quang Minh, Nguyen Lam Tung, Olga Chernomor, Heiko Schmidt,
Dominik Schrempf, Michael Woodhams, Ly Trong Nhan, Thomas Wong

Host:    rona.rsb.anu.edu.au (AVX2, FMA3, 1007 GB RAM)
Command: /data/yutong/iqtree2 -s tardigrada/matrix_40sp.fasta -fs tardigrada/1_infer/Poi-C60opt-PMSF.sitefreq -m PoiC60opt -mdef tardigrada/1_infer/PoiC60opt.nex -safe -pre tardigrada/1_infer/Poi_C60opt_PMSF -wsr -bb 1000 -nt 35
Seed:    326909 (Using SPRNG - Scalable Parallel Random Number Generator)
Time:    Wed Apr 16 16:08:37 2025
Kernel:  Safe AVX+FMA - 35 threads (256 CPU cores detected)

Reading alignment file tardigrada/matrix_40sp.fasta ... Fasta format detected
Reading fasta file: done in 0.0639631 secs using 93.8% CPU
Alignment most likely contains protein sequences
Alignment has 40 sequences with 70888 columns, 63149 distinct patterns
48785 parsimony-informative, 7670 singleton sites, 14433 constant sites
                             Gap/Ambiguity  Composition  p-value
Analyzing sequences: done in 0.00761339 secs using 3679% CPU
   1  Capitella_telata               5.00%    failed      0.00%
   2  Daphnia_magna                  9.79%    failed      0.06%
   3  Echiniscoides_sigismundi      49.39%    failed      0.00%
   4  Echiniscus_bisetosus          82.96%    failed      0.00%
   5  Echiniscus_testudo            50.24%    failed      0.00%
   6  Echinoderes_kohni             88.58%    failed      0.00%
   7  Enoplus_brevis                22.43%    failed      0.00%
   8  Epiperipatus                  56.34%    failed      0.00%
   9  Frakliniella_occidentalis      7.36%    failed      0.08%
  10  Gordius                       70.84%    failed      0.00%
  11  Halicryptus_spinolosus        13.41%    failed      0.00%
  12  Hypsibius_dujardini            3.51%    failed      0.00%
  13  Limulus_polyphemus            16.13%    failed      0.00%
  14  Manduca_sexta                  9.59%    failed      0.00%
  15  Meiopriapulus                 26.75%    failed      0.00%
  16  Mesobiotus_philippinicus      19.72%    failed      0.00%
  17  Milnesium_tardigradum         59.56%    failed      0.00%
  18  Neodiprion_lecontei            4.62%    failed      0.01%
  19  Ooperipatellus                72.91%    failed      0.00%
  20  Opisthopatus_kwazululandi     26.52%    failed      0.00%
  21  Paeneus_vanammei              12.28%    failed      0.00%
  22  Pamacea_canaliculata           5.42%    failed      0.02%
  23  Paragordius_varius            71.38%    failed      0.00%
  24  Parasteatoda_tepidariorum      3.65%    failed      0.00%
  25  Peripatoides                  73.44%    failed      0.00%
  26  Peripatoides_novaezelandiae   16.34%    failed      0.00%
  27  Peripatopsis_capensis         37.07%    failed      0.00%
  28  Pleomothra                    21.78%    failed      0.00%
  29  Pontonema_vulgare             24.88%    failed      0.00%
  30  Priapulus_caudatus            13.43%    failed      0.00%
  31  Prionchulus_punctatus         13.90%    failed      0.00%
  32  Pycnophyes                    76.53%    failed      0.00%
  33  Ramazzottius_varieornatus      3.20%    failed      0.00%
  34  Richtersius_coronifer          6.00%    failed      0.00%
  35  Romanomermis_culicivorax      36.04%    failed      0.00%
  36  Stegodyphus_mimosarum         15.16%    failed      0.00%
  37  Strigamia_maritima            13.05%    failed      0.00%
  38  Tachypleu                      8.55%    failed      0.00%
  39  Tobrilus                      23.43%    failed      0.00%
  40  Xiphinema_index               27.20%    failed      0.00%
WARNING: 10 sequences contain more than 50% gaps/ambiguity
****  TOTAL                         29.96%  40 sequences failed composition chi2 test (p-value<5%; df=19)

Reading site-specific state frequency file tardigrada/1_infer/Poi-C60opt-PMSF.sitefreq ...
63149 distinct per-site state frequency vectors detected
Reading model definition file tardigrada/1_infer/PoiC60opt.nex ... 87 models and 274 frequency vectors loaded

Create initial parsimony tree by phylogenetic likelihood library (PLL)... 0.873 seconds
Generating 1000 samples for ultrafast bootstrap (seed: 326909)...
Model PoiC60opt is alias for Poisson+G4{0.6011022527}+FMIX{C60_pi1:1:0.0193254332,C60_pi2:1:0.0323032225,C60_pi3:1:0.0241793749,C60_pi4:1:0.0096145358,C60_pi5:1:0.0146273231,C60_pi6:1:0.0097702907,C60_pi7:1:0.0085196484,C60_pi8:1:0.0102334959,C60_pi9:1:0.0026473895,C60_pi10:1:0.0160134541,C60_pi11:1:0.0437979958,C60_pi12:1:0.0080811066,C60_pi13:1:0.0103722080,C60_pi14:1:0.0120488477,C60_pi15:1:0.0000045594,C60_pi16:1:0.0097652842,C60_pi17:1:0.0110953758,C60_pi18:1:0.0352282024,C60_pi19:1:0.0270188696,C60_pi20:1:0.0146611930,C60_pi21:1:0.0069096599,C60_pi22:1:0.0134005990,C60_pi23:1:0.0132356108,C60_pi24:1:0.0222089196,C60_pi25:1:0.0219047636,C60_pi26:1:0.0095522693,C60_pi27:1:0.0328659224,C60_pi28:1:0.0228310975,C60_pi29:1:0.0148314482,C60_pi30:1:0.0149535041,C60_pi31:1:0.0159061902,C60_pi32:1:0.0144118326,C60_pi33:1:0.0079261235,C60_pi34:1:0.0497455072,C60_pi35:1:0.0351846459,C60_pi36:1:0.0279761792,C60_pi37:1:0.0210454180,C60_pi38:1:0.0227795166,C60_pi39:1:0.0093534091,C60_pi40:1:0.0314615496,C60_pi41:1:0.0086984882,C60_pi42:1:0.0058461616,C60_pi43:1:0.0474015756,C60_pi44:1:0.0102821476,C60_pi45:1:0.0043823369,C60_pi46:1:0.0004222744,C60_pi47:1:0.0149128069,C60_pi48:1:0.0083712002,C60_pi49:1:0.0163511184,C60_pi50:1:0.0062235481,C60_pi51:1:0.0290956857,C60_pi52:1:0.0095979991,C60_pi53:1:0.0096608099,C60_pi54:1:0.0175072128,C60_pi55:1:0.0268086807,C60_pi56:1:0.0272182144,C60_pi57:1:0.0021692713,C60_pi58:1:0.0150942222,C60_pi59:1:0.0076048574,C60_pi60:1:0.0045594119}

NOTE: 2390 MB RAM (2 GB) is required!
Estimate model parameters (epsilon = 0.100)
1. Initial log-likelihood: -2034085.545
2. Current log-likelihood: -1990793.082
3. Current log-likelihood: -1989981.335
4. Current log-likelihood: -1989970.007
5. Current log-likelihood: -1989968.792
Optimal log-likelihood: -1989968.661
Gamma shape alpha: 0.601
Parameters optimization took 5 rounds (33.915 sec)
Wrote distance file to... 
Computing ML distances based on estimated model parameters...
Calculating distance matrix: done in 10.0557 secs using 2392% CPU
Computing ML distances took 10.063682 sec (of wall-clock time) 240.808583 sec (of CPU time)
Setting up auxiliary I and S matrices: done in 0.0550522 secs using 2134% CPU
Computing RapidNJ tree took 1.985066 sec (of wall-clock time) 40.722643 sec (of CPU time)
Log-likelihood of RapidNJ tree: -1993840.606
--------------------------------------------------------------------
|             INITIALIZING CANDIDATE TREE SET                      |
--------------------------------------------------------------------
Generating 98 parsimony trees... 140.059 second
Computing log-likelihood of 98 initial trees ... 306.022 seconds
Current best score: -1989968.661

Do NNI search on 20 best initial trees
Estimate model parameters (epsilon = 0.100)
BETTER TREE FOUND at iteration 1: -1989753.632
Iteration 10 / LogL: -1989764.327 / Time: 0h:18m:30s
Iteration 20 / LogL: -1989758.326 / Time: 0h:30m:12s
Finish initializing candidate tree set (1)
Current best tree score: -1989753.632 / CPU time: 1708.139
Number of iterations: 20
--------------------------------------------------------------------
|               OPTIMIZING CANDIDATE TREE SET                      |
--------------------------------------------------------------------
Iteration 30 / LogL: -1989763.127 / Time: 0h:37m:55s (1h:32m:49s left)
Iteration 40 / LogL: -1989757.559 / Time: 0h:46m:23s (1h:12m:31s left)
Iteration 50 / LogL: -1989755.251 / Time: 0h:57m:3s (0h:59m:22s left)
Log-likelihood cutoff on original alignment: -1989801.998
Iteration 60 / LogL: -1989764.173 / Time: 1h:4m:20s (0h:44m:41s left)
Iteration 70 / LogL: -1989775.127 / Time: 1h:12m:5s (0h:32m:23s left)
Iteration 80 / LogL: -1989764.885 / Time: 1h:19m:34s (0h:21m:9s left)
Iteration 90 / LogL: -1989759.680 / Time: 1h:26m:1s (0h:10m:37s left)
Iteration 100 / LogL: -1989784.431 / Time: 1h:32m:42s (0h:0m:56s left)
Log-likelihood cutoff on original alignment: -1989801.998
NOTE: Bootstrap correlation coefficient of split occurrence frequencies: 1.000
TREE SEARCH COMPLETED AFTER 102 ITERATIONS / Time: 1h:33m:50s

--------------------------------------------------------------------
|                    FINALIZING TREE SEARCH                        |
--------------------------------------------------------------------
Performs final model parameters optimization
Estimate model parameters (epsilon = 0.010)
1. Initial log-likelihood: -1989753.632
Optimal log-likelihood: -1989753.626
Gamma shape alpha: 0.601
Parameters optimization took 1 rounds (3.560 sec)
BEST SCORE FOUND : -1989753.626
Empirical proportions for each category: 0.289 0.176 0.267 0.268
Site rates printed to tardigrada/1_infer/Poi_C60opt_PMSF.rate
Creating bootstrap support values...
Split supports printed to NEXUS file tardigrada/1_infer/Poi_C60opt_PMSF.splits.nex
Total tree length: 14.223

Total number of iterations: 102
CPU time used for tree search: 181541.650 sec (50h:25m:41s)
Wall-clock time used for tree search: 5526.593 sec (1h:32m:6s)
Total CPU time used: 184445.933 sec (51h:14m:5s)
Total wall-clock time used: 5635.039 sec (1h:33m:55s)

Computing bootstrap consensus tree...
Reading input file tardigrada/1_infer/Poi_C60opt_PMSF.splits.nex...
40 taxa and 86 splits.
Consensus tree written to tardigrada/1_infer/Poi_C60opt_PMSF.contree
Reading input trees file tardigrada/1_infer/Poi_C60opt_PMSF.contree
Log-likelihood of consensus tree: -1989753.625

Analysis results written to: 
  IQ-TREE report:                tardigrada/1_infer/Poi_C60opt_PMSF.iqtree
  Maximum-likelihood tree:       tardigrada/1_infer/Poi_C60opt_PMSF.treefile
  Likelihood distances:          tardigrada/1_infer/Poi_C60opt_PMSF.mldist
  Site-specific rates:           tardigrada/1_infer/Poi_C60opt_PMSF.rate

Ultrafast bootstrap approximation results written to:
  Split support values:          tardigrada/1_infer/Poi_C60opt_PMSF.splits.nex
  Consensus tree:                tardigrada/1_infer/Poi_C60opt_PMSF.contree
  Screen log file:               tardigrada/1_infer/Poi_C60opt_PMSF.log

Date and Time: Wed Apr 16 17:43:03 2025
