IQ-TREE multicore version 2.4.0 for Linux x86 64-bit built Feb  7 2025
Developed by Bui Quang Minh, Nguyen Lam Tung, Olga Chernomor, Heiko Schmidt,
Dominik Schrempf, Michael Woodhams, Ly Trong Nhan, Thomas Wong

Host:    rona.rsb.anu.edu.au (AVX2, FMA3, 1007 GB RAM)
Command: ./iqtree2 -s 1kp/1kp.fasta -ft 1kp/1_infer/GTR20-UDM64opt.treefile -m GTRUDM64OPT -mdef 1kp/1_infer/GTRUDM64OPT.nex -safe -pre 1kp/1_infer/GTR20-UDM64opt-PMSF -n 0 -wspmr -nt 40
Seed:    106164 (Using SPRNG - Scalable Parallel Random Number Generator)
Time:    Sat May 17 02:00:24 2025
Kernel:  Safe AVX+FMA - 40 threads (256 CPU cores detected)

Reading alignment file 1kp/1kp.fasta ... Fasta format detected
Reading fasta file: done in 0.0435075 secs using 97.3% CPU
Alignment most likely contains protein sequences
Alignment has 40 sequences with 103658 columns, 97826 distinct patterns
74754 parsimony-informative, 13250 singleton sites, 15653 constant sites
            Gap/Ambiguity  Composition  p-value
Analyzing sequences: done in 0.0186786 secs using 3749% CPU
   1  BFIK         27.41%    failed      0.00%
   2  BNCU         13.55%    failed      0.00%
   3  CIEA         19.10%    failed      0.00%
   4  CMEQ         13.47%    failed      0.00%
   5  CSUV         27.21%    failed      0.00%
   6  Chlre_v5.5   16.92%    failed      0.00%
   7  GTHK         18.40%    failed      0.00%
   8  HKZW         24.20%    failed      0.00%
   9  ILBQ         16.53%    failed      0.00%
  10  IYDF         17.50%    failed      0.00%
  11  JEXA         19.01%    failed      0.00%
  12  JOJQ         16.68%    failed      0.00%
  13  JVSZ         25.96%    failed      0.00%
  14  KNMB         16.28%    failed      0.00%
  15  KWGC         29.11%    failed      0.00%
  16  Klefl_v1.0    7.15%    failed      0.00%
  17  MMKU         27.49%    failed      0.00%
  18  Micpu_v3.0   25.86%    failed      0.00%
  19  OAGK          6.76%    failed      0.00%
  20  OLES         13.66%    failed      0.00%
  21  POZS         25.34%    failed      0.00%
  22  PQTO         21.02%    failed      0.00%
  23  PYHZ         19.30%    failed      0.00%
  24  QKMG         23.72%    failed      0.00%
  25  QPDY         15.05%    failed      0.00%
  26  SKYV         29.84%    failed      0.00%
  27  Selmo_v1.0   13.65%    failed      0.00%
  28  Spipo_v2      8.49%    failed      0.00%
  29  VYLQ          4.05%    failed      0.00%
  30  WDCW         24.70%    failed      0.00%
  31  WKCY          7.98%    failed      0.00%
  32  WQRD         23.20%    failed      0.00%
  33  WTDE         26.95%    failed      0.00%
  34  WWQZ         16.02%    failed      0.00%
  35  XSZI         18.21%    failed      0.00%
  36  XZME         11.12%    failed      0.00%
  37  YOXI         25.48%    failed      0.00%
  38  YPIC         24.57%    failed      0.00%
  39  ZFGK         22.51%    failed      0.00%
  40  ZUHO         17.59%    failed      0.00%
****  TOTAL        19.03%  40 sequences failed composition chi2 test (p-value<5%; df=19)

===> COMPUTING SITE FREQUENCY MODEL BASED ON TREE FILE 1kp/1_infer/GTR20-UDM64opt.treefile
Reading model definition file 1kp/1_infer/GTRUDM64OPT.nex ... 89 models and 278 frequency vectors loaded
Model GTRUDM64OPT is alias for GTRPMIX+G4{0.5738}+FMIX{UDM0064CLR_C0000:1.0:0.0123413599,UDM0064CLR_C0001:1.0:0.0645142375,UDM0064CLR_C0002:1.0:0.0131806883,UDM0064CLR_C0003:1.0:0.0096503215,UDM0064CLR_C0004:1.0:0.0001601157,UDM0064CLR_C0005:1.0:0.0033235389,UDM0064CLR_C0006:1.0:0.0045558865,UDM0064CLR_C0007:1.0:0.0131311539,UDM0064CLR_C0008:1.0:0.0006176487,UDM0064CLR_C0009:1.0:0.0230263699,UDM0064CLR_C0010:1.0:0.0082634715,UDM0064CLR_C0011:1.0:0.0000243221,UDM0064CLR_C0012:1.0:0.0229520447,UDM0064CLR_C0013:1.0:0.0118545581,UDM0064CLR_C0014:1.0:0.0119822178,UDM0064CLR_C0015:1.0:0.0439678212,UDM0064CLR_C0016:1.0:0.0115483217,UDM0064CLR_C0017:1.0:0.0152767759,UDM0064CLR_C0018:1.0:0.0177560809,UDM0064CLR_C0019:1.0:0.0127351157,UDM0064CLR_C0020:1.0:0.0026236232,UDM0064CLR_C0021:1.0:0.0157359434,UDM0064CLR_C0022:1.0:0.0157484164,UDM0064CLR_C0023:1.0:0.0428967511,UDM0064CLR_C0024:1.0:0.0053681386,UDM0064CLR_C0025:1.0:0.0165739418,UDM0064CLR_C0026:1.0:0.0245189473,UDM0064CLR_C0027:1.0:0.0001584383,UDM0064CLR_C0028:1.0:0.0095236446,UDM0064CLR_C0029:1.0:0.0480049492,UDM0064CLR_C0030:1.0:0.0000121460,UDM0064CLR_C0031:1.0:0.0080525705,UDM0064CLR_C0032:1.0:0.0057686252,UDM0064CLR_C0033:1.0:0.0057578803,UDM0064CLR_C0034:1.0:0.0064449337,UDM0064CLR_C0035:1.0:0.0083253057,UDM0064CLR_C0036:1.0:0.0636598258,UDM0064CLR_C0037:1.0:0.0204750770,UDM0064CLR_C0038:1.0:0.0027405237,UDM0064CLR_C0039:1.0:0.0099210568,UDM0064CLR_C0040:1.0:0.0003389008,UDM0064CLR_C0041:1.0:0.0390251765,UDM0064CLR_C0042:1.0:0.0094833546,UDM0064CLR_C0043:1.0:0.0158985486,UDM0064CLR_C0044:1.0:0.0002063248,UDM0064CLR_C0045:1.0:0.0164667042,UDM0064CLR_C0046:1.0:0.0109179051,UDM0064CLR_C0047:1.0:0.0000474434,UDM0064CLR_C0048:1.0:0.0138344532,UDM0064CLR_C0049:1.0:0.0077846564,UDM0064CLR_C0050:1.0:0.0075564079,UDM0064CLR_C0051:1.0:0.0602282115,UDM0064CLR_C0052:1.0:0.0096319971,UDM0064CLR_C0053:1.0:0.0276141449,UDM0064CLR_C0054:1.0:0.0180076094,UDM0064CLR_C0055:1.0:0.0109080940,UDM0064CLR_C0056:1.0:0.0136704339,UDM0064CLR_C0057:1.0:0.0182199445,UDM0064CLR_C0058:1.0:0.0000035671,UDM0064CLR_C0059:1.0:0.0042364681,UDM0064CLR_C0060:1.0:0.0716100835,UDM0064CLR_C0061:1.0:0.0206155290,UDM0064CLR_C0062:1.0:0.0054242978,UDM0064CLR_C0063:1.0:0.0050969550}
WARNING: Your input class weight 0.000160116 is very small and may cause numerical issues
WARNING: Your input class weight 0.000617649 is very small and may cause numerical issues
WARNING: Your input class weight 2.43221e-05 is very small and may cause numerical issues
WARNING: Your input class weight 0.000158438 is very small and may cause numerical issues
WARNING: Your input class weight 1.2146e-05 is very small and may cause numerical issues
WARNING: Your input class weight 0.000338901 is very small and may cause numerical issues
WARNING: Your input class weight 0.000206325 is very small and may cause numerical issues
WARNING: Your input class weight 4.74434e-05 is very small and may cause numerical issues
WARNING: Your input class weight 3.5671e-06 is very small and may cause numerical issues
NOTE: 154799 MB RAM is required!
1. Initial log-likelihood: -3765735.492
2. Current log-likelihood: -3765735.277
Optimal log-likelihood: -3765735.227
Mixture weights: 0.012 0.065 0.013 0.010 0.000 0.003 0.005 0.013 0.001 0.023 0.008 0.000 0.023 0.012 0.012 0.044 0.012 0.015 0.018 0.013 0.003 0.016 0.016 0.043 0.005 0.017 0.025 0.000 0.010 0.048 0.000 0.008 0.006 0.006 0.006 0.008 0.064 0.020 0.003 0.010 0.000 0.039 0.009 0.016 0.000 0.016 0.011 0.000 0.014 0.008 0.008 0.060 0.010 0.028 0.018 0.011 0.014 0.018 0.000 0.004 0.072 0.021 0.005 0.005
Gamma shape alpha: 0.574
Parameters optimization took 2 rounds (269.916 sec)
Computing posterior mean site frequencies....
Site state frequency vectors printed to 1kp/1_infer/GTR20-UDM64opt-PMSF.sitefreq

===> CONTINUE ANALYSIS USING THE INFERRED SITE FREQUENCY MODEL
NOTE: minimal branch length is reduced to 0.000000964711 for long alignment
Reading model definition file 1kp/1_infer/GTRUDM64OPT.nex ... 89 models and 278 frequency vectors loaded

Create initial parsimony tree by phylogenetic likelihood library (PLL)... 1.386 seconds
Model GTRUDM64OPT is alias for GTRPMIX+G4{0.5738}+FMIX{UDM0064CLR_C0000:1.0:0.0123413599,UDM0064CLR_C0001:1.0:0.0645142375,UDM0064CLR_C0002:1.0:0.0131806883,UDM0064CLR_C0003:1.0:0.0096503215,UDM0064CLR_C0004:1.0:0.0001601157,UDM0064CLR_C0005:1.0:0.0033235389,UDM0064CLR_C0006:1.0:0.0045558865,UDM0064CLR_C0007:1.0:0.0131311539,UDM0064CLR_C0008:1.0:0.0006176487,UDM0064CLR_C0009:1.0:0.0230263699,UDM0064CLR_C0010:1.0:0.0082634715,UDM0064CLR_C0011:1.0:0.0000243221,UDM0064CLR_C0012:1.0:0.0229520447,UDM0064CLR_C0013:1.0:0.0118545581,UDM0064CLR_C0014:1.0:0.0119822178,UDM0064CLR_C0015:1.0:0.0439678212,UDM0064CLR_C0016:1.0:0.0115483217,UDM0064CLR_C0017:1.0:0.0152767759,UDM0064CLR_C0018:1.0:0.0177560809,UDM0064CLR_C0019:1.0:0.0127351157,UDM0064CLR_C0020:1.0:0.0026236232,UDM0064CLR_C0021:1.0:0.0157359434,UDM0064CLR_C0022:1.0:0.0157484164,UDM0064CLR_C0023:1.0:0.0428967511,UDM0064CLR_C0024:1.0:0.0053681386,UDM0064CLR_C0025:1.0:0.0165739418,UDM0064CLR_C0026:1.0:0.0245189473,UDM0064CLR_C0027:1.0:0.0001584383,UDM0064CLR_C0028:1.0:0.0095236446,UDM0064CLR_C0029:1.0:0.0480049492,UDM0064CLR_C0030:1.0:0.0000121460,UDM0064CLR_C0031:1.0:0.0080525705,UDM0064CLR_C0032:1.0:0.0057686252,UDM0064CLR_C0033:1.0:0.0057578803,UDM0064CLR_C0034:1.0:0.0064449337,UDM0064CLR_C0035:1.0:0.0083253057,UDM0064CLR_C0036:1.0:0.0636598258,UDM0064CLR_C0037:1.0:0.0204750770,UDM0064CLR_C0038:1.0:0.0027405237,UDM0064CLR_C0039:1.0:0.0099210568,UDM0064CLR_C0040:1.0:0.0003389008,UDM0064CLR_C0041:1.0:0.0390251765,UDM0064CLR_C0042:1.0:0.0094833546,UDM0064CLR_C0043:1.0:0.0158985486,UDM0064CLR_C0044:1.0:0.0002063248,UDM0064CLR_C0045:1.0:0.0164667042,UDM0064CLR_C0046:1.0:0.0109179051,UDM0064CLR_C0047:1.0:0.0000474434,UDM0064CLR_C0048:1.0:0.0138344532,UDM0064CLR_C0049:1.0:0.0077846564,UDM0064CLR_C0050:1.0:0.0075564079,UDM0064CLR_C0051:1.0:0.0602282115,UDM0064CLR_C0052:1.0:0.0096319971,UDM0064CLR_C0053:1.0:0.0276141449,UDM0064CLR_C0054:1.0:0.0180076094,UDM0064CLR_C0055:1.0:0.0109080940,UDM0064CLR_C0056:1.0:0.0136704339,UDM0064CLR_C0057:1.0:0.0182199445,UDM0064CLR_C0058:1.0:0.0000035671,UDM0064CLR_C0059:1.0:0.0042364681,UDM0064CLR_C0060:1.0:0.0716100835,UDM0064CLR_C0061:1.0:0.0206155290,UDM0064CLR_C0062:1.0:0.0054242978,UDM0064CLR_C0063:1.0:0.0050969550}

NOTE: 3329 MB RAM (3 GB) is required!
Estimate model parameters (epsilon = 0.010)
1. Initial log-likelihood: -3576853.930
2. Current log-likelihood: -3477694.111
3. Current log-likelihood: -3473231.792
4. Current log-likelihood: -3473188.690
5. Current log-likelihood: -3473188.219
Optimal log-likelihood: -3473188.214
Gamma shape alpha: 0.574
Parameters optimization took 5 rounds (28.093 sec)
Wrote distance file to... 
BEST SCORE FOUND : -3473188.214
WARNING: Switch now to '-wspr' as it is the only option for non-mixture model
Site probabilities per category printed to 1kp/1_infer/GTR20-UDM64opt-PMSF.siteprob
Total tree length: 21.583

Total number of iterations: 0
CPU time used for tree search: 0.000 sec (0h:0m:0s)
Wall-clock time used for tree search: 0.000 sec (0h:0m:0s)
Total CPU time used: 1084.231 sec (0h:18m:4s)
Total wall-clock time used: 51.163 sec (0h:0m:51s)

Analysis results written to: 
  IQ-TREE report:                1kp/1_infer/GTR20-UDM64opt-PMSF.iqtree
  Maximum-likelihood tree:       1kp/1_infer/GTR20-UDM64opt-PMSF.treefile
  Site probability per rate/mix: 1kp/1_infer/GTR20-UDM64opt-PMSF.siteprob
  Screen log file:               1kp/1_infer/GTR20-UDM64opt-PMSF.log

Date and Time: Sat May 17 02:05:57 2025
