IQ-TREE multicore version 2.4.0 for Linux x86 64-bit built Feb  7 2025
Developed by Bui Quang Minh, Nguyen Lam Tung, Olga Chernomor, Heiko Schmidt,
Dominik Schrempf, Michael Woodhams, Ly Trong Nhan, Thomas Wong

Host:    rona.rsb.anu.edu.au (AVX2, FMA3, 1007 GB RAM)
Command: ./iqtree2 -s 1kp/1kp.fasta -fs 1kp/1_infer/GTR20-C60opt-PMSF.sitefreq -m GTRC60OPT -mdef 1kp/1_infer/GTRC60OPT.nex -safe -pre 1kp/1_infer/GTR20-_C60opt-_PMSF -wsr -bb 1000 --wbtl -nt 40
Seed:    191891 (Using SPRNG - Scalable Parallel Random Number Generator)
Time:    Sat May 17 07:28:55 2025
Kernel:  Safe AVX+FMA - 40 threads (256 CPU cores detected)

Reading alignment file 1kp/1kp.fasta ... Fasta format detected
Reading fasta file: done in 0.077875 secs using 97.27% CPU
Alignment most likely contains protein sequences
Alignment has 40 sequences with 103658 columns, 97826 distinct patterns
74754 parsimony-informative, 13250 singleton sites, 15653 constant sites
            Gap/Ambiguity  Composition  p-value
Analyzing sequences: done in 0.0117197 secs using 4021% CPU
   1  BFIK         27.41%    failed      0.00%
   2  BNCU         13.55%    failed      0.00%
   3  CIEA         19.10%    failed      0.00%
   4  CMEQ         13.47%    failed      0.00%
   5  CSUV         27.21%    failed      0.00%
   6  Chlre_v5.5   16.92%    failed      0.00%
   7  GTHK         18.40%    failed      0.00%
   8  HKZW         24.20%    failed      0.00%
   9  ILBQ         16.53%    failed      0.00%
  10  IYDF         17.50%    failed      0.00%
  11  JEXA         19.01%    failed      0.00%
  12  JOJQ         16.68%    failed      0.00%
  13  JVSZ         25.96%    failed      0.00%
  14  KNMB         16.28%    failed      0.00%
  15  KWGC         29.11%    failed      0.00%
  16  Klefl_v1.0    7.15%    failed      0.00%
  17  MMKU         27.49%    failed      0.00%
  18  Micpu_v3.0   25.86%    failed      0.00%
  19  OAGK          6.76%    failed      0.00%
  20  OLES         13.66%    failed      0.00%
  21  POZS         25.34%    failed      0.00%
  22  PQTO         21.02%    failed      0.00%
  23  PYHZ         19.30%    failed      0.00%
  24  QKMG         23.72%    failed      0.00%
  25  QPDY         15.05%    failed      0.00%
  26  SKYV         29.84%    failed      0.00%
  27  Selmo_v1.0   13.65%    failed      0.00%
  28  Spipo_v2      8.49%    failed      0.00%
  29  VYLQ          4.05%    failed      0.00%
  30  WDCW         24.70%    failed      0.00%
  31  WKCY          7.98%    failed      0.00%
  32  WQRD         23.20%    failed      0.00%
  33  WTDE         26.95%    failed      0.00%
  34  WWQZ         16.02%    failed      0.00%
  35  XSZI         18.21%    failed      0.00%
  36  XZME         11.12%    failed      0.00%
  37  YOXI         25.48%    failed      0.00%
  38  YPIC         24.57%    failed      0.00%
  39  ZFGK         22.51%    failed      0.00%
  40  ZUHO         17.59%    failed      0.00%
****  TOTAL        19.03%  40 sequences failed composition chi2 test (p-value<5%; df=19)

Reading site-specific state frequency file 1kp/1_infer/GTR20-C60opt-PMSF.sitefreq ...
97826 distinct per-site state frequency vectors detected
NOTE: minimal branch length is reduced to 0.000000964711 for long alignment
Reading model definition file 1kp/1_infer/GTRC60OPT.nex ... 88 models and 274 frequency vectors loaded

Create initial parsimony tree by phylogenetic likelihood library (PLL)... 1.407 seconds
Generating 1000 samples for ultrafast bootstrap (seed: 191891)...
Model GTRC60OPT is alias for GTRPMIX+G4{0.5651}+FMIX{C60_pi1:1.0:0.0362299565,C60_pi2:1.0:0.0050297670,C60_pi3:1.0:0.0078652977,C60_pi4:1.0:0.0128501468,C60_pi5:1.0:0.0225952102,C60_pi6:1.0:0.0087010612,C60_pi7:1.0:0.0058702194,C60_pi8:1.0:0.0034895159,C60_pi9:1.0:0.0090981472,C60_pi10:1.0:0.0389436991,C60_pi11:1.0:0.0154125241,C60_pi12:1.0:0.0068553679,C60_pi13:1.0:0.0068809533,C60_pi14:1.0:0.0178627769,C60_pi15:1.0:0.0202738762,C60_pi16:1.0:0.0080566070,C60_pi17:1.0:0.0237833909,C60_pi18:1.0:0.0386460401,C60_pi19:1.0:0.0206753043,C60_pi20:1.0:0.0044454594,C60_pi21:1.0:0.0034042902,C60_pi22:1.0:0.0124735923,C60_pi23:1.0:0.0062574896,C60_pi24:1.0:0.0003243194,C60_pi25:1.0:0.0093583420,C60_pi26:1.0:0.0198086663,C60_pi27:1.0:0.0251576595,C60_pi28:1.0:0.0450153691,C60_pi29:1.0:0.0302787720,C60_pi30:1.0:0.0233112482,C60_pi31:1.0:0.0038343726,C60_pi32:1.0:0.0129395033,C60_pi33:1.0:0.0141010540,C60_pi34:1.0:0.0206257337,C60_pi35:1.0:0.0340089837,C60_pi36:1.0:0.0163738343,C60_pi37:1.0:0.0129562544,C60_pi38:1.0:0.0107623718,C60_pi39:1.0:0.0028181569,C60_pi40:1.0:0.0183286934,C60_pi41:1.0:0.0047519143,C60_pi42:1.0:0.0045624248,C60_pi43:1.0:0.0169391246,C60_pi44:1.0:0.0232829807,C60_pi45:1.0:0.0172150013,C60_pi46:1.0:0.0007894952,C60_pi47:1.0:0.0290082106,C60_pi48:1.0:0.0058844441,C60_pi49:1.0:0.0040316430,C60_pi50:1.0:0.0986396436,C60_pi51:1.0:0.0098958617,C60_pi52:1.0:0.0203597226,C60_pi53:1.0:0.0030717210,C60_pi54:1.0:0.0033858938,C60_pi55:1.0:0.0637052107,C60_pi56:1.0:0.0069033960,C60_pi57:1.0:0.0041898646,C60_pi58:1.0:0.0348278979,C60_pi59:1.0:0.0103220779,C60_pi60:1.0:0.0025294436}

NOTE: 3702 MB RAM (3 GB) is required!
Estimate model parameters (epsilon = 0.100)
1. Initial log-likelihood: -3573363.140
2. Current log-likelihood: -3471600.588
3. Current log-likelihood: -3467022.299
4. Current log-likelihood: -3466984.061
5. Current log-likelihood: -3466983.724
Optimal log-likelihood: -3466983.708
Gamma shape alpha: 0.565
Parameters optimization took 5 rounds (36.546 sec)
Wrote distance file to... 
Computing ML distances based on estimated model parameters...
Calculating distance matrix: done in 37.571 secs using 2552% CPU
Computing ML distances took 37.582925 sec (of wall-clock time) 959.266140 sec (of CPU time)
Setting up auxiliary I and S matrices: done in 0.0462998 secs using 2791% CPU
Computing RapidNJ tree took 1.895998 sec (of wall-clock time) 50.076595 sec (of CPU time)
Log-likelihood of RapidNJ tree: -3473110.697
--------------------------------------------------------------------
|             INITIALIZING CANDIDATE TREE SET                      |
--------------------------------------------------------------------
Generating 98 parsimony trees... 127.403 second
Computing log-likelihood of 98 initial trees ... 341.670 seconds
Current best score: -3466983.708

Do NNI search on 20 best initial trees
Estimate model parameters (epsilon = 0.100)
BETTER TREE FOUND at iteration 1: -3466494.112
Iteration 10 / LogL: -3466649.281 / Time: 0h:19m:36s
Iteration 20 / LogL: -3466678.845 / Time: 0h:29m:14s
Finish initializing candidate tree set (1)
Current best tree score: -3466494.112 / CPU time: 1629.462
Number of iterations: 20
--------------------------------------------------------------------
|               OPTIMIZING CANDIDATE TREE SET                      |
--------------------------------------------------------------------
Iteration 30 / LogL: -3466507.443 / Time: 0h:38m:35s (1h:34m:25s left)
Iteration 40 / LogL: -3466496.184 / Time: 0h:47m:3s (1h:13m:33s left)
Iteration 50 / LogL: -3466494.298 / Time: 0h:55m:39s (0h:57m:54s left)
Log-likelihood cutoff on original alignment: -3466572.028
UFBoot trees printed to 1kp/1_infer/GTR20-_C60opt-_PMSF.ufboot
Iteration 60 / LogL: -3466523.396 / Time: 1h:4m:8s (0h:44m:33s left)
Iteration 70 / LogL: -3466506.083 / Time: 1h:13m:8s (0h:32m:50s left)
Iteration 80 / LogL: -3466495.140 / Time: 1h:22m:7s (0h:21m:49s left)
Iteration 90 / LogL: -3466495.959 / Time: 1h:30m:18s (0h:11m:9s left)
Iteration 100 / LogL: -3466510.630 / Time: 1h:39m:47s (0h:1m:0s left)
Log-likelihood cutoff on original alignment: -3466567.422
NOTE: Bootstrap correlation coefficient of split occurrence frequencies: 1.000
UFBoot trees printed to 1kp/1_infer/GTR20-_C60opt-_PMSF.ufboot
TREE SEARCH COMPLETED AFTER 102 ITERATIONS / Time: 1h:41m:23s

--------------------------------------------------------------------
|                    FINALIZING TREE SEARCH                        |
--------------------------------------------------------------------
Performs final model parameters optimization
Estimate model parameters (epsilon = 0.010)
1. Initial log-likelihood: -3466494.112
Optimal log-likelihood: -3466494.112
Gamma shape alpha: 0.565
Parameters optimization took 1 rounds (4.560 sec)
BEST SCORE FOUND : -3466494.112
Empirical proportions for each category: 0.265 0.231 0.275 0.230
Site rates printed to 1kp/1_infer/GTR20-_C60opt-_PMSF.rate
Creating bootstrap support values...
Split supports printed to NEXUS file 1kp/1_infer/GTR20-_C60opt-_PMSF.splits.nex
Total tree length: 21.685

Total number of iterations: 102
CPU time used for tree search: 206954.341 sec (57h:29m:14s)
Wall-clock time used for tree search: 5958.251 sec (1h:39m:18s)
Total CPU time used: 210344.510 sec (58h:25m:44s)
Total wall-clock time used: 6089.175 sec (1h:41m:29s)
UFBoot trees printed to 1kp/1_infer/GTR20-_C60opt-_PMSF.ufboot

Computing bootstrap consensus tree...
Reading input file 1kp/1_infer/GTR20-_C60opt-_PMSF.splits.nex...
40 taxa and 85 splits.
Consensus tree written to 1kp/1_infer/GTR20-_C60opt-_PMSF.contree
Reading input trees file 1kp/1_infer/GTR20-_C60opt-_PMSF.contree
Log-likelihood of consensus tree: -3466494.113

Analysis results written to: 
  IQ-TREE report:                1kp/1_infer/GTR20-_C60opt-_PMSF.iqtree
  Maximum-likelihood tree:       1kp/1_infer/GTR20-_C60opt-_PMSF.treefile
  Likelihood distances:          1kp/1_infer/GTR20-_C60opt-_PMSF.mldist
  Site-specific rates:           1kp/1_infer/GTR20-_C60opt-_PMSF.rate

Ultrafast bootstrap approximation results written to:
  Split support values:          1kp/1_infer/GTR20-_C60opt-_PMSF.splits.nex
  Consensus tree:                1kp/1_infer/GTR20-_C60opt-_PMSF.contree
  UFBoot trees:                  1kp/1_infer/GTR20-_C60opt-_PMSF.ufboot
  Screen log file:               1kp/1_infer/GTR20-_C60opt-_PMSF.log

Date and Time: Sat May 17 09:10:54 2025
