IQ-TREE multicore version 2.4.0 for Linux x86 64-bit built Feb  7 2025
Developed by Bui Quang Minh, Nguyen Lam Tung, Olga Chernomor, Heiko Schmidt,
Dominik Schrempf, Michael Woodhams, Ly Trong Nhan, Thomas Wong

Host:    dayhoff.uds.anu.edu.au (AVX2, FMA3, 1007 GB RAM)
Command: ./iqtree2 -s 1kp/1kp.fasta -m GTR20+C60+G4 --link-exchange --init-exchange LG -mwopt -te 1kp/lgc60pmsf.contree -me 0.99 -safe -pre 1kp/1_infer/GTR20-C60opt -prec 10 -nt 40
Seed:    370158 (Using SPRNG - Scalable Parallel Random Number Generator)
Time:    Tue May 13 11:16:11 2025
Kernel:  Safe AVX+FMA - 40 threads (40 CPU cores detected)

Reading alignment file 1kp/1kp.fasta ... Fasta format detected
Reading fasta file: done in 0.0438114 secs using 69.96% CPU
Alignment most likely contains protein sequences
Alignment has 40 sequences with 103658 columns, 97826 distinct patterns
74754 parsimony-informative, 13250 singleton sites, 15653 constant sites
            Gap/Ambiguity  Composition  p-value
Analyzing sequences: done in 0.00175638 secs using 99.86% CPU
   1  BFIK         27.41%    failed      0.00%
   2  BNCU         13.55%    failed      0.00%
   3  CIEA         19.10%    failed      0.00%
   4  CMEQ         13.47%    failed      0.00%
   5  CSUV         27.21%    failed      0.00%
   6  Chlre_v5.5   16.92%    failed      0.00%
   7  GTHK         18.40%    failed      0.00%
   8  HKZW         24.20%    failed      0.00%
   9  ILBQ         16.53%    failed      0.00%
  10  IYDF         17.50%    failed      0.00%
  11  JEXA         19.01%    failed      0.00%
  12  JOJQ         16.68%    failed      0.00%
  13  JVSZ         25.96%    failed      0.00%
  14  KNMB         16.28%    failed      0.00%
  15  KWGC         29.11%    failed      0.00%
  16  Klefl_v1.0    7.15%    failed      0.00%
  17  MMKU         27.49%    failed      0.00%
  18  Micpu_v3.0   25.86%    failed      0.00%
  19  OAGK          6.76%    failed      0.00%
  20  OLES         13.66%    failed      0.00%
  21  POZS         25.34%    failed      0.00%
  22  PQTO         21.02%    failed      0.00%
  23  PYHZ         19.30%    failed      0.00%
  24  QKMG         23.72%    failed      0.00%
  25  QPDY         15.05%    failed      0.00%
  26  SKYV         29.84%    failed      0.00%
  27  Selmo_v1.0   13.65%    failed      0.00%
  28  Spipo_v2      8.49%    failed      0.00%
  29  VYLQ          4.05%    failed      0.00%
  30  WDCW         24.70%    failed      0.00%
  31  WKCY          7.98%    failed      0.00%
  32  WQRD         23.20%    failed      0.00%
  33  WTDE         26.95%    failed      0.00%
  34  WWQZ         16.02%    failed      0.00%
  35  XSZI         18.21%    failed      0.00%
  36  XZME         11.12%    failed      0.00%
  37  YOXI         25.48%    failed      0.00%
  38  YPIC         24.57%    failed      0.00%
  39  ZFGK         22.51%    failed      0.00%
  40  ZUHO         17.59%    failed      0.00%
****  TOTAL        19.03%  40 sequences failed composition chi2 test (p-value<5%; df=19)
NOTE: minimal branch length is reduced to 0.000000964711 for long alignment
Reading input tree file 1kp/lgc60pmsf.contree ...
Model GTR20+C60+G4 is alias for GTR20+POISSON+G+FMIX{C60pi1:1:0.0169698865,C60pi2:1:0.0211683374,C60pi3:1:0.0276589079,C60pi4:1:0.0065675964,C60pi5:1:0.0141221416,C60pi6:1:0.0068774834,C60pi7:1:0.0146909701,C60pi8:1:0.0067225777,C60pi9:1:0.0018396660,C60pi10:1:0.0102547197,C60pi11:1:0.0230896163,C60pi12:1:0.0057941033,C60pi13:1:0.0125394534,C60pi14:1:0.0204526478,C60pi15:1:0.0070629602,C60pi16:1:0.0117982741,C60pi17:1:0.0068334668,C60pi18:1:0.0433775839,C60pi19:1:0.0318278731,C60pi20:1:0.0222546108,C60pi21:1:0.0102264969,C60pi22:1:0.0150545891,C60pi23:1:0.0134159878,C60pi24:1:0.0148552065,C60pi25:1:0.0239111516,C60pi26:1:0.0128776278,C60pi27:1:0.0222318842,C60pi28:1:0.0247444742,C60pi29:1:0.0214274810,C60pi30:1:0.0115001882,C60pi31:1:0.0076017389,C60pi32:1:0.0130258568,C60pi33:1:0.0093701965,C60pi34:1:0.0467194264,C60pi35:1:0.0441940314,C60pi36:1:0.0322263154,C60pi37:1:0.0402999891,C60pi38:1:0.0150234227,C60pi39:1:0.0104589903,C60pi40:1:0.0214742395,C60pi41:1:0.0154957836,C60pi42:1:0.0101789953,C60pi43:1:0.0227980379,C60pi44:1:0.0123204539,C60pi45:1:0.0066777583,C60pi46:1:0.0004150083,C60pi47:1:0.0344385130,C60pi48:1:0.0113663379,C60pi49:1:0.0127143049,C60pi50:1:0.0124323741,C60pi51:1:0.0262124415,C60pi52:1:0.0064994957,C60pi53:1:0.0103203293,C60pi54:1:0.0142463512,C60pi55:1:0.0215600067,C60pi56:1:0.0199150700,C60pi57:1:0.0038964200,C60pi58:1:0.0113448855,C60pi59:1:0.0128595846,C60pi60:1:0.0117656776}+G4
WARNING: Your input class weight 0.000415008 is very small and may cause numerical issues

NOTE: 145124 MB RAM (141 GB) is required!
Estimate model parameters (epsilon = 0.990)
1. Initial log-likelihood: -3845338.148
Restart estimation at the boundary... multiplying all values down
Restart estimation at the boundary... multiplying all values down
2. Current log-likelihood: -3775659.082
3. Current log-likelihood: -3768583.845
4. Current log-likelihood: -3767806.534
5. Current log-likelihood: -3767670.481
6. Current log-likelihood: -3767635.975
7. Current log-likelihood: -3767628.551
8. Current log-likelihood: -3767626.146
Optimal log-likelihood: -3767625.111
Mixture weights: 0.036 0.005 0.008 0.013 0.023 0.009 0.006 0.003 0.009 0.039 0.015 0.007 0.007 0.018 0.020 0.008 0.024 0.039 0.021 0.004 0.003 0.012 0.006 0.000 0.009 0.020 0.025 0.045 0.030 0.023 0.004 0.013 0.014 0.021 0.034 0.016 0.013 0.011 0.003 0.018 0.005 0.005 0.017 0.023 0.017 0.001 0.029 0.006 0.004 0.099 0.010 0.020 0.003 0.003 0.064 0.007 0.004 0.035 0.010 0.003
Gamma shape alpha: 0.565
Parameters optimization took 8 rounds (230641.725 sec)
Wrote distance file to... 
BEST SCORE FOUND : -3767625.111
Total tree length: 22.159

Total number of iterations: 0
CPU time used for tree search: 0.000 sec (0h:0m:0s)
Wall-clock time used for tree search: 0.000 sec (0h:0m:0s)
Total CPU time used: 7703518.723 sec (2139h:51m:58s)
Total wall-clock time used: 230642.069 sec (64h:4m:2s)

Analysis results written to: 
  IQ-TREE report:                1kp/1_infer/GTR20-C60opt.iqtree
  Maximum-likelihood tree:       1kp/1_infer/GTR20-C60opt.treefile
  Screen log file:               1kp/1_infer/GTR20-C60opt.log
  GTRPMIX nex file:              1kp/1_infer/GTR20-C60opt.GTRPMIX.nex

Date and Time: Fri May 16 03:20:22 2025
