IQ-TREE multicore version 2.3.6.5.ml for Linux x86 64-bit built Sep 11 2024
Developed by Bui Quang Minh, Nguyen Lam Tung, Olga Chernomor, Heiko Schmidt,
Dominik Schrempf, Michael Woodhams, Ly Trong Nhan, Thomas Wong

Host:    rona.rsb.anu.edu.au (AVX2, FMA3, 1007 GB RAM)
Command: ./iqtree2 -T 30 -s tradigrada/matrix_40sp.fasta -m LG+UDM0128CLR+G4 -fs tradigrada/1_infer/LG-UDM128-PMSF.sitefreq -mdef tradigrada/1_infer/udm_hogenom_0128_clr_iqtree.nex -wsr -bb 1000 -pre tradigrada/1_infer/LG_UDM128_PMSF
Seed:    11216 (Using SPRNG - Scalable Parallel Random Number Generator)
Time:    Sat Mar  8 19:49:00 2025
Kernel:  AVX+FMA - 30 threads (256 CPU cores detected)

Reading alignment file tradigrada/matrix_40sp.fasta ... Fasta format detected
Reading fasta file: done in 0.101257 secs using 33.48% CPU
Alignment most likely contains protein sequences
Constructing alignment: done in 0.112448 secs using 328.7% CPU
Alignment has 40 sequences with 70888 columns, 63149 distinct patterns
48785 parsimony-informative, 7670 singleton sites, 14433 constant sites
                             Gap/Ambiguity  Composition  p-value
Analyzing sequences: done in 0.0190953 secs using 2404% CPU
   1  Capitella_telata               5.00%    failed      0.00%
   2  Daphnia_magna                  9.79%    failed      0.06%
   3  Echiniscoides_sigismundi      49.39%    failed      0.00%
   4  Echiniscus_bisetosus          82.96%    failed      0.00%
   5  Echiniscus_testudo            50.24%    failed      0.00%
   6  Echinoderes_kohni             88.58%    failed      0.00%
   7  Enoplus_brevis                22.43%    failed      0.00%
   8  Epiperipatus                  56.34%    failed      0.00%
   9  Frakliniella_occidentalis      7.36%    failed      0.08%
  10  Gordius                       70.84%    failed      0.00%
  11  Halicryptus_spinolosus        13.41%    failed      0.00%
  12  Hypsibius_dujardini            3.51%    failed      0.00%
  13  Limulus_polyphemus            16.13%    failed      0.00%
  14  Manduca_sexta                  9.59%    failed      0.00%
  15  Meiopriapulus                 26.75%    failed      0.00%
  16  Mesobiotus_philippinicus      19.72%    failed      0.00%
  17  Milnesium_tardigradum         59.56%    failed      0.00%
  18  Neodiprion_lecontei            4.62%    failed      0.01%
  19  Ooperipatellus                72.91%    failed      0.00%
  20  Opisthopatus_kwazululandi     26.52%    failed      0.00%
  21  Paeneus_vanammei              12.28%    failed      0.00%
  22  Pamacea_canaliculata           5.42%    failed      0.02%
  23  Paragordius_varius            71.38%    failed      0.00%
  24  Parasteatoda_tepidariorum      3.65%    failed      0.00%
  25  Peripatoides                  73.44%    failed      0.00%
  26  Peripatoides_novaezelandiae   16.34%    failed      0.00%
  27  Peripatopsis_capensis         37.07%    failed      0.00%
  28  Pleomothra                    21.78%    failed      0.00%
  29  Pontonema_vulgare             24.88%    failed      0.00%
  30  Priapulus_caudatus            13.43%    failed      0.00%
  31  Prionchulus_punctatus         13.90%    failed      0.00%
  32  Pycnophyes                    76.53%    failed      0.00%
  33  Ramazzottius_varieornatus      3.20%    failed      0.00%
  34  Richtersius_coronifer          6.00%    failed      0.00%
  35  Romanomermis_culicivorax      36.04%    failed      0.00%
  36  Stegodyphus_mimosarum         15.16%    failed      0.00%
  37  Strigamia_maritima            13.05%    failed      0.00%
  38  Tachypleu                      8.55%    failed      0.00%
  39  Tobrilus                      23.43%    failed      0.00%
  40  Xiphinema_index               27.20%    failed      0.00%
WARNING: 10 sequences contain more than 50% gaps/ambiguity
****  TOTAL                         29.96%  40 sequences failed composition chi2 test (p-value<5%; df=19)

Reading site-specific state frequency file tradigrada/1_infer/LG-UDM128-PMSF.sitefreq ...
63149 distinct per-site state frequency vectors detected
Checking for duplicate sequences: done in 0.122325 secs using 284.5% CPU
Reading model definition file tradigrada/1_infer/udm_hogenom_0128_clr_iqtree.nex ... 88 models and 342 frequency vectors loaded

Create initial parsimony tree by phylogenetic likelihood library (PLL)... 1.385 seconds
Generating 1000 samples for ultrafast bootstrap (seed: 11216)...
Model LG+UDM0128CLR+G4 is alias for LG+FMIX{UDM0128CLR_C0000:1.0:0.018237038726971997,UDM0128CLR_C0001:1.0:0.01452118861575315,UDM0128CLR_C0002:1.0:0.013289226030913134,UDM0128CLR_C0003:1.0:0.012887127131694518,UDM0128CLR_C0004:1.0:0.011911823418696173,UDM0128CLR_C0005:1.0:0.011723606912678949,UDM0128CLR_C0006:1.0:0.011498317458506815,UDM0128CLR_C0007:1.0:0.011387098614042091,UDM0128CLR_C0008:1.0:0.011156105629384589,UDM0128CLR_C0009:1.0:0.010947926766668567,UDM0128CLR_C0010:1.0:0.010808190269776991,UDM0128CLR_C0011:1.0:0.010548679632692636,UDM0128CLR_C0012:1.0:0.010514458449780413,UDM0128CLR_C0013:1.0:0.010343352535219301,UDM0128CLR_C0014:1.0:0.010309131352307078,UDM0128CLR_C0015:1.0:0.010220726629783836,UDM0128CLR_C0016:1.0:0.01013517367250328,UDM0128CLR_C0017:1.0:0.010100952489591057,UDM0128CLR_C0018:1.0:0.009892773626875035,UDM0128CLR_C0019:1.0:0.00981862773056522,UDM0128CLR_C0020:1.0:0.009715964181828551,UDM0128CLR_C0021:1.0:0.00970455712085781,UDM0128CLR_C0022:1.0:0.009619004163577255,UDM0128CLR_C0023:1.0:0.009445046483773456,UDM0128CLR_C0024:1.0:0.009296754691153824,UDM0128CLR_C0025:1.0:0.009288199395425769,UDM0128CLR_C0026:1.0:0.009273940569212342,UDM0128CLR_C0027:1.0:0.009271088803969657,UDM0128CLR_C0028:1.0:0.009199794672902526,UDM0128CLR_C0029:1.0:0.009182684081446416,UDM0128CLR_C0030:1.0:0.009134204072320767,UDM0128CLR_C0031:1.0:0.009088575828437803,UDM0128CLR_C0032:1.0:0.009065761706496322,UDM0128CLR_C0033:1.0:0.009051502880282895,UDM0128CLR_C0034:1.0:0.009000171105914561,UDM0128CLR_C0035:1.0:0.008997319340671876,UDM0128CLR_C0036:1.0:0.008937432270575486,UDM0128CLR_C0037:1.0:0.008900359322420578,UDM0128CLR_C0038:1.0:0.008829065191353448,UDM0128CLR_C0039:1.0:0.008817658130382707,UDM0128CLR_C0040:1.0:0.008789140477955855,UDM0128CLR_C0041:1.0:0.008777733416985114,UDM0128CLR_C0042:1.0:0.008709291051160669,UDM0128CLR_C0043:1.0:0.008692180459704556,UDM0128CLR_C0044:1.0:0.008635145154850853,UDM0128CLR_C0045:1.0:0.00861803456339474,UDM0128CLR_C0046:1.0:0.008506815718930017,UDM0128CLR_C0047:1.0:0.008292933325728625,UDM0128CLR_C0048:1.0:0.008255860377573717,UDM0128CLR_C0049:1.0:0.008253008612331032,UDM0128CLR_C0050:1.0:0.008253008612331032,UDM0128CLR_C0051:1.0:0.008235898020874922,UDM0128CLR_C0052:1.0:0.008113272115439458,UDM0128CLR_C0053:1.0:0.00801631209718816,UDM0128CLR_C0054:1.0:0.007945017966121029,UDM0128CLR_C0055:1.0:0.007919352078936862,UDM0128CLR_C0056:1.0:0.007805281469229453,UDM0128CLR_C0057:1.0:0.0076997661552500995,UDM0128CLR_C0058:1.0:0.007685507329036674,UDM0128CLR_C0059:1.0:0.0076598414418525065,UDM0128CLR_C0060:1.0:0.007631323789425655,UDM0128CLR_C0061:1.0:0.007554326127873153,UDM0128CLR_C0062:1.0:0.007551474362630468,UDM0128CLR_C0063:1.0:0.007540067301659728,UDM0128CLR_C0064:1.0:0.007477328466320652,UDM0128CLR_C0065:1.0:0.007406034335253522,UDM0128CLR_C0066:1.0:0.007366109621855929,UDM0128CLR_C0067:1.0:0.0073518507956425025,UDM0128CLR_C0068:1.0:0.007331888438943706,UDM0128CLR_C0069:1.0:0.007323333143215651,UDM0128CLR_C0070:1.0:0.007240631951177779,UDM0128CLR_C0071:1.0:0.007177893115838704,UDM0128CLR_C0072:1.0:0.007129413106713055,UDM0128CLR_C0073:1.0:0.007083784862830092,UDM0128CLR_C0074:1.0:0.00706097074088861,UDM0128CLR_C0075:1.0:0.007003935436034905,UDM0128CLR_C0076:1.0:0.006926937774482405,UDM0128CLR_C0077:1.0:0.006918382478754349,UDM0128CLR_C0078:1.0:0.006858495408657959,UDM0128CLR_C0079:1.0:0.006838533051959163,UDM0128CLR_C0080:1.0:0.006778645981862773,UDM0128CLR_C0081:1.0:0.006770090686134717,UDM0128CLR_C0082:1.0:0.00674442479895055,UDM0128CLR_C0083:1.0:0.00667313066788342,UDM0128CLR_C0084:1.0:0.006630354189243142,UDM0128CLR_C0085:1.0:0.006610391832544345,UDM0128CLR_C0086:1.0:0.006593281241088234,UDM0128CLR_C0087:1.0:0.006556208292933326,UDM0128CLR_C0088:1.0:0.006524838875263788,UDM0128CLR_C0089:1.0:0.006504876518564992,UDM0128CLR_C0090:1.0:0.006464951805167399,UDM0128CLR_C0091:1.0:0.006450692978953973,UDM0128CLR_C0092:1.0:0.006425027091769805,UDM0128CLR_C0093:1.0:0.006413620030799065,UDM0128CLR_C0094:1.0:0.006387954143614897,UDM0128CLR_C0095:1.0:0.0063166600125477675,UDM0128CLR_C0096:1.0:0.006305252951577026,UDM0128CLR_C0097:1.0:0.006276735299150174,UDM0128CLR_C0098:1.0:0.006265328238179433,UDM0128CLR_C0099:1.0:0.006194034107112303,UDM0128CLR_C0100:1.0:0.006131295271773227,UDM0128CLR_C0101:1.0:0.006077111732162208,UDM0128CLR_C0102:1.0:0.005988707009638967,UDM0128CLR_C0103:1.0:0.0059715964181828556,UDM0128CLR_C0104:1.0:0.005843266982262021,UDM0128CLR_C0105:1.0:0.005806194034107113,UDM0128CLR_C0106:1.0:0.0057947869731363715,UDM0128CLR_C0107:1.0:0.005760565790224149,UDM0128CLR_C0108:1.0:0.005714937546341185,UDM0128CLR_C0109:1.0:0.005643643415274055,UDM0128CLR_C0110:1.0:0.005629384589060629,UDM0128CLR_C0111:1.0:0.005566645753721553,UDM0128CLR_C0112:1.0:0.005518165744595905,UDM0128CLR_C0113:1.0:0.0054867963269263674,UDM0128CLR_C0114:1.0:0.005415502195859237,UDM0128CLR_C0115:1.0:0.005384132778189699,UDM0128CLR_C0116:1.0:0.005292876290423772,UDM0128CLR_C0117:1.0:0.005153139793532197,UDM0128CLR_C0118:1.0:0.005121770375862659,UDM0128CLR_C0119:1.0:0.004987737409456454,UDM0128CLR_C0120:1.0:0.004919295043632008,UDM0128CLR_C0121:1.0:0.004885073860719786,UDM0128CLR_C0122:1.0:0.004862259738778304,UDM0128CLR_C0123:1.0:0.0046198596931500595,UDM0128CLR_C0124:1.0:0.004465864370045058,UDM0128CLR_C0125:1.0:0.004078024297039868,UDM0128CLR_C0126:1.0:0.0038841042605372725,UDM0128CLR_C0127:1.0:0.0024040380995836424}+G4

NOTE: 2390 MB RAM (2 GB) is required!
Estimate model parameters (epsilon = 0.100)
1. Initial log-likelihood: -2085837.744
2. Current log-likelihood: -1992190.585
3. Current log-likelihood: -1989645.878
4. Current log-likelihood: -1989607.076
5. Current log-likelihood: -1989605.052
6. Current log-likelihood: -1989604.838
Optimal log-likelihood: -1989604.784
Gamma shape alpha: 0.450
Parameters optimization took 6 rounds (122.647 sec)
Wrote distance file to... 
Computing ML distances based on estimated model parameters...
Calculating distance matrix: done in 20.638 secs using 1505% CPU
Computing ML distances took 20.666679 sec (of wall-clock time) 311.384829 sec (of CPU time)
Setting up auxiliary I and S matrices: done in 0.0591297 secs using 1415% CPU
Constructing RapidNJ tree: done in 1.7767 secs using 1205% CPU
Computing RapidNJ tree took 1.836310 sec (of wall-clock time) 22.281087 sec (of CPU time)
Log-likelihood of RapidNJ tree: -1990700.694
--------------------------------------------------------------------
|             INITIALIZING CANDIDATE TREE SET                      |
--------------------------------------------------------------------
Generating 98 parsimony trees... 204.052 second
Computing log-likelihood of 98 initial trees ... 326.005 seconds
Current best score: -1989604.784

Do NNI search on 20 best initial trees
Optimizing NNI: done in 35.7004 secs using 2695% CPU
Estimate model parameters (epsilon = 0.100)
BETTER TREE FOUND at iteration 1: -1989308.337
Optimizing NNI: done in 62.0836 secs using 2745% CPU
Optimizing NNI: done in 61.7458 secs using 2724% CPU
Optimizing NNI: done in 69.7429 secs using 2796% CPU
Optimizing NNI: done in 74.9571 secs using 2739% CPU
Optimizing NNI: done in 64.1551 secs using 2835% CPU
Optimizing NNI: done in 73.273 secs using 2660% CPU
Optimizing NNI: done in 72.4168 secs using 2736% CPU
Optimizing NNI: done in 88.9097 secs using 2694% CPU
Optimizing NNI: done in 64.3411 secs using 2775% CPU
Iteration 10 / LogL: -1989336.943 / Time: 0h:24m:16s
Optimizing NNI: done in 74.3993 secs using 2751% CPU
Optimizing NNI: done in 82.3084 secs using 2777% CPU
Optimizing NNI: done in 56.9897 secs using 2919% CPU
Optimizing NNI: done in 74.8068 secs using 2720% CPU
Optimizing NNI: done in 73.3104 secs using 2668% CPU
Optimizing NNI: done in 79.1373 secs using 2744% CPU
Optimizing NNI: done in 69.9425 secs using 2852% CPU
Optimizing NNI: done in 64.6726 secs using 2745% CPU
Optimizing NNI: done in 64.4557 secs using 2802% CPU
Optimizing NNI: done in 64.7743 secs using 2843% CPU
Iteration 20 / LogL: -1989320.387 / Time: 0h:36m:7s
Finish initializing candidate tree set (2)
Current best tree score: -1989308.337 / CPU time: 1944.208
Number of iterations: 20
--------------------------------------------------------------------
|               OPTIMIZING CANDIDATE TREE SET                      |
--------------------------------------------------------------------
Optimizing NNI: done in 62.5613 secs using 2755% CPU
Optimizing NNI: done in 78.8398 secs using 2691% CPU
Optimizing NNI: done in 91.4707 secs using 2798% CPU
Optimizing NNI: done in 84.9311 secs using 2700% CPU
Optimizing NNI: done in 87.5211 secs using 2618% CPU
Optimizing NNI: done in 64.423 secs using 2760% CPU
Optimizing NNI: done in 52.2972 secs using 2740% CPU
Optimizing NNI: done in 62.6908 secs using 2743% CPU
Optimizing NNI: done in 56.3983 secs using 2690% CPU
Optimizing NNI: done in 45.9784 secs using 2742% CPU
Iteration 30 / LogL: -1989310.315 / Time: 0h:47m:42s (1h:56m:43s left)
Optimizing NNI: done in 63.9348 secs using 2776% CPU
Optimizing NNI: done in 55.9836 secs using 2877% CPU
Optimizing NNI: done in 65.008 secs using 2822% CPU
Optimizing NNI: done in 75.2777 secs using 2830% CPU
Optimizing NNI: done in 39.5224 secs using 2887% CPU
Optimizing NNI: done in 84.3219 secs using 2588% CPU
Optimizing NNI: done in 100.245 secs using 2536% CPU
Optimizing NNI: done in 55.7765 secs using 2897% CPU
Optimizing NNI: done in 61.6807 secs using 2880% CPU
Optimizing NNI: done in 78.8819 secs using 2867% CPU
Iteration 40 / LogL: -1989314.300 / Time: 0h:59m:9s (1h:32m:28s left)
Optimizing NNI: done in 57.2176 secs using 2835% CPU
Optimizing NNI: done in 51.0821 secs using 2800% CPU
Optimizing NNI: done in 57.5773 secs using 2903% CPU
Optimizing NNI: done in 51.1327 secs using 2847% CPU
Optimizing NNI: done in 63.1777 secs using 2897% CPU
Optimizing NNI: done in 45.3976 secs using 2886% CPU
Optimizing NNI: done in 42.9533 secs using 2941% CPU
Optimizing NNI: done in 42.049 secs using 2903% CPU
Optimizing NNI: done in 42.4474 secs using 2867% CPU
Optimizing NNI: done in 74.0383 secs using 2902% CPU
Iteration 50 / LogL: -1989315.888 / Time: 1h:8m:2s (1h:10m:47s left)
Log-likelihood cutoff on original alignment: -1989356.475
Optimizing NNI: done in 54.8395 secs using 2921% CPU
Optimizing NNI: done in 51.3982 secs using 2884% CPU
Optimizing NNI: done in 59.5113 secs using 2820% CPU
Optimizing NNI: done in 47.2573 secs using 2841% CPU
Optimizing NNI: done in 66.0409 secs using 2693% CPU
Optimizing NNI: done in 69.4138 secs using 2582% CPU
Optimizing NNI: done in 47.2229 secs using 2654% CPU
Optimizing NNI: done in 46.9889 secs using 2834% CPU
Optimizing NNI: done in 62.4721 secs using 2711% CPU
Optimizing NNI: done in 63.193 secs using 2774% CPU
Iteration 60 / LogL: -1989325.188 / Time: 1h:17m:37s (0h:53m:55s left)
Optimizing NNI: done in 61.6383 secs using 2875% CPU
Optimizing NNI: done in 44.8604 secs using 2866% CPU
Optimizing NNI: done in 58.8148 secs using 2824% CPU
Optimizing NNI: done in 66.5412 secs using 2778% CPU
Optimizing NNI: done in 67.085 secs using 2831% CPU
Optimizing NNI: done in 61.2473 secs using 2910% CPU
Optimizing NNI: done in 51.3708 secs using 2831% CPU
Optimizing NNI: done in 68.8134 secs using 2903% CPU
Optimizing NNI: done in 54.6264 secs using 2938% CPU
Optimizing NNI: done in 56.9993 secs using 2953% CPU
Iteration 70 / LogL: -1989310.498 / Time: 1h:27m:35s (0h:39m:20s left)
Optimizing NNI: done in 58.2872 secs using 2836% CPU
Optimizing NNI: done in 65.1183 secs using 2711% CPU
Optimizing NNI: done in 81.9795 secs using 2619% CPU
Optimizing NNI: done in 61.7342 secs using 2796% CPU
Optimizing NNI: done in 50.7098 secs using 2791% CPU
Optimizing NNI: done in 75.0562 secs using 2798% CPU
Optimizing NNI: done in 51.3823 secs using 2823% CPU
Optimizing NNI: done in 36.517 secs using 2809% CPU
Optimizing NNI: done in 45.4148 secs using 2931% CPU
Optimizing NNI: done in 48.6358 secs using 2957% CPU
Iteration 80 / LogL: -1989309.334 / Time: 1h:37m:16s (0h:25m:51s left)
Optimizing NNI: done in 58.6788 secs using 2873% CPU
Optimizing NNI: done in 56.9167 secs using 2901% CPU
Optimizing NNI: done in 65.3705 secs using 2931% CPU
Optimizing NNI: done in 46.7505 secs using 2945% CPU
Optimizing NNI: done in 75.2916 secs using 2906% CPU
Optimizing NNI: done in 44.7651 secs using 2960% CPU
Optimizing NNI: done in 62.778 secs using 2829% CPU
Optimizing NNI: done in 42.3185 secs using 2955% CPU
Optimizing NNI: done in 54.2858 secs using 2892% CPU
Optimizing NNI: done in 29.5999 secs using 2930% CPU
Iteration 90 / LogL: -1989322.664 / Time: 1h:46m:19s (0h:13m:8s left)
Optimizing NNI: done in 49.4138 secs using 2872% CPU
Optimizing NNI: done in 38.2678 secs using 2974% CPU
Optimizing NNI: done in 53.3853 secs using 2916% CPU
Optimizing NNI: done in 57.7742 secs using 2814% CPU
Optimizing NNI: done in 53.5041 secs using 2669% CPU
Optimizing NNI: done in 52.3494 secs using 2873% CPU
Optimizing NNI: done in 52.8212 secs using 2665% CPU
Optimizing NNI: done in 51.0089 secs using 2925% CPU
Optimizing NNI: done in 48.9852 secs using 2932% CPU
Optimizing NNI: done in 41.9322 secs using 2818% CPU
Iteration 100 / LogL: -1989309.061 / Time: 1h:54m:43s (0h:1m:9s left)
Log-likelihood cutoff on original alignment: -1989356.475
NOTE: Bootstrap correlation coefficient of split occurrence frequencies: 0.999
Optimizing NNI: done in 34.5175 secs using 2879% CPU
Optimizing NNI: done in 61.2428 secs using 2780% CPU
TREE SEARCH COMPLETED AFTER 102 ITERATIONS / Time: 1h:56m:21s

--------------------------------------------------------------------
|                    FINALIZING TREE SEARCH                        |
--------------------------------------------------------------------
Performs final model parameters optimization
Estimate model parameters (epsilon = 0.010)
1. Initial log-likelihood: -1989308.337
Optimal log-likelihood: -1989308.333
Gamma shape alpha: 0.450
Parameters optimization took 1 rounds (6.316 sec)
BEST SCORE FOUND : -1989308.333
Empirical proportions for each category: 0.281 0.231 0.263 0.225
Site rates printed to tradigrada/1_infer/LG_UDM128_PMSF.rate
Creating bootstrap support values...
Split supports printed to NEXUS file tradigrada/1_infer/LG_UDM128_PMSF.splits.nex
Total tree length: 23.060

Total number of iterations: 102
CPU time used for tree search: 183913.584 sec (51h:5m:13s)
Wall-clock time used for tree search: 6757.818 sec (1h:52m:37s)
Total CPU time used: 188280.112 sec (52h:18m:0s)
Total wall-clock time used: 6988.083 sec (1h:56m:28s)

Computing bootstrap consensus tree...
Reading input file tradigrada/1_infer/LG_UDM128_PMSF.splits.nex...
40 taxa and 85 splits.
Consensus tree written to tradigrada/1_infer/LG_UDM128_PMSF.contree
Reading input trees file tradigrada/1_infer/LG_UDM128_PMSF.contree
Log-likelihood of consensus tree: -1989308.333

Analysis results written to: 
  IQ-TREE report:                tradigrada/1_infer/LG_UDM128_PMSF.iqtree
  Maximum-likelihood tree:       tradigrada/1_infer/LG_UDM128_PMSF.treefile
  Likelihood distances:          tradigrada/1_infer/LG_UDM128_PMSF.mldist
  Site-specific rates:           tradigrada/1_infer/LG_UDM128_PMSF.rate

Ultrafast bootstrap approximation results written to:
  Split support values:          tradigrada/1_infer/LG_UDM128_PMSF.splits.nex
  Consensus tree:                tradigrada/1_infer/LG_UDM128_PMSF.contree
  Screen log file:               tradigrada/1_infer/LG_UDM128_PMSF.log

Date and Time: Sat Mar  8 21:46:04 2025
