IQ-TREE version 3.0.0 for Linux x86 64-bit built Apr  4 2025
Developed by Bui Quang Minh, Thomas Wong, Nhan Ly-Trong, Huaiyan Ren
Contributed by Lam-Tung Nguyen, Dominik Schrempf, Chris Bielow,
Olga Chernomor, Michael Woodhams, Diep Thi Hoang, Heiko Schmidt

Host:    rona.rsb.anu.edu.au (AVX2, FMA3, 1007 GB RAM)
Command: /data/yutong/iqtree3 -s 1kp/1kp.fasta -fs 1kp/1_infer/Poisson-C10fix-PMSF.sitefreq -m Poisson+C10+G4 -safe --wbtl -wsr -bb 1000 -pre 1kp/1_infer/Poisson_C10fix_PMSF -nt 40
Seed:    219261 (Using SPRNG - Scalable Parallel Random Number Generator)
Time:    Thu May  8 10:10:33 2025
Kernel:  Safe AVX+FMA - 40 threads (256 CPU cores detected)

Reading alignment file 1kp/1kp.fasta ... Fasta format detected
Reading fasta file: done in 0.0812465 secs using 69.98% CPU
Alignment most likely contains protein sequences
Constructing alignment: done in 0.196706 secs using 328.2% CPU
Alignment has 40 sequences with 103658 columns, 97826 distinct patterns
74754 parsimony-informative, 13250 singleton sites, 15653 constant sites
            Gap/Ambiguity  Composition  p-value
Analyzing sequences: done in 0.0116651 secs using 3941% CPU
   1  BFIK         27.41%    failed      0.00%
   2  BNCU         13.55%    failed      0.00%
   3  CIEA         19.10%    failed      0.00%
   4  CMEQ         13.47%    failed      0.00%
   5  CSUV         27.21%    failed      0.00%
   6  Chlre_v5.5   16.92%    failed      0.00%
   7  GTHK         18.40%    failed      0.00%
   8  HKZW         24.20%    failed      0.00%
   9  ILBQ         16.53%    failed      0.00%
  10  IYDF         17.50%    failed      0.00%
  11  JEXA         19.01%    failed      0.00%
  12  JOJQ         16.68%    failed      0.00%
  13  JVSZ         25.96%    failed      0.00%
  14  KNMB         16.28%    failed      0.00%
  15  KWGC         29.11%    failed      0.00%
  16  Klefl_v1.0    7.15%    failed      0.00%
  17  MMKU         27.49%    failed      0.00%
  18  Micpu_v3.0   25.86%    failed      0.00%
  19  OAGK          6.76%    failed      0.00%
  20  OLES         13.66%    failed      0.00%
  21  POZS         25.34%    failed      0.00%
  22  PQTO         21.02%    failed      0.00%
  23  PYHZ         19.30%    failed      0.00%
  24  QKMG         23.72%    failed      0.00%
  25  QPDY         15.05%    failed      0.00%
  26  SKYV         29.84%    failed      0.00%
  27  Selmo_v1.0   13.65%    failed      0.00%
  28  Spipo_v2      8.49%    failed      0.00%
  29  VYLQ          4.05%    failed      0.00%
  30  WDCW         24.70%    failed      0.00%
  31  WKCY          7.98%    failed      0.00%
  32  WQRD         23.20%    failed      0.00%
  33  WTDE         26.95%    failed      0.00%
  34  WWQZ         16.02%    failed      0.00%
  35  XSZI         18.21%    failed      0.00%
  36  XZME         11.12%    failed      0.00%
  37  YOXI         25.48%    failed      0.00%
  38  YPIC         24.57%    failed      0.00%
  39  ZFGK         22.51%    failed      0.00%
  40  ZUHO         17.59%    failed      0.00%
****  TOTAL        19.03%  40 sequences failed composition chi2 test (p-value<5%; df=19)

Reading site-specific state frequency file 1kp/1_infer/Poisson-C10fix-PMSF.sitefreq ...
97826 distinct per-site state frequency vectors detected
NOTE: minimal branch length is reduced to 0.000000964711 for long alignment
Checking for duplicate sequences: done in 0.0666013 secs using 796.3% CPU

Create initial parsimony tree by phylogenetic likelihood library (PLL)... 1.331 seconds
Generating 1000 samples for ultrafast bootstrap (seed: 219261)...
Model Poisson+C10+G4 is alias for Poisson+POISSON+G+FMIX{C10pi1:1:0.1191344178,C10pi2:1:0.0874372456,C10pi3:1:0.1037105070,C10pi4:1:0.0922584809,C10pi5:1:0.1070492801,C10pi6:1:0.1329945166,C10pi7:1:0.0538028458,C10pi8:1:0.0691986212,C10pi9:1:0.1319937434,C10pi10:1:0.1024203429}+G4

NOTE: 3702 MB RAM (3 GB) is required!
Estimate model parameters (epsilon = 0.100)
1. Initial log-likelihood: -3742446.793
2. Current log-likelihood: -3660034.056
3. Current log-likelihood: -3658331.040
4. Current log-likelihood: -3658287.105
5. Current log-likelihood: -3658285.011
Optimal log-likelihood: -3658284.921
Gamma shape alpha: 0.652
Parameters optimization took 5 rounds (57.798 sec)
Wrote distance file to... 
Computing ML distances based on estimated model parameters...
Calculating distance matrix: done in 13.6874 secs using 1939% CPU
Computing ML distances took 13.699979 sec (of wall-clock time) 266.021194 sec (of CPU time)
Setting up auxiliary I and S matrices: done in 0.000287392 secs using 98.82% CPU
Constructing RapidNJ tree: done in 0.000533414 secs
Computing RapidNJ tree took 0.001409 sec (of wall-clock time) 0.000318 sec (of CPU time)
Log-likelihood of RapidNJ tree: -3663872.869
--------------------------------------------------------------------
|             INITIALIZING CANDIDATE TREE SET                      |
--------------------------------------------------------------------
Generating 98 parsimony trees... 274.297 second
Computing log-likelihood of 98 initial trees ... 338.745 seconds
Current best score: -3658284.921

Do NNI search on 20 best initial trees
Optimizing NNI: done in 35.3632 secs using 3900% CPU
Estimate model parameters (epsilon = 0.100)
BETTER TREE FOUND at iteration 1: -3657870.674
Optimizing NNI: done in 54.3795 secs using 3922% CPU
Optimizing NNI: done in 60.4108 secs using 3909% CPU
Optimizing NNI: done in 54.8726 secs using 3903% CPU
Optimizing NNI: done in 62.2261 secs using 3906% CPU
Optimizing NNI: done in 72.8697 secs using 3903% CPU
Optimizing NNI: done in 67.0722 secs using 3910% CPU
Optimizing NNI: done in 68.6857 secs using 3889% CPU
Optimizing NNI: done in 59.0251 secs using 3911% CPU
Optimizing NNI: done in 54.4443 secs using 3906% CPU
Iteration 10 / LogL: -3658017.297 / Time: 0h:22m:39s
Optimizing NNI: done in 59.8135 secs using 3902% CPU
Optimizing NNI: done in 66.8218 secs using 3906% CPU
Optimizing NNI: done in 68.3638 secs using 3921% CPU
Optimizing NNI: done in 66.3951 secs using 3920% CPU
Optimizing NNI: done in 58.3878 secs using 3886% CPU
Optimizing NNI: done in 85.474 secs using 3869% CPU
Optimizing NNI: done in 60.5911 secs using 3884% CPU
Optimizing NNI: done in 72.2779 secs using 3888% CPU
Optimizing NNI: done in 54.5466 secs using 3936% CPU
Optimizing NNI: done in 49.1349 secs using 3922% CPU
Iteration 20 / LogL: -3658063.217 / Time: 0h:33m:29s
Finish initializing candidate tree set (2)
Current best tree score: -3657870.674 / CPU time: 1880.413
Number of iterations: 20
--------------------------------------------------------------------
|               OPTIMIZING CANDIDATE TREE SET                      |
--------------------------------------------------------------------
Optimizing NNI: done in 33.0225 secs using 3905% CPU
Optimizing NNI: done in 78.4886 secs using 3919% CPU
Optimizing NNI: done in 49.9936 secs using 3885% CPU
Optimizing NNI: done in 41.2211 secs using 3823% CPU
Optimizing NNI: done in 43.5231 secs using 3860% CPU
Optimizing NNI: done in 50.5031 secs using 3862% CPU
Optimizing NNI: done in 42.9859 secs using 3892% CPU
Optimizing NNI: done in 48.4755 secs using 3899% CPU
Optimizing NNI: done in 52.362 secs using 3770% CPU
Optimizing NNI: done in 55.2734 secs using 3832% CPU
Iteration 30 / LogL: -3657872.120 / Time: 0h:41m:52s (1h:42m:28s left)
Optimizing NNI: done in 37.1144 secs using 3868% CPU
Optimizing NNI: done in 68.7996 secs using 3838% CPU
Optimizing NNI: done in 73.04 secs using 3871% CPU
Optimizing NNI: done in 43.8509 secs using 3926% CPU
Optimizing NNI: done in 49.7654 secs using 3912% CPU
Optimizing NNI: done in 50.2115 secs using 3920% CPU
Optimizing NNI: done in 38.6219 secs using 3931% CPU
Optimizing NNI: done in 51.2853 secs using 3933% CPU
Optimizing NNI: done in 48.2549 secs using 3937% CPU
Optimizing NNI: done in 45.5914 secs using 3920% CPU
Iteration 40 / LogL: -3657906.942 / Time: 0h:50m:27s (1h:18m:52s left)
Optimizing NNI: done in 48.6105 secs using 3921% CPU
Optimizing NNI: done in 55.5909 secs using 3937% CPU
Optimizing NNI: done in 50.3422 secs using 3937% CPU
Optimizing NNI: done in 52.7291 secs using 3940% CPU
Optimizing NNI: done in 45.6817 secs using 3943% CPU
Optimizing NNI: done in 41.9643 secs using 3935% CPU
Optimizing NNI: done in 57.7466 secs using 3938% CPU
Optimizing NNI: done in 49.8947 secs using 3933% CPU
Optimizing NNI: done in 57.4655 secs using 3938% CPU
Optimizing NNI: done in 49.8103 secs using 3940% CPU
Iteration 50 / LogL: -3657871.229 / Time: 0h:59m:4s (1h:1m:27s left)
Log-likelihood cutoff on original alignment: -3658000.744
UFBoot trees printed to 1kp/1_infer/Poisson_C10fix_PMSF.ufboot
Optimizing NNI: done in 44.4201 secs using 3949% CPU
Optimizing NNI: done in 56.1966 secs using 3941% CPU
Optimizing NNI: done in 44.8069 secs using 3939% CPU
Optimizing NNI: done in 35.2852 secs using 3934% CPU
Optimizing NNI: done in 60.2292 secs using 3954% CPU
Optimizing NNI: done in 66.4987 secs using 3942% CPU
Optimizing NNI: done in 55.8343 secs using 3939% CPU
Optimizing NNI: done in 34.0814 secs using 3934% CPU
Optimizing NNI: done in 40.3657 secs using 3938% CPU
Optimizing NNI: done in 67.6318 secs using 3932% CPU
Iteration 60 / LogL: -3657910.312 / Time: 1h:7m:37s (0h:46m:58s left)
Optimizing NNI: done in 38.0709 secs using 3939% CPU
Optimizing NNI: done in 63.542 secs using 3925% CPU
Optimizing NNI: done in 50.4898 secs using 3926% CPU
Optimizing NNI: done in 63.914 secs using 3933% CPU
Optimizing NNI: done in 56.0723 secs using 3934% CPU
Optimizing NNI: done in 48.1204 secs using 3920% CPU
Optimizing NNI: done in 64.7359 secs using 3939% CPU
Optimizing NNI: done in 40.677 secs using 3953% CPU
Optimizing NNI: done in 62.7119 secs using 3945% CPU
Optimizing NNI: done in 47.4192 secs using 3931% CPU
Iteration 70 / LogL: -3657873.290 / Time: 1h:16m:39s (0h:34m:25s left)
Optimizing NNI: done in 51.6468 secs using 3943% CPU
Optimizing NNI: done in 62.4467 secs using 3938% CPU
Optimizing NNI: done in 50.4902 secs using 3954% CPU
Optimizing NNI: done in 47.9987 secs using 3953% CPU
Optimizing NNI: done in 51.2156 secs using 3938% CPU
Optimizing NNI: done in 40.7992 secs using 3951% CPU
Optimizing NNI: done in 53.529 secs using 3932% CPU
Optimizing NNI: done in 41.3916 secs using 3946% CPU
Optimizing NNI: done in 55.9817 secs using 3942% CPU
Optimizing NNI: done in 60.0868 secs using 3943% CPU
Iteration 80 / LogL: -3657870.859 / Time: 1h:25m:22s (0h:22m:41s left)
Optimizing NNI: done in 53.3497 secs using 3917% CPU
Optimizing NNI: done in 43.1727 secs using 3924% CPU
Optimizing NNI: done in 53.6893 secs using 3903% CPU
Optimizing NNI: done in 46.9599 secs using 3908% CPU
Optimizing NNI: done in 42.4624 secs using 3931% CPU
Optimizing NNI: done in 67.0451 secs using 3922% CPU
Optimizing NNI: done in 41.8197 secs using 3947% CPU
Optimizing NNI: done in 57.1466 secs using 3946% CPU
Optimizing NNI: done in 43.6234 secs using 3938% CPU
Optimizing NNI: done in 59.5351 secs using 3927% CPU
Iteration 90 / LogL: -3657905.411 / Time: 1h:33m:58s (0h:11m:36s left)
Optimizing NNI: done in 34.5993 secs using 3926% CPU
Optimizing NNI: done in 70.6785 secs using 3942% CPU
Optimizing NNI: done in 43.3865 secs using 3928% CPU
Optimizing NNI: done in 52.278 secs using 3940% CPU
Optimizing NNI: done in 36.2023 secs using 3937% CPU
Optimizing NNI: done in 55.5449 secs using 3942% CPU
Optimizing NNI: done in 55.0936 secs using 3948% CPU
Optimizing NNI: done in 58.5545 secs using 3943% CPU
Optimizing NNI: done in 62.9397 secs using 3939% CPU
Optimizing NNI: done in 48.9713 secs using 3937% CPU
Iteration 100 / LogL: -3657905.622 / Time: 1h:42m:44s (0h:1m:2s left)
Log-likelihood cutoff on original alignment: -3658000.744
NOTE: Bootstrap correlation coefficient of split occurrence frequencies: 1.000
UFBoot trees printed to 1kp/1_infer/Poisson_C10fix_PMSF.ufboot
Optimizing NNI: done in 70.5162 secs using 3938% CPU
Optimizing NNI: done in 43.7455 secs using 3934% CPU
TREE SEARCH COMPLETED AFTER 102 ITERATIONS / Time: 1h:44m:40s

--------------------------------------------------------------------
|                    FINALIZING TREE SEARCH                        |
--------------------------------------------------------------------
Performs final model parameters optimization
Estimate model parameters (epsilon = 0.010)
1. Initial log-likelihood: -3657870.674
Optimal log-likelihood: -3657870.674
Gamma shape alpha: 0.652
Parameters optimization took 1 rounds (9.173 sec)
BEST SCORE FOUND : -3657870.674
Empirical proportions for each category: 0.261 0.212 0.288 0.239
Site rates printed to 1kp/1_infer/Poisson_C10fix_PMSF.rate
Creating bootstrap support values...
Split supports printed to NEXUS file 1kp/1_infer/Poisson_C10fix_PMSF.splits.nex
Total tree length: 16.360

Total number of iterations: 102
CPU time used for tree search: 231148.382 sec (64h:12m:28s)
Wall-clock time used for tree search: 6151.498 sec (1h:42m:31s)
Total CPU time used: 235377.645 sec (65h:22m:57s)
Total wall-clock time used: 6290.424 sec (1h:44m:50s)
UFBoot trees printed to 1kp/1_infer/Poisson_C10fix_PMSF.ufboot

Computing bootstrap consensus tree...
Reading input file 1kp/1_infer/Poisson_C10fix_PMSF.splits.nex...
40 taxa and 90 splits.
Consensus tree written to 1kp/1_infer/Poisson_C10fix_PMSF.contree
Reading input trees file 1kp/1_infer/Poisson_C10fix_PMSF.contree
Log-likelihood of consensus tree: -3657870.674

Analysis results written to: 
  IQ-TREE report:                1kp/1_infer/Poisson_C10fix_PMSF.iqtree
  Maximum-likelihood tree:       1kp/1_infer/Poisson_C10fix_PMSF.treefile
  Likelihood distances:          1kp/1_infer/Poisson_C10fix_PMSF.mldist
  Site-specific rates:           1kp/1_infer/Poisson_C10fix_PMSF.rate

Ultrafast bootstrap approximation results written to:
  Split support values:          1kp/1_infer/Poisson_C10fix_PMSF.splits.nex
  Consensus tree:                1kp/1_infer/Poisson_C10fix_PMSF.contree
  UFBoot trees:                  1kp/1_infer/Poisson_C10fix_PMSF.ufboot
  Screen log file:               1kp/1_infer/Poisson_C10fix_PMSF.log

Date and Time: Thu May  8 11:55:58 2025
