IQ-TREE version 3.0.0 for Linux x86 64-bit built Apr  4 2025
Developed by Bui Quang Minh, Thomas Wong, Nhan Ly-Trong, Huaiyan Ren
Contributed by Lam-Tung Nguyen, Dominik Schrempf, Chris Bielow,
Olga Chernomor, Michael Woodhams, Diep Thi Hoang, Heiko Schmidt

Host:    rona.rsb.anu.edu.au (AVX2, FMA3, 1007 GB RAM)
Command: /data/yutong/iqtree3 -s tardigrada/matrix_40sp.fasta -fs tardigrada/1_infer/LG-MEOW10opt-PMSF.sitefreq -m LGESmodel -mdef tardigrada/1_infer/meow0703.nex -safe -pre tardigrada/1_infer/LG_MEOW10opt_PMSF -wsr -bb 1000 -nt 40
Seed:    734516 (Using SPRNG - Scalable Parallel Random Number Generator)
Time:    Fri Apr 25 15:47:55 2025
Kernel:  Safe AVX+FMA - 40 threads (256 CPU cores detected)

Reading alignment file tardigrada/matrix_40sp.fasta ... Fasta format detected
Reading fasta file: done in 0.0328914 secs using 92.45% CPU
Alignment most likely contains protein sequences
Constructing alignment: done in 0.145171 secs using 447% CPU
Alignment has 40 sequences with 70888 columns, 63149 distinct patterns
48785 parsimony-informative, 7670 singleton sites, 14433 constant sites
                             Gap/Ambiguity  Composition  p-value
Analyzing sequences: done in 0.0072843 secs using 2231% CPU
   1  Capitella_telata               5.00%    failed      0.00%
   2  Daphnia_magna                  9.79%    failed      0.06%
   3  Echiniscoides_sigismundi      49.39%    failed      0.00%
   4  Echiniscus_bisetosus          82.96%    failed      0.00%
   5  Echiniscus_testudo            50.24%    failed      0.00%
   6  Echinoderes_kohni             88.58%    failed      0.00%
   7  Enoplus_brevis                22.43%    failed      0.00%
   8  Epiperipatus                  56.34%    failed      0.00%
   9  Frakliniella_occidentalis      7.36%    failed      0.08%
  10  Gordius                       70.84%    failed      0.00%
  11  Halicryptus_spinolosus        13.41%    failed      0.00%
  12  Hypsibius_dujardini            3.51%    failed      0.00%
  13  Limulus_polyphemus            16.13%    failed      0.00%
  14  Manduca_sexta                  9.59%    failed      0.00%
  15  Meiopriapulus                 26.75%    failed      0.00%
  16  Mesobiotus_philippinicus      19.72%    failed      0.00%
  17  Milnesium_tardigradum         59.56%    failed      0.00%
  18  Neodiprion_lecontei            4.62%    failed      0.01%
  19  Ooperipatellus                72.91%    failed      0.00%
  20  Opisthopatus_kwazululandi     26.52%    failed      0.00%
  21  Paeneus_vanammei              12.28%    failed      0.00%
  22  Pamacea_canaliculata           5.42%    failed      0.02%
  23  Paragordius_varius            71.38%    failed      0.00%
  24  Parasteatoda_tepidariorum      3.65%    failed      0.00%
  25  Peripatoides                  73.44%    failed      0.00%
  26  Peripatoides_novaezelandiae   16.34%    failed      0.00%
  27  Peripatopsis_capensis         37.07%    failed      0.00%
  28  Pleomothra                    21.78%    failed      0.00%
  29  Pontonema_vulgare             24.88%    failed      0.00%
  30  Priapulus_caudatus            13.43%    failed      0.00%
  31  Prionchulus_punctatus         13.90%    failed      0.00%
  32  Pycnophyes                    76.53%    failed      0.00%
  33  Ramazzottius_varieornatus      3.20%    failed      0.00%
  34  Richtersius_coronifer          6.00%    failed      0.00%
  35  Romanomermis_culicivorax      36.04%    failed      0.00%
  36  Stegodyphus_mimosarum         15.16%    failed      0.00%
  37  Strigamia_maritima            13.05%    failed      0.00%
  38  Tachypleu                      8.55%    failed      0.00%
  39  Tobrilus                      23.43%    failed      0.00%
  40  Xiphinema_index               27.20%    failed      0.00%
WARNING: 10 sequences contain more than 50% gaps/ambiguity
****  TOTAL                         29.96%  40 sequences failed composition chi2 test (p-value<5%; df=19)

Reading site-specific state frequency file tardigrada/1_infer/LG-MEOW10opt-PMSF.sitefreq ...
63149 distinct per-site state frequency vectors detected
Checking for duplicate sequences: done in 0.0194795 secs using 2664% CPU
Reading model definition file tardigrada/1_infer/meow0703.nex ... 87 models and 224 frequency vectors loaded

Create initial parsimony tree by phylogenetic likelihood library (PLL)... 0.718 seconds
Generating 1000 samples for ultrafast bootstrap (seed: 734516)...
Model LGESmodel is alias for LG+G4{0.5038279315}+FMIX{EShighclass1:1.0:0.1259309126,EShighclass2:1.0:0.2620291986,EShighclass3:1.0:0.1248850454,EShighclass4:1.0:0.1303353423,EShighclass5:1.0:0.0906656379,EShighclass6:1.0:0.1288636998,EShighclass7:1.0:0.1118743696,ESlowclass1:1.0:0.0243152572,ESlowclass2:1.0:0.0007625230,ESlowclass3:1.0:0.0003380135}

NOTE: 2390 MB RAM (2 GB) is required!
Estimate model parameters (epsilon = 0.100)
1. Initial log-likelihood: -2177692.875
2. Current log-likelihood: -2113337.201
3. Current log-likelihood: -2111013.386
4. Current log-likelihood: -2110981.776
5. Current log-likelihood: -2110980.050
Optimal log-likelihood: -2110979.906
Gamma shape alpha: 0.504
Parameters optimization took 5 rounds (25.435 sec)
Wrote distance file to... 
Computing ML distances based on estimated model parameters...
Calculating distance matrix: done in 18.6711 secs using 1867% CPU
Computing ML distances took 18.679521 sec (of wall-clock time) 348.982850 sec (of CPU time)
Setting up auxiliary I and S matrices: done in 0.000460984 secs using 2320% CPU
Constructing RapidNJ tree: done in 0.00051148 secs using 222.3% CPU
Computing RapidNJ tree took 0.001146 sec (of wall-clock time) 0.012276 sec (of CPU time)
Log-likelihood of RapidNJ tree: -2116559.739
--------------------------------------------------------------------
|             INITIALIZING CANDIDATE TREE SET                      |
--------------------------------------------------------------------
Generating 98 parsimony trees... 92.138 second
Computing log-likelihood of 98 initial trees ... 190.524 seconds
Current best score: -2110979.906

Do NNI search on 20 best initial trees
Optimizing NNI: done in 13.6103 secs using 3942% CPU
Estimate model parameters (epsilon = 0.100)
BETTER TREE FOUND at iteration 1: -2110633.641
Optimizing NNI: done in 36.7154 secs using 3928% CPU
Optimizing NNI: done in 33.5283 secs using 3940% CPU
Optimizing NNI: done in 32.2843 secs using 3931% CPU
Optimizing NNI: done in 38.0764 secs using 3897% CPU
Optimizing NNI: done in 34.1903 secs using 3901% CPU
Optimizing NNI: done in 37.21 secs using 3927% CPU
Optimizing NNI: done in 30.1652 secs using 3931% CPU
Optimizing NNI: done in 36.3952 secs using 3944% CPU
Optimizing NNI: done in 37.1502 secs using 3876% CPU
Iteration 10 / LogL: -2110639.797 / Time: 0h:11m:50s
Optimizing NNI: done in 33.7148 secs using 3831% CPU
Optimizing NNI: done in 27.8073 secs using 3948% CPU
Optimizing NNI: done in 29.1553 secs using 3895% CPU
Optimizing NNI: done in 31.862 secs using 3951% CPU
Optimizing NNI: done in 34.5867 secs using 3916% CPU
Optimizing NNI: done in 37.6416 secs using 3887% CPU
Optimizing NNI: done in 29.8476 secs using 3942% CPU
Optimizing NNI: done in 35.0473 secs using 3889% CPU
Optimizing NNI: done in 38.1739 secs using 3944% CPU
Optimizing NNI: done in 41.2737 secs using 3866% CPU
Iteration 20 / LogL: -2110653.231 / Time: 0h:17m:33s
Finish initializing candidate tree set (1)
Current best tree score: -2110633.641 / CPU time: 968.771
Number of iterations: 20
--------------------------------------------------------------------
|               OPTIMIZING CANDIDATE TREE SET                      |
--------------------------------------------------------------------
Optimizing NNI: done in 34.3082 secs using 3897% CPU
Optimizing NNI: done in 30.7245 secs using 3850% CPU
Optimizing NNI: done in 38.2559 secs using 3885% CPU
Optimizing NNI: done in 40.1849 secs using 3925% CPU
Optimizing NNI: done in 39.4411 secs using 3924% CPU
Optimizing NNI: done in 41.3031 secs using 3916% CPU
Optimizing NNI: done in 38.7632 secs using 3854% CPU
Optimizing NNI: done in 37.1961 secs using 3911% CPU
Optimizing NNI: done in 25.0893 secs using 3868% CPU
Optimizing NNI: done in 47.3241 secs using 3902% CPU
Iteration 30 / LogL: -2110638.964 / Time: 0h:23m:50s (0h:58m:20s left)
Optimizing NNI: done in 33.5109 secs using 3896% CPU
Optimizing NNI: done in 33.9249 secs using 3933% CPU
Optimizing NNI: done in 39.6605 secs using 3912% CPU
Optimizing NNI: done in 34.4512 secs using 3938% CPU
Optimizing NNI: done in 22.3965 secs using 3940% CPU
Optimizing NNI: done in 24.3178 secs using 3860% CPU
Optimizing NNI: done in 25.5296 secs using 3941% CPU
Optimizing NNI: done in 33.6198 secs using 3922% CPU
Optimizing NNI: done in 41.9021 secs using 3888% CPU
Optimizing NNI: done in 49.1608 secs using 3887% CPU
Iteration 40 / LogL: -2110645.580 / Time: 0h:29m:33s (0h:46m:12s left)
Optimizing NNI: done in 42.1037 secs using 3856% CPU
Optimizing NNI: done in 37.8065 secs using 3890% CPU
Optimizing NNI: done in 33.5499 secs using 3866% CPU
Optimizing NNI: done in 28.4713 secs using 3940% CPU
Optimizing NNI: done in 41.0036 secs using 3890% CPU
Optimizing NNI: done in 36.1419 secs using 3926% CPU
Optimizing NNI: done in 39.0659 secs using 3853% CPU
Optimizing NNI: done in 30.0573 secs using 3903% CPU
Optimizing NNI: done in 44.4904 secs using 3862% CPU
Optimizing NNI: done in 34.787 secs using 3914% CPU
Iteration 50 / LogL: -2110634.816 / Time: 0h:35m:45s (0h:37m:12s left)
Log-likelihood cutoff on original alignment: -2110778.650
Optimizing NNI: done in 29.4744 secs using 3881% CPU
Optimizing NNI: done in 35.6234 secs using 3877% CPU
Optimizing NNI: done in 30.9913 secs using 3948% CPU
Optimizing NNI: done in 48.4861 secs using 3814% CPU
Optimizing NNI: done in 40.0086 secs using 3901% CPU
Optimizing NNI: done in 39.288 secs using 3868% CPU
Optimizing NNI: done in 38.4996 secs using 3886% CPU
Optimizing NNI: done in 39.0691 secs using 3851% CPU
Optimizing NNI: done in 33.1282 secs using 3926% CPU
Optimizing NNI: done in 41.7511 secs using 3853% CPU
Iteration 60 / LogL: -2110663.854 / Time: 0h:42m:6s (0h:29m:15s left)
Optimizing NNI: done in 40.3081 secs using 3914% CPU
Optimizing NNI: done in 39.7176 secs using 3809% CPU
Optimizing NNI: done in 41.7278 secs using 3907% CPU
Optimizing NNI: done in 35.5276 secs using 3849% CPU
Optimizing NNI: done in 40.388 secs using 3905% CPU
Optimizing NNI: done in 57.8077 secs using 3846% CPU
Optimizing NNI: done in 35.7363 secs using 3927% CPU
Optimizing NNI: done in 58.3563 secs using 3846% CPU
Optimizing NNI: done in 41.0374 secs using 3917% CPU
Optimizing NNI: done in 39.9802 secs using 3913% CPU
Iteration 70 / LogL: -2110637.376 / Time: 0h:49m:21s (0h:22m:10s left)
Optimizing NNI: done in 42.3892 secs using 3886% CPU
Optimizing NNI: done in 40.1215 secs using 3901% CPU
Optimizing NNI: done in 24.7085 secs using 3959% CPU
Optimizing NNI: done in 32.6564 secs using 3951% CPU
Optimizing NNI: done in 26.443 secs using 3956% CPU
Optimizing NNI: done in 28.0627 secs using 3944% CPU
Optimizing NNI: done in 40.5241 secs using 3827% CPU
Optimizing NNI: done in 40.2954 secs using 3865% CPU
Optimizing NNI: done in 41.0952 secs using 3894% CPU
Optimizing NNI: done in 44.9991 secs using 3946% CPU
Iteration 80 / LogL: -2110639.764 / Time: 0h:55m:27s (0h:14m:44s left)
Optimizing NNI: done in 28.2469 secs using 3908% CPU
Optimizing NNI: done in 37.4849 secs using 3921% CPU
Optimizing NNI: done in 33.8228 secs using 3962% CPU
Optimizing NNI: done in 33.9039 secs using 3963% CPU
Optimizing NNI: done in 39.8288 secs using 3962% CPU
Optimizing NNI: done in 26.867 secs using 3959% CPU
Optimizing NNI: done in 28.5166 secs using 3958% CPU
Optimizing NNI: done in 36.4016 secs using 3956% CPU
Optimizing NNI: done in 30.5169 secs using 3954% CPU
Optimizing NNI: done in 36.384 secs using 3947% CPU
Iteration 90 / LogL: -2110644.947 / Time: 1h:1m:3s (0h:7m:32s left)
Optimizing NNI: done in 28.6988 secs using 3953% CPU
Optimizing NNI: done in 32.2397 secs using 3912% CPU
Optimizing NNI: done in 32.727 secs using 3890% CPU
Optimizing NNI: done in 27.1917 secs using 3886% CPU
Optimizing NNI: done in 28.3425 secs using 3953% CPU
Optimizing NNI: done in 32.8999 secs using 3950% CPU
Optimizing NNI: done in 28.1512 secs using 3959% CPU
Optimizing NNI: done in 32.823 secs using 3937% CPU
Optimizing NNI: done in 33.4096 secs using 3939% CPU
Optimizing NNI: done in 34.8991 secs using 3918% CPU
Iteration 100 / LogL: -2110652.088 / Time: 1h:6m:18s (0h:0m:40s left)
Log-likelihood cutoff on original alignment: -2110762.767
NOTE: Bootstrap correlation coefficient of split occurrence frequencies: 1.000
Optimizing NNI: done in 26.5841 secs using 3932% CPU
Optimizing NNI: done in 32.6495 secs using 3947% CPU
TREE SEARCH COMPLETED AFTER 102 ITERATIONS / Time: 1h:7m:18s

--------------------------------------------------------------------
|                    FINALIZING TREE SEARCH                        |
--------------------------------------------------------------------
Performs final model parameters optimization
Estimate model parameters (epsilon = 0.010)
1. Initial log-likelihood: -2110633.641
Optimal log-likelihood: -2110633.639
Gamma shape alpha: 0.504
Parameters optimization took 1 rounds (2.957 sec)
BEST SCORE FOUND : -2110633.639
Empirical proportions for each category: 0.293 0.242 0.264 0.202
Site rates printed to tardigrada/1_infer/LG_MEOW10opt_PMSF.rate
Creating bootstrap support values...
Split supports printed to NEXUS file tardigrada/1_infer/LG_MEOW10opt_PMSF.splits.nex
Total tree length: 19.454

Total number of iterations: 102
CPU time used for tree search: 150680.920 sec (41h:51m:20s)
Wall-clock time used for tree search: 3953.817 sec (1h:5m:53s)
Total CPU time used: 153008.679 sec (42h:30m:8s)
Total wall-clock time used: 4042.247 sec (1h:7m:22s)

Computing bootstrap consensus tree...
Reading input file tardigrada/1_infer/LG_MEOW10opt_PMSF.splits.nex...
40 taxa and 86 splits.
Consensus tree written to tardigrada/1_infer/LG_MEOW10opt_PMSF.contree
Reading input trees file tardigrada/1_infer/LG_MEOW10opt_PMSF.contree
Log-likelihood of consensus tree: -2110633.639

Analysis results written to: 
  IQ-TREE report:                tardigrada/1_infer/LG_MEOW10opt_PMSF.iqtree
  Maximum-likelihood tree:       tardigrada/1_infer/LG_MEOW10opt_PMSF.treefile
  Likelihood distances:          tardigrada/1_infer/LG_MEOW10opt_PMSF.mldist
  Site-specific rates:           tardigrada/1_infer/LG_MEOW10opt_PMSF.rate

Ultrafast bootstrap approximation results written to:
  Split support values:          tardigrada/1_infer/LG_MEOW10opt_PMSF.splits.nex
  Consensus tree:                tardigrada/1_infer/LG_MEOW10opt_PMSF.contree
  Screen log file:               tardigrada/1_infer/LG_MEOW10opt_PMSF.log

Date and Time: Fri Apr 25 16:55:42 2025
