IQ-TREE multicore version 2.4.0 for Linux x86 64-bit built Feb  7 2025
Developed by Bui Quang Minh, Nguyen Lam Tung, Olga Chernomor, Heiko Schmidt,
Dominik Schrempf, Michael Woodhams, Ly Trong Nhan, Thomas Wong

Host:    rona.rsb.anu.edu.au (AVX2, FMA3, 1007 GB RAM)
Command: ./iqtree2 -s tardigrada/matrix_40sp.fasta -fs tardigrada/1_infer/LG-MEOW60highopt-PMSF.sitefreq -m LG+ESmodel+G4 -mdef tardigrada/meow60.nex -T 35 -safe -pre tardigrada/1_infer/LG_MEOW60highopt_PMSF -wsr -bb 1000
Seed:    84406 (Using SPRNG - Scalable Parallel Random Number Generator)
Time:    Sat Mar 29 16:05:14 2025
Kernel:  Safe AVX+FMA - 35 threads (256 CPU cores detected)

Reading alignment file tardigrada/matrix_40sp.fasta ... Fasta format detected
Reading fasta file: done in 0.0641915 secs using 99.94% CPU
Alignment most likely contains protein sequences
Alignment has 40 sequences with 70888 columns, 63149 distinct patterns
48785 parsimony-informative, 7670 singleton sites, 14433 constant sites
                             Gap/Ambiguity  Composition  p-value
Analyzing sequences: done in 0.0137853 secs using 3035% CPU
   1  Capitella_telata               5.00%    failed      0.00%
   2  Daphnia_magna                  9.79%    failed      0.06%
   3  Echiniscoides_sigismundi      49.39%    failed      0.00%
   4  Echiniscus_bisetosus          82.96%    failed      0.00%
   5  Echiniscus_testudo            50.24%    failed      0.00%
   6  Echinoderes_kohni             88.58%    failed      0.00%
   7  Enoplus_brevis                22.43%    failed      0.00%
   8  Epiperipatus                  56.34%    failed      0.00%
   9  Frakliniella_occidentalis      7.36%    failed      0.08%
  10  Gordius                       70.84%    failed      0.00%
  11  Halicryptus_spinolosus        13.41%    failed      0.00%
  12  Hypsibius_dujardini            3.51%    failed      0.00%
  13  Limulus_polyphemus            16.13%    failed      0.00%
  14  Manduca_sexta                  9.59%    failed      0.00%
  15  Meiopriapulus                 26.75%    failed      0.00%
  16  Mesobiotus_philippinicus      19.72%    failed      0.00%
  17  Milnesium_tardigradum         59.56%    failed      0.00%
  18  Neodiprion_lecontei            4.62%    failed      0.01%
  19  Ooperipatellus                72.91%    failed      0.00%
  20  Opisthopatus_kwazululandi     26.52%    failed      0.00%
  21  Paeneus_vanammei              12.28%    failed      0.00%
  22  Pamacea_canaliculata           5.42%    failed      0.02%
  23  Paragordius_varius            71.38%    failed      0.00%
  24  Parasteatoda_tepidariorum      3.65%    failed      0.00%
  25  Peripatoides                  73.44%    failed      0.00%
  26  Peripatoides_novaezelandiae   16.34%    failed      0.00%
  27  Peripatopsis_capensis         37.07%    failed      0.00%
  28  Pleomothra                    21.78%    failed      0.00%
  29  Pontonema_vulgare             24.88%    failed      0.00%
  30  Priapulus_caudatus            13.43%    failed      0.00%
  31  Prionchulus_punctatus         13.90%    failed      0.00%
  32  Pycnophyes                    76.53%    failed      0.00%
  33  Ramazzottius_varieornatus      3.20%    failed      0.00%
  34  Richtersius_coronifer          6.00%    failed      0.00%
  35  Romanomermis_culicivorax      36.04%    failed      0.00%
  36  Stegodyphus_mimosarum         15.16%    failed      0.00%
  37  Strigamia_maritima            13.05%    failed      0.00%
  38  Tachypleu                      8.55%    failed      0.00%
  39  Tobrilus                      23.43%    failed      0.00%
  40  Xiphinema_index               27.20%    failed      0.00%
WARNING: 10 sequences contain more than 50% gaps/ambiguity
****  TOTAL                         29.96%  40 sequences failed composition chi2 test (p-value<5%; df=19)

Reading site-specific state frequency file tardigrada/1_infer/LG-MEOW60highopt-PMSF.sitefreq ...
63149 distinct per-site state frequency vectors detected
Reading model definition file tardigrada/meow60.nex ... 87 models and 274 frequency vectors loaded

Create initial parsimony tree by phylogenetic likelihood library (PLL)... 0.590 seconds
Generating 1000 samples for ultrafast bootstrap (seed: 84406)...
Model LG+ESmodel+G4 is alias for LG+FMIX{ESclass1,ESclass2,ESclass3,ESclass4,ESclass5,ESclass6,ESclass7,ESclass8,ESclass9,ESclass10,ESclass11,ESclass12,ESclass13,ESclass14,ESclass15,ESclass16,ESclass17,ESclass18,ESclass19,ESclass20,ESclass21,ESclass22,ESclass23,ESclass24,ESclass25,ESclass26,ESclass27,ESclass28,ESclass29,ESclass30,ESclass31,ESclass32,ESclass33,ESclass34,ESclass35,ESclass36,ESclass37,ESclass38,ESclass39,ESclass40,ESclass41,ESclass42,ESclass43,ESclass44,ESclass45,ESclass46,ESclass47,ESclass48,ESclass49,ESclass50,ESclass51,ESclass52,ESclass53,ESclass54,ESclass55,ESclass56,ESclass57,ESclass58,ESclass59,ESclass60}+G4

NOTE: 2390 MB RAM (2 GB) is required!
Estimate model parameters (epsilon = 0.100)
1. Initial log-likelihood: -2142826.092
2. Current log-likelihood: -2064301.715
3. Current log-likelihood: -2063077.128
4. Current log-likelihood: -2063060.220
5. Current log-likelihood: -2063058.936
Optimal log-likelihood: -2063058.808
Gamma shape alpha: 0.542
Parameters optimization took 5 rounds (53.634 sec)
Wrote distance file to... 
Computing ML distances based on estimated model parameters...
Calculating distance matrix: done in 18.9422 secs using 2520% CPU
Computing ML distances took 18.960481 sec (of wall-clock time) 477.753014 sec (of CPU time)
Setting up auxiliary I and S matrices: done in 0.0243796 secs using 2060% CPU
Computing RapidNJ tree took 1.574871 sec (of wall-clock time) 37.206850 sec (of CPU time)
Log-likelihood of RapidNJ tree: -2067950.241
--------------------------------------------------------------------
|             INITIALIZING CANDIDATE TREE SET                      |
--------------------------------------------------------------------
Generating 98 parsimony trees... 71.084 second
Computing log-likelihood of 98 initial trees ... 251.486 seconds
Current best score: -2063058.808

Do NNI search on 20 best initial trees
Estimate model parameters (epsilon = 0.100)
BETTER TREE FOUND at iteration 1: -2062736.661
Iteration 10 / LogL: -2062764.211 / Time: 0h:16m:3s
Iteration 20 / LogL: -2062748.870 / Time: 0h:24m:40s
Finish initializing candidate tree set (2)
Current best tree score: -2062736.661 / CPU time: 1355.928
Number of iterations: 20
--------------------------------------------------------------------
|               OPTIMIZING CANDIDATE TREE SET                      |
--------------------------------------------------------------------
Iteration 30 / LogL: -2062813.026 / Time: 0h:31m:52s (1h:18m:1s left)
Iteration 40 / LogL: -2062744.764 / Time: 0h:40m:45s (1h:3m:44s left)
Iteration 50 / LogL: -2062761.152 / Time: 0h:48m:56s (0h:50m:55s left)
Log-likelihood cutoff on original alignment: -2062785.810
Iteration 60 / LogL: -2062748.307 / Time: 0h:57m:31s (0h:39m:58s left)
Iteration 70 / LogL: -2062828.576 / Time: 1h:4m:49s (0h:29m:7s left)
Iteration 80 / LogL: -2062759.586 / Time: 1h:13m:19s (0h:19m:29s left)
Iteration 90 / LogL: -2062740.632 / Time: 1h:22m:6s (0h:10m:8s left)
Iteration 100 / LogL: -2062785.196 / Time: 1h:30m:6s (0h:0m:54s left)
Log-likelihood cutoff on original alignment: -2062785.810
NOTE: Bootstrap correlation coefficient of split occurrence frequencies: 1.000
TREE SEARCH COMPLETED AFTER 102 ITERATIONS / Time: 1h:32m:24s

--------------------------------------------------------------------
|                    FINALIZING TREE SEARCH                        |
--------------------------------------------------------------------
Performs final model parameters optimization
Estimate model parameters (epsilon = 0.010)
1. Initial log-likelihood: -2062736.661
Optimal log-likelihood: -2062736.658
Gamma shape alpha: 0.542
Parameters optimization took 1 rounds (5.621 sec)
BEST SCORE FOUND : -2062736.658
Empirical proportions for each category: 0.297 0.228 0.257 0.217
Site rates printed to tardigrada/1_infer/LG_MEOW60highopt_PMSF.rate
Creating bootstrap support values...
Split supports printed to NEXUS file tardigrada/1_infer/LG_MEOW60highopt_PMSF.splits.nex
Total tree length: 18.944

Total number of iterations: 102
CPU time used for tree search: 175452.034 sec (48h:44m:12s)
Wall-clock time used for tree search: 5419.282 sec (1h:30m:19s)
Total CPU time used: 178648.853 sec (49h:37m:28s)
Total wall-clock time used: 5550.352 sec (1h:32m:30s)

Computing bootstrap consensus tree...
Reading input file tardigrada/1_infer/LG_MEOW60highopt_PMSF.splits.nex...
40 taxa and 84 splits.
Consensus tree written to tardigrada/1_infer/LG_MEOW60highopt_PMSF.contree
Reading input trees file tardigrada/1_infer/LG_MEOW60highopt_PMSF.contree
Log-likelihood of consensus tree: -2062736.659

Analysis results written to: 
  IQ-TREE report:                tardigrada/1_infer/LG_MEOW60highopt_PMSF.iqtree
  Maximum-likelihood tree:       tardigrada/1_infer/LG_MEOW60highopt_PMSF.treefile
  Likelihood distances:          tardigrada/1_infer/LG_MEOW60highopt_PMSF.mldist
  Site-specific rates:           tardigrada/1_infer/LG_MEOW60highopt_PMSF.rate

Ultrafast bootstrap approximation results written to:
  Split support values:          tardigrada/1_infer/LG_MEOW60highopt_PMSF.splits.nex
  Consensus tree:                tardigrada/1_infer/LG_MEOW60highopt_PMSF.contree
  Screen log file:               tardigrada/1_infer/LG_MEOW60highopt_PMSF.log

Date and Time: Sat Mar 29 17:38:14 2025
