IQ-TREE multicore version 2.4.0 for Linux x86 64-bit built Feb  7 2025
Developed by Bui Quang Minh, Nguyen Lam Tung, Olga Chernomor, Heiko Schmidt,
Dominik Schrempf, Michael Woodhams, Ly Trong Nhan, Thomas Wong

Host:    rona.rsb.anu.edu.au (AVX2, FMA3, 1007 GB RAM)
Command: ./iqtree2 -s tardigrada/matrix_40sp.fasta -m GTR20+C10+G4 --link-exchange --init-exchange LG -mwopt -te tardigrada/paper.contree -me 0.99 -safe -pre tardigrada/1_infer/GTR20-C10opt -prec 10 -T 35
Seed:    35231 (Using SPRNG - Scalable Parallel Random Number Generator)
Time:    Thu Apr 17 10:45:39 2025
Kernel:  Safe AVX+FMA - 35 threads (256 CPU cores detected)

Reading alignment file tardigrada/matrix_40sp.fasta ... Fasta format detected
Reading fasta file: done in 0.0318202 secs using 92.26% CPU
Alignment most likely contains protein sequences
Alignment has 40 sequences with 70888 columns, 63149 distinct patterns
48785 parsimony-informative, 7670 singleton sites, 14433 constant sites
                             Gap/Ambiguity  Composition  p-value
Analyzing sequences: done in 0.00451997 secs using 3089% CPU
   1  Capitella_telata               5.00%    failed      0.00%
   2  Daphnia_magna                  9.79%    failed      0.06%
   3  Echiniscoides_sigismundi      49.39%    failed      0.00%
   4  Echiniscus_bisetosus          82.96%    failed      0.00%
   5  Echiniscus_testudo            50.24%    failed      0.00%
   6  Echinoderes_kohni             88.58%    failed      0.00%
   7  Enoplus_brevis                22.43%    failed      0.00%
   8  Epiperipatus                  56.34%    failed      0.00%
   9  Frakliniella_occidentalis      7.36%    failed      0.08%
  10  Gordius                       70.84%    failed      0.00%
  11  Halicryptus_spinolosus        13.41%    failed      0.00%
  12  Hypsibius_dujardini            3.51%    failed      0.00%
  13  Limulus_polyphemus            16.13%    failed      0.00%
  14  Manduca_sexta                  9.59%    failed      0.00%
  15  Meiopriapulus                 26.75%    failed      0.00%
  16  Mesobiotus_philippinicus      19.72%    failed      0.00%
  17  Milnesium_tardigradum         59.56%    failed      0.00%
  18  Neodiprion_lecontei            4.62%    failed      0.01%
  19  Ooperipatellus                72.91%    failed      0.00%
  20  Opisthopatus_kwazululandi     26.52%    failed      0.00%
  21  Paeneus_vanammei              12.28%    failed      0.00%
  22  Pamacea_canaliculata           5.42%    failed      0.02%
  23  Paragordius_varius            71.38%    failed      0.00%
  24  Parasteatoda_tepidariorum      3.65%    failed      0.00%
  25  Peripatoides                  73.44%    failed      0.00%
  26  Peripatoides_novaezelandiae   16.34%    failed      0.00%
  27  Peripatopsis_capensis         37.07%    failed      0.00%
  28  Pleomothra                    21.78%    failed      0.00%
  29  Pontonema_vulgare             24.88%    failed      0.00%
  30  Priapulus_caudatus            13.43%    failed      0.00%
  31  Prionchulus_punctatus         13.90%    failed      0.00%
  32  Pycnophyes                    76.53%    failed      0.00%
  33  Ramazzottius_varieornatus      3.20%    failed      0.00%
  34  Richtersius_coronifer          6.00%    failed      0.00%
  35  Romanomermis_culicivorax      36.04%    failed      0.00%
  36  Stegodyphus_mimosarum         15.16%    failed      0.00%
  37  Strigamia_maritima            13.05%    failed      0.00%
  38  Tachypleu                      8.55%    failed      0.00%
  39  Tobrilus                      23.43%    failed      0.00%
  40  Xiphinema_index               27.20%    failed      0.00%
WARNING: 10 sequences contain more than 50% gaps/ambiguity
****  TOTAL                         29.96%  40 sequences failed composition chi2 test (p-value<5%; df=19)
Reading input tree file tardigrada/paper.contree ...
Model GTR20+C10+G4 is alias for GTR20+POISSON+G+FMIX{C10pi1:1:0.1191344178,C10pi2:1:0.0874372456,C10pi3:1:0.1037105070,C10pi4:1:0.0922584809,C10pi5:1:0.1070492801,C10pi6:1:0.1329945166,C10pi7:1:0.0538028458,C10pi8:1:0.0691986212,C10pi9:1:0.1319937434,C10pi10:1:0.1024203429}+G4

NOTE: 15615 MB RAM (15 GB) is required!
Estimate model parameters (epsilon = 0.990)
1. Initial log-likelihood: -2253264.697
Restart estimation at the boundary... multiplying all values down
Restart estimation at the boundary... multiplying all values down
2. Current log-likelihood: -2216799.881
3. Current log-likelihood: -2213572.556
4. Current log-likelihood: -2213217.851
5. Current log-likelihood: -2213140.438
6. Current log-likelihood: -2213127.863
7. Current log-likelihood: -2213123.657
Optimal log-likelihood: -2213123.006
Mixture weights: 0.062 0.152 0.058 0.062 0.096 0.171 0.110 0.044 0.169 0.078
Gamma shape alpha: 0.565
Parameters optimization took 7 rounds (26893.127 sec)
Wrote distance file to... 
BEST SCORE FOUND : -2213123.006
Total tree length: 15.649

Total number of iterations: 0
CPU time used for tree search: 0.000 sec (0h:0m:0s)
Wall-clock time used for tree search: 0.000 sec (0h:0m:0s)
Total CPU time used: 798186.127 sec (221h:43m:6s)
Total wall-clock time used: 26893.204 sec (7h:28m:13s)

Analysis results written to: 
  IQ-TREE report:                tardigrada/1_infer/GTR20-C10opt.iqtree
  Maximum-likelihood tree:       tardigrada/1_infer/GTR20-C10opt.treefile
  Screen log file:               tardigrada/1_infer/GTR20-C10opt.log
  GTRPMIX nex file:              tardigrada/1_infer/GTR20-C10opt.GTRPMIX.nex

Date and Time: Thu Apr 17 18:13:54 2025
