IQ-TREE multicore version 2.4.0 for Linux x86 64-bit built Feb  7 2025
Developed by Bui Quang Minh, Nguyen Lam Tung, Olga Chernomor, Heiko Schmidt,
Dominik Schrempf, Michael Woodhams, Ly Trong Nhan, Thomas Wong

Host:    rona.rsb.anu.edu.au (AVX2, FMA3, 1007 GB RAM)
Command: /data/yutong/iqtree2 -s tardigrada/matrix_40sp.fasta -fs tardigrada/1_infer/GTR20-C10opt-PMSF.sitefreq -m GTRC10OPT -mdef tardigrada/1_infer/GTRC10OPT.nex -safe -pre tardigrada/1_infer/GTR20_C10opt_PMSF -wsr -bb 1000 -nt 40
Seed:    620975 (Using SPRNG - Scalable Parallel Random Number Generator)
Time:    Sat Apr 19 18:32:46 2025
Kernel:  Safe AVX+FMA - 40 threads (256 CPU cores detected)

Reading alignment file tardigrada/matrix_40sp.fasta ... Fasta format detected
Reading fasta file: done in 0.0623775 secs using 91.61% CPU
Alignment most likely contains protein sequences
Alignment has 40 sequences with 70888 columns, 63149 distinct patterns
48785 parsimony-informative, 7670 singleton sites, 14433 constant sites
                             Gap/Ambiguity  Composition  p-value
Analyzing sequences: done in 0.0133254 secs using 3486% CPU
   1  Capitella_telata               5.00%    failed      0.00%
   2  Daphnia_magna                  9.79%    failed      0.06%
   3  Echiniscoides_sigismundi      49.39%    failed      0.00%
   4  Echiniscus_bisetosus          82.96%    failed      0.00%
   5  Echiniscus_testudo            50.24%    failed      0.00%
   6  Echinoderes_kohni             88.58%    failed      0.00%
   7  Enoplus_brevis                22.43%    failed      0.00%
   8  Epiperipatus                  56.34%    failed      0.00%
   9  Frakliniella_occidentalis      7.36%    failed      0.08%
  10  Gordius                       70.84%    failed      0.00%
  11  Halicryptus_spinolosus        13.41%    failed      0.00%
  12  Hypsibius_dujardini            3.51%    failed      0.00%
  13  Limulus_polyphemus            16.13%    failed      0.00%
  14  Manduca_sexta                  9.59%    failed      0.00%
  15  Meiopriapulus                 26.75%    failed      0.00%
  16  Mesobiotus_philippinicus      19.72%    failed      0.00%
  17  Milnesium_tardigradum         59.56%    failed      0.00%
  18  Neodiprion_lecontei            4.62%    failed      0.01%
  19  Ooperipatellus                72.91%    failed      0.00%
  20  Opisthopatus_kwazululandi     26.52%    failed      0.00%
  21  Paeneus_vanammei              12.28%    failed      0.00%
  22  Pamacea_canaliculata           5.42%    failed      0.02%
  23  Paragordius_varius            71.38%    failed      0.00%
  24  Parasteatoda_tepidariorum      3.65%    failed      0.00%
  25  Peripatoides                  73.44%    failed      0.00%
  26  Peripatoides_novaezelandiae   16.34%    failed      0.00%
  27  Peripatopsis_capensis         37.07%    failed      0.00%
  28  Pleomothra                    21.78%    failed      0.00%
  29  Pontonema_vulgare             24.88%    failed      0.00%
  30  Priapulus_caudatus            13.43%    failed      0.00%
  31  Prionchulus_punctatus         13.90%    failed      0.00%
  32  Pycnophyes                    76.53%    failed      0.00%
  33  Ramazzottius_varieornatus      3.20%    failed      0.00%
  34  Richtersius_coronifer          6.00%    failed      0.00%
  35  Romanomermis_culicivorax      36.04%    failed      0.00%
  36  Stegodyphus_mimosarum         15.16%    failed      0.00%
  37  Strigamia_maritima            13.05%    failed      0.00%
  38  Tachypleu                      8.55%    failed      0.00%
  39  Tobrilus                      23.43%    failed      0.00%
  40  Xiphinema_index               27.20%    failed      0.00%
WARNING: 10 sequences contain more than 50% gaps/ambiguity
****  TOTAL                         29.96%  40 sequences failed composition chi2 test (p-value<5%; df=19)

Reading site-specific state frequency file tardigrada/1_infer/GTR20-C10opt-PMSF.sitefreq ...
63149 distinct per-site state frequency vectors detected
Reading model definition file tardigrada/1_infer/GTRC10OPT.nex ... 88 models and 224 frequency vectors loaded

Create initial parsimony tree by phylogenetic likelihood library (PLL)... 0.892 seconds
Generating 1000 samples for ultrafast bootstrap (seed: 620975)...
Model GTRC10OPT is alias for GTRPMIX+G{0.5652}+FMIX{C10_pi1:1:0.0619889960,C10_pi2:1:0.1521892361,C10_pi3:1:0.0575304353,C10_pi4:1:0.0623036401,C10_pi5:1:0.0956788592,C10_pi6:1:0.1708617647,C10_pi7:1:0.1095835177,C10_pi8:1:0.0437409825,C10_pi9:1:0.1685669106,C10_pi10:1:0.0775556579}

NOTE: 2390 MB RAM (2 GB) is required!
Estimate model parameters (epsilon = 0.100)
1. Initial log-likelihood: -2127313.341
2. Current log-likelihood: -2075780.879
3. Current log-likelihood: -2074764.187
4. Current log-likelihood: -2074752.165
5. Current log-likelihood: -2074751.047
Optimal log-likelihood: -2074750.939
Gamma shape alpha: 0.565
Parameters optimization took 5 rounds (38.208 sec)
Wrote distance file to... 
Computing ML distances based on estimated model parameters...
Calculating distance matrix: done in 20.0301 secs using 2360% CPU
Computing ML distances took 20.039352 sec (of wall-clock time) 473.159335 sec (of CPU time)
Setting up auxiliary I and S matrices: done in 0.0622843 secs using 1686% CPU
Computing RapidNJ tree took 2.498827 sec (of wall-clock time) 47.528339 sec (of CPU time)
Log-likelihood of RapidNJ tree: -2076140.823
--------------------------------------------------------------------
|             INITIALIZING CANDIDATE TREE SET                      |
--------------------------------------------------------------------
Generating 98 parsimony trees... 108.682 second
Computing log-likelihood of 98 initial trees ... 244.703 seconds
Current best score: -2074750.939

Do NNI search on 20 best initial trees
Estimate model parameters (epsilon = 0.100)
BETTER TREE FOUND at iteration 1: -2074374.682
Iteration 10 / LogL: -2074382.103 / Time: 0h:15m:11s
Iteration 20 / LogL: -2074391.306 / Time: 0h:22m:59s
Finish initializing candidate tree set (2)
Current best tree score: -2074374.682 / CPU time: 1271.638
Number of iterations: 20
--------------------------------------------------------------------
|               OPTIMIZING CANDIDATE TREE SET                      |
--------------------------------------------------------------------
Iteration 30 / LogL: -2074387.761 / Time: 0h:29m:38s (1h:12m:32s left)
Iteration 40 / LogL: -2074383.854 / Time: 0h:37m:1s (0h:57m:53s left)
Iteration 50 / LogL: -2074379.724 / Time: 0h:44m:57s (0h:46m:46s left)
Log-likelihood cutoff on original alignment: -2074450.289
Iteration 60 / LogL: -2074464.759 / Time: 0h:52m:41s (0h:36m:36s left)
Iteration 70 / LogL: -2074386.890 / Time: 1h:0m:35s (0h:27m:12s left)
Iteration 80 / LogL: -2074442.566 / Time: 1h:9m:16s (0h:18m:24s left)
Iteration 90 / LogL: -2074389.690 / Time: 1h:18m:51s (0h:9m:44s left)
Iteration 100 / LogL: -2074386.724 / Time: 1h:28m:47s (0h:0m:53s left)
Log-likelihood cutoff on original alignment: -2074449.400
NOTE: Bootstrap correlation coefficient of split occurrence frequencies: 1.000
TREE SEARCH COMPLETED AFTER 102 ITERATIONS / Time: 1h:30m:38s

--------------------------------------------------------------------
|                    FINALIZING TREE SEARCH                        |
--------------------------------------------------------------------
Performs final model parameters optimization
Estimate model parameters (epsilon = 0.010)
1. Initial log-likelihood: -2074374.682
Optimal log-likelihood: -2074374.674
Gamma shape alpha: 0.565
Parameters optimization took 1 rounds (4.692 sec)
BEST SCORE FOUND : -2074374.674
Empirical proportions for each category: 0.293 0.198 0.266 0.243
Site rates printed to tardigrada/1_infer/GTR20_C10opt_PMSF.rate
Creating bootstrap support values...
Split supports printed to NEXUS file tardigrada/1_infer/GTR20_C10opt_PMSF.splits.nex
Total tree length: 14.737

Total number of iterations: 102
CPU time used for tree search: 194461.548 sec (54h:1m:1s)
Wall-clock time used for tree search: 5330.553 sec (1h:28m:50s)
Total CPU time used: 197425.887 sec (54h:50m:25s)
Total wall-clock time used: 5444.626 sec (1h:30m:44s)

Computing bootstrap consensus tree...
Reading input file tardigrada/1_infer/GTR20_C10opt_PMSF.splits.nex...
40 taxa and 87 splits.
Consensus tree written to tardigrada/1_infer/GTR20_C10opt_PMSF.contree
Reading input trees file tardigrada/1_infer/GTR20_C10opt_PMSF.contree
Log-likelihood of consensus tree: -2074374.673

Analysis results written to: 
  IQ-TREE report:                tardigrada/1_infer/GTR20_C10opt_PMSF.iqtree
  Maximum-likelihood tree:       tardigrada/1_infer/GTR20_C10opt_PMSF.treefile
  Likelihood distances:          tardigrada/1_infer/GTR20_C10opt_PMSF.mldist
  Site-specific rates:           tardigrada/1_infer/GTR20_C10opt_PMSF.rate

Ultrafast bootstrap approximation results written to:
  Split support values:          tardigrada/1_infer/GTR20_C10opt_PMSF.splits.nex
  Consensus tree:                tardigrada/1_infer/GTR20_C10opt_PMSF.contree
  Screen log file:               tardigrada/1_infer/GTR20_C10opt_PMSF.log

Date and Time: Sat Apr 19 20:04:11 2025
