IQ-TREE multicore version 2.4.0 for Linux x86 64-bit built Feb  7 2025
Developed by Bui Quang Minh, Nguyen Lam Tung, Olga Chernomor, Heiko Schmidt,
Dominik Schrempf, Michael Woodhams, Ly Trong Nhan, Thomas Wong

Host:    rona.rsb.anu.edu.au (AVX2, FMA3, 1007 GB RAM)
Command: /data/yutong/iqtree2 -s tardigrada/matrix_40sp.fasta -m LG+UDM0008CLR+G4 -fs tardigrada/1_infer/LG-UDM8HOC-PMSF.sitefreq -mdef tardigrada/1_infer/udm_hogenom_0008_clr_iqtree.nex -wsr -bb 1000 -pre tardigrada/1_infer/LG_UDM8HOC_PMSF -nt 40
Seed:    55196 (Using SPRNG - Scalable Parallel Random Number Generator)
Time:    Tue Apr  8 16:09:58 2025
Kernel:  AVX+FMA - 40 threads (256 CPU cores detected)

Reading alignment file tardigrada/matrix_40sp.fasta ... Fasta format detected
Reading fasta file: done in 0.0616324 secs using 97.2% CPU
Alignment most likely contains protein sequences
Alignment has 40 sequences with 70888 columns, 63149 distinct patterns
48785 parsimony-informative, 7670 singleton sites, 14433 constant sites
                             Gap/Ambiguity  Composition  p-value
Analyzing sequences: done in 0.00582185 secs using 2775% CPU
   1  Capitella_telata               5.00%    failed      0.00%
   2  Daphnia_magna                  9.79%    failed      0.06%
   3  Echiniscoides_sigismundi      49.39%    failed      0.00%
   4  Echiniscus_bisetosus          82.96%    failed      0.00%
   5  Echiniscus_testudo            50.24%    failed      0.00%
   6  Echinoderes_kohni             88.58%    failed      0.00%
   7  Enoplus_brevis                22.43%    failed      0.00%
   8  Epiperipatus                  56.34%    failed      0.00%
   9  Frakliniella_occidentalis      7.36%    failed      0.08%
  10  Gordius                       70.84%    failed      0.00%
  11  Halicryptus_spinolosus        13.41%    failed      0.00%
  12  Hypsibius_dujardini            3.51%    failed      0.00%
  13  Limulus_polyphemus            16.13%    failed      0.00%
  14  Manduca_sexta                  9.59%    failed      0.00%
  15  Meiopriapulus                 26.75%    failed      0.00%
  16  Mesobiotus_philippinicus      19.72%    failed      0.00%
  17  Milnesium_tardigradum         59.56%    failed      0.00%
  18  Neodiprion_lecontei            4.62%    failed      0.01%
  19  Ooperipatellus                72.91%    failed      0.00%
  20  Opisthopatus_kwazululandi     26.52%    failed      0.00%
  21  Paeneus_vanammei              12.28%    failed      0.00%
  22  Pamacea_canaliculata           5.42%    failed      0.02%
  23  Paragordius_varius            71.38%    failed      0.00%
  24  Parasteatoda_tepidariorum      3.65%    failed      0.00%
  25  Peripatoides                  73.44%    failed      0.00%
  26  Peripatoides_novaezelandiae   16.34%    failed      0.00%
  27  Peripatopsis_capensis         37.07%    failed      0.00%
  28  Pleomothra                    21.78%    failed      0.00%
  29  Pontonema_vulgare             24.88%    failed      0.00%
  30  Priapulus_caudatus            13.43%    failed      0.00%
  31  Prionchulus_punctatus         13.90%    failed      0.00%
  32  Pycnophyes                    76.53%    failed      0.00%
  33  Ramazzottius_varieornatus      3.20%    failed      0.00%
  34  Richtersius_coronifer          6.00%    failed      0.00%
  35  Romanomermis_culicivorax      36.04%    failed      0.00%
  36  Stegodyphus_mimosarum         15.16%    failed      0.00%
  37  Strigamia_maritima            13.05%    failed      0.00%
  38  Tachypleu                      8.55%    failed      0.00%
  39  Tobrilus                      23.43%    failed      0.00%
  40  Xiphinema_index               27.20%    failed      0.00%
WARNING: 10 sequences contain more than 50% gaps/ambiguity
****  TOTAL                         29.96%  40 sequences failed composition chi2 test (p-value<5%; df=19)

Reading site-specific state frequency file tardigrada/1_infer/LG-UDM8HOC-PMSF.sitefreq ...
63149 distinct per-site state frequency vectors detected
Reading model definition file tardigrada/1_infer/udm_hogenom_0008_clr_iqtree.nex ... 88 models and 222 frequency vectors loaded

Create initial parsimony tree by phylogenetic likelihood library (PLL)... 0.582 seconds
Generating 1000 samples for ultrafast bootstrap (seed: 55196)...
Model LG+UDM0008CLR+G4 is alias for LG+FMIX{UDM0008CLR_C0000:1.0:0.2128158330006274,UDM0008CLR_C0001:1.0:0.15697256601836537,UDM0008CLR_C0002:1.0:0.14838304910739747,UDM0008CLR_C0003:1.0:0.1153624593623453,UDM0008CLR_C0004:1.0:0.10621684822905378,UDM0008CLR_C0005:1.0:0.10614840586322934,UDM0008CLR_C0006:1.0:0.09187817258883249,UDM0008CLR_C0007:1.0:0.06222266583014886}+G4

NOTE: 2390 MB RAM (2 GB) is required!
Estimate model parameters (epsilon = 0.100)
1. Initial log-likelihood: -2211461.949
2. Current log-likelihood: -2112295.793
3. Current log-likelihood: -2109317.289
4. Current log-likelihood: -2109242.247
5. Current log-likelihood: -2109238.959
6. Current log-likelihood: -2109238.679
Optimal log-likelihood: -2109238.613
Gamma shape alpha: 0.453
Parameters optimization took 6 rounds (50.056 sec)
Wrote distance file to... 
Computing ML distances based on estimated model parameters...
Calculating distance matrix: done in 11.3585 secs using 2515% CPU
Computing ML distances took 11.369953 sec (of wall-clock time) 286.001215 sec (of CPU time)
Setting up auxiliary I and S matrices: done in 0.0414492 secs using 2782% CPU
Computing RapidNJ tree took 1.858249 sec (of wall-clock time) 49.707872 sec (of CPU time)
Log-likelihood of RapidNJ tree: -2110598.102
--------------------------------------------------------------------
|             INITIALIZING CANDIDATE TREE SET                      |
--------------------------------------------------------------------
Generating 98 parsimony trees... 73.926 second
Computing log-likelihood of 98 initial trees ... 288.061 seconds
Current best score: -2109238.613

Do NNI search on 20 best initial trees
Estimate model parameters (epsilon = 0.100)
BETTER TREE FOUND at iteration 1: -2108859.752
Iteration 10 / LogL: -2108898.973 / Time: 0h:18m:0s
Iteration 20 / LogL: -2108896.426 / Time: 0h:29m:12s
Finish initializing candidate tree set (1)
Current best tree score: -2108859.752 / CPU time: 1646.611
Number of iterations: 20
--------------------------------------------------------------------
|               OPTIMIZING CANDIDATE TREE SET                      |
--------------------------------------------------------------------
Iteration 30 / LogL: -2108949.019 / Time: 0h:38m:59s (1h:35m:25s left)
Iteration 40 / LogL: -2108887.770 / Time: 0h:49m:7s (1h:16m:49s left)
Iteration 50 / LogL: -2108879.815 / Time: 0h:57m:50s (1h:0m:10s left)
Log-likelihood cutoff on original alignment: -2108958.538
Iteration 60 / LogL: -2108879.499 / Time: 1h:7m:36s (0h:46m:58s left)
Iteration 70 / LogL: -2108888.768 / Time: 1h:17m:44s (0h:34m:55s left)
Iteration 80 / LogL: -2108863.819 / Time: 1h:28m:14s (0h:23m:27s left)
Iteration 90 / LogL: -2108864.697 / Time: 1h:38m:17s (0h:12m:8s left)
Iteration 100 / LogL: -2108881.194 / Time: 1h:48m:0s (0h:1m:5s left)
Log-likelihood cutoff on original alignment: -2108958.538
NOTE: Bootstrap correlation coefficient of split occurrence frequencies: 1.000
TREE SEARCH COMPLETED AFTER 102 ITERATIONS / Time: 1h:49m:48s

--------------------------------------------------------------------
|                    FINALIZING TREE SEARCH                        |
--------------------------------------------------------------------
Performs final model parameters optimization
Estimate model parameters (epsilon = 0.010)
1. Initial log-likelihood: -2108859.752
Optimal log-likelihood: -2108859.749
Gamma shape alpha: 0.453
Parameters optimization took 1 rounds (8.700 sec)
BEST SCORE FOUND : -2108859.749
Empirical proportions for each category: 0.289 0.244 0.269 0.198
Site rates printed to tardigrada/1_infer/LG_UDM8HOC_PMSF.rate
Creating bootstrap support values...
Split supports printed to NEXUS file tardigrada/1_infer/LG_UDM8HOC_PMSF.splits.nex
Total tree length: 23.429

Total number of iterations: 102
CPU time used for tree search: 234304.874 sec (65h:5m:4s)
Wall-clock time used for tree search: 6482.754 sec (1h:48m:2s)
Total CPU time used: 237556.087 sec (65h:59m:16s)
Total wall-clock time used: 6598.325 sec (1h:49m:58s)

Computing bootstrap consensus tree...
Reading input file tardigrada/1_infer/LG_UDM8HOC_PMSF.splits.nex...
40 taxa and 88 splits.
Consensus tree written to tardigrada/1_infer/LG_UDM8HOC_PMSF.contree
Reading input trees file tardigrada/1_infer/LG_UDM8HOC_PMSF.contree
Log-likelihood of consensus tree: -2108859.749

Analysis results written to: 
  IQ-TREE report:                tardigrada/1_infer/LG_UDM8HOC_PMSF.iqtree
  Maximum-likelihood tree:       tardigrada/1_infer/LG_UDM8HOC_PMSF.treefile
  Likelihood distances:          tardigrada/1_infer/LG_UDM8HOC_PMSF.mldist
  Site-specific rates:           tardigrada/1_infer/LG_UDM8HOC_PMSF.rate

Ultrafast bootstrap approximation results written to:
  Split support values:          tardigrada/1_infer/LG_UDM8HOC_PMSF.splits.nex
  Consensus tree:                tardigrada/1_infer/LG_UDM8HOC_PMSF.contree
  Screen log file:               tardigrada/1_infer/LG_UDM8HOC_PMSF.log

Date and Time: Tue Apr  8 18:00:44 2025
