IQ-TREE version 3.0.0 for Linux x86 64-bit built Apr  4 2025
Developed by Bui Quang Minh, Thomas Wong, Nhan Ly-Trong, Huaiyan Ren
Contributed by Lam-Tung Nguyen, Dominik Schrempf, Chris Bielow,
Olga Chernomor, Michael Woodhams, Diep Thi Hoang, Heiko Schmidt

Host:    rona.rsb.anu.edu.au (AVX2, FMA3, 1007 GB RAM)
Command: /data/yutong/iqtree3 -s tardigrada/matrix_40sp.fasta -ft tardigrada/1_infer/Poi-UDM128opt.treefile -m POIUDM128OPT -mdef tardigrada/1_infer/POIUDM128OPT.nex -safe -pre tardigrada/1_infer/Poi-UDM128opt-PMSF -n 0 -nt 40
Seed:    434061 (Using SPRNG - Scalable Parallel Random Number Generator)
Time:    Thu Apr 24 18:08:16 2025
Kernel:  Safe AVX+FMA - 40 threads (256 CPU cores detected)

Reading alignment file tardigrada/matrix_40sp.fasta ... Fasta format detected
Reading fasta file: done in 0.0670471 secs using 92.23% CPU
Alignment most likely contains protein sequences
Constructing alignment: done in 0.140247 secs using 434.9% CPU
Alignment has 40 sequences with 70888 columns, 63149 distinct patterns
48785 parsimony-informative, 7670 singleton sites, 14433 constant sites
                             Gap/Ambiguity  Composition  p-value
Analyzing sequences: done in 0.0104123 secs using 3086% CPU
   1  Capitella_telata               5.00%    failed      0.00%
   2  Daphnia_magna                  9.79%    failed      0.06%
   3  Echiniscoides_sigismundi      49.39%    failed      0.00%
   4  Echiniscus_bisetosus          82.96%    failed      0.00%
   5  Echiniscus_testudo            50.24%    failed      0.00%
   6  Echinoderes_kohni             88.58%    failed      0.00%
   7  Enoplus_brevis                22.43%    failed      0.00%
   8  Epiperipatus                  56.34%    failed      0.00%
   9  Frakliniella_occidentalis      7.36%    failed      0.08%
  10  Gordius                       70.84%    failed      0.00%
  11  Halicryptus_spinolosus        13.41%    failed      0.00%
  12  Hypsibius_dujardini            3.51%    failed      0.00%
  13  Limulus_polyphemus            16.13%    failed      0.00%
  14  Manduca_sexta                  9.59%    failed      0.00%
  15  Meiopriapulus                 26.75%    failed      0.00%
  16  Mesobiotus_philippinicus      19.72%    failed      0.00%
  17  Milnesium_tardigradum         59.56%    failed      0.00%
  18  Neodiprion_lecontei            4.62%    failed      0.01%
  19  Ooperipatellus                72.91%    failed      0.00%
  20  Opisthopatus_kwazululandi     26.52%    failed      0.00%
  21  Paeneus_vanammei              12.28%    failed      0.00%
  22  Pamacea_canaliculata           5.42%    failed      0.02%
  23  Paragordius_varius            71.38%    failed      0.00%
  24  Parasteatoda_tepidariorum      3.65%    failed      0.00%
  25  Peripatoides                  73.44%    failed      0.00%
  26  Peripatoides_novaezelandiae   16.34%    failed      0.00%
  27  Peripatopsis_capensis         37.07%    failed      0.00%
  28  Pleomothra                    21.78%    failed      0.00%
  29  Pontonema_vulgare             24.88%    failed      0.00%
  30  Priapulus_caudatus            13.43%    failed      0.00%
  31  Prionchulus_punctatus         13.90%    failed      0.00%
  32  Pycnophyes                    76.53%    failed      0.00%
  33  Ramazzottius_varieornatus      3.20%    failed      0.00%
  34  Richtersius_coronifer          6.00%    failed      0.00%
  35  Romanomermis_culicivorax      36.04%    failed      0.00%
  36  Stegodyphus_mimosarum         15.16%    failed      0.00%
  37  Strigamia_maritima            13.05%    failed      0.00%
  38  Tachypleu                      8.55%    failed      0.00%
  39  Tobrilus                      23.43%    failed      0.00%
  40  Xiphinema_index               27.20%    failed      0.00%
WARNING: 10 sequences contain more than 50% gaps/ambiguity
****  TOTAL                         29.96%  40 sequences failed composition chi2 test (p-value<5%; df=19)

===> COMPUTING SITE FREQUENCY MODEL BASED ON TREE FILE tardigrada/1_infer/Poi-UDM128opt.treefile
Reading model definition file tardigrada/1_infer/POIUDM128OPT.nex ... 87 models and 342 frequency vectors loaded
Model POIUDM128OPT is alias for Poisson+G4{0.6062125603}+FMIX{UDM0128CLR_C0000:1.0:0.0000017242,UDM0128CLR_C0001:1.0:0.0032022473,UDM0128CLR_C0002:1.0:0.0131619442,UDM0128CLR_C0003:1.0:0.0000017242,UDM0128CLR_C0004:1.0:0.0000017242,UDM0128CLR_C0005:1.0:0.0064613613,UDM0128CLR_C0006:1.0:0.0000017242,UDM0128CLR_C0007:1.0:0.0154039180,UDM0128CLR_C0008:1.0:0.0096276975,UDM0128CLR_C0009:1.0:0.0086419595,UDM0128CLR_C0010:1.0:0.0012343561,UDM0128CLR_C0011:1.0:0.0195654889,UDM0128CLR_C0012:1.0:0.0029035113,UDM0128CLR_C0013:1.0:0.0042516598,UDM0128CLR_C0014:1.0:0.0000017242,UDM0128CLR_C0015:1.0:0.0107869249,UDM0128CLR_C0016:1.0:0.0000017242,UDM0128CLR_C0017:1.0:0.0097810871,UDM0128CLR_C0018:1.0:0.0022167172,UDM0128CLR_C0019:1.0:0.0008442594,UDM0128CLR_C0020:1.0:0.0025394165,UDM0128CLR_C0021:1.0:0.0205511843,UDM0128CLR_C0022:1.0:0.0004492381,UDM0128CLR_C0023:1.0:0.0203863085,UDM0128CLR_C0024:1.0:0.0050636286,UDM0128CLR_C0025:1.0:0.0125562152,UDM0128CLR_C0026:1.0:0.0038002448,UDM0128CLR_C0027:1.0:0.0163823361,UDM0128CLR_C0028:1.0:0.0110804010,UDM0128CLR_C0029:1.0:0.0157995404,UDM0128CLR_C0030:1.0:0.0000017242,UDM0128CLR_C0031:1.0:0.0042875253,UDM0128CLR_C0032:1.0:0.0121462532,UDM0128CLR_C0033:1.0:0.0038174093,UDM0128CLR_C0034:1.0:0.0048694708,UDM0128CLR_C0035:1.0:0.0153741957,UDM0128CLR_C0036:1.0:0.0000017242,UDM0128CLR_C0037:1.0:0.0075397831,UDM0128CLR_C0038:1.0:0.0196192007,UDM0128CLR_C0039:1.0:0.0109964579,UDM0128CLR_C0040:1.0:0.0050864779,UDM0128CLR_C0041:1.0:0.0019017578,UDM0128CLR_C0042:1.0:0.0109342331,UDM0128CLR_C0043:1.0:0.0334291326,UDM0128CLR_C0044:1.0:0.0000017242,UDM0128CLR_C0045:1.0:0.0077581668,UDM0128CLR_C0046:1.0:0.0056355871,UDM0128CLR_C0047:1.0:0.0013600547,UDM0128CLR_C0048:1.0:0.0163160271,UDM0128CLR_C0049:1.0:0.0124849979,UDM0128CLR_C0050:1.0:0.0276350645,UDM0128CLR_C0051:1.0:0.0051050168,UDM0128CLR_C0052:1.0:0.0146959177,UDM0128CLR_C0053:1.0:0.0203801525,UDM0128CLR_C0054:1.0:0.0174882138,UDM0128CLR_C0055:1.0:0.0049058075,UDM0128CLR_C0056:1.0:0.0143385407,UDM0128CLR_C0057:1.0:0.0033223758,UDM0128CLR_C0058:1.0:0.0158734693,UDM0128CLR_C0059:1.0:0.0047058210,UDM0128CLR_C0060:1.0:0.0090207857,UDM0128CLR_C0061:1.0:0.0179373543,UDM0128CLR_C0062:1.0:0.0214945050,UDM0128CLR_C0063:1.0:0.0065486190,UDM0128CLR_C0064:1.0:0.0089456736,UDM0128CLR_C0065:1.0:0.0068867109,UDM0128CLR_C0066:1.0:0.0148640853,UDM0128CLR_C0067:1.0:0.0079493017,UDM0128CLR_C0068:1.0:0.0098242361,UDM0128CLR_C0069:1.0:0.0082137763,UDM0128CLR_C0070:1.0:0.0156873923,UDM0128CLR_C0071:1.0:0.0248999731,UDM0128CLR_C0072:1.0:0.0108228825,UDM0128CLR_C0073:1.0:0.0153503694,UDM0128CLR_C0074:1.0:0.0063195810,UDM0128CLR_C0075:1.0:0.0002170125,UDM0128CLR_C0076:1.0:0.0099384960,UDM0128CLR_C0077:1.0:0.0005981102,UDM0128CLR_C0078:1.0:0.0063182147,UDM0128CLR_C0079:1.0:0.0083718865,UDM0128CLR_C0080:1.0:0.0143202739,UDM0128CLR_C0081:1.0:0.0061896636,UDM0128CLR_C0082:1.0:0.0013193328,UDM0128CLR_C0083:1.0:0.0087356898,UDM0128CLR_C0084:1.0:0.0183992246,UDM0128CLR_C0085:1.0:0.0020163914,UDM0128CLR_C0086:1.0:0.0061067930,UDM0128CLR_C0087:1.0:0.0097264931,UDM0128CLR_C0088:1.0:0.0057032447,UDM0128CLR_C0089:1.0:0.0114116727,UDM0128CLR_C0090:1.0:0.0000017242,UDM0128CLR_C0091:1.0:0.0046225916,UDM0128CLR_C0092:1.0:0.0010447558,UDM0128CLR_C0093:1.0:0.0126237041,UDM0128CLR_C0094:1.0:0.0130078162,UDM0128CLR_C0095:1.0:0.0016802304,UDM0128CLR_C0096:1.0:0.0053123208,UDM0128CLR_C0097:1.0:0.0000017242,UDM0128CLR_C0098:1.0:0.0116262092,UDM0128CLR_C0099:1.0:0.0070476834,UDM0128CLR_C0100:1.0:0.0057553891,UDM0128CLR_C0101:1.0:0.0118954029,UDM0128CLR_C0102:1.0:0.0024498915,UDM0128CLR_C0103:1.0:0.0039367337,UDM0128CLR_C0104:1.0:0.0000017242,UDM0128CLR_C0105:1.0:0.0000017242,UDM0128CLR_C0106:1.0:0.0019045599,UDM0128CLR_C0107:1.0:0.0027950623,UDM0128CLR_C0108:1.0:0.0031685269,UDM0128CLR_C0109:1.0:0.0049390062,UDM0128CLR_C0110:1.0:0.0014717456,UDM0128CLR_C0111:1.0:0.0044843101,UDM0128CLR_C0112:1.0:0.0047514564,UDM0128CLR_C0113:1.0:0.0090424302,UDM0128CLR_C0114:1.0:0.0213591597,UDM0128CLR_C0115:1.0:0.0034993013,UDM0128CLR_C0116:1.0:0.0042393661,UDM0128CLR_C0117:1.0:0.0064497655,UDM0128CLR_C0118:1.0:0.0093203989,UDM0128CLR_C0119:1.0:0.0020046102,UDM0128CLR_C0120:1.0:0.0005480150,UDM0128CLR_C0121:1.0:0.0005402186,UDM0128CLR_C0122:1.0:0.0027429562,UDM0128CLR_C0123:1.0:0.0041358753,UDM0128CLR_C0124:1.0:0.0084520918,UDM0128CLR_C0125:1.0:0.0050127666,UDM0128CLR_C0126:1.0:0.0035524908,UDM0128CLR_C0127:1.0:0.0017242406}
WARNING: Your input class weight 1.7242e-06 is very small and may cause numerical issues
WARNING: Your input class weight 1.7242e-06 is very small and may cause numerical issues
WARNING: Your input class weight 1.7242e-06 is very small and may cause numerical issues
WARNING: Your input class weight 1.7242e-06 is very small and may cause numerical issues
WARNING: Your input class weight 1.7242e-06 is very small and may cause numerical issues
WARNING: Your input class weight 1.7242e-06 is very small and may cause numerical issues
WARNING: Your input class weight 0.000844259 is very small and may cause numerical issues
WARNING: Your input class weight 0.000449238 is very small and may cause numerical issues
WARNING: Your input class weight 1.7242e-06 is very small and may cause numerical issues
WARNING: Your input class weight 1.7242e-06 is very small and may cause numerical issues
WARNING: Your input class weight 1.7242e-06 is very small and may cause numerical issues
WARNING: Your input class weight 0.000217012 is very small and may cause numerical issues
WARNING: Your input class weight 0.00059811 is very small and may cause numerical issues
WARNING: Your input class weight 1.7242e-06 is very small and may cause numerical issues
WARNING: Your input class weight 1.7242e-06 is very small and may cause numerical issues
WARNING: Your input class weight 1.7242e-06 is very small and may cause numerical issues
WARNING: Your input class weight 1.7242e-06 is very small and may cause numerical issues
WARNING: Your input class weight 0.000548015 is very small and may cause numerical issues
WARNING: Your input class weight 0.000540219 is very small and may cause numerical issues
NOTE: 199881 MB RAM is required!
1. Initial log-likelihood: -2217137.870
Optimal log-likelihood: -2217137.869
Mixture weights: 0.000 0.003 0.013 0.000 0.000 0.006 0.000 0.015 0.010 0.009 0.001 0.020 0.003 0.004 0.000 0.011 0.000 0.010 0.002 0.001 0.003 0.021 0.000 0.020 0.005 0.013 0.004 0.016 0.011 0.016 0.000 0.004 0.012 0.004 0.005 0.015 0.000 0.008 0.020 0.011 0.005 0.002 0.011 0.033 0.000 0.008 0.006 0.001 0.016 0.012 0.028 0.005 0.015 0.020 0.017 0.005 0.014 0.003 0.016 0.005 0.009 0.018 0.021 0.007 0.009 0.007 0.015 0.008 0.010 0.008 0.016 0.025 0.011 0.015 0.006 0.000 0.010 0.001 0.006 0.008 0.014 0.006 0.001 0.009 0.018 0.002 0.006 0.010 0.006 0.011 0.000 0.005 0.001 0.013 0.013 0.002 0.005 0.000 0.012 0.007 0.006 0.012 0.002 0.004 0.000 0.000 0.002 0.003 0.003 0.005 0.001 0.004 0.005 0.009 0.021 0.003 0.004 0.006 0.009 0.002 0.001 0.001 0.003 0.004 0.008 0.005 0.004 0.002
Gamma shape alpha: 0.606
Parameters optimization took 1 rounds (213.564 sec)
Computing posterior mean site frequencies....
Site state frequency vectors printed to tardigrada/1_infer/Poi-UDM128opt-PMSF.sitefreq

===> CONTINUE ANALYSIS USING THE INFERRED SITE FREQUENCY MODEL
Checking for duplicate sequences: done in 0.0136431 secs using 851.5% CPU
Reading model definition file tardigrada/1_infer/POIUDM128OPT.nex ... 87 models and 342 frequency vectors loaded

Create initial parsimony tree by phylogenetic likelihood library (PLL)... 0.911 seconds
Model POIUDM128OPT is alias for Poisson+G4{0.6062125603}+FMIX{UDM0128CLR_C0000:1.0:0.0000017242,UDM0128CLR_C0001:1.0:0.0032022473,UDM0128CLR_C0002:1.0:0.0131619442,UDM0128CLR_C0003:1.0:0.0000017242,UDM0128CLR_C0004:1.0:0.0000017242,UDM0128CLR_C0005:1.0:0.0064613613,UDM0128CLR_C0006:1.0:0.0000017242,UDM0128CLR_C0007:1.0:0.0154039180,UDM0128CLR_C0008:1.0:0.0096276975,UDM0128CLR_C0009:1.0:0.0086419595,UDM0128CLR_C0010:1.0:0.0012343561,UDM0128CLR_C0011:1.0:0.0195654889,UDM0128CLR_C0012:1.0:0.0029035113,UDM0128CLR_C0013:1.0:0.0042516598,UDM0128CLR_C0014:1.0:0.0000017242,UDM0128CLR_C0015:1.0:0.0107869249,UDM0128CLR_C0016:1.0:0.0000017242,UDM0128CLR_C0017:1.0:0.0097810871,UDM0128CLR_C0018:1.0:0.0022167172,UDM0128CLR_C0019:1.0:0.0008442594,UDM0128CLR_C0020:1.0:0.0025394165,UDM0128CLR_C0021:1.0:0.0205511843,UDM0128CLR_C0022:1.0:0.0004492381,UDM0128CLR_C0023:1.0:0.0203863085,UDM0128CLR_C0024:1.0:0.0050636286,UDM0128CLR_C0025:1.0:0.0125562152,UDM0128CLR_C0026:1.0:0.0038002448,UDM0128CLR_C0027:1.0:0.0163823361,UDM0128CLR_C0028:1.0:0.0110804010,UDM0128CLR_C0029:1.0:0.0157995404,UDM0128CLR_C0030:1.0:0.0000017242,UDM0128CLR_C0031:1.0:0.0042875253,UDM0128CLR_C0032:1.0:0.0121462532,UDM0128CLR_C0033:1.0:0.0038174093,UDM0128CLR_C0034:1.0:0.0048694708,UDM0128CLR_C0035:1.0:0.0153741957,UDM0128CLR_C0036:1.0:0.0000017242,UDM0128CLR_C0037:1.0:0.0075397831,UDM0128CLR_C0038:1.0:0.0196192007,UDM0128CLR_C0039:1.0:0.0109964579,UDM0128CLR_C0040:1.0:0.0050864779,UDM0128CLR_C0041:1.0:0.0019017578,UDM0128CLR_C0042:1.0:0.0109342331,UDM0128CLR_C0043:1.0:0.0334291326,UDM0128CLR_C0044:1.0:0.0000017242,UDM0128CLR_C0045:1.0:0.0077581668,UDM0128CLR_C0046:1.0:0.0056355871,UDM0128CLR_C0047:1.0:0.0013600547,UDM0128CLR_C0048:1.0:0.0163160271,UDM0128CLR_C0049:1.0:0.0124849979,UDM0128CLR_C0050:1.0:0.0276350645,UDM0128CLR_C0051:1.0:0.0051050168,UDM0128CLR_C0052:1.0:0.0146959177,UDM0128CLR_C0053:1.0:0.0203801525,UDM0128CLR_C0054:1.0:0.0174882138,UDM0128CLR_C0055:1.0:0.0049058075,UDM0128CLR_C0056:1.0:0.0143385407,UDM0128CLR_C0057:1.0:0.0033223758,UDM0128CLR_C0058:1.0:0.0158734693,UDM0128CLR_C0059:1.0:0.0047058210,UDM0128CLR_C0060:1.0:0.0090207857,UDM0128CLR_C0061:1.0:0.0179373543,UDM0128CLR_C0062:1.0:0.0214945050,UDM0128CLR_C0063:1.0:0.0065486190,UDM0128CLR_C0064:1.0:0.0089456736,UDM0128CLR_C0065:1.0:0.0068867109,UDM0128CLR_C0066:1.0:0.0148640853,UDM0128CLR_C0067:1.0:0.0079493017,UDM0128CLR_C0068:1.0:0.0098242361,UDM0128CLR_C0069:1.0:0.0082137763,UDM0128CLR_C0070:1.0:0.0156873923,UDM0128CLR_C0071:1.0:0.0248999731,UDM0128CLR_C0072:1.0:0.0108228825,UDM0128CLR_C0073:1.0:0.0153503694,UDM0128CLR_C0074:1.0:0.0063195810,UDM0128CLR_C0075:1.0:0.0002170125,UDM0128CLR_C0076:1.0:0.0099384960,UDM0128CLR_C0077:1.0:0.0005981102,UDM0128CLR_C0078:1.0:0.0063182147,UDM0128CLR_C0079:1.0:0.0083718865,UDM0128CLR_C0080:1.0:0.0143202739,UDM0128CLR_C0081:1.0:0.0061896636,UDM0128CLR_C0082:1.0:0.0013193328,UDM0128CLR_C0083:1.0:0.0087356898,UDM0128CLR_C0084:1.0:0.0183992246,UDM0128CLR_C0085:1.0:0.0020163914,UDM0128CLR_C0086:1.0:0.0061067930,UDM0128CLR_C0087:1.0:0.0097264931,UDM0128CLR_C0088:1.0:0.0057032447,UDM0128CLR_C0089:1.0:0.0114116727,UDM0128CLR_C0090:1.0:0.0000017242,UDM0128CLR_C0091:1.0:0.0046225916,UDM0128CLR_C0092:1.0:0.0010447558,UDM0128CLR_C0093:1.0:0.0126237041,UDM0128CLR_C0094:1.0:0.0130078162,UDM0128CLR_C0095:1.0:0.0016802304,UDM0128CLR_C0096:1.0:0.0053123208,UDM0128CLR_C0097:1.0:0.0000017242,UDM0128CLR_C0098:1.0:0.0116262092,UDM0128CLR_C0099:1.0:0.0070476834,UDM0128CLR_C0100:1.0:0.0057553891,UDM0128CLR_C0101:1.0:0.0118954029,UDM0128CLR_C0102:1.0:0.0024498915,UDM0128CLR_C0103:1.0:0.0039367337,UDM0128CLR_C0104:1.0:0.0000017242,UDM0128CLR_C0105:1.0:0.0000017242,UDM0128CLR_C0106:1.0:0.0019045599,UDM0128CLR_C0107:1.0:0.0027950623,UDM0128CLR_C0108:1.0:0.0031685269,UDM0128CLR_C0109:1.0:0.0049390062,UDM0128CLR_C0110:1.0:0.0014717456,UDM0128CLR_C0111:1.0:0.0044843101,UDM0128CLR_C0112:1.0:0.0047514564,UDM0128CLR_C0113:1.0:0.0090424302,UDM0128CLR_C0114:1.0:0.0213591597,UDM0128CLR_C0115:1.0:0.0034993013,UDM0128CLR_C0116:1.0:0.0042393661,UDM0128CLR_C0117:1.0:0.0064497655,UDM0128CLR_C0118:1.0:0.0093203989,UDM0128CLR_C0119:1.0:0.0020046102,UDM0128CLR_C0120:1.0:0.0005480150,UDM0128CLR_C0121:1.0:0.0005402186,UDM0128CLR_C0122:1.0:0.0027429562,UDM0128CLR_C0123:1.0:0.0041358753,UDM0128CLR_C0124:1.0:0.0084520918,UDM0128CLR_C0125:1.0:0.0050127666,UDM0128CLR_C0126:1.0:0.0035524908,UDM0128CLR_C0127:1.0:0.0017242406}

NOTE: 2149 MB RAM (2 GB) is required!
Estimate model parameters (epsilon = 0.010)
1. Initial log-likelihood: -2021632.551
2. Current log-likelihood: -1977644.868
3. Current log-likelihood: -1976769.202
4. Current log-likelihood: -1976756.793
5. Current log-likelihood: -1976755.323
6. Current log-likelihood: -1976755.106
7. Current log-likelihood: -1976755.071
Optimal log-likelihood: -1976755.066
Gamma shape alpha: 0.606
Parameters optimization took 7 rounds (35.617 sec)
Wrote distance file to... 
BEST SCORE FOUND : -1976755.066
Total tree length: 14.871

Total number of iterations: 0
CPU time used for tree search: 0.000 sec (0h:0m:0s)
Wall-clock time used for tree search: 0.000 sec (0h:0m:0s)
Total CPU time used: 1404.839 sec (0h:23m:24s)
Total wall-clock time used: 44.626 sec (0h:0m:44s)

Analysis results written to: 
  IQ-TREE report:                tardigrada/1_infer/Poi-UDM128opt-PMSF.iqtree
  Maximum-likelihood tree:       tardigrada/1_infer/Poi-UDM128opt-PMSF.treefile
  Screen log file:               tardigrada/1_infer/Poi-UDM128opt-PMSF.log

Date and Time: Thu Apr 24 18:12:47 2025
