IQ-TREE version 3.0.0 for Linux x86 64-bit built Apr  4 2025
Developed by Bui Quang Minh, Thomas Wong, Nhan Ly-Trong, Huaiyan Ren
Contributed by Lam-Tung Nguyen, Dominik Schrempf, Chris Bielow,
Olga Chernomor, Michael Woodhams, Diep Thi Hoang, Heiko Schmidt

Host:    rona.rsb.anu.edu.au (AVX2, FMA3, 1007 GB RAM)
Command: /data/yutong/iqtree3 -s tardigrada/matrix_40sp.fasta -fs tardigrada/1_infer/Poi-UDM128opt-PMSF.sitefreq -m POIUDM128OPT -mdef tardigrada/1_infer/POIUDM128OPT.nex -safe -pre tardigrada/1_infer/Poi_UDM128opt_PMSF -wsr -bb 1000 -nt 40
Seed:    532284 (Using SPRNG - Scalable Parallel Random Number Generator)
Time:    Thu Apr 24 18:12:47 2025
Kernel:  Safe AVX+FMA - 40 threads (256 CPU cores detected)

Reading alignment file tardigrada/matrix_40sp.fasta ... Fasta format detected
Reading fasta file: done in 0.0643443 secs using 93.59% CPU
Alignment most likely contains protein sequences
Constructing alignment: done in 0.134186 secs using 389.3% CPU
Alignment has 40 sequences with 70888 columns, 63149 distinct patterns
48785 parsimony-informative, 7670 singleton sites, 14433 constant sites
                             Gap/Ambiguity  Composition  p-value
Analyzing sequences: done in 0.00593909 secs using 5081% CPU
   1  Capitella_telata               5.00%    failed      0.00%
   2  Daphnia_magna                  9.79%    failed      0.06%
   3  Echiniscoides_sigismundi      49.39%    failed      0.00%
   4  Echiniscus_bisetosus          82.96%    failed      0.00%
   5  Echiniscus_testudo            50.24%    failed      0.00%
   6  Echinoderes_kohni             88.58%    failed      0.00%
   7  Enoplus_brevis                22.43%    failed      0.00%
   8  Epiperipatus                  56.34%    failed      0.00%
   9  Frakliniella_occidentalis      7.36%    failed      0.08%
  10  Gordius                       70.84%    failed      0.00%
  11  Halicryptus_spinolosus        13.41%    failed      0.00%
  12  Hypsibius_dujardini            3.51%    failed      0.00%
  13  Limulus_polyphemus            16.13%    failed      0.00%
  14  Manduca_sexta                  9.59%    failed      0.00%
  15  Meiopriapulus                 26.75%    failed      0.00%
  16  Mesobiotus_philippinicus      19.72%    failed      0.00%
  17  Milnesium_tardigradum         59.56%    failed      0.00%
  18  Neodiprion_lecontei            4.62%    failed      0.01%
  19  Ooperipatellus                72.91%    failed      0.00%
  20  Opisthopatus_kwazululandi     26.52%    failed      0.00%
  21  Paeneus_vanammei              12.28%    failed      0.00%
  22  Pamacea_canaliculata           5.42%    failed      0.02%
  23  Paragordius_varius            71.38%    failed      0.00%
  24  Parasteatoda_tepidariorum      3.65%    failed      0.00%
  25  Peripatoides                  73.44%    failed      0.00%
  26  Peripatoides_novaezelandiae   16.34%    failed      0.00%
  27  Peripatopsis_capensis         37.07%    failed      0.00%
  28  Pleomothra                    21.78%    failed      0.00%
  29  Pontonema_vulgare             24.88%    failed      0.00%
  30  Priapulus_caudatus            13.43%    failed      0.00%
  31  Prionchulus_punctatus         13.90%    failed      0.00%
  32  Pycnophyes                    76.53%    failed      0.00%
  33  Ramazzottius_varieornatus      3.20%    failed      0.00%
  34  Richtersius_coronifer          6.00%    failed      0.00%
  35  Romanomermis_culicivorax      36.04%    failed      0.00%
  36  Stegodyphus_mimosarum         15.16%    failed      0.00%
  37  Strigamia_maritima            13.05%    failed      0.00%
  38  Tachypleu                      8.55%    failed      0.00%
  39  Tobrilus                      23.43%    failed      0.00%
  40  Xiphinema_index               27.20%    failed      0.00%
WARNING: 10 sequences contain more than 50% gaps/ambiguity
****  TOTAL                         29.96%  40 sequences failed composition chi2 test (p-value<5%; df=19)

Reading site-specific state frequency file tardigrada/1_infer/Poi-UDM128opt-PMSF.sitefreq ...
63149 distinct per-site state frequency vectors detected
Checking for duplicate sequences: done in 0.0184774 secs using 2718% CPU
Reading model definition file tardigrada/1_infer/POIUDM128OPT.nex ... 87 models and 342 frequency vectors loaded

Create initial parsimony tree by phylogenetic likelihood library (PLL)... 0.651 seconds
Generating 1000 samples for ultrafast bootstrap (seed: 532284)...
Model POIUDM128OPT is alias for Poisson+G4{0.6062125603}+FMIX{UDM0128CLR_C0000:1.0:0.0000017242,UDM0128CLR_C0001:1.0:0.0032022473,UDM0128CLR_C0002:1.0:0.0131619442,UDM0128CLR_C0003:1.0:0.0000017242,UDM0128CLR_C0004:1.0:0.0000017242,UDM0128CLR_C0005:1.0:0.0064613613,UDM0128CLR_C0006:1.0:0.0000017242,UDM0128CLR_C0007:1.0:0.0154039180,UDM0128CLR_C0008:1.0:0.0096276975,UDM0128CLR_C0009:1.0:0.0086419595,UDM0128CLR_C0010:1.0:0.0012343561,UDM0128CLR_C0011:1.0:0.0195654889,UDM0128CLR_C0012:1.0:0.0029035113,UDM0128CLR_C0013:1.0:0.0042516598,UDM0128CLR_C0014:1.0:0.0000017242,UDM0128CLR_C0015:1.0:0.0107869249,UDM0128CLR_C0016:1.0:0.0000017242,UDM0128CLR_C0017:1.0:0.0097810871,UDM0128CLR_C0018:1.0:0.0022167172,UDM0128CLR_C0019:1.0:0.0008442594,UDM0128CLR_C0020:1.0:0.0025394165,UDM0128CLR_C0021:1.0:0.0205511843,UDM0128CLR_C0022:1.0:0.0004492381,UDM0128CLR_C0023:1.0:0.0203863085,UDM0128CLR_C0024:1.0:0.0050636286,UDM0128CLR_C0025:1.0:0.0125562152,UDM0128CLR_C0026:1.0:0.0038002448,UDM0128CLR_C0027:1.0:0.0163823361,UDM0128CLR_C0028:1.0:0.0110804010,UDM0128CLR_C0029:1.0:0.0157995404,UDM0128CLR_C0030:1.0:0.0000017242,UDM0128CLR_C0031:1.0:0.0042875253,UDM0128CLR_C0032:1.0:0.0121462532,UDM0128CLR_C0033:1.0:0.0038174093,UDM0128CLR_C0034:1.0:0.0048694708,UDM0128CLR_C0035:1.0:0.0153741957,UDM0128CLR_C0036:1.0:0.0000017242,UDM0128CLR_C0037:1.0:0.0075397831,UDM0128CLR_C0038:1.0:0.0196192007,UDM0128CLR_C0039:1.0:0.0109964579,UDM0128CLR_C0040:1.0:0.0050864779,UDM0128CLR_C0041:1.0:0.0019017578,UDM0128CLR_C0042:1.0:0.0109342331,UDM0128CLR_C0043:1.0:0.0334291326,UDM0128CLR_C0044:1.0:0.0000017242,UDM0128CLR_C0045:1.0:0.0077581668,UDM0128CLR_C0046:1.0:0.0056355871,UDM0128CLR_C0047:1.0:0.0013600547,UDM0128CLR_C0048:1.0:0.0163160271,UDM0128CLR_C0049:1.0:0.0124849979,UDM0128CLR_C0050:1.0:0.0276350645,UDM0128CLR_C0051:1.0:0.0051050168,UDM0128CLR_C0052:1.0:0.0146959177,UDM0128CLR_C0053:1.0:0.0203801525,UDM0128CLR_C0054:1.0:0.0174882138,UDM0128CLR_C0055:1.0:0.0049058075,UDM0128CLR_C0056:1.0:0.0143385407,UDM0128CLR_C0057:1.0:0.0033223758,UDM0128CLR_C0058:1.0:0.0158734693,UDM0128CLR_C0059:1.0:0.0047058210,UDM0128CLR_C0060:1.0:0.0090207857,UDM0128CLR_C0061:1.0:0.0179373543,UDM0128CLR_C0062:1.0:0.0214945050,UDM0128CLR_C0063:1.0:0.0065486190,UDM0128CLR_C0064:1.0:0.0089456736,UDM0128CLR_C0065:1.0:0.0068867109,UDM0128CLR_C0066:1.0:0.0148640853,UDM0128CLR_C0067:1.0:0.0079493017,UDM0128CLR_C0068:1.0:0.0098242361,UDM0128CLR_C0069:1.0:0.0082137763,UDM0128CLR_C0070:1.0:0.0156873923,UDM0128CLR_C0071:1.0:0.0248999731,UDM0128CLR_C0072:1.0:0.0108228825,UDM0128CLR_C0073:1.0:0.0153503694,UDM0128CLR_C0074:1.0:0.0063195810,UDM0128CLR_C0075:1.0:0.0002170125,UDM0128CLR_C0076:1.0:0.0099384960,UDM0128CLR_C0077:1.0:0.0005981102,UDM0128CLR_C0078:1.0:0.0063182147,UDM0128CLR_C0079:1.0:0.0083718865,UDM0128CLR_C0080:1.0:0.0143202739,UDM0128CLR_C0081:1.0:0.0061896636,UDM0128CLR_C0082:1.0:0.0013193328,UDM0128CLR_C0083:1.0:0.0087356898,UDM0128CLR_C0084:1.0:0.0183992246,UDM0128CLR_C0085:1.0:0.0020163914,UDM0128CLR_C0086:1.0:0.0061067930,UDM0128CLR_C0087:1.0:0.0097264931,UDM0128CLR_C0088:1.0:0.0057032447,UDM0128CLR_C0089:1.0:0.0114116727,UDM0128CLR_C0090:1.0:0.0000017242,UDM0128CLR_C0091:1.0:0.0046225916,UDM0128CLR_C0092:1.0:0.0010447558,UDM0128CLR_C0093:1.0:0.0126237041,UDM0128CLR_C0094:1.0:0.0130078162,UDM0128CLR_C0095:1.0:0.0016802304,UDM0128CLR_C0096:1.0:0.0053123208,UDM0128CLR_C0097:1.0:0.0000017242,UDM0128CLR_C0098:1.0:0.0116262092,UDM0128CLR_C0099:1.0:0.0070476834,UDM0128CLR_C0100:1.0:0.0057553891,UDM0128CLR_C0101:1.0:0.0118954029,UDM0128CLR_C0102:1.0:0.0024498915,UDM0128CLR_C0103:1.0:0.0039367337,UDM0128CLR_C0104:1.0:0.0000017242,UDM0128CLR_C0105:1.0:0.0000017242,UDM0128CLR_C0106:1.0:0.0019045599,UDM0128CLR_C0107:1.0:0.0027950623,UDM0128CLR_C0108:1.0:0.0031685269,UDM0128CLR_C0109:1.0:0.0049390062,UDM0128CLR_C0110:1.0:0.0014717456,UDM0128CLR_C0111:1.0:0.0044843101,UDM0128CLR_C0112:1.0:0.0047514564,UDM0128CLR_C0113:1.0:0.0090424302,UDM0128CLR_C0114:1.0:0.0213591597,UDM0128CLR_C0115:1.0:0.0034993013,UDM0128CLR_C0116:1.0:0.0042393661,UDM0128CLR_C0117:1.0:0.0064497655,UDM0128CLR_C0118:1.0:0.0093203989,UDM0128CLR_C0119:1.0:0.0020046102,UDM0128CLR_C0120:1.0:0.0005480150,UDM0128CLR_C0121:1.0:0.0005402186,UDM0128CLR_C0122:1.0:0.0027429562,UDM0128CLR_C0123:1.0:0.0041358753,UDM0128CLR_C0124:1.0:0.0084520918,UDM0128CLR_C0125:1.0:0.0050127666,UDM0128CLR_C0126:1.0:0.0035524908,UDM0128CLR_C0127:1.0:0.0017242406}

NOTE: 2390 MB RAM (2 GB) is required!
Estimate model parameters (epsilon = 0.100)
1. Initial log-likelihood: -2021632.551
2. Current log-likelihood: -1977644.868
3. Current log-likelihood: -1976769.203
4. Current log-likelihood: -1976756.793
5. Current log-likelihood: -1976755.323
6. Current log-likelihood: -1976755.140
Optimal log-likelihood: -1976755.087
Gamma shape alpha: 0.606
Parameters optimization took 6 rounds (23.187 sec)
Wrote distance file to... 
Computing ML distances based on estimated model parameters...
Calculating distance matrix: done in 7.59358 secs using 1872% CPU
Computing ML distances took 7.604369 sec (of wall-clock time) 142.381297 sec (of CPU time)
Setting up auxiliary I and S matrices: done in 0.00671078 secs using 241.2% CPU
Constructing RapidNJ tree: done in 0.000489167 secs using 151.3% CPU
Computing RapidNJ tree took 0.007413 sec (of wall-clock time) 0.018492 sec (of CPU time)
Log-likelihood of RapidNJ tree: -1980665.093
--------------------------------------------------------------------
|             INITIALIZING CANDIDATE TREE SET                      |
--------------------------------------------------------------------
Generating 98 parsimony trees... 84.544 second
Computing log-likelihood of 98 initial trees ... 228.437 seconds
Current best score: -1976755.087

Do NNI search on 20 best initial trees
Optimizing NNI: done in 24.8538 secs using 3905% CPU
Estimate model parameters (epsilon = 0.100)
BETTER TREE FOUND at iteration 1: -1976553.522
Optimizing NNI: done in 39.9097 secs using 3895% CPU
Optimizing NNI: done in 38.615 secs using 3907% CPU
Optimizing NNI: done in 44.1527 secs using 3912% CPU
Optimizing NNI: done in 49.8159 secs using 3921% CPU
Optimizing NNI: done in 41.6062 secs using 3919% CPU
Optimizing NNI: done in 36.1711 secs using 3928% CPU
Optimizing NNI: done in 76.947 secs using 3925% CPU
Optimizing NNI: done in 44.5904 secs using 3931% CPU
Optimizing NNI: done in 52.3489 secs using 3916% CPU
Iteration 10 / LogL: -1976562.870 / Time: 0h:13m:55s
Optimizing NNI: done in 58.9885 secs using 3884% CPU
Optimizing NNI: done in 44.7757 secs using 3915% CPU
Optimizing NNI: done in 48.9925 secs using 3918% CPU
Optimizing NNI: done in 50.2159 secs using 3923% CPU
Optimizing NNI: done in 43.9391 secs using 3923% CPU
Optimizing NNI: done in 42.2305 secs using 3923% CPU
Optimizing NNI: done in 59.3693 secs using 3871% CPU
Optimizing NNI: done in 44.7441 secs using 3929% CPU
Optimizing NNI: done in 53.2842 secs using 3921% CPU
Optimizing NNI: done in 48.203 secs using 3922% CPU
Iteration 20 / LogL: -1976564.243 / Time: 0h:22m:14s
Finish initializing candidate tree set (1)
Current best tree score: -1976553.522 / CPU time: 1273.602
Number of iterations: 20
--------------------------------------------------------------------
|               OPTIMIZING CANDIDATE TREE SET                      |
--------------------------------------------------------------------
Optimizing NNI: done in 56.9117 secs using 3926% CPU
Optimizing NNI: done in 44.5383 secs using 3934% CPU
Optimizing NNI: done in 71.2959 secs using 3912% CPU
Optimizing NNI: done in 47.228 secs using 3897% CPU
Optimizing NNI: done in 35.5598 secs using 3906% CPU
Optimizing NNI: done in 54.5456 secs using 3922% CPU
Optimizing NNI: done in 39.3074 secs using 3926% CPU
Optimizing NNI: done in 42.6581 secs using 3928% CPU
Optimizing NNI: done in 48.1387 secs using 3924% CPU
Optimizing NNI: done in 47.0249 secs using 3939% CPU
Iteration 30 / LogL: -1976558.053 / Time: 0h:30m:26s (1h:14m:30s left)
Optimizing NNI: done in 41.2041 secs using 3920% CPU
Optimizing NNI: done in 45.7876 secs using 3903% CPU
Optimizing NNI: done in 47.6773 secs using 3914% CPU
Optimizing NNI: done in 51.3098 secs using 3924% CPU
Optimizing NNI: done in 33.4427 secs using 3943% CPU
Optimizing NNI: done in 44.4047 secs using 3928% CPU
Optimizing NNI: done in 49.8545 secs using 3936% CPU
Optimizing NNI: done in 47.4302 secs using 3935% CPU
Optimizing NNI: done in 49.1994 secs using 3945% CPU
Optimizing NNI: done in 53.8706 secs using 3917% CPU
Iteration 40 / LogL: -1976569.081 / Time: 0h:38m:15s (0h:59m:49s left)
Optimizing NNI: done in 69.9773 secs using 3923% CPU
Optimizing NNI: done in 47.9049 secs using 3931% CPU
Optimizing NNI: done in 47.4623 secs using 3939% CPU
Optimizing NNI: done in 55.8835 secs using 3911% CPU
Optimizing NNI: done in 61.8679 secs using 3928% CPU
Optimizing NNI: done in 38.8268 secs using 3937% CPU
Optimizing NNI: done in 53.6106 secs using 3883% CPU
Optimizing NNI: done in 60.2682 secs using 3907% CPU
Optimizing NNI: done in 56.2372 secs using 3917% CPU
Optimizing NNI: done in 44.959 secs using 3920% CPU
Iteration 50 / LogL: -1976572.032 / Time: 0h:47m:17s (0h:49m:12s left)
Log-likelihood cutoff on original alignment: -1976603.207
Optimizing NNI: done in 42.632 secs using 3923% CPU
Optimizing NNI: done in 44.9548 secs using 3902% CPU
Optimizing NNI: done in 62.1996 secs using 3922% CPU
Optimizing NNI: done in 50.0524 secs using 3892% CPU
Optimizing NNI: done in 43.2064 secs using 3904% CPU
Optimizing NNI: done in 43.1343 secs using 3926% CPU
Optimizing NNI: done in 37.5206 secs using 3918% CPU
Optimizing NNI: done in 46.3511 secs using 3932% CPU
Optimizing NNI: done in 57.0424 secs using 3875% CPU
Optimizing NNI: done in 52.2001 secs using 3905% CPU
Iteration 60 / LogL: -1976561.369 / Time: 0h:55m:22s (0h:38m:28s left)
Optimizing NNI: done in 37.2518 secs using 3941% CPU
Optimizing NNI: done in 37.362 secs using 3938% CPU
Optimizing NNI: done in 50.3877 secs using 3924% CPU
Optimizing NNI: done in 55.633 secs using 3933% CPU
Optimizing NNI: done in 28.6352 secs using 3919% CPU
Optimizing NNI: done in 41.1145 secs using 3878% CPU
Optimizing NNI: done in 45.357 secs using 3935% CPU
Optimizing NNI: done in 39.5153 secs using 3942% CPU
Optimizing NNI: done in 40.43 secs using 3937% CPU
Optimizing NNI: done in 52.024 secs using 3902% CPU
Iteration 70 / LogL: -1976554.937 / Time: 1h:2m:33s (0h:28m:6s left)
Optimizing NNI: done in 52.749 secs using 3908% CPU
Optimizing NNI: done in 53.1714 secs using 3932% CPU
Optimizing NNI: done in 40.3123 secs using 3925% CPU
Optimizing NNI: done in 44.3065 secs using 3914% CPU
Optimizing NNI: done in 31.324 secs using 3947% CPU
Optimizing NNI: done in 38.7232 secs using 3934% CPU
Optimizing NNI: done in 42.6947 secs using 3925% CPU
Optimizing NNI: done in 43.739 secs using 3945% CPU
Optimizing NNI: done in 41.6922 secs using 3909% CPU
Optimizing NNI: done in 38.5274 secs using 3953% CPU
Iteration 80 / LogL: -1976593.820 / Time: 1h:9m:45s (0h:18m:32s left)
Optimizing NNI: done in 57.5548 secs using 3916% CPU
Optimizing NNI: done in 49.2897 secs using 3916% CPU
Optimizing NNI: done in 58.7953 secs using 3897% CPU
Optimizing NNI: done in 36.191 secs using 3928% CPU
Optimizing NNI: done in 43.1755 secs using 3904% CPU
Optimizing NNI: done in 40.0404 secs using 3885% CPU
Optimizing NNI: done in 51.0334 secs using 3937% CPU
Optimizing NNI: done in 49.3985 secs using 3891% CPU
Optimizing NNI: done in 39.8631 secs using 3937% CPU
Optimizing NNI: done in 44.8791 secs using 3939% CPU
Iteration 90 / LogL: -1976573.360 / Time: 1h:17m:40s (0h:9m:35s left)
Optimizing NNI: done in 43.9093 secs using 3899% CPU
Optimizing NNI: done in 48.2545 secs using 3905% CPU
Optimizing NNI: done in 57.8672 secs using 3903% CPU
Optimizing NNI: done in 52.0361 secs using 3882% CPU
Optimizing NNI: done in 37.4522 secs using 3835% CPU
Optimizing NNI: done in 48.5341 secs using 3925% CPU
Optimizing NNI: done in 51.1318 secs using 3903% CPU
Optimizing NNI: done in 32.467 secs using 3930% CPU
Optimizing NNI: done in 42.7557 secs using 3860% CPU
Optimizing NNI: done in 33.0994 secs using 3917% CPU
Iteration 100 / LogL: -1976554.887 / Time: 1h:25m:12s (0h:0m:51s left)
Log-likelihood cutoff on original alignment: -1976602.359
NOTE: Bootstrap correlation coefficient of split occurrence frequencies: 1.000
Optimizing NNI: done in 47.2164 secs using 3918% CPU
Optimizing NNI: done in 29.9291 secs using 3954% CPU
TREE SEARCH COMPLETED AFTER 102 ITERATIONS / Time: 1h:26m:30s

--------------------------------------------------------------------
|                    FINALIZING TREE SEARCH                        |
--------------------------------------------------------------------
Performs final model parameters optimization
Estimate model parameters (epsilon = 0.010)
1. Initial log-likelihood: -1976553.522
Optimal log-likelihood: -1976553.520
Gamma shape alpha: 0.606
Parameters optimization took 1 rounds (3.594 sec)
BEST SCORE FOUND : -1976553.520
Empirical proportions for each category: 0.288 0.181 0.264 0.268
Site rates printed to tardigrada/1_infer/Poi_UDM128opt_PMSF.rate
Creating bootstrap support values...
Split supports printed to NEXUS file tardigrada/1_infer/Poi_UDM128opt_PMSF.splits.nex
Total tree length: 14.900

Total number of iterations: 102
CPU time used for tree search: 197256.033 sec (54h:47m:36s)
Wall-clock time used for tree search: 5128.946 sec (1h:25m:28s)
Total CPU time used: 199127.981 sec (55h:18m:47s)
Total wall-clock time used: 5194.489 sec (1h:26m:34s)

Computing bootstrap consensus tree...
Reading input file tardigrada/1_infer/Poi_UDM128opt_PMSF.splits.nex...
40 taxa and 88 splits.
Consensus tree written to tardigrada/1_infer/Poi_UDM128opt_PMSF.contree
Reading input trees file tardigrada/1_infer/Poi_UDM128opt_PMSF.contree
Log-likelihood of consensus tree: -1976553.521

Analysis results written to: 
  IQ-TREE report:                tardigrada/1_infer/Poi_UDM128opt_PMSF.iqtree
  Maximum-likelihood tree:       tardigrada/1_infer/Poi_UDM128opt_PMSF.treefile
  Likelihood distances:          tardigrada/1_infer/Poi_UDM128opt_PMSF.mldist
  Site-specific rates:           tardigrada/1_infer/Poi_UDM128opt_PMSF.rate

Ultrafast bootstrap approximation results written to:
  Split support values:          tardigrada/1_infer/Poi_UDM128opt_PMSF.splits.nex
  Consensus tree:                tardigrada/1_infer/Poi_UDM128opt_PMSF.contree
  Screen log file:               tardigrada/1_infer/Poi_UDM128opt_PMSF.log

Date and Time: Thu Apr 24 19:39:57 2025
