IQ-TREE multicore version 2.4.0 for Linux x86 64-bit built Feb  7 2025
Developed by Bui Quang Minh, Nguyen Lam Tung, Olga Chernomor, Heiko Schmidt,
Dominik Schrempf, Michael Woodhams, Ly Trong Nhan, Thomas Wong

Host:    rona.rsb.anu.edu.au (AVX2, FMA3, 1007 GB RAM)
Command: /data/yutong/iqtree2 -s tardigrada/matrix_40sp.fasta -ft tardigrada/1_infer/Poi-UDM8opt.treefile -m POIUDM8OPT -mdef tardigrada/1_infer/POIUDM8OPT.nex -safe -pre tardigrada/1_infer/Poi-UDM8opt-PMSF -n 0 -nt 40
Seed:    897297 (Using SPRNG - Scalable Parallel Random Number Generator)
Time:    Sun Apr 20 15:38:26 2025
Kernel:  Safe AVX+FMA - 40 threads (256 CPU cores detected)

Reading alignment file tardigrada/matrix_40sp.fasta ... Fasta format detected
Reading fasta file: done in 0.0309024 secs using 92.43% CPU
Alignment most likely contains protein sequences
Alignment has 40 sequences with 70888 columns, 63149 distinct patterns
48785 parsimony-informative, 7670 singleton sites, 14433 constant sites
                             Gap/Ambiguity  Composition  p-value
Analyzing sequences: done in 0.0161194 secs using 3619% CPU
   1  Capitella_telata               5.00%    failed      0.00%
   2  Daphnia_magna                  9.79%    failed      0.06%
   3  Echiniscoides_sigismundi      49.39%    failed      0.00%
   4  Echiniscus_bisetosus          82.96%    failed      0.00%
   5  Echiniscus_testudo            50.24%    failed      0.00%
   6  Echinoderes_kohni             88.58%    failed      0.00%
   7  Enoplus_brevis                22.43%    failed      0.00%
   8  Epiperipatus                  56.34%    failed      0.00%
   9  Frakliniella_occidentalis      7.36%    failed      0.08%
  10  Gordius                       70.84%    failed      0.00%
  11  Halicryptus_spinolosus        13.41%    failed      0.00%
  12  Hypsibius_dujardini            3.51%    failed      0.00%
  13  Limulus_polyphemus            16.13%    failed      0.00%
  14  Manduca_sexta                  9.59%    failed      0.00%
  15  Meiopriapulus                 26.75%    failed      0.00%
  16  Mesobiotus_philippinicus      19.72%    failed      0.00%
  17  Milnesium_tardigradum         59.56%    failed      0.00%
  18  Neodiprion_lecontei            4.62%    failed      0.01%
  19  Ooperipatellus                72.91%    failed      0.00%
  20  Opisthopatus_kwazululandi     26.52%    failed      0.00%
  21  Paeneus_vanammei              12.28%    failed      0.00%
  22  Pamacea_canaliculata           5.42%    failed      0.02%
  23  Paragordius_varius            71.38%    failed      0.00%
  24  Parasteatoda_tepidariorum      3.65%    failed      0.00%
  25  Peripatoides                  73.44%    failed      0.00%
  26  Peripatoides_novaezelandiae   16.34%    failed      0.00%
  27  Peripatopsis_capensis         37.07%    failed      0.00%
  28  Pleomothra                    21.78%    failed      0.00%
  29  Pontonema_vulgare             24.88%    failed      0.00%
  30  Priapulus_caudatus            13.43%    failed      0.00%
  31  Prionchulus_punctatus         13.90%    failed      0.00%
  32  Pycnophyes                    76.53%    failed      0.00%
  33  Ramazzottius_varieornatus      3.20%    failed      0.00%
  34  Richtersius_coronifer          6.00%    failed      0.00%
  35  Romanomermis_culicivorax      36.04%    failed      0.00%
  36  Stegodyphus_mimosarum         15.16%    failed      0.00%
  37  Strigamia_maritima            13.05%    failed      0.00%
  38  Tachypleu                      8.55%    failed      0.00%
  39  Tobrilus                      23.43%    failed      0.00%
  40  Xiphinema_index               27.20%    failed      0.00%
WARNING: 10 sequences contain more than 50% gaps/ambiguity
****  TOTAL                         29.96%  40 sequences failed composition chi2 test (p-value<5%; df=19)

===> COMPUTING SITE FREQUENCY MODEL BASED ON TREE FILE tardigrada/1_infer/Poi-UDM8opt.treefile
Reading model definition file tardigrada/1_infer/POIUDM8OPT.nex ... 87 models and 222 frequency vectors loaded
Model POIUDM8OPT is alias for Poisson+G4{0.6396181070}+FMIX{UDM0008CLR_C0000:1:0.1648039061,UDM0008CLR_C0001:1:0.2058873301,UDM0008CLR_C0002:1:0.1951567241,UDM0008CLR_C0003:1:0.1450097680,UDM0008CLR_C0004:1:0.0675523632,UDM0008CLR_C0005:1:0.0893431267,UDM0008CLR_C0006:1:0.0921711438,UDM0008CLR_C0007:1:0.0400756380}
NOTE: 12492 MB RAM is required!
1. Initial log-likelihood: -2272423.445
Optimal log-likelihood: -2272423.371
Mixture weights: 0.165 0.206 0.195 0.145 0.068 0.089 0.092 0.040
Gamma shape alpha: 0.640
Parameters optimization took 1 rounds (24.475 sec)
Computing posterior mean site frequencies....
Site state frequency vectors printed to tardigrada/1_infer/Poi-UDM8opt-PMSF.sitefreq

===> CONTINUE ANALYSIS USING THE INFERRED SITE FREQUENCY MODEL
Reading model definition file tardigrada/1_infer/POIUDM8OPT.nex ... 87 models and 222 frequency vectors loaded

Create initial parsimony tree by phylogenetic likelihood library (PLL)... 0.631 seconds
Model POIUDM8OPT is alias for Poisson+G4{0.6396181070}+FMIX{UDM0008CLR_C0000:1:0.1648039061,UDM0008CLR_C0001:1:0.2058873301,UDM0008CLR_C0002:1:0.1951567241,UDM0008CLR_C0003:1:0.1450097680,UDM0008CLR_C0004:1:0.0675523632,UDM0008CLR_C0005:1:0.0893431267,UDM0008CLR_C0006:1:0.0921711438,UDM0008CLR_C0007:1:0.0400756380}

NOTE: 2149 MB RAM (2 GB) is required!
Estimate model parameters (epsilon = 0.010)
1. Initial log-likelihood: -2180900.103
2. Current log-likelihood: -2138526.038
3. Current log-likelihood: -2137988.815
4. Current log-likelihood: -2137980.427
5. Current log-likelihood: -2137979.660
6. Current log-likelihood: -2137979.585
Optimal log-likelihood: -2137979.579
Gamma shape alpha: 0.640
Parameters optimization took 6 rounds (39.551 sec)
Wrote distance file to... 
BEST SCORE FOUND : -2137979.579
Total tree length: 11.980

Total number of iterations: 0
CPU time used for tree search: 0.000 sec (0h:0m:0s)
Wall-clock time used for tree search: 0.000 sec (0h:0m:0s)
Total CPU time used: 1430.755 sec (0h:23m:50s)
Total wall-clock time used: 47.932 sec (0h:0m:47s)

Analysis results written to: 
  IQ-TREE report:                tardigrada/1_infer/Poi-UDM8opt-PMSF.iqtree
  Maximum-likelihood tree:       tardigrada/1_infer/Poi-UDM8opt-PMSF.treefile
  Screen log file:               tardigrada/1_infer/Poi-UDM8opt-PMSF.log

Date and Time: Sun Apr 20 15:39:42 2025
