IQ-TREE multicore version 2.4.0 for Linux x86 64-bit built Feb  7 2025
Developed by Bui Quang Minh, Nguyen Lam Tung, Olga Chernomor, Heiko Schmidt,
Dominik Schrempf, Michael Woodhams, Ly Trong Nhan, Thomas Wong

Host:    rona.rsb.anu.edu.au (AVX2, FMA3, 1007 GB RAM)
Command: /data/yutong/iqtree2 -s tardigrada/matrix_40sp.fasta -fs tardigrada/1_infer/Poi-UDM8opt-PMSF.sitefreq -m POIUDM8OPT -mdef tardigrada/1_infer/POIUDM8OPT.nex -safe -pre tardigrada/1_infer/Poi_UDM8opt_PMSF -wsr -bb 1000 -nt 40
Seed:    201598 (Using SPRNG - Scalable Parallel Random Number Generator)
Time:    Sun Apr 20 15:39:42 2025
Kernel:  Safe AVX+FMA - 40 threads (256 CPU cores detected)

Reading alignment file tardigrada/matrix_40sp.fasta ... Fasta format detected
Reading fasta file: done in 0.0648696 secs using 93.07% CPU
Alignment most likely contains protein sequences
Alignment has 40 sequences with 70888 columns, 63149 distinct patterns
48785 parsimony-informative, 7670 singleton sites, 14433 constant sites
                             Gap/Ambiguity  Composition  p-value
Analyzing sequences: done in 0.0161423 secs using 3773% CPU
   1  Capitella_telata               5.00%    failed      0.00%
   2  Daphnia_magna                  9.79%    failed      0.06%
   3  Echiniscoides_sigismundi      49.39%    failed      0.00%
   4  Echiniscus_bisetosus          82.96%    failed      0.00%
   5  Echiniscus_testudo            50.24%    failed      0.00%
   6  Echinoderes_kohni             88.58%    failed      0.00%
   7  Enoplus_brevis                22.43%    failed      0.00%
   8  Epiperipatus                  56.34%    failed      0.00%
   9  Frakliniella_occidentalis      7.36%    failed      0.08%
  10  Gordius                       70.84%    failed      0.00%
  11  Halicryptus_spinolosus        13.41%    failed      0.00%
  12  Hypsibius_dujardini            3.51%    failed      0.00%
  13  Limulus_polyphemus            16.13%    failed      0.00%
  14  Manduca_sexta                  9.59%    failed      0.00%
  15  Meiopriapulus                 26.75%    failed      0.00%
  16  Mesobiotus_philippinicus      19.72%    failed      0.00%
  17  Milnesium_tardigradum         59.56%    failed      0.00%
  18  Neodiprion_lecontei            4.62%    failed      0.01%
  19  Ooperipatellus                72.91%    failed      0.00%
  20  Opisthopatus_kwazululandi     26.52%    failed      0.00%
  21  Paeneus_vanammei              12.28%    failed      0.00%
  22  Pamacea_canaliculata           5.42%    failed      0.02%
  23  Paragordius_varius            71.38%    failed      0.00%
  24  Parasteatoda_tepidariorum      3.65%    failed      0.00%
  25  Peripatoides                  73.44%    failed      0.00%
  26  Peripatoides_novaezelandiae   16.34%    failed      0.00%
  27  Peripatopsis_capensis         37.07%    failed      0.00%
  28  Pleomothra                    21.78%    failed      0.00%
  29  Pontonema_vulgare             24.88%    failed      0.00%
  30  Priapulus_caudatus            13.43%    failed      0.00%
  31  Prionchulus_punctatus         13.90%    failed      0.00%
  32  Pycnophyes                    76.53%    failed      0.00%
  33  Ramazzottius_varieornatus      3.20%    failed      0.00%
  34  Richtersius_coronifer          6.00%    failed      0.00%
  35  Romanomermis_culicivorax      36.04%    failed      0.00%
  36  Stegodyphus_mimosarum         15.16%    failed      0.00%
  37  Strigamia_maritima            13.05%    failed      0.00%
  38  Tachypleu                      8.55%    failed      0.00%
  39  Tobrilus                      23.43%    failed      0.00%
  40  Xiphinema_index               27.20%    failed      0.00%
WARNING: 10 sequences contain more than 50% gaps/ambiguity
****  TOTAL                         29.96%  40 sequences failed composition chi2 test (p-value<5%; df=19)

Reading site-specific state frequency file tardigrada/1_infer/Poi-UDM8opt-PMSF.sitefreq ...
63149 distinct per-site state frequency vectors detected
Reading model definition file tardigrada/1_infer/POIUDM8OPT.nex ... 87 models and 222 frequency vectors loaded

Create initial parsimony tree by phylogenetic likelihood library (PLL)... 0.605 seconds
Generating 1000 samples for ultrafast bootstrap (seed: 201598)...
Model POIUDM8OPT is alias for Poisson+G4{0.6396181070}+FMIX{UDM0008CLR_C0000:1:0.1648039061,UDM0008CLR_C0001:1:0.2058873301,UDM0008CLR_C0002:1:0.1951567241,UDM0008CLR_C0003:1:0.1450097680,UDM0008CLR_C0004:1:0.0675523632,UDM0008CLR_C0005:1:0.0893431267,UDM0008CLR_C0006:1:0.0921711438,UDM0008CLR_C0007:1:0.0400756380}

NOTE: 2390 MB RAM (2 GB) is required!
Estimate model parameters (epsilon = 0.100)
1. Initial log-likelihood: -2180900.101
2. Current log-likelihood: -2138526.035
3. Current log-likelihood: -2137988.813
4. Current log-likelihood: -2137980.425
5. Current log-likelihood: -2137979.658
Optimal log-likelihood: -2137979.592
Gamma shape alpha: 0.640
Parameters optimization took 5 rounds (24.774 sec)
Wrote distance file to... 
Computing ML distances based on estimated model parameters...
Calculating distance matrix: done in 10.1455 secs using 2070% CPU
Computing ML distances took 10.154932 sec (of wall-clock time) 210.292481 sec (of CPU time)
Setting up auxiliary I and S matrices: done in 0.0473722 secs using 2802% CPU
Computing RapidNJ tree took 2.560988 sec (of wall-clock time) 51.311835 sec (of CPU time)
Log-likelihood of RapidNJ tree: -2142499.486
--------------------------------------------------------------------
|             INITIALIZING CANDIDATE TREE SET                      |
--------------------------------------------------------------------
Generating 98 parsimony trees... 93.224 second
Computing log-likelihood of 98 initial trees ... 242.251 seconds
Current best score: -2137979.592

Do NNI search on 20 best initial trees
Estimate model parameters (epsilon = 0.100)
BETTER TREE FOUND at iteration 1: -2137729.976
Iteration 10 / LogL: -2137784.239 / Time: 0h:13m:12s
Iteration 20 / LogL: -2137750.822 / Time: 0h:21m:1s
Finish initializing candidate tree set (5)
Current best tree score: -2137729.976 / CPU time: 1192.097
Number of iterations: 20
--------------------------------------------------------------------
|               OPTIMIZING CANDIDATE TREE SET                      |
--------------------------------------------------------------------
Iteration 30 / LogL: -2137766.047 / Time: 0h:28m:42s (1h:10m:14s left)
Iteration 40 / LogL: -2137746.308 / Time: 0h:36m:59s (0h:57m:50s left)
Iteration 50 / LogL: -2137739.247 / Time: 0h:45m:44s (0h:47m:35s left)
Log-likelihood cutoff on original alignment: -2137828.418
Iteration 60 / LogL: -2137786.277 / Time: 0h:52m:46s (0h:36m:39s left)
Iteration 70 / LogL: -2137738.036 / Time: 0h:59m:10s (0h:26m:34s left)
Iteration 80 / LogL: -2137734.568 / Time: 1h:5m:59s (0h:17m:32s left)
Iteration 90 / LogL: -2137755.300 / Time: 1h:11m:58s (0h:8m:53s left)
Iteration 100 / LogL: -2137742.986 / Time: 1h:18m:33s (0h:0m:47s left)
Log-likelihood cutoff on original alignment: -2137828.418
NOTE: Bootstrap correlation coefficient of split occurrence frequencies: 1.000
TREE SEARCH COMPLETED AFTER 102 ITERATIONS / Time: 1h:19m:50s

--------------------------------------------------------------------
|                    FINALIZING TREE SEARCH                        |
--------------------------------------------------------------------
Performs final model parameters optimization
Estimate model parameters (epsilon = 0.010)
1. Initial log-likelihood: -2137729.976
Optimal log-likelihood: -2137729.974
Gamma shape alpha: 0.640
Parameters optimization took 1 rounds (3.343 sec)
BEST SCORE FOUND : -2137729.974
Empirical proportions for each category: 0.291 0.168 0.273 0.269
Site rates printed to tardigrada/1_infer/Poi_UDM8opt_PMSF.rate
Creating bootstrap support values...
Split supports printed to NEXUS file tardigrada/1_infer/Poi_UDM8opt_PMSF.splits.nex
Total tree length: 12.009

Total number of iterations: 102
CPU time used for tree search: 171145.272 sec (47h:32m:25s)
Wall-clock time used for tree search: 4720.313 sec (1h:18m:40s)
Total CPU time used: 173183.857 sec (48h:6m:23s)
Total wall-clock time used: 4794.176 sec (1h:19m:54s)

Computing bootstrap consensus tree...
Reading input file tardigrada/1_infer/Poi_UDM8opt_PMSF.splits.nex...
40 taxa and 89 splits.
Consensus tree written to tardigrada/1_infer/Poi_UDM8opt_PMSF.contree
Reading input trees file tardigrada/1_infer/Poi_UDM8opt_PMSF.contree
Log-likelihood of consensus tree: -2137729.974

Analysis results written to: 
  IQ-TREE report:                tardigrada/1_infer/Poi_UDM8opt_PMSF.iqtree
  Maximum-likelihood tree:       tardigrada/1_infer/Poi_UDM8opt_PMSF.treefile
  Likelihood distances:          tardigrada/1_infer/Poi_UDM8opt_PMSF.mldist
  Site-specific rates:           tardigrada/1_infer/Poi_UDM8opt_PMSF.rate

Ultrafast bootstrap approximation results written to:
  Split support values:          tardigrada/1_infer/Poi_UDM8opt_PMSF.splits.nex
  Consensus tree:                tardigrada/1_infer/Poi_UDM8opt_PMSF.contree
  Screen log file:               tardigrada/1_infer/Poi_UDM8opt_PMSF.log

Date and Time: Sun Apr 20 16:59:59 2025
