IQ-TREE version 3.0.0 for Linux x86 64-bit built Apr  4 2025
Developed by Bui Quang Minh, Thomas Wong, Nhan Ly-Trong, Huaiyan Ren
Contributed by Lam-Tung Nguyen, Dominik Schrempf, Chris Bielow,
Olga Chernomor, Michael Woodhams, Diep Thi Hoang, Heiko Schmidt

Host:    rona.rsb.anu.edu.au (AVX2, FMA3, 1007 GB RAM)
Command: /data/yutong/iqtree3 -s tardigrada/matrix_40sp.fasta -ft tardigrada/1_infer/Poi-MEOW120opt.treefile -m POIESmodel -mdef tardigrada/1_infer/meow9030.nex -safe -pre tardigrada/1_infer/Poi-MEOW120opt-PMSF -n 0 -nt 40
Seed:    687277 (Using SPRNG - Scalable Parallel Random Number Generator)
Time:    Fri Apr 25 22:51:22 2025
Kernel:  Safe AVX+FMA - 40 threads (256 CPU cores detected)

Reading alignment file tardigrada/matrix_40sp.fasta ... Fasta format detected
Reading fasta file: done in 0.0703424 secs using 97.4% CPU
Alignment most likely contains protein sequences
Constructing alignment: done in 0.128667 secs using 497.8% CPU
Alignment has 40 sequences with 70888 columns, 63149 distinct patterns
48785 parsimony-informative, 7670 singleton sites, 14433 constant sites
                             Gap/Ambiguity  Composition  p-value
Analyzing sequences: done in 0.00592196 secs using 2729% CPU
   1  Capitella_telata               5.00%    failed      0.00%
   2  Daphnia_magna                  9.79%    failed      0.06%
   3  Echiniscoides_sigismundi      49.39%    failed      0.00%
   4  Echiniscus_bisetosus          82.96%    failed      0.00%
   5  Echiniscus_testudo            50.24%    failed      0.00%
   6  Echinoderes_kohni             88.58%    failed      0.00%
   7  Enoplus_brevis                22.43%    failed      0.00%
   8  Epiperipatus                  56.34%    failed      0.00%
   9  Frakliniella_occidentalis      7.36%    failed      0.08%
  10  Gordius                       70.84%    failed      0.00%
  11  Halicryptus_spinolosus        13.41%    failed      0.00%
  12  Hypsibius_dujardini            3.51%    failed      0.00%
  13  Limulus_polyphemus            16.13%    failed      0.00%
  14  Manduca_sexta                  9.59%    failed      0.00%
  15  Meiopriapulus                 26.75%    failed      0.00%
  16  Mesobiotus_philippinicus      19.72%    failed      0.00%
  17  Milnesium_tardigradum         59.56%    failed      0.00%
  18  Neodiprion_lecontei            4.62%    failed      0.01%
  19  Ooperipatellus                72.91%    failed      0.00%
  20  Opisthopatus_kwazululandi     26.52%    failed      0.00%
  21  Paeneus_vanammei              12.28%    failed      0.00%
  22  Pamacea_canaliculata           5.42%    failed      0.02%
  23  Paragordius_varius            71.38%    failed      0.00%
  24  Parasteatoda_tepidariorum      3.65%    failed      0.00%
  25  Peripatoides                  73.44%    failed      0.00%
  26  Peripatoides_novaezelandiae   16.34%    failed      0.00%
  27  Peripatopsis_capensis         37.07%    failed      0.00%
  28  Pleomothra                    21.78%    failed      0.00%
  29  Pontonema_vulgare             24.88%    failed      0.00%
  30  Priapulus_caudatus            13.43%    failed      0.00%
  31  Prionchulus_punctatus         13.90%    failed      0.00%
  32  Pycnophyes                    76.53%    failed      0.00%
  33  Ramazzottius_varieornatus      3.20%    failed      0.00%
  34  Richtersius_coronifer          6.00%    failed      0.00%
  35  Romanomermis_culicivorax      36.04%    failed      0.00%
  36  Stegodyphus_mimosarum         15.16%    failed      0.00%
  37  Strigamia_maritima            13.05%    failed      0.00%
  38  Tachypleu                      8.55%    failed      0.00%
  39  Tobrilus                      23.43%    failed      0.00%
  40  Xiphinema_index               27.20%    failed      0.00%
WARNING: 10 sequences contain more than 50% gaps/ambiguity
****  TOTAL                         29.96%  40 sequences failed composition chi2 test (p-value<5%; df=19)

===> COMPUTING SITE FREQUENCY MODEL BASED ON TREE FILE tardigrada/1_infer/Poi-MEOW120opt.treefile
Reading model definition file tardigrada/1_infer/meow9030.nex ... 87 models and 334 frequency vectors loaded
Model POIESmodel is alias for Poisson+G4{1.3290530274}+FMIX{EShighclass1:1.0:0.0114183863,EShighclass2:1.0:0.0107963890,EShighclass3:1.0:0.0052537413,EShighclass4:1.0:0.0021738266,EShighclass5:1.0:0.0099521164,EShighclass6:1.0:0.0081649550,EShighclass7:1.0:0.0082679397,EShighclass8:1.0:0.0083229537,EShighclass9:1.0:0.0095029644,EShighclass10:1.0:0.0044527839,EShighclass11:1.0:0.0095844890,EShighclass12:1.0:0.0053965739,EShighclass13:1.0:0.0040481711,EShighclass14:1.0:0.0020222606,EShighclass15:1.0:0.0035041878,EShighclass16:1.0:0.0073828191,EShighclass17:1.0:0.0109377077,EShighclass18:1.0:0.0068348021,EShighclass19:1.0:0.0066785524,EShighclass20:1.0:0.0040704366,EShighclass21:1.0:0.0060372780,EShighclass22:1.0:0.0042813786,EShighclass23:1.0:0.0070607908,EShighclass24:1.0:0.0033971466,EShighclass25:1.0:0.0024105921,EShighclass26:1.0:0.0056763440,EShighclass27:1.0:0.0040241004,EShighclass28:1.0:0.0051417605,EShighclass29:1.0:0.0034270465,EShighclass30:1.0:0.0087105204,EShighclass31:1.0:0.0042350124,EShighclass32:1.0:0.0067312967,EShighclass33:1.0:0.0051599944,EShighclass34:1.0:0.0035347317,EShighclass35:1.0:0.0021826515,EShighclass36:1.0:0.0038836864,EShighclass37:1.0:0.0054697540,EShighclass38:1.0:0.0015874500,EShighclass39:1.0:0.0041062959,EShighclass40:1.0:0.0040823060,EShighclass41:1.0:0.0077345201,EShighclass42:1.0:0.0057275955,EShighclass43:1.0:0.0058414681,EShighclass44:1.0:0.0046642883,EShighclass45:1.0:0.0033754554,EShighclass46:1.0:0.0043831021,EShighclass47:1.0:0.0049689589,EShighclass48:1.0:0.0017520374,EShighclass49:1.0:0.0135912395,EShighclass50:1.0:0.0029609401,EShighclass51:1.0:0.0023917012,EShighclass52:1.0:0.0051757099,EShighclass53:1.0:0.0012875031,EShighclass54:1.0:0.0037724331,EShighclass55:1.0:0.0062023080,EShighclass56:1.0:0.0041501588,EShighclass57:1.0:0.0035993676,EShighclass58:1.0:0.0058505219,EShighclass59:1.0:0.0038312146,EShighclass60:1.0:0.0027745112,EShighclass61:1.0:0.0022722015,EShighclass62:1.0:0.0058618805,EShighclass63:1.0:0.0012329242,EShighclass64:1.0:0.0060326892,EShighclass65:1.0:0.0029935199,EShighclass66:1.0:0.0090953481,EShighclass67:1.0:0.0057118654,EShighclass68:1.0:0.0017237631,EShighclass69:1.0:0.0408183660,EShighclass70:1.0:0.0022201284,EShighclass71:1.0:0.0036409144,EShighclass72:1.0:0.0021362786,EShighclass73:1.0:0.0011970444,EShighclass74:1.0:0.0029980372,EShighclass75:1.0:0.0025798068,EShighclass76:1.0:0.0027881761,EShighclass77:1.0:0.0019025764,EShighclass78:1.0:0.0014758237,EShighclass79:1.0:0.0048215653,EShighclass80:1.0:0.0072597422,EShighclass81:1.0:0.1073535871,EShighclass82:1.0:0.0014645360,EShighclass83:1.0:0.0062250781,EShighclass84:1.0:0.0035909064,EShighclass85:1.0:0.0033804007,EShighclass86:1.0:0.0008890616,EShighclass87:1.0:0.0020802625,EShighclass88:1.0:0.0072325754,EShighclass89:1.0:0.0610382699,EShighclass90:1.0:0.0078822177,ESlowclass1:1.0:0.0154133425,ESlowclass2:1.0:0.0081131315,ESlowclass3:1.0:0.0051968829,ESlowclass4:1.0:0.0079548340,ESlowclass5:1.0:0.0084887242,ESlowclass6:1.0:0.0095796353,ESlowclass7:1.0:0.0074419592,ESlowclass8:1.0:0.0036327927,ESlowclass9:1.0:0.0068882073,ESlowclass10:1.0:0.0031409031,ESlowclass11:1.0:0.0050030009,ESlowclass12:1.0:0.0136972869,ESlowclass13:1.0:0.0047888078,ESlowclass14:1.0:0.0050499658,ESlowclass15:1.0:0.0101636532,ESlowclass16:1.0:0.0106054051,ESlowclass17:1.0:0.0012759243,ESlowclass18:1.0:0.0069387826,ESlowclass19:1.0:0.0017971930,ESlowclass20:1.0:0.0176332748,ESlowclass21:1.0:0.0033154522,ESlowclass22:1.0:0.0115460248,ESlowclass23:1.0:0.0111956584,ESlowclass24:1.0:0.0225674910,ESlowclass25:1.0:0.0067408147,ESlowclass26:1.0:0.0362550095,ESlowclass27:1.0:0.0103989047,ESlowclass28:1.0:0.0394848855,ESlowclass29:1.0:0.0250262813,ESlowclass30:1.0:0.0468249956}
WARNING: Your input class weight 0.000889062 is very small and may cause numerical issues
WARNING: Normalizing State frequencies so that sum of them equals to 1
WARNING: Normalizing State frequencies so that sum of them equals to 1
WARNING: Normalizing State frequencies so that sum of them equals to 1
NOTE: 187389 MB RAM is required!
1. Initial log-likelihood: -2179386.655
2. Current log-likelihood: -2179386.488
Optimal log-likelihood: -2179386.422
Mixture weights: 0.011 0.011 0.005 0.002 0.010 0.008 0.008 0.008 0.010 0.004 0.010 0.005 0.004 0.002 0.004 0.007 0.011 0.007 0.007 0.004 0.006 0.004 0.007 0.003 0.002 0.006 0.004 0.005 0.003 0.009 0.004 0.007 0.005 0.004 0.002 0.004 0.005 0.002 0.004 0.004 0.008 0.006 0.006 0.005 0.003 0.004 0.005 0.002 0.014 0.003 0.002 0.005 0.001 0.004 0.006 0.004 0.004 0.006 0.004 0.003 0.002 0.006 0.001 0.006 0.003 0.009 0.006 0.002 0.041 0.002 0.004 0.002 0.001 0.003 0.003 0.003 0.002 0.001 0.005 0.007 0.107 0.001 0.006 0.004 0.003 0.001 0.002 0.007 0.061 0.008 0.015 0.008 0.005 0.008 0.008 0.010 0.007 0.004 0.007 0.003 0.005 0.014 0.005 0.005 0.010 0.011 0.001 0.007 0.002 0.018 0.003 0.012 0.011 0.023 0.007 0.036 0.010 0.039 0.025 0.047
Gamma shape alpha: 1.329
Parameters optimization took 2 rounds (308.343 sec)
Computing posterior mean site frequencies....
Site state frequency vectors printed to tardigrada/1_infer/Poi-MEOW120opt-PMSF.sitefreq

===> CONTINUE ANALYSIS USING THE INFERRED SITE FREQUENCY MODEL
Checking for duplicate sequences: done in 0.0129343 secs using 2934% CPU
Reading model definition file tardigrada/1_infer/meow9030.nex ... 87 models and 334 frequency vectors loaded

Create initial parsimony tree by phylogenetic likelihood library (PLL)... 0.857 seconds
Model POIESmodel is alias for Poisson+G4{1.3290530274}+FMIX{EShighclass1:1.0:0.0114183863,EShighclass2:1.0:0.0107963890,EShighclass3:1.0:0.0052537413,EShighclass4:1.0:0.0021738266,EShighclass5:1.0:0.0099521164,EShighclass6:1.0:0.0081649550,EShighclass7:1.0:0.0082679397,EShighclass8:1.0:0.0083229537,EShighclass9:1.0:0.0095029644,EShighclass10:1.0:0.0044527839,EShighclass11:1.0:0.0095844890,EShighclass12:1.0:0.0053965739,EShighclass13:1.0:0.0040481711,EShighclass14:1.0:0.0020222606,EShighclass15:1.0:0.0035041878,EShighclass16:1.0:0.0073828191,EShighclass17:1.0:0.0109377077,EShighclass18:1.0:0.0068348021,EShighclass19:1.0:0.0066785524,EShighclass20:1.0:0.0040704366,EShighclass21:1.0:0.0060372780,EShighclass22:1.0:0.0042813786,EShighclass23:1.0:0.0070607908,EShighclass24:1.0:0.0033971466,EShighclass25:1.0:0.0024105921,EShighclass26:1.0:0.0056763440,EShighclass27:1.0:0.0040241004,EShighclass28:1.0:0.0051417605,EShighclass29:1.0:0.0034270465,EShighclass30:1.0:0.0087105204,EShighclass31:1.0:0.0042350124,EShighclass32:1.0:0.0067312967,EShighclass33:1.0:0.0051599944,EShighclass34:1.0:0.0035347317,EShighclass35:1.0:0.0021826515,EShighclass36:1.0:0.0038836864,EShighclass37:1.0:0.0054697540,EShighclass38:1.0:0.0015874500,EShighclass39:1.0:0.0041062959,EShighclass40:1.0:0.0040823060,EShighclass41:1.0:0.0077345201,EShighclass42:1.0:0.0057275955,EShighclass43:1.0:0.0058414681,EShighclass44:1.0:0.0046642883,EShighclass45:1.0:0.0033754554,EShighclass46:1.0:0.0043831021,EShighclass47:1.0:0.0049689589,EShighclass48:1.0:0.0017520374,EShighclass49:1.0:0.0135912395,EShighclass50:1.0:0.0029609401,EShighclass51:1.0:0.0023917012,EShighclass52:1.0:0.0051757099,EShighclass53:1.0:0.0012875031,EShighclass54:1.0:0.0037724331,EShighclass55:1.0:0.0062023080,EShighclass56:1.0:0.0041501588,EShighclass57:1.0:0.0035993676,EShighclass58:1.0:0.0058505219,EShighclass59:1.0:0.0038312146,EShighclass60:1.0:0.0027745112,EShighclass61:1.0:0.0022722015,EShighclass62:1.0:0.0058618805,EShighclass63:1.0:0.0012329242,EShighclass64:1.0:0.0060326892,EShighclass65:1.0:0.0029935199,EShighclass66:1.0:0.0090953481,EShighclass67:1.0:0.0057118654,EShighclass68:1.0:0.0017237631,EShighclass69:1.0:0.0408183660,EShighclass70:1.0:0.0022201284,EShighclass71:1.0:0.0036409144,EShighclass72:1.0:0.0021362786,EShighclass73:1.0:0.0011970444,EShighclass74:1.0:0.0029980372,EShighclass75:1.0:0.0025798068,EShighclass76:1.0:0.0027881761,EShighclass77:1.0:0.0019025764,EShighclass78:1.0:0.0014758237,EShighclass79:1.0:0.0048215653,EShighclass80:1.0:0.0072597422,EShighclass81:1.0:0.1073535871,EShighclass82:1.0:0.0014645360,EShighclass83:1.0:0.0062250781,EShighclass84:1.0:0.0035909064,EShighclass85:1.0:0.0033804007,EShighclass86:1.0:0.0008890616,EShighclass87:1.0:0.0020802625,EShighclass88:1.0:0.0072325754,EShighclass89:1.0:0.0610382699,EShighclass90:1.0:0.0078822177,ESlowclass1:1.0:0.0154133425,ESlowclass2:1.0:0.0081131315,ESlowclass3:1.0:0.0051968829,ESlowclass4:1.0:0.0079548340,ESlowclass5:1.0:0.0084887242,ESlowclass6:1.0:0.0095796353,ESlowclass7:1.0:0.0074419592,ESlowclass8:1.0:0.0036327927,ESlowclass9:1.0:0.0068882073,ESlowclass10:1.0:0.0031409031,ESlowclass11:1.0:0.0050030009,ESlowclass12:1.0:0.0136972869,ESlowclass13:1.0:0.0047888078,ESlowclass14:1.0:0.0050499658,ESlowclass15:1.0:0.0101636532,ESlowclass16:1.0:0.0106054051,ESlowclass17:1.0:0.0012759243,ESlowclass18:1.0:0.0069387826,ESlowclass19:1.0:0.0017971930,ESlowclass20:1.0:0.0176332748,ESlowclass21:1.0:0.0033154522,ESlowclass22:1.0:0.0115460248,ESlowclass23:1.0:0.0111956584,ESlowclass24:1.0:0.0225674910,ESlowclass25:1.0:0.0067408147,ESlowclass26:1.0:0.0362550095,ESlowclass27:1.0:0.0103989047,ESlowclass28:1.0:0.0394848855,ESlowclass29:1.0:0.0250262813,ESlowclass30:1.0:0.0468249956}

NOTE: 2149 MB RAM (2 GB) is required!
Estimate model parameters (epsilon = 0.010)
1. Initial log-likelihood: -2063192.892
2. Current log-likelihood: -2012209.058
3. Current log-likelihood: -2011651.938
4. Current log-likelihood: -2011642.261
5. Current log-likelihood: -2011640.690
6. Current log-likelihood: -2011640.261
7. Current log-likelihood: -2011640.121
8. Current log-likelihood: -2011640.072
Optimal log-likelihood: -2011640.059
Gamma shape alpha: 1.329
Parameters optimization took 8 rounds (40.073 sec)
Wrote distance file to... 
BEST SCORE FOUND : -2011640.059
Total tree length: 13.972

Total number of iterations: 0
CPU time used for tree search: 0.000 sec (0h:0m:0s)
Wall-clock time used for tree search: 0.000 sec (0h:0m:0s)
Total CPU time used: 1564.685 sec (0h:26m:4s)
Total wall-clock time used: 48.403 sec (0h:0m:48s)

Analysis results written to: 
  IQ-TREE report:                tardigrada/1_infer/Poi-MEOW120opt-PMSF.iqtree
  Maximum-likelihood tree:       tardigrada/1_infer/Poi-MEOW120opt-PMSF.treefile
  Screen log file:               tardigrada/1_infer/Poi-MEOW120opt-PMSF.log

Date and Time: Fri Apr 25 22:57:32 2025
