IQ-TREE version 3.0.0 for Linux x86 64-bit built Apr  4 2025
Developed by Bui Quang Minh, Thomas Wong, Nhan Ly-Trong, Huaiyan Ren
Contributed by Lam-Tung Nguyen, Dominik Schrempf, Chris Bielow,
Olga Chernomor, Michael Woodhams, Diep Thi Hoang, Heiko Schmidt

Host:    rona.rsb.anu.edu.au (AVX2, FMA3, 1007 GB RAM)
Command: /data/yutong/iqtree3 -s tardigrada/matrix_40sp.fasta -m Poisson+ESmodel+G4 -mdef tardigrada/1_meow/meow9030.nex -te tardigrada/1_infer/guide-LG.treefile -me 0.99 -safe -mwopt -prec 10 -pre tardigrada/1_infer/Poi-MEOW120opt -nt 40
Seed:    157465 (Using SPRNG - Scalable Parallel Random Number Generator)
Time:    Fri Apr 25 14:15:58 2025
Kernel:  Safe AVX+FMA - 40 threads (256 CPU cores detected)

Reading alignment file tardigrada/matrix_40sp.fasta ... Fasta format detected
Reading fasta file: done in 0.0645527 secs using 99.85% CPU
Alignment most likely contains protein sequences
Constructing alignment: done in 0.139147 secs using 470.9% CPU
Alignment has 40 sequences with 70888 columns, 63149 distinct patterns
48785 parsimony-informative, 7670 singleton sites, 14433 constant sites
                             Gap/Ambiguity  Composition  p-value
Analyzing sequences: done in 0.00779706 secs using 4054% CPU
   1  Capitella_telata               5.00%    failed      0.00%
   2  Daphnia_magna                  9.79%    failed      0.06%
   3  Echiniscoides_sigismundi      49.39%    failed      0.00%
   4  Echiniscus_bisetosus          82.96%    failed      0.00%
   5  Echiniscus_testudo            50.24%    failed      0.00%
   6  Echinoderes_kohni             88.58%    failed      0.00%
   7  Enoplus_brevis                22.43%    failed      0.00%
   8  Epiperipatus                  56.34%    failed      0.00%
   9  Frakliniella_occidentalis      7.36%    failed      0.08%
  10  Gordius                       70.84%    failed      0.00%
  11  Halicryptus_spinolosus        13.41%    failed      0.00%
  12  Hypsibius_dujardini            3.51%    failed      0.00%
  13  Limulus_polyphemus            16.13%    failed      0.00%
  14  Manduca_sexta                  9.59%    failed      0.00%
  15  Meiopriapulus                 26.75%    failed      0.00%
  16  Mesobiotus_philippinicus      19.72%    failed      0.00%
  17  Milnesium_tardigradum         59.56%    failed      0.00%
  18  Neodiprion_lecontei            4.62%    failed      0.01%
  19  Ooperipatellus                72.91%    failed      0.00%
  20  Opisthopatus_kwazululandi     26.52%    failed      0.00%
  21  Paeneus_vanammei              12.28%    failed      0.00%
  22  Pamacea_canaliculata           5.42%    failed      0.02%
  23  Paragordius_varius            71.38%    failed      0.00%
  24  Parasteatoda_tepidariorum      3.65%    failed      0.00%
  25  Peripatoides                  73.44%    failed      0.00%
  26  Peripatoides_novaezelandiae   16.34%    failed      0.00%
  27  Peripatopsis_capensis         37.07%    failed      0.00%
  28  Pleomothra                    21.78%    failed      0.00%
  29  Pontonema_vulgare             24.88%    failed      0.00%
  30  Priapulus_caudatus            13.43%    failed      0.00%
  31  Prionchulus_punctatus         13.90%    failed      0.00%
  32  Pycnophyes                    76.53%    failed      0.00%
  33  Ramazzottius_varieornatus      3.20%    failed      0.00%
  34  Richtersius_coronifer          6.00%    failed      0.00%
  35  Romanomermis_culicivorax      36.04%    failed      0.00%
  36  Stegodyphus_mimosarum         15.16%    failed      0.00%
  37  Strigamia_maritima            13.05%    failed      0.00%
  38  Tachypleu                      8.55%    failed      0.00%
  39  Tobrilus                      23.43%    failed      0.00%
  40  Xiphinema_index               27.20%    failed      0.00%
WARNING: 10 sequences contain more than 50% gaps/ambiguity
****  TOTAL                         29.96%  40 sequences failed composition chi2 test (p-value<5%; df=19)
Checking for duplicate sequences: done in 0.0173469 secs using 3483% CPU
Reading model definition file tardigrada/1_meow/meow9030.nex ... 87 models and 334 frequency vectors loaded
Reading input tree file tardigrada/1_infer/guide-LG.treefile ...
Model Poisson+ESmodel+G4 is alias for Poisson+FMIX{EShighclass1,EShighclass2,EShighclass3,EShighclass4,EShighclass5,EShighclass6,EShighclass7,EShighclass8,EShighclass9,EShighclass10,EShighclass11,EShighclass12,EShighclass13,EShighclass14,EShighclass15,EShighclass16,EShighclass17,EShighclass18,EShighclass19,EShighclass20,EShighclass21,EShighclass22,EShighclass23,EShighclass24,EShighclass25,EShighclass26,EShighclass27,EShighclass28,EShighclass29,EShighclass30,EShighclass31,EShighclass32,EShighclass33,EShighclass34,EShighclass35,EShighclass36,EShighclass37,EShighclass38,EShighclass39,EShighclass40,EShighclass41,EShighclass42,EShighclass43,EShighclass44,EShighclass45,EShighclass46,EShighclass47,EShighclass48,EShighclass49,EShighclass50,EShighclass51,EShighclass52,EShighclass53,EShighclass54,EShighclass55,EShighclass56,EShighclass57,EShighclass58,EShighclass59,EShighclass60,EShighclass61,EShighclass62,EShighclass63,EShighclass64,EShighclass65,EShighclass66,EShighclass67,EShighclass68,EShighclass69,EShighclass70,EShighclass71,EShighclass72,EShighclass73,EShighclass74,EShighclass75,EShighclass76,EShighclass77,EShighclass78,EShighclass79,EShighclass80,EShighclass81,EShighclass82,EShighclass83,EShighclass84,EShighclass85,EShighclass86,EShighclass87,EShighclass88,EShighclass89,EShighclass90,ESlowclass1,ESlowclass2,ESlowclass3,ESlowclass4,ESlowclass5,ESlowclass6,ESlowclass7,ESlowclass8,ESlowclass9,ESlowclass10,ESlowclass11,ESlowclass12,ESlowclass13,ESlowclass14,ESlowclass15,ESlowclass16,ESlowclass17,ESlowclass18,ESlowclass19,ESlowclass20,ESlowclass21,ESlowclass22,ESlowclass23,ESlowclass24,ESlowclass25,ESlowclass26,ESlowclass27,ESlowclass28,ESlowclass29,ESlowclass30}+G4
WARNING: Normalizing State frequencies so that sum of them equals to 1
WARNING: Normalizing State frequencies so that sum of them equals to 1
WARNING: Normalizing State frequencies so that sum of them equals to 1

NOTE: 187389 MB RAM (182 GB) is required!
WARNING: Memory required per CPU-core (4.57493 GB) is higher than your computer RAM per CPU-core (3 GB), thus multiple runs may exceed RAM!
Estimate model parameters (epsilon = 0.990)
1. Initial log-likelihood: -2212071.469
2. Current log-likelihood: -2180271.989
3. Current log-likelihood: -2179410.077
4. Current log-likelihood: -2179387.691
Optimal log-likelihood: -2179386.655
Mixture weights: 0.011 0.011 0.005 0.002 0.010 0.008 0.008 0.008 0.010 0.004 0.010 0.005 0.004 0.002 0.004 0.007 0.011 0.007 0.007 0.004 0.006 0.004 0.007 0.003 0.002 0.006 0.004 0.005 0.003 0.009 0.004 0.007 0.005 0.004 0.002 0.004 0.005 0.002 0.004 0.004 0.008 0.006 0.006 0.005 0.003 0.004 0.005 0.002 0.014 0.003 0.002 0.005 0.001 0.004 0.006 0.004 0.004 0.006 0.004 0.003 0.002 0.006 0.001 0.006 0.003 0.009 0.006 0.002 0.041 0.002 0.004 0.002 0.001 0.003 0.003 0.003 0.002 0.001 0.005 0.007 0.107 0.001 0.006 0.004 0.003 0.001 0.002 0.007 0.061 0.008 0.015 0.008 0.005 0.008 0.008 0.010 0.007 0.004 0.007 0.003 0.005 0.014 0.005 0.005 0.010 0.011 0.001 0.007 0.002 0.018 0.003 0.012 0.011 0.023 0.007 0.036 0.010 0.039 0.025 0.047
Gamma shape alpha: 1.329
Parameters optimization took 4 rounds (3065.573 sec)
Wrote distance file to... 
BEST SCORE FOUND : -2179386.655
Total tree length: 20.900

Total number of iterations: 0
CPU time used for tree search: 0.000 sec (0h:0m:0s)
Wall-clock time used for tree search: 0.000 sec (0h:0m:0s)
Total CPU time used: 110403.301 sec (30h:40m:3s)
Total wall-clock time used: 3065.748 sec (0h:51m:5s)

Analysis results written to: 
  IQ-TREE report:                tardigrada/1_infer/Poi-MEOW120opt.iqtree
  Maximum-likelihood tree:       tardigrada/1_infer/Poi-MEOW120opt.treefile
  Screen log file:               tardigrada/1_infer/Poi-MEOW120opt.log

Date and Time: Fri Apr 25 15:07:14 2025
