IQ-TREE version 3.0.0 for Linux x86 64-bit built Apr  4 2025
Developed by Bui Quang Minh, Thomas Wong, Nhan Ly-Trong, Huaiyan Ren
Contributed by Lam-Tung Nguyen, Dominik Schrempf, Chris Bielow,
Olga Chernomor, Michael Woodhams, Diep Thi Hoang, Heiko Schmidt

Host:    rona.rsb.anu.edu.au (AVX2, FMA3, 1007 GB RAM)
Command: /data/yutong/iqtree3 -s tardigrada/matrix_40sp.fasta -fs tardigrada/1_infer/Poi-MEOW120opt-PMSF.sitefreq -m POIESmodel -mdef tardigrada/1_infer/meow9030.nex -safe -pre tardigrada/1_infer/Poi_MEOW120opt_PMSF -wsr -bb 1000 -nt 40
Seed:    292004 (Using SPRNG - Scalable Parallel Random Number Generator)
Time:    Fri Apr 25 22:57:32 2025
Kernel:  Safe AVX+FMA - 40 threads (256 CPU cores detected)

Reading alignment file tardigrada/matrix_40sp.fasta ... Fasta format detected
Reading fasta file: done in 0.0332019 secs using 70.56% CPU
Alignment most likely contains protein sequences
Constructing alignment: done in 0.153428 secs using 390.4% CPU
Alignment has 40 sequences with 70888 columns, 63149 distinct patterns
48785 parsimony-informative, 7670 singleton sites, 14433 constant sites
                             Gap/Ambiguity  Composition  p-value
Analyzing sequences: done in 0.00737999 secs using 4135% CPU
   1  Capitella_telata               5.00%    failed      0.00%
   2  Daphnia_magna                  9.79%    failed      0.06%
   3  Echiniscoides_sigismundi      49.39%    failed      0.00%
   4  Echiniscus_bisetosus          82.96%    failed      0.00%
   5  Echiniscus_testudo            50.24%    failed      0.00%
   6  Echinoderes_kohni             88.58%    failed      0.00%
   7  Enoplus_brevis                22.43%    failed      0.00%
   8  Epiperipatus                  56.34%    failed      0.00%
   9  Frakliniella_occidentalis      7.36%    failed      0.08%
  10  Gordius                       70.84%    failed      0.00%
  11  Halicryptus_spinolosus        13.41%    failed      0.00%
  12  Hypsibius_dujardini            3.51%    failed      0.00%
  13  Limulus_polyphemus            16.13%    failed      0.00%
  14  Manduca_sexta                  9.59%    failed      0.00%
  15  Meiopriapulus                 26.75%    failed      0.00%
  16  Mesobiotus_philippinicus      19.72%    failed      0.00%
  17  Milnesium_tardigradum         59.56%    failed      0.00%
  18  Neodiprion_lecontei            4.62%    failed      0.01%
  19  Ooperipatellus                72.91%    failed      0.00%
  20  Opisthopatus_kwazululandi     26.52%    failed      0.00%
  21  Paeneus_vanammei              12.28%    failed      0.00%
  22  Pamacea_canaliculata           5.42%    failed      0.02%
  23  Paragordius_varius            71.38%    failed      0.00%
  24  Parasteatoda_tepidariorum      3.65%    failed      0.00%
  25  Peripatoides                  73.44%    failed      0.00%
  26  Peripatoides_novaezelandiae   16.34%    failed      0.00%
  27  Peripatopsis_capensis         37.07%    failed      0.00%
  28  Pleomothra                    21.78%    failed      0.00%
  29  Pontonema_vulgare             24.88%    failed      0.00%
  30  Priapulus_caudatus            13.43%    failed      0.00%
  31  Prionchulus_punctatus         13.90%    failed      0.00%
  32  Pycnophyes                    76.53%    failed      0.00%
  33  Ramazzottius_varieornatus      3.20%    failed      0.00%
  34  Richtersius_coronifer          6.00%    failed      0.00%
  35  Romanomermis_culicivorax      36.04%    failed      0.00%
  36  Stegodyphus_mimosarum         15.16%    failed      0.00%
  37  Strigamia_maritima            13.05%    failed      0.00%
  38  Tachypleu                      8.55%    failed      0.00%
  39  Tobrilus                      23.43%    failed      0.00%
  40  Xiphinema_index               27.20%    failed      0.00%
WARNING: 10 sequences contain more than 50% gaps/ambiguity
****  TOTAL                         29.96%  40 sequences failed composition chi2 test (p-value<5%; df=19)

Reading site-specific state frequency file tardigrada/1_infer/Poi-MEOW120opt-PMSF.sitefreq ...
63149 distinct per-site state frequency vectors detected
Checking for duplicate sequences: done in 0.0170647 secs using 2878% CPU
Reading model definition file tardigrada/1_infer/meow9030.nex ... 87 models and 334 frequency vectors loaded

Create initial parsimony tree by phylogenetic likelihood library (PLL)... 0.705 seconds
Generating 1000 samples for ultrafast bootstrap (seed: 292004)...
Model POIESmodel is alias for Poisson+G4{1.3290530274}+FMIX{EShighclass1:1.0:0.0114183863,EShighclass2:1.0:0.0107963890,EShighclass3:1.0:0.0052537413,EShighclass4:1.0:0.0021738266,EShighclass5:1.0:0.0099521164,EShighclass6:1.0:0.0081649550,EShighclass7:1.0:0.0082679397,EShighclass8:1.0:0.0083229537,EShighclass9:1.0:0.0095029644,EShighclass10:1.0:0.0044527839,EShighclass11:1.0:0.0095844890,EShighclass12:1.0:0.0053965739,EShighclass13:1.0:0.0040481711,EShighclass14:1.0:0.0020222606,EShighclass15:1.0:0.0035041878,EShighclass16:1.0:0.0073828191,EShighclass17:1.0:0.0109377077,EShighclass18:1.0:0.0068348021,EShighclass19:1.0:0.0066785524,EShighclass20:1.0:0.0040704366,EShighclass21:1.0:0.0060372780,EShighclass22:1.0:0.0042813786,EShighclass23:1.0:0.0070607908,EShighclass24:1.0:0.0033971466,EShighclass25:1.0:0.0024105921,EShighclass26:1.0:0.0056763440,EShighclass27:1.0:0.0040241004,EShighclass28:1.0:0.0051417605,EShighclass29:1.0:0.0034270465,EShighclass30:1.0:0.0087105204,EShighclass31:1.0:0.0042350124,EShighclass32:1.0:0.0067312967,EShighclass33:1.0:0.0051599944,EShighclass34:1.0:0.0035347317,EShighclass35:1.0:0.0021826515,EShighclass36:1.0:0.0038836864,EShighclass37:1.0:0.0054697540,EShighclass38:1.0:0.0015874500,EShighclass39:1.0:0.0041062959,EShighclass40:1.0:0.0040823060,EShighclass41:1.0:0.0077345201,EShighclass42:1.0:0.0057275955,EShighclass43:1.0:0.0058414681,EShighclass44:1.0:0.0046642883,EShighclass45:1.0:0.0033754554,EShighclass46:1.0:0.0043831021,EShighclass47:1.0:0.0049689589,EShighclass48:1.0:0.0017520374,EShighclass49:1.0:0.0135912395,EShighclass50:1.0:0.0029609401,EShighclass51:1.0:0.0023917012,EShighclass52:1.0:0.0051757099,EShighclass53:1.0:0.0012875031,EShighclass54:1.0:0.0037724331,EShighclass55:1.0:0.0062023080,EShighclass56:1.0:0.0041501588,EShighclass57:1.0:0.0035993676,EShighclass58:1.0:0.0058505219,EShighclass59:1.0:0.0038312146,EShighclass60:1.0:0.0027745112,EShighclass61:1.0:0.0022722015,EShighclass62:1.0:0.0058618805,EShighclass63:1.0:0.0012329242,EShighclass64:1.0:0.0060326892,EShighclass65:1.0:0.0029935199,EShighclass66:1.0:0.0090953481,EShighclass67:1.0:0.0057118654,EShighclass68:1.0:0.0017237631,EShighclass69:1.0:0.0408183660,EShighclass70:1.0:0.0022201284,EShighclass71:1.0:0.0036409144,EShighclass72:1.0:0.0021362786,EShighclass73:1.0:0.0011970444,EShighclass74:1.0:0.0029980372,EShighclass75:1.0:0.0025798068,EShighclass76:1.0:0.0027881761,EShighclass77:1.0:0.0019025764,EShighclass78:1.0:0.0014758237,EShighclass79:1.0:0.0048215653,EShighclass80:1.0:0.0072597422,EShighclass81:1.0:0.1073535871,EShighclass82:1.0:0.0014645360,EShighclass83:1.0:0.0062250781,EShighclass84:1.0:0.0035909064,EShighclass85:1.0:0.0033804007,EShighclass86:1.0:0.0008890616,EShighclass87:1.0:0.0020802625,EShighclass88:1.0:0.0072325754,EShighclass89:1.0:0.0610382699,EShighclass90:1.0:0.0078822177,ESlowclass1:1.0:0.0154133425,ESlowclass2:1.0:0.0081131315,ESlowclass3:1.0:0.0051968829,ESlowclass4:1.0:0.0079548340,ESlowclass5:1.0:0.0084887242,ESlowclass6:1.0:0.0095796353,ESlowclass7:1.0:0.0074419592,ESlowclass8:1.0:0.0036327927,ESlowclass9:1.0:0.0068882073,ESlowclass10:1.0:0.0031409031,ESlowclass11:1.0:0.0050030009,ESlowclass12:1.0:0.0136972869,ESlowclass13:1.0:0.0047888078,ESlowclass14:1.0:0.0050499658,ESlowclass15:1.0:0.0101636532,ESlowclass16:1.0:0.0106054051,ESlowclass17:1.0:0.0012759243,ESlowclass18:1.0:0.0069387826,ESlowclass19:1.0:0.0017971930,ESlowclass20:1.0:0.0176332748,ESlowclass21:1.0:0.0033154522,ESlowclass22:1.0:0.0115460248,ESlowclass23:1.0:0.0111956584,ESlowclass24:1.0:0.0225674910,ESlowclass25:1.0:0.0067408147,ESlowclass26:1.0:0.0362550095,ESlowclass27:1.0:0.0103989047,ESlowclass28:1.0:0.0394848855,ESlowclass29:1.0:0.0250262813,ESlowclass30:1.0:0.0468249956}

NOTE: 2390 MB RAM (2 GB) is required!
Estimate model parameters (epsilon = 0.100)
1. Initial log-likelihood: -2063192.894
2. Current log-likelihood: -2012209.060
3. Current log-likelihood: -2011651.939
4. Current log-likelihood: -2011642.263
5. Current log-likelihood: -2011640.691
6. Current log-likelihood: -2011640.262
Optimal log-likelihood: -2011640.153
Gamma shape alpha: 1.329
Parameters optimization took 6 rounds (25.120 sec)
Wrote distance file to... 
Computing ML distances based on estimated model parameters...
Calculating distance matrix: done in 12.0405 secs using 2158% CPU
Computing ML distances took 12.047532 sec (of wall-clock time) 260.028132 sec (of CPU time)
Setting up auxiliary I and S matrices: done in 0.000263365 secs using 1.528e+04% CPU
Constructing RapidNJ tree: done in 0.000493327 secs using 241.4% CPU
Computing RapidNJ tree took 0.000952 sec (of wall-clock time) 0.045345 sec (of CPU time)
Log-likelihood of RapidNJ tree: -2015738.574
--------------------------------------------------------------------
|             INITIALIZING CANDIDATE TREE SET                      |
--------------------------------------------------------------------
Generating 98 parsimony trees... 123.971 second
Computing log-likelihood of 98 initial trees ... 213.820 seconds
Current best score: -2011640.153

Do NNI search on 20 best initial trees
Optimizing NNI: done in 13.6365 secs using 3931% CPU
Estimate model parameters (epsilon = 0.100)
BETTER TREE FOUND at iteration 1: -2011493.812
Optimizing NNI: done in 32.7556 secs using 3944% CPU
Optimizing NNI: done in 27.8656 secs using 3963% CPU
Optimizing NNI: done in 44.0424 secs using 3966% CPU
Optimizing NNI: done in 35.7066 secs using 3916% CPU
Optimizing NNI: done in 40.7354 secs using 3961% CPU
Optimizing NNI: done in 38.1359 secs using 3947% CPU
Optimizing NNI: done in 34.886 secs using 3894% CPU
Optimizing NNI: done in 33.0773 secs using 3853% CPU
Optimizing NNI: done in 34.4458 secs using 3925% CPU
Iteration 10 / LogL: -2011564.596 / Time: 0h:12m:33s
Optimizing NNI: done in 48.2994 secs using 3856% CPU
Optimizing NNI: done in 41.8057 secs using 3895% CPU
Optimizing NNI: done in 39.6361 secs using 3842% CPU
Optimizing NNI: done in 39.9312 secs using 3854% CPU
Optimizing NNI: done in 38.9984 secs using 3943% CPU
Optimizing NNI: done in 54.1497 secs using 3852% CPU
Optimizing NNI: done in 31.6409 secs using 3915% CPU
Optimizing NNI: done in 38.1098 secs using 3899% CPU
Optimizing NNI: done in 48.0211 secs using 3895% CPU
Optimizing NNI: done in 36.6029 secs using 3928% CPU
Iteration 20 / LogL: -2011509.572 / Time: 0h:19m:35s
Finish initializing candidate tree set (4)
Current best tree score: -2011493.812 / CPU time: 1104.297
Number of iterations: 20
--------------------------------------------------------------------
|               OPTIMIZING CANDIDATE TREE SET                      |
--------------------------------------------------------------------
Optimizing NNI: done in 33.7151 secs using 3899% CPU
Optimizing NNI: done in 34.7867 secs using 3873% CPU
Optimizing NNI: done in 50.7181 secs using 3893% CPU
Optimizing NNI: done in 38.8 secs using 3876% CPU
Optimizing NNI: done in 40.2525 secs using 3925% CPU
Optimizing NNI: done in 36.7605 secs using 3846% CPU
Optimizing NNI: done in 44.6043 secs using 3902% CPU
Optimizing NNI: done in 45.8254 secs using 3866% CPU
Optimizing NNI: done in 29.796 secs using 3875% CPU
Optimizing NNI: done in 48.7814 secs using 3922% CPU
Iteration 30 / LogL: -2011495.145 / Time: 0h:26m:23s (1h:4m:35s left)
Optimizing NNI: done in 39.7636 secs using 3914% CPU
Optimizing NNI: done in 28.4359 secs using 3952% CPU
Optimizing NNI: done in 36.8931 secs using 3900% CPU
Optimizing NNI: done in 51.4594 secs using 3932% CPU
Optimizing NNI: done in 31.8411 secs using 3917% CPU
Optimizing NNI: done in 40.8185 secs using 3861% CPU
Optimizing NNI: done in 38.2482 secs using 3925% CPU
Optimizing NNI: done in 39.2596 secs using 3855% CPU
Optimizing NNI: done in 34.8515 secs using 3848% CPU
Optimizing NNI: done in 36.6688 secs using 3943% CPU
Iteration 40 / LogL: -2011496.934 / Time: 0h:32m:45s (0h:51m:13s left)
Optimizing NNI: done in 38.2461 secs using 3872% CPU
Optimizing NNI: done in 37.1116 secs using 3889% CPU
Optimizing NNI: done in 43.4561 secs using 3896% CPU
Optimizing NNI: done in 33.578 secs using 3863% CPU
Optimizing NNI: done in 36.7009 secs using 3921% CPU
Optimizing NNI: done in 30.5007 secs using 3886% CPU
Optimizing NNI: done in 27.9193 secs using 3869% CPU
Optimizing NNI: done in 55.0574 secs using 3913% CPU
Optimizing NNI: done in 36.4799 secs using 3871% CPU
Optimizing NNI: done in 48.6944 secs using 3911% CPU
Iteration 50 / LogL: -2011527.913 / Time: 0h:39m:18s (0h:40m:53s left)
Log-likelihood cutoff on original alignment: -2011540.075
Optimizing NNI: done in 28.3644 secs using 3927% CPU
Optimizing NNI: done in 46.827 secs using 3869% CPU
Optimizing NNI: done in 39.5303 secs using 3892% CPU
Optimizing NNI: done in 41.8008 secs using 3853% CPU
Optimizing NNI: done in 49.2503 secs using 3865% CPU
Optimizing NNI: done in 41.2682 secs using 3912% CPU
Optimizing NNI: done in 37.8742 secs using 3888% CPU
Optimizing NNI: done in 46.5524 secs using 3894% CPU
Optimizing NNI: done in 51.796 secs using 3909% CPU
Optimizing NNI: done in 41.9752 secs using 3827% CPU
Iteration 60 / LogL: -2011522.323 / Time: 0h:46m:28s (0h:32m:17s left)
Optimizing NNI: done in 50.6864 secs using 3914% CPU
Optimizing NNI: done in 65.1577 secs using 3880% CPU
Optimizing NNI: done in 44.5665 secs using 3881% CPU
Optimizing NNI: done in 44.9922 secs using 3870% CPU
Optimizing NNI: done in 66.0164 secs using 3849% CPU
Optimizing NNI: done in 41.2504 secs using 3902% CPU
Optimizing NNI: done in 34.036 secs using 3892% CPU
Optimizing NNI: done in 42.8826 secs using 3859% CPU
Optimizing NNI: done in 58.3269 secs using 3869% CPU
Optimizing NNI: done in 43.0192 secs using 3871% CPU
Iteration 70 / LogL: -2011531.428 / Time: 0h:54m:44s (0h:24m:35s left)
Optimizing NNI: done in 30.4784 secs using 3895% CPU
Optimizing NNI: done in 39.4297 secs using 3872% CPU
Optimizing NNI: done in 39.1932 secs using 3913% CPU
Optimizing NNI: done in 43.1484 secs using 3914% CPU
Optimizing NNI: done in 38.7285 secs using 3891% CPU
Optimizing NNI: done in 50.2616 secs using 3893% CPU
Optimizing NNI: done in 51.4128 secs using 3870% CPU
Optimizing NNI: done in 32.9459 secs using 3946% CPU
Optimizing NNI: done in 42.4638 secs using 3920% CPU
Optimizing NNI: done in 40.6437 secs using 3870% CPU
Iteration 80 / LogL: -2011518.301 / Time: 1h:1m:37s (0h:16m:22s left)
Optimizing NNI: done in 33.4806 secs using 3924% CPU
Optimizing NNI: done in 44.8063 secs using 3909% CPU
Optimizing NNI: done in 54.6591 secs using 3860% CPU
Optimizing NNI: done in 52.9999 secs using 3818% CPU
Optimizing NNI: done in 46.1599 secs using 3887% CPU
Optimizing NNI: done in 56.7707 secs using 3810% CPU
Optimizing NNI: done in 49.6189 secs using 3914% CPU
Optimizing NNI: done in 58.5378 secs using 3871% CPU
Optimizing NNI: done in 60.6455 secs using 3926% CPU
Optimizing NNI: done in 42.5404 secs using 3906% CPU
Iteration 90 / LogL: -2011512.314 / Time: 1h:10m:2s (0h:8m:39s left)
Optimizing NNI: done in 40.4326 secs using 3935% CPU
Optimizing NNI: done in 40.3124 secs using 3879% CPU
Optimizing NNI: done in 65.8463 secs using 3852% CPU
Optimizing NNI: done in 51.5221 secs using 3803% CPU
Optimizing NNI: done in 50.1925 secs using 3888% CPU
Optimizing NNI: done in 42.4533 secs using 3882% CPU
Optimizing NNI: done in 45.4433 secs using 3916% CPU
Optimizing NNI: done in 59.1695 secs using 3623% CPU
Optimizing NNI: done in 45.5128 secs using 3921% CPU
Optimizing NNI: done in 55.371 secs using 3904% CPU
Iteration 100 / LogL: -2011521.052 / Time: 1h:18m:23s (0h:0m:47s left)
Log-likelihood cutoff on original alignment: -2011540.043
NOTE: Bootstrap correlation coefficient of split occurrence frequencies: 1.000
Optimizing NNI: done in 49.0315 secs using 3906% CPU
Optimizing NNI: done in 52.4729 secs using 3888% CPU
TREE SEARCH COMPLETED AFTER 102 ITERATIONS / Time: 1h:20m:6s

--------------------------------------------------------------------
|                    FINALIZING TREE SEARCH                        |
--------------------------------------------------------------------
Performs final model parameters optimization
Estimate model parameters (epsilon = 0.010)
1. Initial log-likelihood: -2011493.812
Optimal log-likelihood: -2011493.804
Gamma shape alpha: 1.329
Parameters optimization took 1 rounds (3.924 sec)
BEST SCORE FOUND : -2011493.804
Empirical proportions for each category: 0.348 0.156 0.190 0.306
Site rates printed to tardigrada/1_infer/Poi_MEOW120opt_PMSF.rate
Creating bootstrap support values...
Split supports printed to NEXUS file tardigrada/1_infer/Poi_MEOW120opt_PMSF.splits.nex
Total tree length: 13.977

Total number of iterations: 102
CPU time used for tree search: 179142.074 sec (49h:45m:42s)
Wall-clock time used for tree search: 4735.374 sec (1h:18m:55s)
Total CPU time used: 181421.133 sec (50h:23m:41s)
Total wall-clock time used: 4811.037 sec (1h:20m:11s)

Computing bootstrap consensus tree...
Reading input file tardigrada/1_infer/Poi_MEOW120opt_PMSF.splits.nex...
40 taxa and 89 splits.
Consensus tree written to tardigrada/1_infer/Poi_MEOW120opt_PMSF.contree
Reading input trees file tardigrada/1_infer/Poi_MEOW120opt_PMSF.contree
Log-likelihood of consensus tree: -2011493.799

Analysis results written to: 
  IQ-TREE report:                tardigrada/1_infer/Poi_MEOW120opt_PMSF.iqtree
  Maximum-likelihood tree:       tardigrada/1_infer/Poi_MEOW120opt_PMSF.treefile
  Likelihood distances:          tardigrada/1_infer/Poi_MEOW120opt_PMSF.mldist
  Site-specific rates:           tardigrada/1_infer/Poi_MEOW120opt_PMSF.rate

Ultrafast bootstrap approximation results written to:
  Split support values:          tardigrada/1_infer/Poi_MEOW120opt_PMSF.splits.nex
  Consensus tree:                tardigrada/1_infer/Poi_MEOW120opt_PMSF.contree
  Screen log file:               tardigrada/1_infer/Poi_MEOW120opt_PMSF.log

Date and Time: Sat Apr 26 00:18:23 2025
