IQ-TREE multicore version 2.4.0 for Linux x86 64-bit built Feb  7 2025
Developed by Bui Quang Minh, Nguyen Lam Tung, Olga Chernomor, Heiko Schmidt,
Dominik Schrempf, Michael Woodhams, Ly Trong Nhan, Thomas Wong

Host:    rona.rsb.anu.edu.au (AVX2, FMA3, 1007 GB RAM)
Command: ./iqtree2 -s tardigrada/matrix_40sp.fasta -ft tardigrada/1_infer/GTR20-C60opt.treefile -m GTRC60 -mdef tardigrada/1_infer/GTRC60.nex -T 35 -safe -pre tardigrada/1_infer/GTR20-C60opt-PMSF -n 0
Seed:    38157 (Using SPRNG - Scalable Parallel Random Number Generator)
Time:    Sun Mar 30 12:21:40 2025
Kernel:  Safe AVX+FMA - 35 threads (256 CPU cores detected)

Reading alignment file tardigrada/matrix_40sp.fasta ... Fasta format detected
Reading fasta file: done in 0.0304611 secs using 87.47% CPU
Alignment most likely contains protein sequences
Alignment has 40 sequences with 70888 columns, 63149 distinct patterns
48785 parsimony-informative, 7670 singleton sites, 14433 constant sites
                             Gap/Ambiguity  Composition  p-value
Analyzing sequences: done in 0.00765456 secs using 3634% CPU
   1  Capitella_telata               5.00%    failed      0.00%
   2  Daphnia_magna                  9.79%    failed      0.06%
   3  Echiniscoides_sigismundi      49.39%    failed      0.00%
   4  Echiniscus_bisetosus          82.96%    failed      0.00%
   5  Echiniscus_testudo            50.24%    failed      0.00%
   6  Echinoderes_kohni             88.58%    failed      0.00%
   7  Enoplus_brevis                22.43%    failed      0.00%
   8  Epiperipatus                  56.34%    failed      0.00%
   9  Frakliniella_occidentalis      7.36%    failed      0.08%
  10  Gordius                       70.84%    failed      0.00%
  11  Halicryptus_spinolosus        13.41%    failed      0.00%
  12  Hypsibius_dujardini            3.51%    failed      0.00%
  13  Limulus_polyphemus            16.13%    failed      0.00%
  14  Manduca_sexta                  9.59%    failed      0.00%
  15  Meiopriapulus                 26.75%    failed      0.00%
  16  Mesobiotus_philippinicus      19.72%    failed      0.00%
  17  Milnesium_tardigradum         59.56%    failed      0.00%
  18  Neodiprion_lecontei            4.62%    failed      0.01%
  19  Ooperipatellus                72.91%    failed      0.00%
  20  Opisthopatus_kwazululandi     26.52%    failed      0.00%
  21  Paeneus_vanammei              12.28%    failed      0.00%
  22  Pamacea_canaliculata           5.42%    failed      0.02%
  23  Paragordius_varius            71.38%    failed      0.00%
  24  Parasteatoda_tepidariorum      3.65%    failed      0.00%
  25  Peripatoides                  73.44%    failed      0.00%
  26  Peripatoides_novaezelandiae   16.34%    failed      0.00%
  27  Peripatopsis_capensis         37.07%    failed      0.00%
  28  Pleomothra                    21.78%    failed      0.00%
  29  Pontonema_vulgare             24.88%    failed      0.00%
  30  Priapulus_caudatus            13.43%    failed      0.00%
  31  Prionchulus_punctatus         13.90%    failed      0.00%
  32  Pycnophyes                    76.53%    failed      0.00%
  33  Ramazzottius_varieornatus      3.20%    failed      0.00%
  34  Richtersius_coronifer          6.00%    failed      0.00%
  35  Romanomermis_culicivorax      36.04%    failed      0.00%
  36  Stegodyphus_mimosarum         15.16%    failed      0.00%
  37  Strigamia_maritima            13.05%    failed      0.00%
  38  Tachypleu                      8.55%    failed      0.00%
  39  Tobrilus                      23.43%    failed      0.00%
  40  Xiphinema_index               27.20%    failed      0.00%
WARNING: 10 sequences contain more than 50% gaps/ambiguity
****  TOTAL                         29.96%  40 sequences failed composition chi2 test (p-value<5%; df=19)

===> COMPUTING SITE FREQUENCY MODEL BASED ON TREE FILE tardigrada/1_infer/GTR20-C60opt.treefile
Reading model definition file tardigrada/1_infer/GTRC60.nex ... 88 models and 274 frequency vectors loaded
Model GTRC60 is alias for GTRPMIX+G4{0.5506}+FMIX{C60_pi1:1:0.0149,C60_pi2:1:0.0150,C60_pi3:1:0.0142,C60_pi4:1:0.0151,C60_pi5:1:0.0287,C60_pi6:1:0.0173,C60_pi7:1:0.0053,C60_pi8:1:0.0072,C60_pi9:1:0.0094,C60_pi10:1:0.0509,C60_pi11:1:0.0159,C60_pi12:1:0.0113,C60_pi13:1:0.0045,C60_pi14:1:0.0107,C60_pi15:1:0.0001,C60_pi16:1:0.0105,C60_pi17:1:0.0203,C60_pi18:1:0.0368,C60_pi19:1:0.0446,C60_pi20:1:0.0069,C60_pi21:1:0.0031,C60_pi22:1:0.0189,C60_pi23:1:0.0099,C60_pi24:1:0.0076,C60_pi25:1:0.0106,C60_pi26:1:0.0362,C60_pi27:1:0.0378,C60_pi28:1:0.0423,C60_pi29:1:0.0202,C60_pi30:1:0.0157,C60_pi31:1:0.0060,C60_pi32:1:0.0143,C60_pi33:1:0.0199,C60_pi34:1:0.0237,C60_pi35:1:0.0290,C60_pi36:1:0.0143,C60_pi37:1:0.0122,C60_pi38:1:0.0298,C60_pi39:1:0.0028,C60_pi40:1:0.0207,C60_pi41:1:0.0052,C60_pi42:1:0.0035,C60_pi43:1:0.0221,C60_pi44:1:0.0078,C60_pi45:1:0.0077,C60_pi46:1:0.0004,C60_pi47:1:0.0238,C60_pi48:1:0.0110,C60_pi49:1:0.0091,C60_pi50:1:0.0148,C60_pi51:1:0.0154,C60_pi52:1:0.0162,C60_pi53:1:0.0077,C60_pi54:1:0.0105,C60_pi55:1:0.0634,C60_pi56:1:0.0117,C60_pi57:1:0.0063,C60_pi58:1:0.0353,C60_pi59:1:0.0090,C60_pi60:1:0.0045}
WARNING: Your input class weight 0.0001 is very small and may cause numerical issues
WARNING: Your input class weight 0.0004 is very small and may cause numerical issues
NOTE: 93694 MB RAM is required!
1. Initial log-likelihood: -2194009.587
Optimal log-likelihood: -2194009.580
Mixture weights: 0.015 0.015 0.014 0.015 0.029 0.017 0.005 0.007 0.009 0.051 0.016 0.011 0.004 0.011 0.000 0.010 0.020 0.037 0.045 0.007 0.003 0.019 0.010 0.008 0.011 0.036 0.038 0.042 0.020 0.016 0.006 0.014 0.020 0.024 0.029 0.014 0.012 0.030 0.003 0.021 0.005 0.003 0.022 0.008 0.008 0.000 0.024 0.011 0.009 0.015 0.015 0.016 0.008 0.010 0.063 0.012 0.006 0.035 0.009 0.004
Gamma shape alpha: 0.551
Parameters optimization took 1 rounds (91.407 sec)
Computing posterior mean site frequencies....
Site state frequency vectors printed to tardigrada/1_infer/GTR20-C60opt-PMSF.sitefreq

===> CONTINUE ANALYSIS USING THE INFERRED SITE FREQUENCY MODEL
Reading model definition file tardigrada/1_infer/GTRC60.nex ... 88 models and 274 frequency vectors loaded

Create initial parsimony tree by phylogenetic likelihood library (PLL)... 0.553 seconds
Model GTRC60 is alias for GTRPMIX+G4{0.5506}+FMIX{C60_pi1:1:0.0149,C60_pi2:1:0.0150,C60_pi3:1:0.0142,C60_pi4:1:0.0151,C60_pi5:1:0.0287,C60_pi6:1:0.0173,C60_pi7:1:0.0053,C60_pi8:1:0.0072,C60_pi9:1:0.0094,C60_pi10:1:0.0509,C60_pi11:1:0.0159,C60_pi12:1:0.0113,C60_pi13:1:0.0045,C60_pi14:1:0.0107,C60_pi15:1:0.0001,C60_pi16:1:0.0105,C60_pi17:1:0.0203,C60_pi18:1:0.0368,C60_pi19:1:0.0446,C60_pi20:1:0.0069,C60_pi21:1:0.0031,C60_pi22:1:0.0189,C60_pi23:1:0.0099,C60_pi24:1:0.0076,C60_pi25:1:0.0106,C60_pi26:1:0.0362,C60_pi27:1:0.0378,C60_pi28:1:0.0423,C60_pi29:1:0.0202,C60_pi30:1:0.0157,C60_pi31:1:0.0060,C60_pi32:1:0.0143,C60_pi33:1:0.0199,C60_pi34:1:0.0237,C60_pi35:1:0.0290,C60_pi36:1:0.0143,C60_pi37:1:0.0122,C60_pi38:1:0.0298,C60_pi39:1:0.0028,C60_pi40:1:0.0207,C60_pi41:1:0.0052,C60_pi42:1:0.0035,C60_pi43:1:0.0221,C60_pi44:1:0.0078,C60_pi45:1:0.0077,C60_pi46:1:0.0004,C60_pi47:1:0.0238,C60_pi48:1:0.0110,C60_pi49:1:0.0091,C60_pi50:1:0.0148,C60_pi51:1:0.0154,C60_pi52:1:0.0162,C60_pi53:1:0.0077,C60_pi54:1:0.0105,C60_pi55:1:0.0634,C60_pi56:1:0.0117,C60_pi57:1:0.0063,C60_pi58:1:0.0353,C60_pi59:1:0.0090,C60_pi60:1:0.0045}

NOTE: 2149 MB RAM (2 GB) is required!
Estimate model parameters (epsilon = 0.010)
1. Initial log-likelihood: -2047253.594
2. Current log-likelihood: -1996115.320
3. Current log-likelihood: -1994937.663
4. Current log-likelihood: -1994924.463
5. Current log-likelihood: -1994923.161
6. Current log-likelihood: -1994922.999
7. Current log-likelihood: -1994922.981
Optimal log-likelihood: -1994922.977
Gamma shape alpha: 0.551
Parameters optimization took 7 rounds (39.194 sec)
Wrote distance file to... 
BEST SCORE FOUND : -1994922.977
Total tree length: 15.559

Total number of iterations: 0
CPU time used for tree search: 0.000 sec (0h:0m:0s)
Wall-clock time used for tree search: 0.000 sec (0h:0m:0s)
Total CPU time used: 1313.831 sec (0h:21m:53s)
Total wall-clock time used: 53.253 sec (0h:0m:53s)

Analysis results written to: 
  IQ-TREE report:                tardigrada/1_infer/GTR20-C60opt-PMSF.iqtree
  Maximum-likelihood tree:       tardigrada/1_infer/GTR20-C60opt-PMSF.treefile
  Screen log file:               tardigrada/1_infer/GTR20-C60opt-PMSF.log

Date and Time: Sun Mar 30 12:24:10 2025
